#
# A fatal error has been detected by the Java Runtime Environment:
#
#  EXCEPTION_ACCESS_VIOLATION (0xc0000005) at pc=0x00007ffa237ffaad, pid=9760, tid=13168
#
# JRE version: Java(TM) SE Runtime Environment (22.0.1+8) (build 22.0.1+8-16)
# Java VM: Java HotSpot(TM) 64-Bit Server VM (22.0.1+8-16, mixed mode, sharing, tiered, compressed oops, compressed class ptrs, g1 gc, windows-amd64)
# Problematic frame:
# C  [ntdll.dll+0x2faad]
#
# No core dump will be written. Minidumps are not enabled by default on client versions of Windows
#
# If you would like to submit a bug report, please visit:
#   https://bugreport.java.com/bugreport/crash.jsp
#

---------------  S U M M A R Y ------------

Command Line: SoftwareAsistencia.Controllers.FaceRecognition

Host: Intel(R) Core(TM) i5-3337U CPU @ 1.80GHz, 4 cores, 7G,  Windows 10 , 64 bit Build 19041 (10.0.19041.3636)
Time: Sat Jun 29 21:07:19 2024 Hora est. Pacífico, Sudamérica elapsed time: 119.332515 seconds (0d 0h 1m 59s)

---------------  T H R E A D  ---------------

Current thread (0x000001fe7f945a70):  VMThread "VM Thread"          [id=13168, stack(0x0000004325900000,0x0000004325a00000) (1024K)]

Stack: [0x0000004325900000,0x0000004325a00000],  sp=0x00000043259fedb0,  free space=1019k
Native frames: (J=compiled Java code, j=interpreted, Vv=VM code, C=native code)
C  [ntdll.dll+0x2faad]  (no source info available)
C  [igdrcl64.dll+0x36542]  (no source info available)
C  [igdrcl64.dll+0x31145]  (no source info available)
C  [opencv_java481.dll+0x170c109]  (no source info available)
C  [opencv_java481.dll+0x16f4071]  (no source info available)
C  [opencv_java481.dll+0x253c670]  (no source info available)
C  [opencv_java481.dll+0x2457fdf]  (no source info available)
C  [opencv_java481.dll+0x2457d8d]  (no source info available)
C  [opencv_java481.dll+0x24580b1]  (no source info available)
C  [opencv_java481.dll+0x244fda7]  (no source info available)
C  [opencv_java481.dll+0x244fd25]  (no source info available)
C  [opencv_java481.dll+0x244feab]  (no source info available)
C  [opencv_java481.dll+0x2409f7f]  (no source info available)
C  [opencv_java481.dll+0x2409c79]  (no source info available)
C  [opencv_java481.dll+0x2409d9e]  (no source info available)
C  [ntdll.dll+0x19a1d]  (no source info available)
C  [ntdll.dll+0x5f1da]  (no source info available)
C  [ntdll.dll+0x5ef8d]  (no source info available)
C  [KERNEL32.DLL+0x1e3bb]  (no source info available)
C  [ucrtbase.dll+0x205bc]  (no source info available)
C  [ucrtbase.dll+0x2045f]  (no source info available)
V  [jvm.dll+0x6db40b]  (no source info available)
V  [jvm.dll+0x6daf40]  (no source info available)
V  [jvm.dll+0x3e1ea4]  (no source info available)
V  [jvm.dll+0x87d7d0]  (no source info available)
V  [jvm.dll+0x87eb57]  (no source info available)
V  [jvm.dll+0x87f0d0]  (no source info available)
V  [jvm.dll+0x87f373]  (no source info available)
V  [jvm.dll+0x81d44b]  (no source info available)
V  [jvm.dll+0x6e0915]  (no source info available)
C  [ucrtbase.dll+0x21bb2]  (no source info available)
C  [KERNEL32.DLL+0x17344]  (no source info available)
C  [ntdll.dll+0x4cc91]  (no source info available)


siginfo: EXCEPTION_ACCESS_VIOLATION (0xc0000005), writing address 0x0000000000000018


Registers:
RAX=0x0000004324da0000, RBX=0x0000000000000000, RCX=0x0000000000000010, RDX=0x000001fe5f367150
RSP=0x00000043259fedb0, RBP=0x000001fe7f9bbf28, RSI=0x0000000000000010, RDI=0x000001fe5f367150
R8 =0x0000000000000032, R9 =0x0000000000000032, R10=0x0000000000000032, R11=0x00000043259fedf0
R12=0x00007ff99e219dec, R13=0x00007ff9efa83b20, R14=0x00008dda71b30b7b, R15=0x000001fe7f9bb7f0
RIP=0x00007ffa237ffaad, EFLAGS=0x0000000000010202


Register to memory mapping:

RAX=0x0000004324da0000 points into unknown readable memory: 0x0000000000000000 | 00 00 00 00 00 00 00 00
RBX=0x0 is null
RCX=0x0000000000000010 is an unknown value
RDX=0x000001fe5f367150 points into unknown readable memory: 0x00007ff9ebd3ffa0 | a0 ff d3 eb f9 7f 00 00
RSP=0x00000043259fedb0 points into unknown readable memory: 0x000001fe7aac0000 | 00 00 ac 7a fe 01 00 00
RBP=0x000001fe7f9bbf28 points into unknown readable memory: 0x00008dda71b30b7b | 7b 0b b3 71 da 8d 00 00
RSI=0x0000000000000010 is an unknown value
RDI=0x000001fe5f367150 points into unknown readable memory: 0x00007ff9ebd3ffa0 | a0 ff d3 eb f9 7f 00 00
R8 =0x0000000000000032 is an unknown value
R9 =0x0000000000000032 is an unknown value
R10=0x0000000000000032 is an unknown value
R11=0x00000043259fedf0 points into unknown readable memory: 0x00008dda71b30b7b | 7b 0b b3 71 da 8d 00 00
R12=0x00007ff99e219dec opencv_java481.dll
R13=0x00007ff9efa83b20 jvm.dll
R14=0x00008dda71b30b7b is an unknown value
R15=0x000001fe7f9bb7f0 points into unknown readable memory: 0x80008e25bd4207bb | bb 07 42 bd 25 8e 00 80

Top of Stack: (sp=0x00000043259fedb0)
0x00000043259fedb0:   000001fe7aac0000 00008dda71b30b7b
0x00000043259fedc0:   00007ff9efa83b20 00007ff99e219dec
0x00000043259fedd0:   000001fe5f6f9ef0 00007ff9ebb96542
0x00000043259fede0:   00008d99542ce7eb 00008dda0000001c
0x00000043259fedf0:   00008dda71b30b7b 000001fe5f6eebe0
0x00000043259fee00:   000001fe5f20e0e0 00007ff9ebb91145
0x00000043259fee10:   000001fe7aac0000 000001fe5f367150
0x00000043259fee20:   00000043259fefa0 0000000000000000
0x00000043259fee30:   000001fe5f6eebe0 00007ff99d51c109
0x00000043259fee40:   000001fe5f20dc30 00008dda71b30b7b
0x00000043259fee50:   00007ff9efa83b20 00007ff99e219dec
0x00000043259fee60:   000001fe195b89f0 00007ffa237f47b1
0x00000043259fee70:   000001fe5f20dc30 000001fe7aae0000
0x00000043259fee80:   000001fe7f9bbf28 0000000000000000
0x00000043259fee90:   0000000000000000 00008d99542ce53b
0x00000043259feea0:   000001fe5f6eebe0 00007ff99d504071
0x00000043259feeb0:   00007ff99edcfd48 000001fe5f6eebd0
0x00000043259feec0:   000001fe5f479630 000001fe195b8ac0
0x00000043259feed0:   00000000ffffffff 00007ff99e34c670
0x00000043259feee0:   000001fe5f6eebe0 000001fe5f6eebd0
0x00000043259feef0:   00000043259fefa0 000001fe1966eff0
0x00000043259fef00:   000001fe7f9bbf10 00007ff99e267fdf
0x00000043259fef10:   000001fe7f9bb7f0 00007ffa237d0000
0x00000043259fef20:   00007ffa178b7b10 00007ffa211297b1
0x00000043259fef30:   0000000000000001 00007ff99be10000
0x00000043259fef40:   00000043259fefa0 00007ff99e267d8d
0x00000043259fef50:   00000043259fefd0 00000043259ff070
0x00000043259fef60:   0000000000000001 00007ffa237f47b1
0x00000043259fef70:   00000043259ff050 00007ff99e2680b1
0x00000043259fef80:   00000043259ff050 0000000000000000
0x00000043259fef90:   0000000000000000 00000043259fefd0
0x00000043259fefa0:   00000043259fefc0 00007ffa214ef05b 

Instructions: (pc=0x00007ffa237ffaad)
0x00007ffa237ff9ad:   48 b8 7f 7f 7f 7f 7f 7f 7f 7f 41 8b c8 48 0b cb
0x00007ffa237ff9bd:   48 23 c8 83 e6 1f 49 89 8c f4 40 a5 16 00 48 81
0x00007ffa237ff9cd:   c4 98 00 00 00 41 5f 41 5e 41 5d 41 5c 5f 5e 5b
0x00007ffa237ff9dd:   5d c3 cc 33 d2 41 8b c6 41 f7 f0 44 8b c8 e9 d6
0x00007ffa237ff9ed:   fc ff ff 41 8d 57 ff 41 85 d7 0f 84 a3 3d 08 00
0x00007ffa237ff9fd:   41 b8 00 10 00 00 41 b9 ff ff 00 00 e9 cc 3d 08
0x00007ffa237ffa0d:   00 cc cc cc cc cc cc 48 8b c4 48 89 58 08 48 89
0x00007ffa237ffa1d:   68 10 48 89 70 18 48 89 78 20 41 56 48 83 ec 20
0x00007ffa237ffa2d:   40 8a ea 4c 8d 35 99 d1 13 00 48 8b f1 33 db 48
0x00007ffa237ffa3d:   8d 0d 9d d1 13 00 e8 58 00 00 00 4c 8b 05 81 d1
0x00007ffa237ffa4d:   13 00 4d 3b c6 0f 85 98 40 08 00 48 85 db 75 33
0x00007ffa237ffa5d:   48 8d 0d 7c d1 13 00 e8 c7 f7 ff ff 48 85 db 0f
0x00007ffa237ffa6d:   85 b3 40 08 00 33 c0 48 8b 5c 24 30 48 8b 6c 24
0x00007ffa237ffa7d:   38 48 8b 74 24 40 48 8b 7c 24 48 48 83 c4 20 41
0x00007ffa237ffa8d:   5e c3 cc f0 ff 43 3c eb c7 cc cc cc cc cc cc cc
0x00007ffa237ffa9d:   cc cc cc 48 83 ec 28 65 48 8b 04 25 30 00 00 00
0x00007ffa237ffaad:   f0 0f ba 71 08 00 48 8b 40 48 73 13 48 89 41 10
0x00007ffa237ffabd:   33 c0 c7 41 0c 01 00 00 00 48 83 c4 28 c3 cc 48
0x00007ffa237ffacd:   39 41 10 75 0b ff 41 0c 33 c0 48 83 c4 28 c3 cc
0x00007ffa237ffadd:   e8 0e 00 00 00 eb e2 cc cc cc cc cc cc cc cc cc
0x00007ffa237ffaed:   cc cc cc 48 89 5c 24 18 55 56 57 41 54 41 55 41
0x00007ffa237ffafd:   56 41 57 48 83 ec 20 8b 41 20 48 8b f1 48 0f ba
0x00007ffa237ffb0d:   e0 1a 0f 82 df 01 00 00 33 ff 40 32 ed 66 83 3c
0x00007ffa237ffb1d:   25 6a 03 fe 7f 01 76 19 48 8b 7e 20 48 8b c7 81
0x00007ffa237ffb2d:   e7 ff ff ff 00 25 00 00 00 02 48 85 c0 40 0f 95
0x00007ffa237ffb3d:   c5 45 32 ff b0 01 45 32 e4 41 bd 01 00 00 00 45
0x00007ffa237ffb4d:   33 c0 ba 6a 03 fe 7f 84 c0 0f 84 14 01 00 00 8b
0x00007ffa237ffb5d:   46 08 4c 8d 4e 08 45 84 e4 41 be 03 00 00 00 45
0x00007ffa237ffb6d:   0f 44 f5 41 84 c5 0f 85 e2 00 00 00 8d 0c bf 03
0x00007ffa237ffb7d:   c9 66 44 39 2a 0f 86 e8 00 00 00 4d 85 c9 74 0e
0x00007ffa237ffb8d:   80 3c 25 97 02 fe 7f 00 0f 85 b9 3f 08 00 0f b7
0x00007ffa237ffb9d:   1c 25 d6 02 fe 7f 83 fb 0c 0f 85 a2 00 00 00 b8 


Stack slot to memory mapping:

stack at sp + 0 slots: 0x000001fe7aac0000 points into unknown readable memory: 0x0000000000000000 | 00 00 00 00 00 00 00 00
stack at sp + 1 slots: 0x00008dda71b30b7b is an unknown value
stack at sp + 2 slots: 0x00007ff9efa83b20 jvm.dll
stack at sp + 3 slots: 0x00007ff99e219dec opencv_java481.dll
stack at sp + 4 slots: 0x000001fe5f6f9ef0 points into unknown readable memory: 0x000001fe5f6f9ef0 | f0 9e 6f 5f fe 01 00 00
stack at sp + 5 slots: 0x00007ff9ebb96542 igdrcl64.dll
stack at sp + 6 slots: 0x00008d99542ce7eb is an unknown value
stack at sp + 7 slots: 0x00008dda0000001c is an unknown value

VM_Operation (0x00000043267fe7e0): Exit, mode: safepoint, requested by thread 0x000001fe197a01f0


---------------  P R O C E S S  ---------------

Threads class SMR info:
_java_thread_list=0x000001fe5f40f490, length=16, elements={
0x000001fe7f961f50, 0x000001fe7f964a90, 0x000001fe7f966c90, 0x000001fe7f969770,
0x000001fe7f969de0, 0x000001fe7f971960, 0x000001fe7f980050, 0x000001fe7f97a310,
0x000001fe194aaa30, 0x000001fe194b20f0, 0x000001fe1978a440, 0x000001fe1978bef0,
0x000001fe197a01f0, 0x000001fe7ab131b0, 0x000001fe5f51c2d0, 0x000001fe62c2e650
}

Java Threads: ( => current thread )
  0x000001fe7f961f50 JavaThread "Reference Handler"          daemon [_thread_blocked, id=8696, stack(0x0000004325a00000,0x0000004325b00000) (1024K)]
  0x000001fe7f964a90 JavaThread "Finalizer"                  daemon [_thread_blocked, id=11768, stack(0x0000004325b00000,0x0000004325c00000) (1024K)]
  0x000001fe7f966c90 JavaThread "Signal Dispatcher"          daemon [_thread_blocked, id=11312, stack(0x0000004325c00000,0x0000004325d00000) (1024K)]
  0x000001fe7f969770 JavaThread "Attach Listener"            daemon [_thread_blocked, id=9888, stack(0x0000004325d00000,0x0000004325e00000) (1024K)]
  0x000001fe7f969de0 JavaThread "Service Thread"             daemon [_thread_blocked, id=3620, stack(0x0000004325e00000,0x0000004325f00000) (1024K)]
  0x000001fe7f971960 JavaThread "Monitor Deflation Thread"   daemon [_thread_blocked, id=8016, stack(0x0000004325f00000,0x0000004326000000) (1024K)]
  0x000001fe7f980050 JavaThread "C2 CompilerThread0"         daemon [_thread_blocked, id=2240, stack(0x0000004326000000,0x0000004326100000) (1024K)]
  0x000001fe7f97a310 JavaThread "C1 CompilerThread0"         daemon [_thread_blocked, id=6348, stack(0x0000004326100000,0x0000004326200000) (1024K)]
  0x000001fe194aaa30 JavaThread "Notification Thread"        daemon [_thread_blocked, id=6528, stack(0x0000004326200000,0x0000004326300000) (1024K)]
  0x000001fe194b20f0 JavaThread "Common-Cleaner"             daemon [_thread_blocked, id=5452, stack(0x0000004326300000,0x0000004326400000) (1024K)]
  0x000001fe1978a440 JavaThread "Java2D Disposer"            daemon [_thread_blocked, id=2808, stack(0x0000004326400000,0x0000004326500000) (1024K)]
  0x000001fe1978bef0 JavaThread "AWT-Shutdown"                      [_thread_blocked, id=9024, stack(0x0000004326500000,0x0000004326600000) (1024K)]
  0x000001fe197a01f0 JavaThread "AWT-EventQueue-0"                  [_thread_blocked, id=11516, stack(0x0000004326700000,0x0000004326800000) (1024K)]
  0x000001fe7ab131b0 JavaThread "DestroyJavaVM"                     [_thread_blocked, id=2888, stack(0x0000004325200000,0x0000004325300000) (1024K)]
  0x000001fe5f51c2d0 JavaThread "TimerQueue"                 daemon [_thread_blocked, id=10532, stack(0x0000004326c00000,0x0000004326d00000) (1024K)]
  0x000001fe62c2e650 JavaThread "ToolkitShutdown"            daemon [_thread_blocked, id=10932, stack(0x0000004324f00000,0x0000004325000000) (1024K)]
Total: 16

Other Threads:
=>0x000001fe7f945a70 VMThread "VM Thread"                           [id=13168, stack(0x0000004325900000,0x0000004325a00000) (1024K)]
  0x000001fe7cc6f5d0 WorkerThread "GC Thread#0"                     [id=8032, stack(0x0000004325300000,0x0000004325400000) (1024K)]
  0x000001fe62cc0d20 WorkerThread "GC Thread#1"                     [id=5112, stack(0x0000004327b00000,0x0000004327c00000) (1024K)]
  0x000001fe62cc10d0 WorkerThread "GC Thread#2"                     [id=4396, stack(0x0000004327c00000,0x0000004327d00000) (1024K)]
  0x000001fe62cc1480 WorkerThread "GC Thread#3"                     [id=11756, stack(0x0000004327d00000,0x0000004327e00000) (1024K)]
  0x000001fe7cc814a0 ConcurrentGCThread "G1 Main Marker"            terminated
  0x000001fe7cc82660 WorkerThread "G1 Conc#0"                       [id=188, stack(0x0000004325500000,0x0000004325600000) (1024K)]
  0x000001fe7f7ee120 ConcurrentGCThread "G1 Refine#0"               terminated
  0x000001fe7f7f0570 ConcurrentGCThread "G1 Service"                terminated
Total: 9

Threads with active compile tasks:
Total: 0

VM state: at safepoint (shutting down)

VM Mutex/Monitor currently owned by a thread:  ([mutex/lock_event])
[0x00007ff9efa5bbb8] Threads_lock - owner thread: 0x000001fe7f945a70
[0x00007ff9efa5bcb8] Heap_lock - owner thread: 0x000001fe197a01f0

Heap address: 0x0000000081600000, size: 2026 MB, Compressed Oops mode: 32-bit

CDS archive(s) mapped at: [0x000001fe1a000000-0x000001fe1ac60000-0x000001fe1ac60000), size 12976128, SharedBaseAddress: 0x000001fe1a000000, ArchiveRelocationMode: 1.
Compressed class space mapped at: 0x000001fe1b000000-0x000001fe5b000000, reserved size: 1073741824
Narrow klass base: 0x000001fe1a000000, Narrow klass shift: 0, Narrow klass range: 0x41000000

GC Precious Log:
 CardTable entry size: 512
 Card Set container configuration: InlinePtr #cards 5 size 8 Array Of Cards #cards 12 size 40 Howl #buckets 4 coarsen threshold 1843 Howl Bitmap #cards 512 size 80 coarsen threshold 460 Card regions per heap region 1 cards per card region 2048
 CPUs: 4 total, 4 available
 Memory: 8097M
 Large Page Support: Disabled
 NUMA Support: Disabled
 Compressed Oops: Enabled (32-bit)
 Heap Region Size: 1M
 Heap Min Capacity: 8M
 Heap Initial Capacity: 128M
 Heap Max Capacity: 2026M
 Pre-touch: Disabled
 Parallel Workers: 4
 Concurrent Workers: 1
 Concurrent Refinement Workers: 4
 Periodic GC: Disabled

Heap:
 garbage-first heap   total reserved 2074624K, committed 131072K, used 10509K [0x0000000081600000, 0x0000000100000000)
  region size 1024K, 6 young (6144K), 2 survivors (2048K)
 Metaspace       used 17776K, committed 18048K, reserved 1114112K
  class space    used 1910K, committed 2048K, reserved 1048576K

Heap Regions: E=young(eden), S=young(survivor), O=old, HS=humongous(starts), HC=humongous(continues), CS=collection set, F=free, TAMS=top-at-mark-start, PB=parsable bottom
|   0|0x0000000081600000, 0x0000000081700000, 0x0000000081700000|100%| O|  |TAMS 0x0000000081600000| PB 0x0000000081600000| Untracked |  0
|   1|0x0000000081700000, 0x0000000081800000, 0x0000000081800000|100%|HS|  |TAMS 0x0000000081700000| PB 0x0000000081700000| Complete |  0
|   2|0x0000000081800000, 0x0000000081900000, 0x0000000081900000|100%|HC|  |TAMS 0x0000000081800000| PB 0x0000000081800000| Complete |  0
|   3|0x0000000081900000, 0x0000000081a00000, 0x0000000081a00000|100%| O|  |TAMS 0x0000000081900000| PB 0x0000000081900000| Untracked |  0
|   4|0x0000000081a00000, 0x0000000081b00000, 0x0000000081b00000|100%| O|  |TAMS 0x0000000081a00000| PB 0x0000000081a00000| Untracked |  0
|   5|0x0000000081b00000, 0x0000000081c00000, 0x0000000081c00000|100%| O|  |TAMS 0x0000000081b00000| PB 0x0000000081b00000| Untracked |  0
|   6|0x0000000081c00000, 0x0000000081c68330, 0x0000000081d00000| 40%| O|  |TAMS 0x0000000081c00000| PB 0x0000000081c00000| Untracked |  0
|   7|0x0000000081d00000, 0x0000000081d00000, 0x0000000081e00000|  0%| F|  |TAMS 0x0000000081d00000| PB 0x0000000081d00000| Untracked |  0
|   8|0x0000000081e00000, 0x0000000081e00000, 0x0000000081f00000|  0%| F|  |TAMS 0x0000000081e00000| PB 0x0000000081e00000| Untracked |  0
|   9|0x0000000081f00000, 0x0000000081f00000, 0x0000000082000000|  0%| F|  |TAMS 0x0000000081f00000| PB 0x0000000081f00000| Untracked |  0
|  10|0x0000000082000000, 0x0000000082000000, 0x0000000082100000|  0%| F|  |TAMS 0x0000000082000000| PB 0x0000000082000000| Untracked |  0
|  11|0x0000000082100000, 0x0000000082100000, 0x0000000082200000|  0%| F|  |TAMS 0x0000000082100000| PB 0x0000000082100000| Untracked |  0
|  12|0x0000000082200000, 0x0000000082200000, 0x0000000082300000|  0%| F|  |TAMS 0x0000000082200000| PB 0x0000000082200000| Untracked |  0
|  13|0x0000000082300000, 0x0000000082300000, 0x0000000082400000|  0%| F|  |TAMS 0x0000000082300000| PB 0x0000000082300000| Untracked |  0
|  14|0x0000000082400000, 0x0000000082400000, 0x0000000082500000|  0%| F|  |TAMS 0x0000000082400000| PB 0x0000000082400000| Untracked |  0
|  15|0x0000000082500000, 0x0000000082500000, 0x0000000082600000|  0%| F|  |TAMS 0x0000000082500000| PB 0x0000000082500000| Untracked |  0
|  16|0x0000000082600000, 0x0000000082600000, 0x0000000082700000|  0%| F|  |TAMS 0x0000000082600000| PB 0x0000000082600000| Untracked |  0
|  17|0x0000000082700000, 0x0000000082700000, 0x0000000082800000|  0%| F|  |TAMS 0x0000000082700000| PB 0x0000000082700000| Untracked |  0
|  18|0x0000000082800000, 0x0000000082800000, 0x0000000082900000|  0%| F|  |TAMS 0x0000000082800000| PB 0x0000000082800000| Untracked |  0
|  19|0x0000000082900000, 0x0000000082900000, 0x0000000082a00000|  0%| F|  |TAMS 0x0000000082900000| PB 0x0000000082900000| Untracked |  0
|  20|0x0000000082a00000, 0x0000000082a00000, 0x0000000082b00000|  0%| F|  |TAMS 0x0000000082a00000| PB 0x0000000082a00000| Untracked |  0
|  21|0x0000000082b00000, 0x0000000082b00000, 0x0000000082c00000|  0%| F|  |TAMS 0x0000000082b00000| PB 0x0000000082b00000| Untracked |  0
|  22|0x0000000082c00000, 0x0000000082c00000, 0x0000000082d00000|  0%| F|  |TAMS 0x0000000082c00000| PB 0x0000000082c00000| Untracked |  0
|  23|0x0000000082d00000, 0x0000000082d00000, 0x0000000082e00000|  0%| F|  |TAMS 0x0000000082d00000| PB 0x0000000082d00000| Untracked |  0
|  24|0x0000000082e00000, 0x0000000082e00000, 0x0000000082f00000|  0%| F|  |TAMS 0x0000000082e00000| PB 0x0000000082e00000| Untracked |  0
|  25|0x0000000082f00000, 0x0000000082f00000, 0x0000000083000000|  0%| F|  |TAMS 0x0000000082f00000| PB 0x0000000082f00000| Untracked |  0
|  26|0x0000000083000000, 0x0000000083000000, 0x0000000083100000|  0%| F|  |TAMS 0x0000000083000000| PB 0x0000000083000000| Untracked |  0
|  27|0x0000000083100000, 0x0000000083100000, 0x0000000083200000|  0%| F|  |TAMS 0x0000000083100000| PB 0x0000000083100000| Untracked |  0
|  28|0x0000000083200000, 0x0000000083200000, 0x0000000083300000|  0%| F|  |TAMS 0x0000000083200000| PB 0x0000000083200000| Untracked |  0
|  29|0x0000000083300000, 0x0000000083300000, 0x0000000083400000|  0%| F|  |TAMS 0x0000000083300000| PB 0x0000000083300000| Untracked |  0
|  30|0x0000000083400000, 0x0000000083400000, 0x0000000083500000|  0%| F|  |TAMS 0x0000000083400000| PB 0x0000000083400000| Untracked |  0
|  31|0x0000000083500000, 0x0000000083500000, 0x0000000083600000|  0%| F|  |TAMS 0x0000000083500000| PB 0x0000000083500000| Untracked |  0
|  32|0x0000000083600000, 0x0000000083600000, 0x0000000083700000|  0%| F|  |TAMS 0x0000000083600000| PB 0x0000000083600000| Untracked |  0
|  33|0x0000000083700000, 0x0000000083700000, 0x0000000083800000|  0%| F|  |TAMS 0x0000000083700000| PB 0x0000000083700000| Untracked |  0
|  34|0x0000000083800000, 0x0000000083800000, 0x0000000083900000|  0%| F|  |TAMS 0x0000000083800000| PB 0x0000000083800000| Untracked |  0
|  35|0x0000000083900000, 0x0000000083900000, 0x0000000083a00000|  0%| F|  |TAMS 0x0000000083900000| PB 0x0000000083900000| Untracked |  0
|  36|0x0000000083a00000, 0x0000000083a00000, 0x0000000083b00000|  0%| F|  |TAMS 0x0000000083a00000| PB 0x0000000083a00000| Untracked |  0
|  37|0x0000000083b00000, 0x0000000083b00000, 0x0000000083c00000|  0%| F|  |TAMS 0x0000000083b00000| PB 0x0000000083b00000| Untracked |  0
|  38|0x0000000083c00000, 0x0000000083c00000, 0x0000000083d00000|  0%| F|  |TAMS 0x0000000083c00000| PB 0x0000000083c00000| Untracked |  0
|  39|0x0000000083d00000, 0x0000000083d00000, 0x0000000083e00000|  0%| F|  |TAMS 0x0000000083d00000| PB 0x0000000083d00000| Untracked |  0
|  40|0x0000000083e00000, 0x0000000083e00000, 0x0000000083f00000|  0%| F|  |TAMS 0x0000000083e00000| PB 0x0000000083e00000| Untracked |  0
|  41|0x0000000083f00000, 0x0000000083f00000, 0x0000000084000000|  0%| F|  |TAMS 0x0000000083f00000| PB 0x0000000083f00000| Untracked |  0
|  42|0x0000000084000000, 0x0000000084000000, 0x0000000084100000|  0%| F|  |TAMS 0x0000000084000000| PB 0x0000000084000000| Untracked |  0
|  43|0x0000000084100000, 0x0000000084100000, 0x0000000084200000|  0%| F|  |TAMS 0x0000000084100000| PB 0x0000000084100000| Untracked |  0
|  44|0x0000000084200000, 0x0000000084200000, 0x0000000084300000|  0%| F|  |TAMS 0x0000000084200000| PB 0x0000000084200000| Untracked |  0
|  45|0x0000000084300000, 0x0000000084300000, 0x0000000084400000|  0%| F|  |TAMS 0x0000000084300000| PB 0x0000000084300000| Untracked |  0
|  46|0x0000000084400000, 0x0000000084400000, 0x0000000084500000|  0%| F|  |TAMS 0x0000000084400000| PB 0x0000000084400000| Untracked |  0
|  47|0x0000000084500000, 0x0000000084500000, 0x0000000084600000|  0%| F|  |TAMS 0x0000000084500000| PB 0x0000000084500000| Untracked |  0
|  48|0x0000000084600000, 0x0000000084600000, 0x0000000084700000|  0%| F|  |TAMS 0x0000000084600000| PB 0x0000000084600000| Untracked |  0
|  49|0x0000000084700000, 0x0000000084700000, 0x0000000084800000|  0%| F|  |TAMS 0x0000000084700000| PB 0x0000000084700000| Untracked |  0
|  50|0x0000000084800000, 0x0000000084800000, 0x0000000084900000|  0%| F|  |TAMS 0x0000000084800000| PB 0x0000000084800000| Untracked |  0
|  51|0x0000000084900000, 0x0000000084900000, 0x0000000084a00000|  0%| F|  |TAMS 0x0000000084900000| PB 0x0000000084900000| Untracked |  0
|  52|0x0000000084a00000, 0x0000000084a00000, 0x0000000084b00000|  0%| F|  |TAMS 0x0000000084a00000| PB 0x0000000084a00000| Untracked |  0
|  53|0x0000000084b00000, 0x0000000084b00000, 0x0000000084c00000|  0%| F|  |TAMS 0x0000000084b00000| PB 0x0000000084b00000| Untracked |  0
|  54|0x0000000084c00000, 0x0000000084c00000, 0x0000000084d00000|  0%| F|  |TAMS 0x0000000084c00000| PB 0x0000000084c00000| Untracked |  0
|  55|0x0000000084d00000, 0x0000000084d00000, 0x0000000084e00000|  0%| F|  |TAMS 0x0000000084d00000| PB 0x0000000084d00000| Untracked |  0
|  56|0x0000000084e00000, 0x0000000084e00000, 0x0000000084f00000|  0%| F|  |TAMS 0x0000000084e00000| PB 0x0000000084e00000| Untracked |  0
|  57|0x0000000084f00000, 0x0000000084f00000, 0x0000000085000000|  0%| F|  |TAMS 0x0000000084f00000| PB 0x0000000084f00000| Untracked |  0
|  58|0x0000000085000000, 0x0000000085000000, 0x0000000085100000|  0%| F|  |TAMS 0x0000000085000000| PB 0x0000000085000000| Untracked |  0
|  59|0x0000000085100000, 0x0000000085100000, 0x0000000085200000|  0%| F|  |TAMS 0x0000000085100000| PB 0x0000000085100000| Untracked |  0
|  60|0x0000000085200000, 0x0000000085200000, 0x0000000085300000|  0%| F|  |TAMS 0x0000000085200000| PB 0x0000000085200000| Untracked |  0
|  61|0x0000000085300000, 0x0000000085300000, 0x0000000085400000|  0%| F|  |TAMS 0x0000000085300000| PB 0x0000000085300000| Untracked |  0
|  62|0x0000000085400000, 0x0000000085400000, 0x0000000085500000|  0%| F|  |TAMS 0x0000000085400000| PB 0x0000000085400000| Untracked |  0
|  63|0x0000000085500000, 0x0000000085500000, 0x0000000085600000|  0%| F|  |TAMS 0x0000000085500000| PB 0x0000000085500000| Untracked |  0
|  64|0x0000000085600000, 0x0000000085600000, 0x0000000085700000|  0%| F|  |TAMS 0x0000000085600000| PB 0x0000000085600000| Untracked |  0
|  65|0x0000000085700000, 0x0000000085700000, 0x0000000085800000|  0%| F|  |TAMS 0x0000000085700000| PB 0x0000000085700000| Untracked |  0
|  66|0x0000000085800000, 0x0000000085800000, 0x0000000085900000|  0%| F|  |TAMS 0x0000000085800000| PB 0x0000000085800000| Untracked |  0
|  67|0x0000000085900000, 0x0000000085900000, 0x0000000085a00000|  0%| F|  |TAMS 0x0000000085900000| PB 0x0000000085900000| Untracked |  0
|  68|0x0000000085a00000, 0x0000000085a00000, 0x0000000085b00000|  0%| F|  |TAMS 0x0000000085a00000| PB 0x0000000085a00000| Untracked |  0
|  69|0x0000000085b00000, 0x0000000085b00000, 0x0000000085c00000|  0%| F|  |TAMS 0x0000000085b00000| PB 0x0000000085b00000| Untracked |  0
|  70|0x0000000085c00000, 0x0000000085c00000, 0x0000000085d00000|  0%| F|  |TAMS 0x0000000085c00000| PB 0x0000000085c00000| Untracked |  0
|  71|0x0000000085d00000, 0x0000000085d00000, 0x0000000085e00000|  0%| F|  |TAMS 0x0000000085d00000| PB 0x0000000085d00000| Untracked |  0
|  72|0x0000000085e00000, 0x0000000085e00000, 0x0000000085f00000|  0%| F|  |TAMS 0x0000000085e00000| PB 0x0000000085e00000| Untracked |  0
|  73|0x0000000085f00000, 0x0000000085f00000, 0x0000000086000000|  0%| F|  |TAMS 0x0000000085f00000| PB 0x0000000085f00000| Untracked |  0
|  74|0x0000000086000000, 0x0000000086000000, 0x0000000086100000|  0%| F|  |TAMS 0x0000000086000000| PB 0x0000000086000000| Untracked |  0
|  75|0x0000000086100000, 0x0000000086100000, 0x0000000086200000|  0%| F|  |TAMS 0x0000000086100000| PB 0x0000000086100000| Untracked |  0
|  76|0x0000000086200000, 0x0000000086200000, 0x0000000086300000|  0%| F|  |TAMS 0x0000000086200000| PB 0x0000000086200000| Untracked |  0
|  77|0x0000000086300000, 0x0000000086300000, 0x0000000086400000|  0%| F|  |TAMS 0x0000000086300000| PB 0x0000000086300000| Untracked |  0
|  78|0x0000000086400000, 0x0000000086400000, 0x0000000086500000|  0%| F|  |TAMS 0x0000000086400000| PB 0x0000000086400000| Untracked |  0
|  79|0x0000000086500000, 0x0000000086500000, 0x0000000086600000|  0%| F|  |TAMS 0x0000000086500000| PB 0x0000000086500000| Untracked |  0
|  80|0x0000000086600000, 0x0000000086600000, 0x0000000086700000|  0%| F|  |TAMS 0x0000000086600000| PB 0x0000000086600000| Untracked |  0
|  81|0x0000000086700000, 0x0000000086700000, 0x0000000086800000|  0%| F|  |TAMS 0x0000000086700000| PB 0x0000000086700000| Untracked |  0
|  82|0x0000000086800000, 0x0000000086800000, 0x0000000086900000|  0%| F|  |TAMS 0x0000000086800000| PB 0x0000000086800000| Untracked |  0
|  83|0x0000000086900000, 0x0000000086900000, 0x0000000086a00000|  0%| F|  |TAMS 0x0000000086900000| PB 0x0000000086900000| Untracked |  0
|  84|0x0000000086a00000, 0x0000000086a00000, 0x0000000086b00000|  0%| F|  |TAMS 0x0000000086a00000| PB 0x0000000086a00000| Untracked |  0
|  85|0x0000000086b00000, 0x0000000086b00000, 0x0000000086c00000|  0%| F|  |TAMS 0x0000000086b00000| PB 0x0000000086b00000| Untracked |  0
|  86|0x0000000086c00000, 0x0000000086c00000, 0x0000000086d00000|  0%| F|  |TAMS 0x0000000086c00000| PB 0x0000000086c00000| Untracked |  0
|  87|0x0000000086d00000, 0x0000000086d00000, 0x0000000086e00000|  0%| F|  |TAMS 0x0000000086d00000| PB 0x0000000086d00000| Untracked |  0
|  88|0x0000000086e00000, 0x0000000086e00000, 0x0000000086f00000|  0%| F|  |TAMS 0x0000000086e00000| PB 0x0000000086e00000| Untracked |  0
|  89|0x0000000086f00000, 0x0000000086f00000, 0x0000000087000000|  0%| F|  |TAMS 0x0000000086f00000| PB 0x0000000086f00000| Untracked |  0
|  90|0x0000000087000000, 0x0000000087000000, 0x0000000087100000|  0%| F|  |TAMS 0x0000000087000000| PB 0x0000000087000000| Untracked |  0
|  91|0x0000000087100000, 0x0000000087100000, 0x0000000087200000|  0%| F|  |TAMS 0x0000000087100000| PB 0x0000000087100000| Untracked |  0
|  92|0x0000000087200000, 0x0000000087200000, 0x0000000087300000|  0%| F|  |TAMS 0x0000000087200000| PB 0x0000000087200000| Untracked |  0
|  93|0x0000000087300000, 0x0000000087300000, 0x0000000087400000|  0%| F|  |TAMS 0x0000000087300000| PB 0x0000000087300000| Untracked |  0
|  94|0x0000000087400000, 0x0000000087400000, 0x0000000087500000|  0%| F|  |TAMS 0x0000000087400000| PB 0x0000000087400000| Untracked |  0
|  95|0x0000000087500000, 0x0000000087500000, 0x0000000087600000|  0%| F|  |TAMS 0x0000000087500000| PB 0x0000000087500000| Untracked |  0
|  96|0x0000000087600000, 0x0000000087600000, 0x0000000087700000|  0%| F|  |TAMS 0x0000000087600000| PB 0x0000000087600000| Untracked |  0
|  97|0x0000000087700000, 0x0000000087700000, 0x0000000087800000|  0%| F|  |TAMS 0x0000000087700000| PB 0x0000000087700000| Untracked |  0
|  98|0x0000000087800000, 0x0000000087800000, 0x0000000087900000|  0%| F|  |TAMS 0x0000000087800000| PB 0x0000000087800000| Untracked |  0
|  99|0x0000000087900000, 0x0000000087900000, 0x0000000087a00000|  0%| F|  |TAMS 0x0000000087900000| PB 0x0000000087900000| Untracked |  0
| 100|0x0000000087a00000, 0x0000000087a00000, 0x0000000087b00000|  0%| F|  |TAMS 0x0000000087a00000| PB 0x0000000087a00000| Untracked |  0
| 101|0x0000000087b00000, 0x0000000087b00000, 0x0000000087c00000|  0%| F|  |TAMS 0x0000000087b00000| PB 0x0000000087b00000| Untracked |  0
| 102|0x0000000087c00000, 0x0000000087c00000, 0x0000000087d00000|  0%| F|  |TAMS 0x0000000087c00000| PB 0x0000000087c00000| Untracked |  0
| 103|0x0000000087d00000, 0x0000000087d00000, 0x0000000087e00000|  0%| F|  |TAMS 0x0000000087d00000| PB 0x0000000087d00000| Untracked |  0
| 104|0x0000000087e00000, 0x0000000087e00000, 0x0000000087f00000|  0%| F|  |TAMS 0x0000000087e00000| PB 0x0000000087e00000| Untracked |  0
| 105|0x0000000087f00000, 0x0000000087f00000, 0x0000000088000000|  0%| F|  |TAMS 0x0000000087f00000| PB 0x0000000087f00000| Untracked |  0
| 106|0x0000000088000000, 0x0000000088000000, 0x0000000088100000|  0%| F|  |TAMS 0x0000000088000000| PB 0x0000000088000000| Untracked |  0
| 107|0x0000000088100000, 0x0000000088100000, 0x0000000088200000|  0%| F|  |TAMS 0x0000000088100000| PB 0x0000000088100000| Untracked |  0
| 108|0x0000000088200000, 0x0000000088200000, 0x0000000088300000|  0%| F|  |TAMS 0x0000000088200000| PB 0x0000000088200000| Untracked |  0
| 109|0x0000000088300000, 0x0000000088300000, 0x0000000088400000|  0%| F|  |TAMS 0x0000000088300000| PB 0x0000000088300000| Untracked |  0
| 110|0x0000000088400000, 0x00000000884db130, 0x0000000088500000| 85%| S|CS|TAMS 0x0000000088400000| PB 0x0000000088400000| Complete |  0
| 111|0x0000000088500000, 0x0000000088600000, 0x0000000088600000|100%| S|CS|TAMS 0x0000000088500000| PB 0x0000000088500000| Complete |  0
| 112|0x0000000088600000, 0x0000000088600000, 0x0000000088700000|  0%| F|  |TAMS 0x0000000088600000| PB 0x0000000088600000| Untracked |  0
| 113|0x0000000088700000, 0x0000000088700000, 0x0000000088800000|  0%| F|  |TAMS 0x0000000088700000| PB 0x0000000088700000| Untracked |  0
| 114|0x0000000088800000, 0x0000000088800000, 0x0000000088900000|  0%| F|  |TAMS 0x0000000088800000| PB 0x0000000088800000| Untracked |  0
| 115|0x0000000088900000, 0x0000000088900000, 0x0000000088a00000|  0%| F|  |TAMS 0x0000000088900000| PB 0x0000000088900000| Untracked |  0
| 116|0x0000000088a00000, 0x0000000088a00000, 0x0000000088b00000|  0%| F|  |TAMS 0x0000000088a00000| PB 0x0000000088a00000| Untracked |  0
| 117|0x0000000088b00000, 0x0000000088b00000, 0x0000000088c00000|  0%| F|  |TAMS 0x0000000088b00000| PB 0x0000000088b00000| Untracked |  0
| 118|0x0000000088c00000, 0x0000000088c00000, 0x0000000088d00000|  0%| F|  |TAMS 0x0000000088c00000| PB 0x0000000088c00000| Untracked |  0
| 119|0x0000000088d00000, 0x0000000088d00000, 0x0000000088e00000|  0%| F|  |TAMS 0x0000000088d00000| PB 0x0000000088d00000| Untracked |  0
| 120|0x0000000088e00000, 0x0000000088e00000, 0x0000000088f00000|  0%| F|  |TAMS 0x0000000088e00000| PB 0x0000000088e00000| Untracked |  0
| 121|0x0000000088f00000, 0x0000000088f00000, 0x0000000089000000|  0%| F|  |TAMS 0x0000000088f00000| PB 0x0000000088f00000| Untracked |  0
| 122|0x0000000089000000, 0x0000000089000000, 0x0000000089100000|  0%| F|  |TAMS 0x0000000089000000| PB 0x0000000089000000| Untracked |  0
| 123|0x0000000089100000, 0x0000000089100000, 0x0000000089200000|  0%| F|  |TAMS 0x0000000089100000| PB 0x0000000089100000| Untracked |  0
| 124|0x0000000089200000, 0x0000000089296020, 0x0000000089300000| 58%| E|  |TAMS 0x0000000089200000| PB 0x0000000089200000| Complete |  0
| 125|0x0000000089300000, 0x00000000893eb980, 0x0000000089400000| 92%| E|  |TAMS 0x0000000089300000| PB 0x0000000089300000| Complete |  0
| 126|0x0000000089400000, 0x0000000089500000, 0x0000000089500000|100%| E|CS|TAMS 0x0000000089400000| PB 0x0000000089400000| Complete |  0
| 127|0x0000000089500000, 0x0000000089600000, 0x0000000089600000|100%| E|CS|TAMS 0x0000000089500000| PB 0x0000000089500000| Complete |  0

Card table byte_map: [0x000001fe7d0e0000,0x000001fe7d4e0000] _byte_map_base: 0x000001fe7ccd5000

Marking Bits: (CMBitMap*) 0x000001fe7cc70c00
 Bits: [0x000001fe7d4e0000, 0x000001fe7f488000)

Polling page: 0x000001fe7c3e0000

Metaspace:

Usage:
  Non-class:     15.49 MB used.
      Class:      1.87 MB used.
       Both:     17.36 MB used.

Virtual space:
  Non-class space:       64.00 MB reserved,      15.62 MB ( 24%) committed,  1 nodes.
      Class space:        1.00 GB reserved,       2.00 MB ( <1%) committed,  1 nodes.
             Both:        1.06 GB reserved,      17.62 MB (  2%) committed. 

Chunk freelists:
   Non-Class:  288.00 KB
       Class:  14.03 MB
        Both:  14.31 MB

MaxMetaspaceSize: unlimited
CompressedClassSpaceSize: 1.00 GB
Initial GC threshold: 21.00 MB
Current GC threshold: 21.00 MB
CDS: on
 - commit_granule_bytes: 65536.
 - commit_granule_words: 8192.
 - virtual_space_node_default_size: 8388608.
 - enlarge_chunks_in_place: 1.
 - use_allocation_guard: 0.


Internal statistics:

num_allocs_failed_limit: 0.
num_arena_births: 240.
num_arena_deaths: 0.
num_vsnodes_births: 2.
num_vsnodes_deaths: 0.
num_space_committed: 282.
num_space_uncommitted: 0.
num_chunks_returned_to_freelist: 0.
num_chunks_taken_from_freelist: 415.
num_chunk_merges: 0.
num_chunk_splits: 256.
num_chunks_enlarged: 138.
num_inconsistent_stats: 0.

CodeHeap 'non-profiled nmethods': size=120000Kb used=836Kb max_used=836Kb free=119163Kb
 bounds [0x000001fe0fd50000, 0x000001fe0ffc0000, 0x000001fe17280000]
CodeHeap 'profiled nmethods': size=120000Kb used=3830Kb max_used=3830Kb free=116170Kb
 bounds [0x000001fe08280000, 0x000001fe08640000, 0x000001fe0f7b0000]
CodeHeap 'non-nmethods': size=5760Kb used=2052Kb max_used=2097Kb free=3707Kb
 bounds [0x000001fe0f7b0000, 0x000001fe0fa20000, 0x000001fe0fd50000]
 total_blobs=3198 nmethods=2176 adapters=926
 compilation: enabled
              stopped_count=0, restarted_count=0
 full_count=0

Compilation events (20 events):
Event: 118.946 Thread 0x000001fe7f97a310 2168   !   3       java.util.concurrent.locks.AbstractQueuedSynchronizer$ConditionObject::newConditionNode (78 bytes)
Event: 118.947 Thread 0x000001fe7f97a310 nmethod 2168 0x000001fe08638690 code [0x000001fe086388e0, 0x000001fe086390c0]
Event: 118.947 Thread 0x000001fe7f97a310 2169       3       java.util.concurrent.locks.AbstractQueuedSynchronizer$ConditionNode::<init> (5 bytes)
Event: 118.948 Thread 0x000001fe7f97a310 nmethod 2169 0x000001fe08639390 code [0x000001fe08639540, 0x000001fe08639708]
Event: 118.948 Thread 0x000001fe7f97a310 2170       3       java.util.concurrent.locks.AbstractQueuedSynchronizer$ConditionObject::enableWait (84 bytes)
Event: 118.948 Thread 0x000001fe7f97a310 nmethod 2170 0x000001fe08639810 code [0x000001fe08639a40, 0x000001fe0863a180]
Event: 118.948 Thread 0x000001fe7f97a310 2171       3       java.util.concurrent.locks.AbstractQueuedSynchronizer$Node::setStatusRelaxed (12 bytes)
Event: 118.948 Thread 0x000001fe7f97a310 nmethod 2171 0x000001fe0863a410 code [0x000001fe0863a5a0, 0x000001fe0863a6b8]
Event: 118.978 Thread 0x000001fe7f97a310 2172   !   3       java.util.concurrent.locks.AbstractQueuedSynchronizer$ConditionObject::await (185 bytes)
Event: 118.980 Thread 0x000001fe7f97a310 nmethod 2172 0x000001fe0863a790 code [0x000001fe0863ab20, 0x000001fe0863c058]
Event: 118.986 Thread 0x000001fe7f980050 2173       4       javax.swing.JComponent::contains (27 bytes)
Event: 118.988 Thread 0x000001fe7f980050 nmethod 2173 0x000001fe0fe20990 code [0x000001fe0fe20b00, 0x000001fe0fe20bc8]
Event: 119.042 Thread 0x000001fe7f980050 2174       4       java.util.ArrayList::get (15 bytes)
Event: 119.044 Thread 0x000001fe7f980050 nmethod 2174 0x000001fe0fe20c90 code [0x000001fe0fe20e20, 0x000001fe0fe20f38]
Event: 119.268 Thread 0x000001fe7f97a310 2175       3       sun.util.locale.BaseLocale::hashCode (67 bytes)
Event: 119.270 Thread 0x000001fe7f97a310 nmethod 2175 0x000001fe0863c890 code [0x000001fe0863ca60, 0x000001fe0863cd08]
Event: 119.271 Thread 0x000001fe7f97a310 2176       3       java.util.AbstractSequentialList::iterator (5 bytes)
Event: 119.279 Thread 0x000001fe7f97a310 nmethod 2176 0x000001fe0863ce90 code [0x000001fe0863d080, 0x000001fe0863d608]
Event: 119.302 Thread 0x000001fe7f97a310 2177       1       java.util.concurrent.CopyOnWriteArrayList::getArray (5 bytes)
Event: 119.302 Thread 0x000001fe7f97a310 nmethod 2177 0x000001fe0fe21090 code [0x000001fe0fe21220, 0x000001fe0fe212e8]

GC Heap History (4 events):
Event: 26.436 GC heap before
{Heap before GC invocations=0 (full 0):
 garbage-first heap   total reserved 2074624K, committed 131072K, used 16384K [0x0000000081600000, 0x0000000100000000)
  region size 1024K, 14 young (14336K), 0 survivors (0K)
 Metaspace       used 11070K, committed 11328K, reserved 1114112K
  class space    used 1243K, committed 1344K, reserved 1048576K
}
Event: 26.445 GC heap after
{Heap after GC invocations=1 (full 0):
 garbage-first heap   total reserved 2074624K, committed 131072K, used 6528K [0x0000000081600000, 0x0000000100000000)
  region size 1024K, 2 young (2048K), 2 survivors (2048K)
 Metaspace       used 11070K, committed 11328K, reserved 1114112K
  class space    used 1243K, committed 1344K, reserved 1048576K
}
Event: 29.296 GC heap before
{Heap before GC invocations=1 (full 0):
 garbage-first heap   total reserved 2074624K, committed 131072K, used 20864K [0x0000000081600000, 0x0000000100000000)
  region size 1024K, 16 young (16384K), 2 survivors (2048K)
 Metaspace       used 17690K, committed 17984K, reserved 1114112K
  class space    used 1910K, committed 2048K, reserved 1048576K
}
Event: 29.306 GC heap after
{Heap after GC invocations=2 (full 0):
 garbage-first heap   total reserved 2074624K, committed 131072K, used 8461K [0x0000000081600000, 0x0000000100000000)
  region size 1024K, 2 young (2048K), 2 survivors (2048K)
 Metaspace       used 17690K, committed 17984K, reserved 1114112K
  class space    used 1910K, committed 2048K, reserved 1048576K
}

Dll operation events (12 events):
Event: 0.023 Loaded shared library C:\Program Files\Java\jdk-22\bin\java.dll
Event: 0.095 Loaded shared library C:\Program Files\Java\jdk-22\bin\jsvml.dll
Event: 0.198 Loaded shared library C:\Program Files\Java\jdk-22\bin\jimage.dll
Event: 0.312 Loaded shared library C:\Program Files\Java\jdk-22\bin\awt.dll
Event: 0.395 Loaded shared library C:\Program Files\Java\jdk-22\bin\net.dll
Event: 0.400 Loaded shared library C:\Program Files\Java\jdk-22\bin\nio.dll
Event: 0.409 Loaded shared library C:\Program Files\Java\jdk-22\bin\zip.dll
Event: 0.851 Loaded shared library C:\Program Files\Java\jdk-22\bin\freetype.dll
Event: 0.853 Loaded shared library C:\Program Files\Java\jdk-22\bin\fontmanager.dll
Event: 5.463 Loaded shared library C:\Users\ELVIS\OneDrive\Documentos\NetBeansProjects\SoftwareReconocimientoFacilUCV\opencv_java481.dll
Event: 26.647 Loaded shared library C:\Program Files\Java\jdk-22\bin\extnet.dll
Event: 26.858 Loaded shared library C:\Program Files\Java\jdk-22\bin\sunmscapi.dll

Deoptimization events (20 events):
Event: 27.864 Thread 0x000001fe5f4bf480 DEOPT PACKING pc=0x000001fe0fde75a4 sp=0x0000004326efdb30
Event: 27.864 Thread 0x000001fe5f4bf480 DEOPT UNPACKING pc=0x000001fe0f8046a2 sp=0x0000004326efd9b8 mode 2
Event: 27.929 Thread 0x000001fe5f4bf480 Uncommon trap: trap_request=0xffffff45 fr.pc=0x000001fe0fdc9b44 relative=0x0000000000000284
Event: 27.929 Thread 0x000001fe5f4bf480 Uncommon trap: reason=unstable_if action=reinterpret pc=0x000001fe0fdc9b44 method=java.util.HashMap.getNode(Ljava/lang/Object;)Ljava/util/HashMap$Node; @ 85 c2
Event: 27.929 Thread 0x000001fe5f4bf480 DEOPT PACKING pc=0x000001fe0fdc9b44 sp=0x0000004326efe310
Event: 27.929 Thread 0x000001fe5f4bf480 DEOPT UNPACKING pc=0x000001fe0f8046a2 sp=0x0000004326efe280 mode 2
Event: 28.530 Thread 0x000001fe197a01f0 Uncommon trap: trap_request=0xffffff45 fr.pc=0x000001fe0fdf2cc0 relative=0x00000000000000a0
Event: 28.530 Thread 0x000001fe197a01f0 Uncommon trap: reason=unstable_if action=reinterpret pc=0x000001fe0fdf2cc0 method=java.awt.Component.inside(II)Z @ 13 c2
Event: 28.531 Thread 0x000001fe197a01f0 DEOPT PACKING pc=0x000001fe0fdf2cc0 sp=0x00000043267fe8a0
Event: 28.531 Thread 0x000001fe197a01f0 DEOPT UNPACKING pc=0x000001fe0f8046a2 sp=0x00000043267fe730 mode 2
Event: 29.308 Thread 0x000001fe5f4bf480 DEOPT PACKING pc=0x000001fe08586608 sp=0x0000004326efdc20
Event: 29.308 Thread 0x000001fe5f4bf480 DEOPT UNPACKING pc=0x000001fe0f804e42 sp=0x0000004326efd0a0 mode 0
Event: 29.335 Thread 0x000001fe5f4bf480 DEOPT PACKING pc=0x000001fe0857c2d0 sp=0x0000004326efdae0
Event: 29.335 Thread 0x000001fe5f4bf480 DEOPT UNPACKING pc=0x000001fe0f804e42 sp=0x0000004326efcf10 mode 0
Event: 29.339 Thread 0x000001fe5f4bf480 DEOPT PACKING pc=0x000001fe0857c29d sp=0x0000004326efe150
Event: 29.339 Thread 0x000001fe5f4bf480 DEOPT UNPACKING pc=0x000001fe0f804e42 sp=0x0000004326efd580 mode 0
Event: 29.718 Thread 0x000001fe5f4bf480 DEOPT PACKING pc=0x000001fe08580cbb sp=0x0000004326efde30
Event: 29.718 Thread 0x000001fe5f4bf480 DEOPT UNPACKING pc=0x000001fe0f804e42 sp=0x0000004326efd2b8 mode 0
Event: 29.737 Thread 0x000001fe5f4bf480 DEOPT PACKING pc=0x000001fe0858c1da sp=0x0000004326efd8e0
Event: 29.737 Thread 0x000001fe5f4bf480 DEOPT UNPACKING pc=0x000001fe0f804e42 sp=0x0000004326efcd68 mode 0

Classes loaded (20 events):
Event: 27.552 Loading class javax/net/ssl/SSLException done
Event: 27.552 Loading class javax/net/ssl/SSLHandshakeException done
Event: 27.554 Loading class java/lang/Throwable$WrappedPrintStream
Event: 27.554 Loading class java/lang/Throwable$PrintStreamOrWriter
Event: 27.554 Loading class java/lang/Throwable$PrintStreamOrWriter done
Event: 27.554 Loading class java/lang/Throwable$WrappedPrintStream done
Event: 27.555 Loading class java/lang/StackTraceElement$HashedModules
Event: 27.555 Loading class java/lang/StackTraceElement$HashedModules done
Event: 27.557 Loading class java/awt/image/ComponentColorModel
Event: 27.558 Loading class java/awt/image/ComponentColorModel done
Event: 27.559 Loading class java/awt/image/DataBufferByte
Event: 27.559 Loading class java/awt/image/DataBufferByte done
Event: 27.559 Loading class java/awt/image/PixelInterleavedSampleModel
Event: 27.559 Loading class java/awt/image/ComponentSampleModel
Event: 27.560 Loading class java/awt/image/ComponentSampleModel done
Event: 27.560 Loading class java/awt/image/PixelInterleavedSampleModel done
Event: 27.560 Loading class sun/awt/image/ByteInterleavedRaster
Event: 27.560 Loading class sun/awt/image/ByteComponentRaster
Event: 27.561 Loading class sun/awt/image/ByteComponentRaster done
Event: 27.561 Loading class sun/awt/image/ByteInterleavedRaster done

Classes unloaded (0 events):
No events

Classes redefined (0 events):
No events

Internal exceptions (20 events):
Event: 0.348 Thread 0x000001fe7ab131b0 Exception <a 'java/io/FileNotFoundException'{0x0000000089318c70}> (0x0000000089318c70) 
thrown [s\open\src\hotspot\share\prims\jni.cpp, line 520]
Event: 0.372 Thread 0x000001fe7ab131b0 Exception <a 'java/io/FileNotFoundException'{0x0000000089346f30}> (0x0000000089346f30) 
thrown [s\open\src\hotspot\share\prims\jni.cpp, line 520]
Event: 0.691 Thread 0x000001fe197a01f0 Exception <a 'java/lang/NoSuchMethodError'{0x0000000089067560}: 'void java.lang.invoke.DirectMethodHandle$Holder.invokeSpecial(java.lang.Object, java.lang.Object, java.lang.Object)'> (0x0000000089067560) 
thrown [s\open\src\hotspot\share\interpreter\linkResolver.cpp, line 774]
Event: 0.709 Thread 0x000001fe197a01f0 Exception <a 'java/lang/NoSuchMethodError'{0x000000008908d8e0}: 'java.lang.Object java.lang.invoke.DirectMethodHandle$Holder.newInvokeSpecial(java.lang.Object, java.lang.Object, java.lang.Object, java.lang.Object, java.lang.Object)'> (0x000000008908d8e0) 
thrown [s\open\src\hotspot\share\interpreter\linkResolver.cpp, line 774]
Event: 0.723 Thread 0x000001fe197a01f0 Exception <a 'java/lang/NoSuchMethodError'{0x0000000088f02200}: 'java.lang.Object java.lang.invoke.DirectMethodHandle$Holder.invokeStatic(java.lang.Object, int, java.lang.Object)'> (0x0000000088f02200) 
thrown [s\open\src\hotspot\share\interpreter\linkResolver.cpp, line 774]
Event: 0.787 Thread 0x000001fe197a01f0 Exception <a 'java/lang/ClassNotFoundException'{0x0000000088fa74a0}: com/sun/swing/internal/plaf/metal/resources/spi/metalProvider> (0x0000000088fa74a0) 
thrown [s\open\src\hotspot\share\classfile\systemDictionary.cpp, line 313]
Event: 0.789 Thread 0x000001fe197a01f0 Exception <a 'java/lang/ClassNotFoundException'{0x0000000088fab500}: com/sun/swing/internal/plaf/basic/resources/spi/basicProvider> (0x0000000088fab500) 
thrown [s\open\src\hotspot\share\classfile\systemDictionary.cpp, line 313]
Event: 0.816 Thread 0x000001fe19737970 Exception <a 'java/lang/NoSuchMethodError'{0x0000000088fe1720}: 'java.lang.Object java.lang.invoke.DirectMethodHandle$Holder.newInvokeSpecial(java.lang.Object, java.lang.Object, java.lang.Object, int, int, int, int, int)'> (0x0000000088fe1720) 
thrown [s\open\src\hotspot\share\interpreter\linkResolver.cpp, line 774]
Event: 0.844 Thread 0x000001fe197a01f0 Exception <a 'java/lang/NoSuchMethodError'{0x0000000088e04830}: 'int java.lang.invoke.Invokers$Holder.invokeExact_MT(java.lang.Object, java.lang.Object)'> (0x0000000088e04830) 
thrown [s\open\src\hotspot\share\interpreter\linkResolver.cpp, line 774]
Event: 1.003 Thread 0x000001fe19790f70 Exception <a 'java/lang/NoSuchMethodError'{0x000000008900e5a0}: 'void java.lang.invoke.DirectMethodHandle$Holder.invokeVirtual(java.lang.Object, java.lang.Object)'> (0x000000008900e5a0) 
thrown [s\open\src\hotspot\share\interpreter\linkResolver.cpp, line 774]
Event: 1.031 Thread 0x000001fe197a01f0 Exception <a 'java/lang/NoSuchMethodError'{0x0000000088ea2d70}: 'void java.lang.invoke.DirectMethodHandle$Holder.invokeStaticInit(java.lang.Object)'> (0x0000000088ea2d70) 
thrown [s\open\src\hotspot\share\interpreter\linkResolver.cpp, line 774]
Event: 1.119 Thread 0x000001fe197a01f0 Exception <a 'java/lang/NoSuchMethodError'{0x0000000088ed5c08}: 'void java.lang.invoke.DirectMethodHandle$Holder.invokeStatic(java.lang.Object, java.lang.Object)'> (0x0000000088ed5c08) 
thrown [s\open\src\hotspot\share\interpreter\linkResolver.cpp, line 774]
Event: 1.172 Thread 0x000001fe197a01f0 Exception <a 'java/lang/NoSuchMethodError'{0x0000000088ef6748}: 'int java.lang.invoke.DirectMethodHandle$Holder.invokeStatic(java.lang.Object)'> (0x0000000088ef6748) 
thrown [s\open\src\hotspot\share\interpreter\linkResolver.cpp, line 774]
Event: 26.360 Thread 0x000001fe5f4bf480 Exception <a 'java/lang/NoSuchMethodError'{0x00000000889fbdf0}: 'java.lang.Object java.lang.invoke.DirectMethodHandle$Holder.invokeInterface(java.lang.Object, java.lang.Object)'> (0x00000000889fbdf0) 
thrown [s\open\src\hotspot\share\interpreter\linkResolver.cpp, line 774]
Event: 26.500 Thread 0x000001fe5f4bf480 Exception <a 'java/lang/NoSuchMethodError'{0x00000000894d87f8}: 'java.lang.Object java.lang.invoke.DirectMethodHandle$Holder.invokeStatic(java.lang.Object, long, java.lang.Object)'> (0x00000000894d87f8) 
thrown [s\open\src\hotspot\share\interpreter\linkResolver.cpp, line 774]
Event: 26.501 Thread 0x000001fe5f4bf480 Exception <a 'java/lang/NoSuchMethodError'{0x00000000894dbbd0}: 'java.lang.Object java.lang.invoke.DirectMethodHandle$Holder.invokeStaticInit(java.lang.Object, long, java.lang.Object)'> (0x00000000894dbbd0) 
thrown [s\open\src\hotspot\share\interpreter\linkResolver.cpp, line 774]
Event: 26.502 Thread 0x000001fe5f4bf480 Exception <a 'java/lang/NoSuchMethodError'{0x00000000894e11a8}: 'java.lang.Object java.lang.invoke.DirectMethodHandle$Holder.newInvokeSpecial(java.lang.Object, long)'> (0x00000000894e11a8) 
thrown [s\open\src\hotspot\share\interpreter\linkResolver.cpp, line 774]
Event: 26.665 Thread 0x000001fe5f4bf480 Exception <a 'java/lang/NoSuchMethodError'{0x00000000892a22d8}: 'java.lang.Object java.lang.invoke.DirectMethodHandle$Holder.invokeStaticInit(java.lang.Object, int, int, int, int)'> (0x00000000892a22d8) 
thrown [s\open\src\hotspot\share\interpreter\linkResolver.cpp, line 774]
Event: 26.694 Thread 0x000001fe5f4bf480 Exception <a 'java/lang/NoSuchMethodError'{0x00000000892e0530}: 'java.lang.Object java.lang.invoke.DirectMethodHandle$Holder.invokeStaticInit(java.lang.Object, java.lang.Object, int, int, int, int)'> (0x00000000892e0530) 
thrown [s\open\src\hotspot\share\interpreter\linkResolver.cpp, line 774]
Event: 26.738 Thread 0x000001fe5f4bf480 Exception <a 'sun/nio/fs/WindowsException'{0x000000008915c2c8}> (0x000000008915c2c8) 
thrown [s\open\src\hotspot\share\prims\jni.cpp, line 520]

ZGC Phase Switch (0 events):
No events

VM Operations (20 events):
Event: 26.899 Executing VM operation: HandshakeAllThreads (Deoptimize) done
Event: 27.452 Executing VM operation: HandshakeAllThreads (Deoptimize)
Event: 27.452 Executing VM operation: HandshakeAllThreads (Deoptimize) done
Event: 27.452 Executing VM operation: Cleanup
Event: 27.452 Executing VM operation: Cleanup done
Event: 28.462 Executing VM operation: Cleanup
Event: 28.462 Executing VM operation: Cleanup done
Event: 29.296 Executing VM operation: G1CollectForAllocation (G1 Evacuation Pause)
Event: 29.306 Executing VM operation: G1CollectForAllocation (G1 Evacuation Pause) done
Event: 30.312 Executing VM operation: Cleanup
Event: 30.312 Executing VM operation: Cleanup done
Event: 31.322 Executing VM operation: Cleanup
Event: 31.322 Executing VM operation: Cleanup done
Event: 60.084 Executing VM operation: HandshakeAllThreads (HandshakeForDeflation)
Event: 60.084 Executing VM operation: HandshakeAllThreads (HandshakeForDeflation) done
Event: 60.084 Executing VM operation: RendezvousGCThreads
Event: 60.084 Executing VM operation: RendezvousGCThreads done
Event: 118.530 Executing VM operation: Cleanup
Event: 118.530 Executing VM operation: Cleanup done
Event: 119.303 Executing VM operation: Exit

Events (20 events):
Event: 0.629 Thread 0x000001fe1978bef0 Thread added: 0x000001fe1978bef0
Event: 0.632 Thread 0x000001fe19790f70 Thread added: 0x000001fe19790f70
Event: 0.653 Thread 0x000001fe197a01f0 Thread added: 0x000001fe197a01f0
Event: 0.654 Thread 0x000001fe7ab131b0 Thread exited: 0x000001fe7ab131b0
Event: 0.654 Thread 0x000001fe7ab131b0 Thread added: 0x000001fe7ab131b0
Event: 0.810 Thread 0x000001fe19737970 Thread added: 0x000001fe19737970
Event: 1.224 Thread 0x000001fe5f51c2d0 Thread added: 0x000001fe5f51c2d0
Event: 5.831 Thread 0x000001fe19737970 Thread exited: 0x000001fe19737970
Event: 24.822 Thread 0x000001fe5f4bf480 Thread added: 0x000001fe5f4bf480
Event: 26.163 Thread 0x000001fe5f7fded0 Thread added: 0x000001fe5f7fded0
Event: 27.827 Thread 0x000001fe5f7fded0 Thread exited: 0x000001fe5f7fded0
Event: 27.874 Thread 0x000001fe5f7fded0 Thread added: 0x000001fe5f7fded0
Event: 28.492 Thread 0x000001fe5f7fded0 Thread exited: 0x000001fe5f7fded0
Event: 29.772 Thread 0x000001fe5f4bf480 Thread exited: 0x000001fe5f4bf480
Event: 119.291 Thread 0x000001fe62c2e650 Thread added: 0x000001fe62c2e650
Event: 119.291 Thread 0x000001fe62c2fa00 Thread added: 0x000001fe62c2fa00
Event: 119.291 Thread 0x000001fe62c2ece0 Thread added: 0x000001fe62c2ece0
Event: 119.297 Thread 0x000001fe62c2ece0 Thread exited: 0x000001fe62c2ece0
Event: 119.299 Thread 0x000001fe19790f70 Thread exited: 0x000001fe19790f70
Event: 119.302 Thread 0x000001fe62c2fa00 Thread exited: 0x000001fe62c2fa00


Dynamic libraries:
0x00007ff7a4440000 - 0x00007ff7a4450000 	C:\Program Files\Java\jdk-22\bin\java.exe
0x00007ffa237d0000 - 0x00007ffa239c8000 	C:\Windows\SYSTEM32\ntdll.dll
0x00007ffa1c3f0000 - 0x00007ffa1c409000 	C:\Program Files\Avast Software\Avast\aswhook.dll
0x00007ffa22580000 - 0x00007ffa2263d000 	C:\Windows\System32\KERNEL32.DLL
0x00007ffa210f0000 - 0x00007ffa213e6000 	C:\Windows\System32\KERNELBASE.dll
0x00007ffa214e0000 - 0x00007ffa215e0000 	C:\Windows\System32\ucrtbase.dll
0x00007ffa1bd70000 - 0x00007ffa1bd87000 	C:\Program Files\Java\jdk-22\bin\jli.dll
0x00007ffa19ae0000 - 0x00007ffa19afb000 	C:\Program Files\Java\jdk-22\bin\VCRUNTIME140.dll
0x00007ffa233c0000 - 0x00007ffa23470000 	C:\Windows\System32\ADVAPI32.dll
0x00007ffa236f0000 - 0x00007ffa2378e000 	C:\Windows\System32\msvcrt.dll
0x00007ffa224a0000 - 0x00007ffa22540000 	C:\Windows\System32\sechost.dll
0x00007ffa22fc0000 - 0x00007ffa230e3000 	C:\Windows\System32\RPCRT4.dll
0x00007ffa21610000 - 0x00007ffa21637000 	C:\Windows\System32\bcrypt.dll
0x00007ffa22e20000 - 0x00007ffa22fbf000 	C:\Windows\System32\USER32.dll
0x00007ffa215e0000 - 0x00007ffa21602000 	C:\Windows\System32\win32u.dll
0x00007ffa22d50000 - 0x00007ffa22d7b000 	C:\Windows\System32\GDI32.dll
0x00007ffa20f20000 - 0x00007ffa21037000 	C:\Windows\System32\gdi32full.dll
0x00007ffa11110000 - 0x00007ffa113aa000 	C:\Windows\WinSxS\amd64_microsoft.windows.common-controls_6595b64144ccf1df_6.0.19041.4355_none_60b8b9eb71f62e16\COMCTL32.dll
0x00007ffa213f0000 - 0x00007ffa2148d000 	C:\Windows\System32\msvcp_win.dll
0x00007ffa0f890000 - 0x00007ffa0f89a000 	C:\Windows\SYSTEM32\VERSION.dll
0x00007ffa22550000 - 0x00007ffa2257f000 	C:\Windows\System32\IMM32.DLL
0x00007ffa1b150000 - 0x00007ffa1b15c000 	C:\Program Files\Java\jdk-22\bin\vcruntime140_1.dll
0x00007ff9efde0000 - 0x00007ff9efe6e000 	C:\Program Files\Java\jdk-22\bin\msvcp140.dll
0x00007ff9eedf0000 - 0x00007ff9efb37000 	C:\Program Files\Java\jdk-22\bin\server\jvm.dll
0x00007ffa227d0000 - 0x00007ffa2283b000 	C:\Windows\System32\WS2_32.dll
0x00007ffa20ce0000 - 0x00007ffa20d2b000 	C:\Windows\SYSTEM32\POWRPROF.dll
0x00007ffa05250000 - 0x00007ffa05277000 	C:\Windows\SYSTEM32\WINMM.dll
0x00007ffa20cc0000 - 0x00007ffa20cd2000 	C:\Windows\SYSTEM32\UMPDC.dll
0x00007ffa1ed10000 - 0x00007ffa1ed22000 	C:\Windows\SYSTEM32\kernel.appcore.dll
0x00007ffa1b0e0000 - 0x00007ffa1b0ea000 	C:\Program Files\Java\jdk-22\bin\jimage.dll
0x00007ffa183b0000 - 0x00007ffa18594000 	C:\Windows\SYSTEM32\DBGHELP.DLL
0x00007ffa18300000 - 0x00007ffa18334000 	C:\Windows\SYSTEM32\dbgcore.DLL
0x00007ffa20e90000 - 0x00007ffa20f12000 	C:\Windows\System32\bcryptPrimitives.dll
0x00007ffa16b90000 - 0x00007ffa16bae000 	C:\Program Files\Java\jdk-22\bin\java.dll
0x00007ffa21c80000 - 0x00007ffa223ec000 	C:\Windows\System32\SHELL32.dll
0x00007ffa22640000 - 0x00007ffa2276b000 	C:\Windows\System32\ole32.dll
0x00007ffa21810000 - 0x00007ffa21b63000 	C:\Windows\System32\combase.dll
0x00007ffa1ef10000 - 0x00007ffa1f6ad000 	C:\Windows\SYSTEM32\windows.storage.dll
0x00007ffa207e0000 - 0x00007ffa2080e000 	C:\Windows\SYSTEM32\Wldp.dll
0x00007ffa23620000 - 0x00007ffa236ed000 	C:\Windows\System32\OLEAUT32.dll
0x00007ffa223f0000 - 0x00007ffa2249d000 	C:\Windows\System32\SHCORE.dll
0x00007ffa23100000 - 0x00007ffa23155000 	C:\Windows\System32\shlwapi.dll
0x00007ffa20dc0000 - 0x00007ffa20de4000 	C:\Windows\SYSTEM32\profapi.dll
0x00007ff9f07d0000 - 0x00007ff9f08a7000 	C:\Program Files\Java\jdk-22\bin\jsvml.dll
0x00007ff9efe70000 - 0x00007ff9efffe000 	C:\Program Files\Java\jdk-22\bin\awt.dll
0x00007ffa1e150000 - 0x00007ffa1e1e0000 	C:\Windows\SYSTEM32\apphelp.dll
0x00007ffa16b30000 - 0x00007ffa16b40000 	C:\Program Files\Java\jdk-22\bin\net.dll
0x00007ffa20540000 - 0x00007ffa205aa000 	C:\Windows\system32\mswsock.dll
0x00007ffa16a90000 - 0x00007ffa16aa6000 	C:\Program Files\Java\jdk-22\bin\nio.dll
0x00007ffa16a20000 - 0x00007ffa16a37000 	C:\Program Files\Java\jdk-22\bin\zip.dll
0x00007ffa1e830000 - 0x00007ffa1e8ce000 	C:\Windows\system32\uxtheme.dll
0x00007ffa232a0000 - 0x00007ffa233b4000 	C:\Windows\System32\MSCTF.dll
0x00007ffa1ea20000 - 0x00007ffa1ea4f000 	C:\Windows\system32\DWMAPI.DLL
0x00007ff9efca0000 - 0x00007ff9efd27000 	C:\Program Files\Java\jdk-22\bin\freetype.dll
0x00007ff9eed10000 - 0x00007ff9eede7000 	C:\Program Files\Java\jdk-22\bin\fontmanager.dll
0x00007ff9fde00000 - 0x00007ff9fdf25000 	C:\Windows\system32\opengl32.dll
0x00007ff9fe410000 - 0x00007ff9fe43c000 	C:\Windows\SYSTEM32\GLU32.dll
0x00007ffa21bd0000 - 0x00007ffa21c79000 	C:\Windows\System32\clbcatq.dll
0x00007ffa1e620000 - 0x00007ffa1e7d4000 	C:\Windows\SYSTEM32\WindowsCodecs.dll
0x00007ffa037f0000 - 0x00007ffa0382e000 	C:\Windows\system32\dataexchange.dll
0x00007ffa1cbc0000 - 0x00007ffa1ce23000 	C:\Windows\system32\d3d11.dll
0x00007ffa1d570000 - 0x00007ffa1d755000 	C:\Windows\system32\dcomp.dll
0x00007ffa1f710000 - 0x00007ffa1f802000 	C:\Windows\system32\dxgi.dll
0x00007ffa1a4d0000 - 0x00007ffa1a6d3000 	C:\Windows\system32\twinapi.appcore.dll
0x00007ffa16130000 - 0x00007ffa16229000 	C:\Windows\SYSTEM32\textinputframework.dll
0x00007ffa1d760000 - 0x00007ffa1dabb000 	C:\Windows\System32\CoreUIComponents.dll
0x00007ffa1de40000 - 0x00007ffa1df32000 	C:\Windows\System32\CoreMessaging.dll
0x00007ffa1ffa0000 - 0x00007ffa1ffd3000 	C:\Windows\SYSTEM32\ntmarta.dll
0x00007ffa1d2c0000 - 0x00007ffa1d417000 	C:\Windows\SYSTEM32\wintypes.dll
0x00007ff99be10000 - 0x00007ff99ef36000 	C:\Users\ELVIS\OneDrive\Documentos\NetBeansProjects\SoftwareReconocimientoFacilUCV\opencv_java481.dll
0x00007ffa1b760000 - 0x00007ffa1b91c000 	C:\Windows\SYSTEM32\MFPlat.DLL
0x00007ff9e9800000 - 0x00007ff9e990a000 	C:\Windows\SYSTEM32\MFReadWrite.dll
0x00007ff9d98a0000 - 0x00007ff9d9925000 	C:\Windows\SYSTEM32\MF.dll
0x00007ffa21490000 - 0x00007ffa214de000 	C:\Windows\System32\cfgmgr32.dll
0x00007ff9dac70000 - 0x00007ff9db0fe000 	C:\Windows\SYSTEM32\MFCORE.DLL
0x00007ffa21640000 - 0x00007ffa2179e000 	C:\Windows\System32\CRYPT32.dll
0x00007ff9dc500000 - 0x00007ff9dc509000 	C:\Windows\SYSTEM32\ksuser.dll
0x00007ffa20730000 - 0x00007ffa2073c000 	C:\Windows\SYSTEM32\CRYPTBASE.DLL
0x00007ffa1b650000 - 0x00007ffa1b686000 	C:\Windows\SYSTEM32\RTWorkQ.DLL
0x00007ffa17890000 - 0x00007ffa178cb000 	C:\Windows\SYSTEM32\dxcore.dll
0x00007ffa1b000000 - 0x00007ffa1b037000 	C:\Windows\SYSTEM32\CompPkgSup.DLL
0x00007ff9da540000 - 0x00007ff9dac66000 	C:\Windows\System32\Windows.Media.dll
0x00007ffa1a6e0000 - 0x00007ffa1a7c9000 	C:\Windows\System32\Windows.ApplicationModel.dll
0x00007ffa1a3b0000 - 0x00007ffa1a4b3000 	C:\Windows\System32\AppXDeploymentClient.dll
0x00007ffa0be60000 - 0x00007ffa0becc000 	C:\Windows\System32\FrameServerClient.dll
0x00007ffa00a90000 - 0x00007ffa00af7000 	C:\Windows\System32\MFSENSORGROUP.dll
0x00007ffa1b590000 - 0x00007ffa1b59a000 	C:\Windows\SYSTEM32\AVRT.dll
0x00007ffa1bd60000 - 0x00007ffa1bd6d000 	C:\Windows\System32\vidcap.ax
0x00007ffa10010000 - 0x00007ffa10037000 	C:\Windows\System32\kswdmcap.ax
0x00007ff9ee4f0000 - 0x00007ff9ee65c000 	C:\Windows\System32\MFC42.dll
0x00007ffa0c2e0000 - 0x00007ffa0c426000 	C:\Windows\System32\Windows.StateRepositoryPS.dll
0x00007ff9edbc0000 - 0x00007ff9edca5000 	C:\Program Files\Intel\Media SDK\mfx_mft_mjpgvd_64.dll
0x00007ffa03ca0000 - 0x00007ffa03cc4000 	C:\Windows\SYSTEM32\dxva2.dll
0x00007ff9d91d0000 - 0x00007ff9d939e000 	C:\Windows\SYSTEM32\d3d9.dll
0x00007ffa1c100000 - 0x00007ffa1c1f6000 	C:\Windows\SYSTEM32\PROPSYS.dll
0x00007ff9f1bd0000 - 0x00007ff9f1c8f000 	C:\Windows\SYSTEM32\EVR.dll
0x00007ffa1bd40000 - 0x00007ffa1bd5d000 	C:\Windows\System32\mfmjpegdec.dll
0x00007ff9db5d0000 - 0x00007ff9db6fd000 	C:\Windows\System32\mfperfhelper.dll
0x00007ff9eb840000 - 0x00007ff9eb9a0000 	C:\Windows\System32\msvproc.dll
0x00007ffa20850000 - 0x00007ffa20879000 	C:\Windows\SYSTEM32\ncrypt.dll
0x00007ffa20810000 - 0x00007ffa2084b000 	C:\Windows\SYSTEM32\NTASN1.dll
0x00007ffa164e0000 - 0x00007ffa1693f000 	C:\Windows\SYSTEM32\igdusc64.dll
0x00007ffa0bfb0000 - 0x00007ffa0bfc5000 	C:\Windows\SYSTEM32\OpenCL.dll
0x00007ff9f1ab0000 - 0x00007ff9f1b12000 	C:\Windows\SYSTEM32\IntelOpenCL64.dll
0x00007ff9ebd60000 - 0x00007ff9ebe5d000 	C:\Program Files (x86)\Common Files\Intel\OpenCL\bin\x64\intelocl64.dll
0x00007ff9ee7a0000 - 0x00007ff9ee816000 	C:\Program Files (x86)\Common Files\Intel\OpenCL\bin\x64\task_executor64.dll
0x00007ff9ebeb0000 - 0x00007ff9ebf45000 	C:\Program Files (x86)\Common Files\Intel\OpenCL\bin\x64\cpu_device64.dll
0x00007ff9ee480000 - 0x00007ff9ee4e9000 	C:\Program Files (x86)\Common Files\Intel\OpenCL\bin\x64\tbb\tbb.dll
0x00007ff9ebb60000 - 0x00007ff9ebd54000 	C:\Windows\SYSTEM32\igdrcl64.dll
0x00007ff9d0750000 - 0x00007ff9d1d32000 	C:\Windows\SYSTEM32\igdfcl64.dll
0x00007ffa0be00000 - 0x00007ffa0be5f000 	C:\Windows\SYSTEM32\igdbcl64.dll
0x00007ffa04a30000 - 0x00007ffa04a47000 	C:\Windows\system32\napinsp.dll
0x00007ffa04a50000 - 0x00007ffa04a6b000 	C:\Windows\system32\pnrpnsp.dll
0x00007ffa04a70000 - 0x00007ffa04a85000 	C:\Windows\system32\wshbth.dll
0x00007ffa1bed0000 - 0x00007ffa1beed000 	C:\Windows\system32\NLAapi.dll
0x00007ffa20220000 - 0x00007ffa2025b000 	C:\Windows\SYSTEM32\IPHLPAPI.DLL
0x00007ffa20260000 - 0x00007ffa2032a000 	C:\Windows\SYSTEM32\DNSAPI.dll
0x00007ffa230f0000 - 0x00007ffa230f8000 	C:\Windows\System32\NSI.dll
0x00007ffa04ac0000 - 0x00007ffa04ad2000 	C:\Windows\System32\winrnr.dll
0x00007ffa128c0000 - 0x00007ffa128ca000 	C:\Windows\System32\rasadhlp.dll
0x00007ffa12a30000 - 0x00007ffa12ab0000 	C:\Windows\System32\fwpuclnt.dll
0x00007ffa13200000 - 0x00007ffa13209000 	C:\Program Files\Java\jdk-22\bin\extnet.dll
0x00007ffa20740000 - 0x00007ffa20758000 	C:\Windows\SYSTEM32\CRYPTSP.dll
0x00007ffa1fe60000 - 0x00007ffa1fe94000 	C:\Windows\system32\rsaenh.dll
0x00007ffa20d70000 - 0x00007ffa20d9e000 	C:\Windows\SYSTEM32\USERENV.dll
0x00007ffa1b3b0000 - 0x00007ffa1b3be000 	C:\Program Files\Java\jdk-22\bin\sunmscapi.dll

dbghelp: loaded successfully - version: 4.0.5 - missing functions: none
symbol engine: initialized successfully - sym options: 0x614 - pdb path: .;C:\Program Files\Java\jdk-22\bin;C:\Windows\SYSTEM32;C:\Program Files\Avast Software\Avast;C:\Windows\WinSxS\amd64_microsoft.windows.common-controls_6595b64144ccf1df_6.0.19041.4355_none_60b8b9eb71f62e16;C:\Program Files\Java\jdk-22\bin\server;C:\Users\ELVIS\OneDrive\Documentos\NetBeansProjects\SoftwareReconocimientoFacilUCV;C:\Program Files\Intel\Media SDK;C:\Program Files (x86)\Common Files\Intel\OpenCL\bin\x64;C:\Program Files (x86)\Common Files\Intel\OpenCL\bin\x64\tbb

VM Arguments:
java_command: SoftwareAsistencia.Controllers.FaceRecognition
java_class_path (initial): C:\Users\ELVIS\OneDrive\Documentos\NetBeansProjects\SoftwareReconocimientoFacilUCV\target\classes;C:\Users\ELVIS\.m2\repository\com\formdev\flatlaf-intellij-themes\3.4.1\flatlaf-intellij-themes-3.4.1.jar;C:\Users\ELVIS\.m2\repository\com\formdev\flatlaf\3.4.1\flatlaf-3.4.1.jar;C:\Users\ELVIS\.m2\repository\com\toedter\jcalendar\1.4\jcalendar-1.4.jar;C:\Users\ELVIS\.m2\repository\org\netbeans\external\AbsoluteLayout\RELEASE150\AbsoluteLayout-RELEASE150.jar;C:\Users\ELVIS\.m2\repository\com\microsoft\sqlserver\mssql-jdbc\11.2.2.jre11\mssql-jdbc-11.2.2.jre11.jar;C:\Users\ELVIS\.m2\repository\org\openpnp\opencv\4.8.1-0\opencv-4.8.1-0.jar;C:\Users\ELVIS\.m2\repository\com\google\zxing\core\2.0\core-2.0.jar;C:\Users\ELVIS\.m2\repository\com\itextpdf\kernel\7.1.14\kernel-7.1.14.jar;C:\Users\ELVIS\.m2\repository\com\itextpdf\io\7.1.14\io-7.1.14.jar;C:\Users\ELVIS\.m2\repository\org\bouncycastle\bcpkix-jdk15on\1.67\bcpkix-jdk15on-1.67.jar;C:\Users\ELVIS\.m2\repository\org\bouncycastle\bcprov-jdk15on\1.67\bcprov-jdk15on-1.67.jar;C:\Users\ELVIS\.m2\repository\org\slf4j\slf4j-api\1.7.30\slf4j-api-1.7.30.jar;C:\Users\ELVIS\.m2\repository\com\itextpdf\layout\7.1.14\layout-7.1.14.jar
Launcher Type: SUN_STANDARD

[Global flags]
     intx CICompilerCount                          = 3                                         {product} {ergonomic}
     uint ConcGCThreads                            = 1                                         {product} {ergonomic}
     uint G1ConcRefinementThreads                  = 4                                         {product} {ergonomic}
   size_t G1HeapRegionSize                         = 1048576                                   {product} {ergonomic}
   size_t InitialHeapSize                          = 134217728                                 {product} {ergonomic}
   size_t MarkStackSize                            = 4194304                                   {product} {ergonomic}
   size_t MaxHeapSize                              = 2124414976                                {product} {ergonomic}
   size_t MaxNewSize                               = 1274019840                                {product} {ergonomic}
   size_t MinHeapDeltaBytes                        = 1048576                                   {product} {ergonomic}
   size_t MinHeapSize                              = 8388608                                   {product} {ergonomic}
    uintx NonNMethodCodeHeapSize                   = 5832780                                {pd product} {ergonomic}
    uintx NonProfiledCodeHeapSize                  = 122912730                              {pd product} {ergonomic}
    uintx ProfiledCodeHeapSize                     = 122912730                              {pd product} {ergonomic}
    uintx ReservedCodeCacheSize                    = 251658240                              {pd product} {ergonomic}
     bool SegmentedCodeCache                       = true                                      {product} {ergonomic}
   size_t SoftMaxHeapSize                          = 2124414976                             {manageable} {ergonomic}
     bool UseCompressedOops                        = true                           {product lp64_product} {ergonomic}
     bool UseG1GC                                  = true                                      {product} {ergonomic}
     bool UseLargePagesIndividualAllocation        = false                                  {pd product} {ergonomic}

Logging:
Log output configuration:
 #0: stdout all=off uptime,level,tags foldmultilines=false
 #1: stderr all=off uptime,level,tags foldmultilines=false

Environment Variables:
JAVA_HOME=C:\Program Files\Java\jdk-22
PATH=C:\Program Files\Common Files\Oracle\Java\javapath;C:\Program Files\Microsoft MPI\Bin\;C:\Windows\system32;C:\Windows;C:\Windows\System32\Wbem;C:\Windows\System32\WindowsPowerShell\v1.0\;C:\Windows\System32\OpenSSH\;C:\Program Files (x86)\Microsoft SQL Server\160\Tools\Binn\;C:\Program Files\Microsoft SQL Server\160\Tools\Binn\;C:\Program Files\Microsoft SQL Server\Client SDK\ODBC\170\Tools\Binn\;C:\Program Files\Microsoft SQL Server\160\DTS\Binn\;C:\Program Files (x86)\Microsoft SQL Server\160\DTS\Binn\;C:\Program Files\Git\cmd;C:\Program Files\nodejs\;C:\Users\ELVIS\AppData\Local\Programs\Python\Python312\Scripts\;C:\Users\ELVIS\AppData\Local\Programs\Python\Python312\;C:\Users\ELVIS\AppData\Local\Microsoft\WindowsApps;C:\Users\ELVIS\AppData\Local\Programs\Microsoft VS Code\bin;C:\Users\ELVIS\AppData\Roaming\npm
USERNAME=ELVIS
OS=Windows_NT
PROCESSOR_IDENTIFIER=Intel64 Family 6 Model 58 Stepping 9, GenuineIntel
TMP=C:\Users\ELVIS\AppData\Local\Temp
TEMP=C:\Users\ELVIS\AppData\Local\Temp




Periodic native trim disabled

---------------  S Y S T E M  ---------------

OS:
 Windows 10 , 64 bit Build 19041 (10.0.19041.3636)
OS uptime: 0 days 2:52 hours

CPU: total 4 (initial active 4) (2 cores per cpu, 2 threads per core) family 6 model 58 stepping 9 microcode 0x21, cx8, cmov, fxsr, ht, mmx, sse, sse2, sse3, ssse3, sse4.1, sse4.2, popcnt, tsc, tscinvbit, avx, aes, erms, clmul, vzeroupper, clflush, rdtscp, f16c
Processor Information for all 4 processors :
  Max Mhz: 1801, Current Mhz: 1801, Mhz Limit: 1801

Memory: 4k page, system-wide physical 8097M (2838M free)
TotalPageFile size 13729M (AvailPageFile size 6998M)
current process WorkingSet (physical memory assigned to process): 143M, peak: 177M
current process commit charge ("private bytes"): 267M, peak: 302M

vm_info: Java HotSpot(TM) 64-Bit Server VM (22.0.1+8-16) for windows-amd64 JRE (22.0.1+8-16), built on 2024-03-12T10:33:16Z by "mach5one" with MS VC++ 17.6 (VS2022)

END.
