#
# A fatal error has been detected by the Java Runtime Environment:
#
#  EXCEPTION_ACCESS_VIOLATION (0xc0000005) at pc=0x00007ffa237ffaad, pid=5448, tid=5248
#
# JRE version: Java(TM) SE Runtime Environment (22.0.1+8) (build 22.0.1+8-16)
# Java VM: Java HotSpot(TM) 64-Bit Server VM (22.0.1+8-16, mixed mode, sharing, tiered, compressed oops, compressed class ptrs, g1 gc, windows-amd64)
# Problematic frame:
# C  [ntdll.dll+0x2faad]
#
# No core dump will be written. Minidumps are not enabled by default on client versions of Windows
#
# If you would like to submit a bug report, please visit:
#   https://bugreport.java.com/bugreport/crash.jsp
#

---------------  S U M M A R Y ------------

Command Line: SoftwareAsistencia.Controllers.FaceRecognition

Host: Intel(R) Core(TM) i5-3337U CPU @ 1.80GHz, 4 cores, 7G,  Windows 10 , 64 bit Build 19041 (10.0.19041.3636)
Time: Sat Jun 29 21:04:57 2024 Hora est. Pacífico, Sudamérica elapsed time: 256.777103 seconds (0d 0h 4m 16s)

---------------  T H R E A D  ---------------

Current thread (0x0000021c700cef80):  VMThread "VM Thread"          [id=5248, stack(0x0000008bc3800000,0x0000008bc3900000) (1024K)]

Stack: [0x0000008bc3800000,0x0000008bc3900000],  sp=0x0000008bc38fed40,  free space=1019k
Native frames: (J=compiled Java code, j=interpreted, Vv=VM code, C=native code)
C  [ntdll.dll+0x2faad]  (no source info available)
C  [igdrcl64.dll+0x36542]  (no source info available)
C  [igdrcl64.dll+0x31145]  (no source info available)
C  [opencv_java481.dll+0x170c109]  (no source info available)
C  [opencv_java481.dll+0x16f4071]  (no source info available)
C  [opencv_java481.dll+0x253c670]  (no source info available)
C  [opencv_java481.dll+0x2457fdf]  (no source info available)
C  [opencv_java481.dll+0x2457d8d]  (no source info available)
C  [opencv_java481.dll+0x24580b1]  (no source info available)
C  [opencv_java481.dll+0x244fda7]  (no source info available)
C  [opencv_java481.dll+0x244fd25]  (no source info available)
C  [opencv_java481.dll+0x244feab]  (no source info available)
C  [opencv_java481.dll+0x2409f7f]  (no source info available)
C  [opencv_java481.dll+0x2409c79]  (no source info available)
C  [opencv_java481.dll+0x2409d9e]  (no source info available)
C  [ntdll.dll+0x19a1d]  (no source info available)
C  [ntdll.dll+0x5f1da]  (no source info available)
C  [ntdll.dll+0x5ef8d]  (no source info available)
C  [KERNEL32.DLL+0x1e3bb]  (no source info available)
C  [ucrtbase.dll+0x205bc]  (no source info available)
C  [ucrtbase.dll+0x2045f]  (no source info available)
V  [jvm.dll+0x6db40b]  (no source info available)
V  [jvm.dll+0x6daf40]  (no source info available)
V  [jvm.dll+0x3e1ea4]  (no source info available)
V  [jvm.dll+0x87d7d0]  (no source info available)
V  [jvm.dll+0x87eb57]  (no source info available)
V  [jvm.dll+0x87f0d0]  (no source info available)
V  [jvm.dll+0x87f373]  (no source info available)
V  [jvm.dll+0x81d44b]  (no source info available)
V  [jvm.dll+0x6e0915]  (no source info available)
C  [ucrtbase.dll+0x21bb2]  (no source info available)
C  [KERNEL32.DLL+0x17344]  (no source info available)
C  [ntdll.dll+0x4cc91]  (no source info available)


siginfo: EXCEPTION_ACCESS_VIOLATION (0xc0000005), writing address 0x0000000000000018


Registers:
RAX=0x0000008bc2c64000, RBX=0x0000000000000000, RCX=0x0000000000000010, RDX=0x0000021c4696d7d0
RSP=0x0000008bc38fed40, RBP=0x0000021c465c4798, RSI=0x0000000000000010, RDI=0x0000021c4696d7d0
R8 =0x0000000000000032, R9 =0x0000000000000032, R10=0x0000000000000032, R11=0x0000008bc38fed80
R12=0x00007ff99e219dec, R13=0x00007ff9efa83b20, R14=0x00008801fab0c8c4, R15=0x0000021c465c4060
RIP=0x00007ffa237ffaad, EFLAGS=0x0000000000010202


Register to memory mapping:

RAX=0x0000008bc2c64000 points into unknown readable memory: 0x0000000000000000 | 00 00 00 00 00 00 00 00
RBX=0x0 is null
RCX=0x0000000000000010 is an unknown value
RDX=0x0000021c4696d7d0 points into unknown readable memory: 0x00007ff9eea4ffa0 | a0 ff a4 ee f9 7f 00 00
RSP=0x0000008bc38fed40 points into unknown readable memory: 0x0000021c51f30000 | 00 00 f3 51 1c 02 00 00
RBP=0x0000021c465c4798 points into unknown readable memory: 0x00008801fab0c8c4 | c4 c8 b0 fa 01 88 00 00
RSI=0x0000000000000010 is an unknown value
RDI=0x0000021c4696d7d0 points into unknown readable memory: 0x00007ff9eea4ffa0 | a0 ff a4 ee f9 7f 00 00
R8 =0x0000000000000032 is an unknown value
R9 =0x0000000000000032 is an unknown value
R10=0x0000000000000032 is an unknown value
R11=0x0000008bc38fed80 points into unknown readable memory: 0x00008801fab0c8c4 | c4 c8 b0 fa 01 88 00 00
R12=0x00007ff99e219dec opencv_java481.dll
R13=0x00007ff9efa83b20 jvm.dll
R14=0x00008801fab0c8c4 is an unknown value
R15=0x0000021c465c4060 points into unknown readable memory: 0x0007779818a949c4 | c4 49 a9 18 98 77 07 00

Top of Stack: (sp=0x0000008bc38fed40)
0x0000008bc38fed40:   0000021c51f30000 00008801fab0c8c4
0x0000008bc38fed50:   00007ff9efa83b20 00007ff99e219dec
0x0000008bc38fed60:   0000021c46b5b370 00007ff9ee8a6542
0x0000008bc38fed70:   0000888a393f24e4 000088010000001c
0x0000008bc38fed80:   00008801fab0c8c4 0000021c46b861d0
0x0000008bc38fed90:   0000021c468ca830 00007ff9ee8a1145
0x0000008bc38feda0:   0000021c51f30000 0000021c4696d7d0
0x0000008bc38fedb0:   0000008bc38fef30 0000000000000000
0x0000008bc38fedc0:   0000021c46b861d0 00007ff99d51c109
0x0000008bc38fedd0:   0000021c468ca500 00008801fab0c8c4
0x0000008bc38fede0:   00007ff9efa83b20 00007ff99e219dec
0x0000008bc38fedf0:   0000021c46cf8950 00007ffa237f47b1
0x0000008bc38fee00:   0000021c468ca500 0000021c51fd0000
0x0000008bc38fee10:   0000021c465c4798 0000000000000000
0x0000008bc38fee20:   0000000000000000 0000888a393f2514
0x0000008bc38fee30:   0000021c46b861d0 00007ff99d504071
0x0000008bc38fee40:   00007ff99edcfd48 0000021c46b861c0
0x0000008bc38fee50:   0000021c4538eae0 0000021c46cf8a20
0x0000008bc38fee60:   00000000ffffffff 00007ff99e34c670
0x0000008bc38fee70:   0000021c46b861d0 0000021c46b861c0
0x0000008bc38fee80:   0000008bc38fef30 0000021c4698fcd0
0x0000008bc38fee90:   0000021c465c4780 00007ff99e267fdf
0x0000008bc38feea0:   0000021c465c4060 00007ffa237d0000
0x0000008bc38feeb0:   00007ffa178b7b10 00007ffa211297b1
0x0000008bc38feec0:   0000000000000001 00007ff99be10000
0x0000008bc38feed0:   0000008bc38fef30 00007ff99e267d8d
0x0000008bc38feee0:   0000008bc38fef60 0000008bc38ff000
0x0000008bc38feef0:   0000000000000001 00007ffa237f47b1
0x0000008bc38fef00:   0000008bc38fefe0 00007ff99e2680b1
0x0000008bc38fef10:   0000008bc38fefe0 0000000000000000
0x0000008bc38fef20:   0000000000000000 0000008bc38fef60
0x0000008bc38fef30:   0000008bc38fef50 00007ffa214ef05b 

Instructions: (pc=0x00007ffa237ffaad)
0x00007ffa237ff9ad:   48 b8 7f 7f 7f 7f 7f 7f 7f 7f 41 8b c8 48 0b cb
0x00007ffa237ff9bd:   48 23 c8 83 e6 1f 49 89 8c f4 40 a5 16 00 48 81
0x00007ffa237ff9cd:   c4 98 00 00 00 41 5f 41 5e 41 5d 41 5c 5f 5e 5b
0x00007ffa237ff9dd:   5d c3 cc 33 d2 41 8b c6 41 f7 f0 44 8b c8 e9 d6
0x00007ffa237ff9ed:   fc ff ff 41 8d 57 ff 41 85 d7 0f 84 a3 3d 08 00
0x00007ffa237ff9fd:   41 b8 00 10 00 00 41 b9 ff ff 00 00 e9 cc 3d 08
0x00007ffa237ffa0d:   00 cc cc cc cc cc cc 48 8b c4 48 89 58 08 48 89
0x00007ffa237ffa1d:   68 10 48 89 70 18 48 89 78 20 41 56 48 83 ec 20
0x00007ffa237ffa2d:   40 8a ea 4c 8d 35 99 d1 13 00 48 8b f1 33 db 48
0x00007ffa237ffa3d:   8d 0d 9d d1 13 00 e8 58 00 00 00 4c 8b 05 81 d1
0x00007ffa237ffa4d:   13 00 4d 3b c6 0f 85 98 40 08 00 48 85 db 75 33
0x00007ffa237ffa5d:   48 8d 0d 7c d1 13 00 e8 c7 f7 ff ff 48 85 db 0f
0x00007ffa237ffa6d:   85 b3 40 08 00 33 c0 48 8b 5c 24 30 48 8b 6c 24
0x00007ffa237ffa7d:   38 48 8b 74 24 40 48 8b 7c 24 48 48 83 c4 20 41
0x00007ffa237ffa8d:   5e c3 cc f0 ff 43 3c eb c7 cc cc cc cc cc cc cc
0x00007ffa237ffa9d:   cc cc cc 48 83 ec 28 65 48 8b 04 25 30 00 00 00
0x00007ffa237ffaad:   f0 0f ba 71 08 00 48 8b 40 48 73 13 48 89 41 10
0x00007ffa237ffabd:   33 c0 c7 41 0c 01 00 00 00 48 83 c4 28 c3 cc 48
0x00007ffa237ffacd:   39 41 10 75 0b ff 41 0c 33 c0 48 83 c4 28 c3 cc
0x00007ffa237ffadd:   e8 0e 00 00 00 eb e2 cc cc cc cc cc cc cc cc cc
0x00007ffa237ffaed:   cc cc cc 48 89 5c 24 18 55 56 57 41 54 41 55 41
0x00007ffa237ffafd:   56 41 57 48 83 ec 20 8b 41 20 48 8b f1 48 0f ba
0x00007ffa237ffb0d:   e0 1a 0f 82 df 01 00 00 33 ff 40 32 ed 66 83 3c
0x00007ffa237ffb1d:   25 6a 03 fe 7f 01 76 19 48 8b 7e 20 48 8b c7 81
0x00007ffa237ffb2d:   e7 ff ff ff 00 25 00 00 00 02 48 85 c0 40 0f 95
0x00007ffa237ffb3d:   c5 45 32 ff b0 01 45 32 e4 41 bd 01 00 00 00 45
0x00007ffa237ffb4d:   33 c0 ba 6a 03 fe 7f 84 c0 0f 84 14 01 00 00 8b
0x00007ffa237ffb5d:   46 08 4c 8d 4e 08 45 84 e4 41 be 03 00 00 00 45
0x00007ffa237ffb6d:   0f 44 f5 41 84 c5 0f 85 e2 00 00 00 8d 0c bf 03
0x00007ffa237ffb7d:   c9 66 44 39 2a 0f 86 e8 00 00 00 4d 85 c9 74 0e
0x00007ffa237ffb8d:   80 3c 25 97 02 fe 7f 00 0f 85 b9 3f 08 00 0f b7
0x00007ffa237ffb9d:   1c 25 d6 02 fe 7f 83 fb 0c 0f 85 a2 00 00 00 b8 


Stack slot to memory mapping:

stack at sp + 0 slots: 0x0000021c51f30000 points into unknown readable memory: 0x0000000000000000 | 00 00 00 00 00 00 00 00
stack at sp + 1 slots: 0x00008801fab0c8c4 is an unknown value
stack at sp + 2 slots: 0x00007ff9efa83b20 jvm.dll
stack at sp + 3 slots: 0x00007ff99e219dec opencv_java481.dll
stack at sp + 4 slots: 0x0000021c46b5b370 points into unknown readable memory: 0x0000021c46b5b370 | 70 b3 b5 46 1c 02 00 00
stack at sp + 5 slots: 0x00007ff9ee8a6542 igdrcl64.dll
stack at sp + 6 slots: 0x0000888a393f24e4 is an unknown value
stack at sp + 7 slots: 0x000088010000001c is an unknown value

VM_Operation (0x0000008bc46fe760): Exit, mode: safepoint, requested by thread 0x0000021c4549b600


---------------  P R O C E S S  ---------------

Threads class SMR info:
_java_thread_list=0x0000021c49366970, length=15, elements={
0x0000021c700eec50, 0x0000021c700efcf0, 0x0000021c700f3400, 0x0000021c700f8100,
0x0000021c700f9580, 0x0000021c700fee40, 0x0000021c70100b30, 0x0000021c70103930,
0x0000021c4521d4a0, 0x0000021c45228b80, 0x0000021c4547a5c0, 0x0000021c45490480,
0x0000021c4549b600, 0x0000021c52000fd0, 0x0000021c46a379b0
}

Java Threads: ( => current thread )
  0x0000021c700eec50 JavaThread "Reference Handler"          daemon [_thread_blocked, id=4048, stack(0x0000008bc3900000,0x0000008bc3a00000) (1024K)]
  0x0000021c700efcf0 JavaThread "Finalizer"                  daemon [_thread_blocked, id=11508, stack(0x0000008bc3a00000,0x0000008bc3b00000) (1024K)]
  0x0000021c700f3400 JavaThread "Signal Dispatcher"          daemon [_thread_blocked, id=11808, stack(0x0000008bc3b00000,0x0000008bc3c00000) (1024K)]
  0x0000021c700f8100 JavaThread "Attach Listener"            daemon [_thread_blocked, id=13300, stack(0x0000008bc3c00000,0x0000008bc3d00000) (1024K)]
  0x0000021c700f9580 JavaThread "Service Thread"             daemon [_thread_blocked, id=4496, stack(0x0000008bc3d00000,0x0000008bc3e00000) (1024K)]
  0x0000021c700fee40 JavaThread "Monitor Deflation Thread"   daemon [_thread_blocked, id=13196, stack(0x0000008bc3e00000,0x0000008bc3f00000) (1024K)]
  0x0000021c70100b30 JavaThread "C2 CompilerThread0"         daemon [_thread_blocked, id=7960, stack(0x0000008bc3f00000,0x0000008bc4000000) (1024K)]
  0x0000021c70103930 JavaThread "C1 CompilerThread0"         daemon [_thread_blocked, id=6636, stack(0x0000008bc4000000,0x0000008bc4100000) (1024K)]
  0x0000021c4521d4a0 JavaThread "Notification Thread"        daemon [_thread_blocked, id=8428, stack(0x0000008bc4100000,0x0000008bc4200000) (1024K)]
  0x0000021c45228b80 JavaThread "Common-Cleaner"             daemon [_thread_blocked, id=12004, stack(0x0000008bc4200000,0x0000008bc4300000) (1024K)]
  0x0000021c4547a5c0 JavaThread "Java2D Disposer"            daemon [_thread_blocked, id=4124, stack(0x0000008bc4300000,0x0000008bc4400000) (1024K)]
  0x0000021c45490480 JavaThread "AWT-Shutdown"                      [_thread_blocked, id=8196, stack(0x0000008bc4400000,0x0000008bc4500000) (1024K)]
  0x0000021c4549b600 JavaThread "AWT-EventQueue-0"                  [_thread_blocked, id=11896, stack(0x0000008bc4600000,0x0000008bc4700000) (1024K)]
  0x0000021c52000fd0 JavaThread "DestroyJavaVM"                     [_thread_blocked, id=12920, stack(0x0000008bc3100000,0x0000008bc3200000) (1024K)]
  0x0000021c46a379b0 JavaThread "TimerQueue"                 daemon [_thread_blocked, id=5692, stack(0x0000008bc4b00000,0x0000008bc4c00000) (1024K)]
Total: 15

Other Threads:
=>0x0000021c700cef80 VMThread "VM Thread"                           [id=5248, stack(0x0000008bc3800000,0x0000008bc3900000) (1024K)]
  0x0000021c5222e5c0 WorkerThread "GC Thread#0"                     [id=1272, stack(0x0000008bc3200000,0x0000008bc3300000) (1024K)]
  0x0000021c49148cd0 WorkerThread "GC Thread#1"                     [id=2008, stack(0x0000008bc5a00000,0x0000008bc5b00000) (1024K)]
  0x0000021c49149080 WorkerThread "GC Thread#2"                     [id=10660, stack(0x0000008bc5b00000,0x0000008bc5c00000) (1024K)]
  0x0000021c49149430 WorkerThread "GC Thread#3"                     [id=1708, stack(0x0000008bc5c00000,0x0000008bc5d00000) (1024K)]
  0x0000021c5223f570 ConcurrentGCThread "G1 Main Marker"            terminated
  0x0000021c52240820 WorkerThread "G1 Conc#0"                       [id=9208, stack(0x0000008bc3400000,0x0000008bc3500000) (1024K)]
  0x0000021c6ff7c510 ConcurrentGCThread "G1 Refine#0"               terminated
  0x0000021c6ff7dd50 ConcurrentGCThread "G1 Service"                terminated
Total: 9

Threads with active compile tasks:
Total: 0

VM state: at safepoint (shutting down)

VM Mutex/Monitor currently owned by a thread:  ([mutex/lock_event])
[0x00007ff9efa5bbb8] Threads_lock - owner thread: 0x0000021c700cef80
[0x00007ff9efa5bcb8] Heap_lock - owner thread: 0x0000021c4549b600

Heap address: 0x0000000081600000, size: 2026 MB, Compressed Oops mode: 32-bit

CDS archive(s) mapped at: [0x0000021c00000000-0x0000021c00c60000-0x0000021c00c60000), size 12976128, SharedBaseAddress: 0x0000021c00000000, ArchiveRelocationMode: 1.
Compressed class space mapped at: 0x0000021c01000000-0x0000021c41000000, reserved size: 1073741824
Narrow klass base: 0x0000021c00000000, Narrow klass shift: 0, Narrow klass range: 0x41000000

GC Precious Log:
 CardTable entry size: 512
 Card Set container configuration: InlinePtr #cards 5 size 8 Array Of Cards #cards 12 size 40 Howl #buckets 4 coarsen threshold 1843 Howl Bitmap #cards 512 size 80 coarsen threshold 460 Card regions per heap region 1 cards per card region 2048
 CPUs: 4 total, 4 available
 Memory: 8097M
 Large Page Support: Disabled
 NUMA Support: Disabled
 Compressed Oops: Enabled (32-bit)
 Heap Region Size: 1M
 Heap Min Capacity: 8M
 Heap Initial Capacity: 128M
 Heap Max Capacity: 2026M
 Pre-touch: Disabled
 Parallel Workers: 4
 Concurrent Workers: 1
 Concurrent Refinement Workers: 4
 Periodic GC: Disabled

Heap:
 garbage-first heap   total reserved 2074624K, committed 131072K, used 10152K [0x0000000081600000, 0x0000000100000000)
  region size 1024K, 6 young (6144K), 2 survivors (2048K)
 Metaspace       used 18014K, committed 18304K, reserved 1114112K
  class space    used 1907K, committed 2048K, reserved 1048576K

Heap Regions: E=young(eden), S=young(survivor), O=old, HS=humongous(starts), HC=humongous(continues), CS=collection set, F=free, TAMS=top-at-mark-start, PB=parsable bottom
|   0|0x0000000081600000, 0x0000000081700000, 0x0000000081700000|100%| O|  |TAMS 0x0000000081600000| PB 0x0000000081600000| Untracked |  0
|   1|0x0000000081700000, 0x0000000081800000, 0x0000000081800000|100%|HS|  |TAMS 0x0000000081700000| PB 0x0000000081700000| Complete |  0
|   2|0x0000000081800000, 0x0000000081900000, 0x0000000081900000|100%|HC|  |TAMS 0x0000000081800000| PB 0x0000000081800000| Complete |  0
|   3|0x0000000081900000, 0x0000000081a00000, 0x0000000081a00000|100%| O|  |TAMS 0x0000000081900000| PB 0x0000000081900000| Untracked |  0
|   4|0x0000000081a00000, 0x0000000081b00000, 0x0000000081b00000|100%| O|  |TAMS 0x0000000081a00000| PB 0x0000000081a00000| Untracked |  0
|   5|0x0000000081b00000, 0x0000000081c00000, 0x0000000081c00000|100%| O|  |TAMS 0x0000000081b00000| PB 0x0000000081b00000| Untracked |  0
|   6|0x0000000081c00000, 0x0000000081c2eed0, 0x0000000081d00000| 18%| O|  |TAMS 0x0000000081c00000| PB 0x0000000081c00000| Untracked |  0
|   7|0x0000000081d00000, 0x0000000081d00000, 0x0000000081e00000|  0%| F|  |TAMS 0x0000000081d00000| PB 0x0000000081d00000| Untracked |  0
|   8|0x0000000081e00000, 0x0000000081e00000, 0x0000000081f00000|  0%| F|  |TAMS 0x0000000081e00000| PB 0x0000000081e00000| Untracked |  0
|   9|0x0000000081f00000, 0x0000000081f00000, 0x0000000082000000|  0%| F|  |TAMS 0x0000000081f00000| PB 0x0000000081f00000| Untracked |  0
|  10|0x0000000082000000, 0x0000000082000000, 0x0000000082100000|  0%| F|  |TAMS 0x0000000082000000| PB 0x0000000082000000| Untracked |  0
|  11|0x0000000082100000, 0x0000000082100000, 0x0000000082200000|  0%| F|  |TAMS 0x0000000082100000| PB 0x0000000082100000| Untracked |  0
|  12|0x0000000082200000, 0x0000000082200000, 0x0000000082300000|  0%| F|  |TAMS 0x0000000082200000| PB 0x0000000082200000| Untracked |  0
|  13|0x0000000082300000, 0x0000000082300000, 0x0000000082400000|  0%| F|  |TAMS 0x0000000082300000| PB 0x0000000082300000| Untracked |  0
|  14|0x0000000082400000, 0x0000000082400000, 0x0000000082500000|  0%| F|  |TAMS 0x0000000082400000| PB 0x0000000082400000| Untracked |  0
|  15|0x0000000082500000, 0x0000000082500000, 0x0000000082600000|  0%| F|  |TAMS 0x0000000082500000| PB 0x0000000082500000| Untracked |  0
|  16|0x0000000082600000, 0x0000000082600000, 0x0000000082700000|  0%| F|  |TAMS 0x0000000082600000| PB 0x0000000082600000| Untracked |  0
|  17|0x0000000082700000, 0x0000000082700000, 0x0000000082800000|  0%| F|  |TAMS 0x0000000082700000| PB 0x0000000082700000| Untracked |  0
|  18|0x0000000082800000, 0x0000000082800000, 0x0000000082900000|  0%| F|  |TAMS 0x0000000082800000| PB 0x0000000082800000| Untracked |  0
|  19|0x0000000082900000, 0x0000000082900000, 0x0000000082a00000|  0%| F|  |TAMS 0x0000000082900000| PB 0x0000000082900000| Untracked |  0
|  20|0x0000000082a00000, 0x0000000082a00000, 0x0000000082b00000|  0%| F|  |TAMS 0x0000000082a00000| PB 0x0000000082a00000| Untracked |  0
|  21|0x0000000082b00000, 0x0000000082b00000, 0x0000000082c00000|  0%| F|  |TAMS 0x0000000082b00000| PB 0x0000000082b00000| Untracked |  0
|  22|0x0000000082c00000, 0x0000000082c00000, 0x0000000082d00000|  0%| F|  |TAMS 0x0000000082c00000| PB 0x0000000082c00000| Untracked |  0
|  23|0x0000000082d00000, 0x0000000082d00000, 0x0000000082e00000|  0%| F|  |TAMS 0x0000000082d00000| PB 0x0000000082d00000| Untracked |  0
|  24|0x0000000082e00000, 0x0000000082e00000, 0x0000000082f00000|  0%| F|  |TAMS 0x0000000082e00000| PB 0x0000000082e00000| Untracked |  0
|  25|0x0000000082f00000, 0x0000000082f00000, 0x0000000083000000|  0%| F|  |TAMS 0x0000000082f00000| PB 0x0000000082f00000| Untracked |  0
|  26|0x0000000083000000, 0x0000000083000000, 0x0000000083100000|  0%| F|  |TAMS 0x0000000083000000| PB 0x0000000083000000| Untracked |  0
|  27|0x0000000083100000, 0x0000000083100000, 0x0000000083200000|  0%| F|  |TAMS 0x0000000083100000| PB 0x0000000083100000| Untracked |  0
|  28|0x0000000083200000, 0x0000000083200000, 0x0000000083300000|  0%| F|  |TAMS 0x0000000083200000| PB 0x0000000083200000| Untracked |  0
|  29|0x0000000083300000, 0x0000000083300000, 0x0000000083400000|  0%| F|  |TAMS 0x0000000083300000| PB 0x0000000083300000| Untracked |  0
|  30|0x0000000083400000, 0x0000000083400000, 0x0000000083500000|  0%| F|  |TAMS 0x0000000083400000| PB 0x0000000083400000| Untracked |  0
|  31|0x0000000083500000, 0x0000000083500000, 0x0000000083600000|  0%| F|  |TAMS 0x0000000083500000| PB 0x0000000083500000| Untracked |  0
|  32|0x0000000083600000, 0x0000000083600000, 0x0000000083700000|  0%| F|  |TAMS 0x0000000083600000| PB 0x0000000083600000| Untracked |  0
|  33|0x0000000083700000, 0x0000000083700000, 0x0000000083800000|  0%| F|  |TAMS 0x0000000083700000| PB 0x0000000083700000| Untracked |  0
|  34|0x0000000083800000, 0x0000000083800000, 0x0000000083900000|  0%| F|  |TAMS 0x0000000083800000| PB 0x0000000083800000| Untracked |  0
|  35|0x0000000083900000, 0x0000000083900000, 0x0000000083a00000|  0%| F|  |TAMS 0x0000000083900000| PB 0x0000000083900000| Untracked |  0
|  36|0x0000000083a00000, 0x0000000083a00000, 0x0000000083b00000|  0%| F|  |TAMS 0x0000000083a00000| PB 0x0000000083a00000| Untracked |  0
|  37|0x0000000083b00000, 0x0000000083b00000, 0x0000000083c00000|  0%| F|  |TAMS 0x0000000083b00000| PB 0x0000000083b00000| Untracked |  0
|  38|0x0000000083c00000, 0x0000000083c00000, 0x0000000083d00000|  0%| F|  |TAMS 0x0000000083c00000| PB 0x0000000083c00000| Untracked |  0
|  39|0x0000000083d00000, 0x0000000083d00000, 0x0000000083e00000|  0%| F|  |TAMS 0x0000000083d00000| PB 0x0000000083d00000| Untracked |  0
|  40|0x0000000083e00000, 0x0000000083e00000, 0x0000000083f00000|  0%| F|  |TAMS 0x0000000083e00000| PB 0x0000000083e00000| Untracked |  0
|  41|0x0000000083f00000, 0x0000000083f00000, 0x0000000084000000|  0%| F|  |TAMS 0x0000000083f00000| PB 0x0000000083f00000| Untracked |  0
|  42|0x0000000084000000, 0x0000000084000000, 0x0000000084100000|  0%| F|  |TAMS 0x0000000084000000| PB 0x0000000084000000| Untracked |  0
|  43|0x0000000084100000, 0x0000000084100000, 0x0000000084200000|  0%| F|  |TAMS 0x0000000084100000| PB 0x0000000084100000| Untracked |  0
|  44|0x0000000084200000, 0x0000000084200000, 0x0000000084300000|  0%| F|  |TAMS 0x0000000084200000| PB 0x0000000084200000| Untracked |  0
|  45|0x0000000084300000, 0x0000000084300000, 0x0000000084400000|  0%| F|  |TAMS 0x0000000084300000| PB 0x0000000084300000| Untracked |  0
|  46|0x0000000084400000, 0x0000000084400000, 0x0000000084500000|  0%| F|  |TAMS 0x0000000084400000| PB 0x0000000084400000| Untracked |  0
|  47|0x0000000084500000, 0x0000000084500000, 0x0000000084600000|  0%| F|  |TAMS 0x0000000084500000| PB 0x0000000084500000| Untracked |  0
|  48|0x0000000084600000, 0x0000000084600000, 0x0000000084700000|  0%| F|  |TAMS 0x0000000084600000| PB 0x0000000084600000| Untracked |  0
|  49|0x0000000084700000, 0x0000000084700000, 0x0000000084800000|  0%| F|  |TAMS 0x0000000084700000| PB 0x0000000084700000| Untracked |  0
|  50|0x0000000084800000, 0x0000000084800000, 0x0000000084900000|  0%| F|  |TAMS 0x0000000084800000| PB 0x0000000084800000| Untracked |  0
|  51|0x0000000084900000, 0x0000000084900000, 0x0000000084a00000|  0%| F|  |TAMS 0x0000000084900000| PB 0x0000000084900000| Untracked |  0
|  52|0x0000000084a00000, 0x0000000084a00000, 0x0000000084b00000|  0%| F|  |TAMS 0x0000000084a00000| PB 0x0000000084a00000| Untracked |  0
|  53|0x0000000084b00000, 0x0000000084b00000, 0x0000000084c00000|  0%| F|  |TAMS 0x0000000084b00000| PB 0x0000000084b00000| Untracked |  0
|  54|0x0000000084c00000, 0x0000000084c00000, 0x0000000084d00000|  0%| F|  |TAMS 0x0000000084c00000| PB 0x0000000084c00000| Untracked |  0
|  55|0x0000000084d00000, 0x0000000084d00000, 0x0000000084e00000|  0%| F|  |TAMS 0x0000000084d00000| PB 0x0000000084d00000| Untracked |  0
|  56|0x0000000084e00000, 0x0000000084e00000, 0x0000000084f00000|  0%| F|  |TAMS 0x0000000084e00000| PB 0x0000000084e00000| Untracked |  0
|  57|0x0000000084f00000, 0x0000000084f00000, 0x0000000085000000|  0%| F|  |TAMS 0x0000000084f00000| PB 0x0000000084f00000| Untracked |  0
|  58|0x0000000085000000, 0x0000000085000000, 0x0000000085100000|  0%| F|  |TAMS 0x0000000085000000| PB 0x0000000085000000| Untracked |  0
|  59|0x0000000085100000, 0x0000000085100000, 0x0000000085200000|  0%| F|  |TAMS 0x0000000085100000| PB 0x0000000085100000| Untracked |  0
|  60|0x0000000085200000, 0x0000000085200000, 0x0000000085300000|  0%| F|  |TAMS 0x0000000085200000| PB 0x0000000085200000| Untracked |  0
|  61|0x0000000085300000, 0x0000000085300000, 0x0000000085400000|  0%| F|  |TAMS 0x0000000085300000| PB 0x0000000085300000| Untracked |  0
|  62|0x0000000085400000, 0x0000000085400000, 0x0000000085500000|  0%| F|  |TAMS 0x0000000085400000| PB 0x0000000085400000| Untracked |  0
|  63|0x0000000085500000, 0x0000000085500000, 0x0000000085600000|  0%| F|  |TAMS 0x0000000085500000| PB 0x0000000085500000| Untracked |  0
|  64|0x0000000085600000, 0x0000000085600000, 0x0000000085700000|  0%| F|  |TAMS 0x0000000085600000| PB 0x0000000085600000| Untracked |  0
|  65|0x0000000085700000, 0x0000000085700000, 0x0000000085800000|  0%| F|  |TAMS 0x0000000085700000| PB 0x0000000085700000| Untracked |  0
|  66|0x0000000085800000, 0x0000000085800000, 0x0000000085900000|  0%| F|  |TAMS 0x0000000085800000| PB 0x0000000085800000| Untracked |  0
|  67|0x0000000085900000, 0x0000000085900000, 0x0000000085a00000|  0%| F|  |TAMS 0x0000000085900000| PB 0x0000000085900000| Untracked |  0
|  68|0x0000000085a00000, 0x0000000085a00000, 0x0000000085b00000|  0%| F|  |TAMS 0x0000000085a00000| PB 0x0000000085a00000| Untracked |  0
|  69|0x0000000085b00000, 0x0000000085b00000, 0x0000000085c00000|  0%| F|  |TAMS 0x0000000085b00000| PB 0x0000000085b00000| Untracked |  0
|  70|0x0000000085c00000, 0x0000000085c00000, 0x0000000085d00000|  0%| F|  |TAMS 0x0000000085c00000| PB 0x0000000085c00000| Untracked |  0
|  71|0x0000000085d00000, 0x0000000085d00000, 0x0000000085e00000|  0%| F|  |TAMS 0x0000000085d00000| PB 0x0000000085d00000| Untracked |  0
|  72|0x0000000085e00000, 0x0000000085e00000, 0x0000000085f00000|  0%| F|  |TAMS 0x0000000085e00000| PB 0x0000000085e00000| Untracked |  0
|  73|0x0000000085f00000, 0x0000000085f00000, 0x0000000086000000|  0%| F|  |TAMS 0x0000000085f00000| PB 0x0000000085f00000| Untracked |  0
|  74|0x0000000086000000, 0x0000000086000000, 0x0000000086100000|  0%| F|  |TAMS 0x0000000086000000| PB 0x0000000086000000| Untracked |  0
|  75|0x0000000086100000, 0x0000000086100000, 0x0000000086200000|  0%| F|  |TAMS 0x0000000086100000| PB 0x0000000086100000| Untracked |  0
|  76|0x0000000086200000, 0x0000000086200000, 0x0000000086300000|  0%| F|  |TAMS 0x0000000086200000| PB 0x0000000086200000| Untracked |  0
|  77|0x0000000086300000, 0x0000000086300000, 0x0000000086400000|  0%| F|  |TAMS 0x0000000086300000| PB 0x0000000086300000| Untracked |  0
|  78|0x0000000086400000, 0x0000000086400000, 0x0000000086500000|  0%| F|  |TAMS 0x0000000086400000| PB 0x0000000086400000| Untracked |  0
|  79|0x0000000086500000, 0x0000000086500000, 0x0000000086600000|  0%| F|  |TAMS 0x0000000086500000| PB 0x0000000086500000| Untracked |  0
|  80|0x0000000086600000, 0x0000000086600000, 0x0000000086700000|  0%| F|  |TAMS 0x0000000086600000| PB 0x0000000086600000| Untracked |  0
|  81|0x0000000086700000, 0x0000000086700000, 0x0000000086800000|  0%| F|  |TAMS 0x0000000086700000| PB 0x0000000086700000| Untracked |  0
|  82|0x0000000086800000, 0x0000000086800000, 0x0000000086900000|  0%| F|  |TAMS 0x0000000086800000| PB 0x0000000086800000| Untracked |  0
|  83|0x0000000086900000, 0x0000000086900000, 0x0000000086a00000|  0%| F|  |TAMS 0x0000000086900000| PB 0x0000000086900000| Untracked |  0
|  84|0x0000000086a00000, 0x0000000086a00000, 0x0000000086b00000|  0%| F|  |TAMS 0x0000000086a00000| PB 0x0000000086a00000| Untracked |  0
|  85|0x0000000086b00000, 0x0000000086b00000, 0x0000000086c00000|  0%| F|  |TAMS 0x0000000086b00000| PB 0x0000000086b00000| Untracked |  0
|  86|0x0000000086c00000, 0x0000000086c00000, 0x0000000086d00000|  0%| F|  |TAMS 0x0000000086c00000| PB 0x0000000086c00000| Untracked |  0
|  87|0x0000000086d00000, 0x0000000086d00000, 0x0000000086e00000|  0%| F|  |TAMS 0x0000000086d00000| PB 0x0000000086d00000| Untracked |  0
|  88|0x0000000086e00000, 0x0000000086e00000, 0x0000000086f00000|  0%| F|  |TAMS 0x0000000086e00000| PB 0x0000000086e00000| Untracked |  0
|  89|0x0000000086f00000, 0x0000000086f00000, 0x0000000087000000|  0%| F|  |TAMS 0x0000000086f00000| PB 0x0000000086f00000| Untracked |  0
|  90|0x0000000087000000, 0x0000000087000000, 0x0000000087100000|  0%| F|  |TAMS 0x0000000087000000| PB 0x0000000087000000| Untracked |  0
|  91|0x0000000087100000, 0x0000000087100000, 0x0000000087200000|  0%| F|  |TAMS 0x0000000087100000| PB 0x0000000087100000| Untracked |  0
|  92|0x0000000087200000, 0x0000000087200000, 0x0000000087300000|  0%| F|  |TAMS 0x0000000087200000| PB 0x0000000087200000| Untracked |  0
|  93|0x0000000087300000, 0x0000000087300000, 0x0000000087400000|  0%| F|  |TAMS 0x0000000087300000| PB 0x0000000087300000| Untracked |  0
|  94|0x0000000087400000, 0x0000000087400000, 0x0000000087500000|  0%| F|  |TAMS 0x0000000087400000| PB 0x0000000087400000| Untracked |  0
|  95|0x0000000087500000, 0x0000000087500000, 0x0000000087600000|  0%| F|  |TAMS 0x0000000087500000| PB 0x0000000087500000| Untracked |  0
|  96|0x0000000087600000, 0x0000000087600000, 0x0000000087700000|  0%| F|  |TAMS 0x0000000087600000| PB 0x0000000087600000| Untracked |  0
|  97|0x0000000087700000, 0x0000000087700000, 0x0000000087800000|  0%| F|  |TAMS 0x0000000087700000| PB 0x0000000087700000| Untracked |  0
|  98|0x0000000087800000, 0x0000000087800000, 0x0000000087900000|  0%| F|  |TAMS 0x0000000087800000| PB 0x0000000087800000| Untracked |  0
|  99|0x0000000087900000, 0x0000000087900000, 0x0000000087a00000|  0%| F|  |TAMS 0x0000000087900000| PB 0x0000000087900000| Untracked |  0
| 100|0x0000000087a00000, 0x0000000087a00000, 0x0000000087b00000|  0%| F|  |TAMS 0x0000000087a00000| PB 0x0000000087a00000| Untracked |  0
| 101|0x0000000087b00000, 0x0000000087b00000, 0x0000000087c00000|  0%| F|  |TAMS 0x0000000087b00000| PB 0x0000000087b00000| Untracked |  0
| 102|0x0000000087c00000, 0x0000000087c00000, 0x0000000087d00000|  0%| F|  |TAMS 0x0000000087c00000| PB 0x0000000087c00000| Untracked |  0
| 103|0x0000000087d00000, 0x0000000087d00000, 0x0000000087e00000|  0%| F|  |TAMS 0x0000000087d00000| PB 0x0000000087d00000| Untracked |  0
| 104|0x0000000087e00000, 0x0000000087e00000, 0x0000000087f00000|  0%| F|  |TAMS 0x0000000087e00000| PB 0x0000000087e00000| Untracked |  0
| 105|0x0000000087f00000, 0x0000000087f00000, 0x0000000088000000|  0%| F|  |TAMS 0x0000000087f00000| PB 0x0000000087f00000| Untracked |  0
| 106|0x0000000088000000, 0x0000000088000000, 0x0000000088100000|  0%| F|  |TAMS 0x0000000088000000| PB 0x0000000088000000| Untracked |  0
| 107|0x0000000088100000, 0x0000000088100000, 0x0000000088200000|  0%| F|  |TAMS 0x0000000088100000| PB 0x0000000088100000| Untracked |  0
| 108|0x0000000088200000, 0x00000000882bb140, 0x0000000088300000| 73%| S|CS|TAMS 0x0000000088200000| PB 0x0000000088200000| Complete |  0
| 109|0x0000000088300000, 0x0000000088400000, 0x0000000088400000|100%| S|CS|TAMS 0x0000000088300000| PB 0x0000000088300000| Complete |  0
| 110|0x0000000088400000, 0x0000000088400000, 0x0000000088500000|  0%| F|  |TAMS 0x0000000088400000| PB 0x0000000088400000| Untracked |  0
| 111|0x0000000088500000, 0x0000000088500000, 0x0000000088600000|  0%| F|  |TAMS 0x0000000088500000| PB 0x0000000088500000| Untracked |  0
| 112|0x0000000088600000, 0x0000000088600000, 0x0000000088700000|  0%| F|  |TAMS 0x0000000088600000| PB 0x0000000088600000| Untracked |  0
| 113|0x0000000088700000, 0x0000000088700000, 0x0000000088800000|  0%| F|  |TAMS 0x0000000088700000| PB 0x0000000088700000| Untracked |  0
| 114|0x0000000088800000, 0x0000000088800000, 0x0000000088900000|  0%| F|  |TAMS 0x0000000088800000| PB 0x0000000088800000| Untracked |  0
| 115|0x0000000088900000, 0x0000000088900000, 0x0000000088a00000|  0%| F|  |TAMS 0x0000000088900000| PB 0x0000000088900000| Untracked |  0
| 116|0x0000000088a00000, 0x0000000088a00000, 0x0000000088b00000|  0%| F|  |TAMS 0x0000000088a00000| PB 0x0000000088a00000| Untracked |  0
| 117|0x0000000088b00000, 0x0000000088b00000, 0x0000000088c00000|  0%| F|  |TAMS 0x0000000088b00000| PB 0x0000000088b00000| Untracked |  0
| 118|0x0000000088c00000, 0x0000000088c00000, 0x0000000088d00000|  0%| F|  |TAMS 0x0000000088c00000| PB 0x0000000088c00000| Untracked |  0
| 119|0x0000000088d00000, 0x0000000088d00000, 0x0000000088e00000|  0%| F|  |TAMS 0x0000000088d00000| PB 0x0000000088d00000| Untracked |  0
| 120|0x0000000088e00000, 0x0000000088e00000, 0x0000000088f00000|  0%| F|  |TAMS 0x0000000088e00000| PB 0x0000000088e00000| Untracked |  0
| 121|0x0000000088f00000, 0x0000000088f00000, 0x0000000089000000|  0%| F|  |TAMS 0x0000000088f00000| PB 0x0000000088f00000| Untracked |  0
| 122|0x0000000089000000, 0x0000000089000000, 0x0000000089100000|  0%| F|  |TAMS 0x0000000089000000| PB 0x0000000089000000| Untracked |  0
| 123|0x0000000089100000, 0x0000000089100000, 0x0000000089200000|  0%| F|  |TAMS 0x0000000089100000| PB 0x0000000089100000| Untracked |  0
| 124|0x0000000089200000, 0x0000000089300000, 0x0000000089300000|100%| E|  |TAMS 0x0000000089200000| PB 0x0000000089200000| Complete |  0
| 125|0x0000000089300000, 0x0000000089400000, 0x0000000089400000|100%| E|  |TAMS 0x0000000089300000| PB 0x0000000089300000| Complete |  0
| 126|0x0000000089400000, 0x0000000089500000, 0x0000000089500000|100%| E|CS|TAMS 0x0000000089400000| PB 0x0000000089400000| Complete |  0
| 127|0x0000000089500000, 0x0000000089600000, 0x0000000089600000|100%| E|CS|TAMS 0x0000000089500000| PB 0x0000000089500000| Complete |  0

Card table byte_map: [0x0000021c6b710000,0x0000021c6bb10000] _byte_map_base: 0x0000021c6b305000

Marking Bits: (CMBitMap*) 0x0000021c5222ecd0
 Bits: [0x0000021c6bb10000, 0x0000021c6dab8000)

Polling page: 0x0000021c51fb0000

Metaspace:

Usage:
  Non-class:     15.73 MB used.
      Class:      1.86 MB used.
       Both:     17.59 MB used.

Virtual space:
  Non-class space:       64.00 MB reserved,      15.88 MB ( 25%) committed,  1 nodes.
      Class space:        1.00 GB reserved,       2.00 MB ( <1%) committed,  1 nodes.
             Both:        1.06 GB reserved,      17.88 MB (  2%) committed. 

Chunk freelists:
   Non-Class:  32.00 KB
       Class:  14.03 MB
        Both:  14.06 MB

MaxMetaspaceSize: unlimited
CompressedClassSpaceSize: 1.00 GB
Initial GC threshold: 21.00 MB
Current GC threshold: 21.00 MB
CDS: on
 - commit_granule_bytes: 65536.
 - commit_granule_words: 8192.
 - virtual_space_node_default_size: 8388608.
 - enlarge_chunks_in_place: 1.
 - use_allocation_guard: 0.


Internal statistics:

num_allocs_failed_limit: 0.
num_arena_births: 240.
num_arena_deaths: 0.
num_vsnodes_births: 2.
num_vsnodes_deaths: 0.
num_space_committed: 286.
num_space_uncommitted: 0.
num_chunks_returned_to_freelist: 0.
num_chunks_taken_from_freelist: 420.
num_chunk_merges: 0.
num_chunk_splits: 260.
num_chunks_enlarged: 139.
num_inconsistent_stats: 0.

CodeHeap 'non-profiled nmethods': size=120000Kb used=908Kb max_used=908Kb free=119092Kb
 bounds [0x0000021c637b0000, 0x0000021c63a20000, 0x0000021c6ace0000]
CodeHeap 'profiled nmethods': size=120000Kb used=4493Kb max_used=4493Kb free=115506Kb
 bounds [0x0000021c5bce0000, 0x0000021c5c150000, 0x0000021c63210000]
CodeHeap 'non-nmethods': size=5760Kb used=2057Kb max_used=2106Kb free=3703Kb
 bounds [0x0000021c63210000, 0x0000021c63480000, 0x0000021c637b0000]
 total_blobs=3496 nmethods=2474 adapters=926
 compilation: enabled
              stopped_count=0, restarted_count=0
 full_count=0

Compilation events (20 events):
Event: 136.191 Thread 0x0000021c70103930 2466   !   3       javax.swing.RepaintManager$ProcessingRunnable::run (41 bytes)
Event: 136.193 Thread 0x0000021c70103930 nmethod 2466 0x0000021c5c13d210 code [0x0000021c5c13d3e0, 0x0000021c5c13d6e8]
Event: 136.194 Thread 0x0000021c70103930 2468   !   3       javax.swing.RepaintManager::paintDirtyRegions (50 bytes)
Event: 136.195 Thread 0x0000021c70103930 nmethod 2468 0x0000021c5c13d890 code [0x0000021c5c13da60, 0x0000021c5c13de28]
Event: 136.195 Thread 0x0000021c70103930 2469       1       javax.swing.AbstractButton::getIcon (5 bytes)
Event: 136.195 Thread 0x0000021c70103930 nmethod 2469 0x0000021c6388f690 code [0x0000021c6388f820, 0x0000021c6388f8f0]
Event: 136.236 Thread 0x0000021c70103930 2470       3       javax.swing.RepaintManager::updateWindows (161 bytes)
Event: 136.248 Thread 0x0000021c70103930 nmethod 2470 0x0000021c5c13df90 code [0x0000021c5c13e3a0, 0x0000021c5c140780]
Event: 136.489 Thread 0x0000021c70100b30 2471       4       java.awt.Container::findComponentAtImpl (161 bytes)
Event: 136.542 Thread 0x0000021c70100b30 nmethod 2471 0x0000021c6388f990 code [0x0000021c6388fbe0, 0x0000021c63890d60]
Event: 255.624 Thread 0x0000021c70100b30 2472       4       java.awt.Component::getFont_NoClientCode (29 bytes)
Event: 255.624 Thread 0x0000021c70103930 2473   !   3       java.awt.Container::getComponent (29 bytes)
Event: 255.625 Thread 0x0000021c70103930 nmethod 2473 0x0000021c5c141210 code [0x0000021c5c1413e0, 0x0000021c5c141818]
Event: 255.626 Thread 0x0000021c70103930 2474       3       sun.java2d.SunGraphics2D::setRenderingHint (543 bytes)
Event: 255.628 Thread 0x0000021c70100b30 nmethod 2472 0x0000021c63891c10 code [0x0000021c63891da0, 0x0000021c63891e88]
Event: 255.630 Thread 0x0000021c70103930 nmethod 2474 0x0000021c5c141a10 code [0x0000021c5c141d00, 0x0000021c5c1432a8]
Event: 256.588 Thread 0x0000021c70100b30 2475       4       jdk.internal.logger.AbstractLoggerWrapper::isLoggable (26 bytes)
Event: 256.606 Thread 0x0000021c70100b30 nmethod 2475 0x0000021c63891f10 code [0x0000021c63892120, 0x0000021c63892878]
Event: 256.638 Thread 0x0000021c70103930 2476       1       java.util.concurrent.CopyOnWriteArrayList::getArray (5 bytes)
Event: 256.639 Thread 0x0000021c70103930 nmethod 2476 0x0000021c63892d10 code [0x0000021c63892ea0, 0x0000021c63892f68]

GC Heap History (4 events):
Event: 132.564 GC heap before
{Heap before GC invocations=0 (full 0):
 garbage-first heap   total reserved 2074624K, committed 131072K, used 16384K [0x0000000081600000, 0x0000000100000000)
  region size 1024K, 14 young (14336K), 0 survivors (0K)
 Metaspace       used 11161K, committed 11392K, reserved 1114112K
  class space    used 1217K, committed 1344K, reserved 1048576K
}
Event: 132.577 GC heap after
{Heap after GC invocations=1 (full 0):
 garbage-first heap   total reserved 2074624K, committed 131072K, used 6368K [0x0000000081600000, 0x0000000100000000)
  region size 1024K, 2 young (2048K), 2 survivors (2048K)
 Metaspace       used 11161K, committed 11392K, reserved 1114112K
  class space    used 1217K, committed 1344K, reserved 1048576K
}
Event: 135.173 GC heap before
{Heap before GC invocations=1 (full 0):
 garbage-first heap   total reserved 2074624K, committed 131072K, used 21728K [0x0000000081600000, 0x0000000100000000)
  region size 1024K, 18 young (18432K), 2 survivors (2048K)
 Metaspace       used 17975K, committed 18304K, reserved 1114112K
  class space    used 1907K, committed 2048K, reserved 1048576K
}
Event: 135.181 GC heap after
{Heap after GC invocations=2 (full 0):
 garbage-first heap   total reserved 2074624K, committed 131072K, used 8104K [0x0000000081600000, 0x0000000100000000)
  region size 1024K, 2 young (2048K), 2 survivors (2048K)
 Metaspace       used 17975K, committed 18304K, reserved 1114112K
  class space    used 1907K, committed 2048K, reserved 1048576K
}

Dll operation events (12 events):
Event: 0.021 Loaded shared library C:\Program Files\Java\jdk-22\bin\java.dll
Event: 0.090 Loaded shared library C:\Program Files\Java\jdk-22\bin\jsvml.dll
Event: 0.175 Loaded shared library C:\Program Files\Java\jdk-22\bin\jimage.dll
Event: 0.223 Loaded shared library C:\Program Files\Java\jdk-22\bin\awt.dll
Event: 0.281 Loaded shared library C:\Program Files\Java\jdk-22\bin\net.dll
Event: 0.284 Loaded shared library C:\Program Files\Java\jdk-22\bin\nio.dll
Event: 0.291 Loaded shared library C:\Program Files\Java\jdk-22\bin\zip.dll
Event: 0.651 Loaded shared library C:\Program Files\Java\jdk-22\bin\freetype.dll
Event: 0.653 Loaded shared library C:\Program Files\Java\jdk-22\bin\fontmanager.dll
Event: 127.680 Loaded shared library C:\Users\ELVIS\OneDrive\Documentos\NetBeansProjects\SoftwareReconocimientoFacilUCV\opencv_java481.dll
Event: 132.868 Loaded shared library C:\Program Files\Java\jdk-22\bin\extnet.dll
Event: 133.126 Loaded shared library C:\Program Files\Java\jdk-22\bin\sunmscapi.dll

Deoptimization events (20 events):
Event: 134.734 Thread 0x0000021c469c8da0 DEOPT PACKING pc=0x0000021c5c0c3d9d sp=0x0000008bc4efe6a0
Event: 134.735 Thread 0x0000021c469c8da0 DEOPT UNPACKING pc=0x0000021c63264e42 sp=0x0000008bc4efdad0 mode 0
Event: 135.182 Thread 0x0000021c4547a5c0 DEOPT PACKING pc=0x0000021c5bea7314 sp=0x0000008bc43ff1f0
Event: 135.182 Thread 0x0000021c4547a5c0 DEOPT UNPACKING pc=0x0000021c63264e42 sp=0x0000008bc43fe5c8 mode 0
Event: 135.429 Thread 0x0000021c469c8da0 DEOPT PACKING pc=0x0000021c5c0c47bb sp=0x0000008bc4efe380
Event: 135.429 Thread 0x0000021c469c8da0 DEOPT UNPACKING pc=0x0000021c63264e42 sp=0x0000008bc4efd808 mode 0
Event: 135.444 Thread 0x0000021c469c8da0 DEOPT PACKING pc=0x0000021c5c0cde5a sp=0x0000008bc4efde30
Event: 135.444 Thread 0x0000021c469c8da0 DEOPT UNPACKING pc=0x0000021c63264e42 sp=0x0000008bc4efd2b8 mode 0
Event: 135.697 Thread 0x0000021c469c8da0 DEOPT PACKING pc=0x0000021c5c0c47bb sp=0x0000008bc4efe0f0
Event: 135.697 Thread 0x0000021c469c8da0 DEOPT UNPACKING pc=0x0000021c63264e42 sp=0x0000008bc4efd588 mode 0
Event: 135.697 Thread 0x0000021c469c8da0 DEOPT PACKING pc=0x0000021c5c0cde5a sp=0x0000008bc4efdea0
Event: 135.697 Thread 0x0000021c469c8da0 DEOPT UNPACKING pc=0x0000021c63264e42 sp=0x0000008bc4efd328 mode 0
Event: 256.629 Thread 0x0000021c454915c0 Uncommon trap: trap_request=0xffffff45 fr.pc=0x0000021c638728dc relative=0x000000000000051c
Event: 256.629 Thread 0x0000021c454915c0 Uncommon trap: reason=unstable_if action=reinterpret pc=0x0000021c638728dc method=sun.awt.AWTAutoShutdown.isReadyToShutdown()Z @ 16 c2
Event: 256.629 Thread 0x0000021c454915c0 DEOPT PACKING pc=0x0000021c638728dc sp=0x0000008bc45feb20
Event: 256.629 Thread 0x0000021c454915c0 DEOPT UNPACKING pc=0x0000021c632646a2 sp=0x0000008bc45fea70 mode 2
Event: 256.634 Thread 0x0000021c454915c0 Uncommon trap: trap_request=0xffffff45 fr.pc=0x0000021c6381a044 relative=0x00000000000000a4
Event: 256.634 Thread 0x0000021c454915c0 Uncommon trap: reason=unstable_if action=reinterpret pc=0x0000021c6381a044 method=sun.awt.AWTAutoShutdown.isReadyToShutdown()Z @ 16 c2
Event: 256.634 Thread 0x0000021c454915c0 DEOPT PACKING pc=0x0000021c6381a044 sp=0x0000008bc45feb00
Event: 256.634 Thread 0x0000021c454915c0 DEOPT UNPACKING pc=0x0000021c632646a2 sp=0x0000008bc45feaa0 mode 2

Classes loaded (20 events):
Event: 133.798 Loading class javax/crypto/BadPaddingException done
Event: 133.799 Loading class javax/crypto/AEADBadTagException done
Event: 133.799 Loading class javax/net/ssl/SSLHandshakeException
Event: 133.799 Loading class javax/net/ssl/SSLException
Event: 133.799 Loading class javax/net/ssl/SSLException done
Event: 133.799 Loading class javax/net/ssl/SSLHandshakeException done
Event: 133.948 Loading class java/awt/image/ComponentColorModel
Event: 133.949 Loading class java/awt/image/ComponentColorModel done
Event: 133.950 Loading class java/awt/image/DataBufferByte
Event: 133.951 Loading class java/awt/image/DataBufferByte done
Event: 133.951 Loading class java/awt/image/PixelInterleavedSampleModel
Event: 133.951 Loading class java/awt/image/ComponentSampleModel
Event: 133.951 Loading class java/awt/image/ComponentSampleModel done
Event: 133.951 Loading class java/awt/image/PixelInterleavedSampleModel done
Event: 133.952 Loading class sun/awt/image/ByteInterleavedRaster
Event: 133.952 Loading class sun/awt/image/ByteComponentRaster
Event: 133.952 Loading class sun/awt/image/ByteComponentRaster done
Event: 133.952 Loading class sun/awt/image/ByteInterleavedRaster done
Event: 133.955 Loading class jdk/internal/event/ThreadSleepEvent
Event: 133.955 Loading class jdk/internal/event/ThreadSleepEvent done

Classes unloaded (0 events):
No events

Classes redefined (0 events):
No events

Internal exceptions (20 events):
Event: 0.246 Thread 0x0000021c52000fd0 Exception <a 'java/io/FileNotFoundException'{0x0000000089318c70}> (0x0000000089318c70) 
thrown [s\open\src\hotspot\share\prims\jni.cpp, line 520]
Event: 0.261 Thread 0x0000021c52000fd0 Exception <a 'java/io/FileNotFoundException'{0x0000000089346f30}> (0x0000000089346f30) 
thrown [s\open\src\hotspot\share\prims\jni.cpp, line 520]
Event: 0.488 Thread 0x0000021c4549b600 Exception <a 'java/lang/NoSuchMethodError'{0x0000000089067560}: 'void java.lang.invoke.DirectMethodHandle$Holder.invokeSpecial(java.lang.Object, java.lang.Object, java.lang.Object)'> (0x0000000089067560) 
thrown [s\open\src\hotspot\share\interpreter\linkResolver.cpp, line 774]
Event: 0.502 Thread 0x0000021c4549b600 Exception <a 'java/lang/NoSuchMethodError'{0x000000008908d8e0}: 'java.lang.Object java.lang.invoke.DirectMethodHandle$Holder.newInvokeSpecial(java.lang.Object, java.lang.Object, java.lang.Object, java.lang.Object, java.lang.Object)'> (0x000000008908d8e0) 
thrown [s\open\src\hotspot\share\interpreter\linkResolver.cpp, line 774]
Event: 0.516 Thread 0x0000021c4549b600 Exception <a 'java/lang/NoSuchMethodError'{0x0000000088f02200}: 'java.lang.Object java.lang.invoke.DirectMethodHandle$Holder.invokeStatic(java.lang.Object, int, java.lang.Object)'> (0x0000000088f02200) 
thrown [s\open\src\hotspot\share\interpreter\linkResolver.cpp, line 774]
Event: 0.581 Thread 0x0000021c4549b600 Exception <a 'java/lang/ClassNotFoundException'{0x0000000088fa7428}: com/sun/swing/internal/plaf/metal/resources/spi/metalProvider> (0x0000000088fa7428) 
thrown [s\open\src\hotspot\share\classfile\systemDictionary.cpp, line 313]
Event: 0.583 Thread 0x0000021c4549b600 Exception <a 'java/lang/ClassNotFoundException'{0x0000000088fab488}: com/sun/swing/internal/plaf/basic/resources/spi/basicProvider> (0x0000000088fab488) 
thrown [s\open\src\hotspot\share\classfile\systemDictionary.cpp, line 313]
Event: 0.616 Thread 0x0000021c454d9b30 Exception <a 'java/lang/NoSuchMethodError'{0x0000000088fe1718}: 'java.lang.Object java.lang.invoke.DirectMethodHandle$Holder.newInvokeSpecial(java.lang.Object, java.lang.Object, java.lang.Object, int, int, int, int, int)'> (0x0000000088fe1718) 
thrown [s\open\src\hotspot\share\interpreter\linkResolver.cpp, line 774]
Event: 0.644 Thread 0x0000021c4549b600 Exception <a 'java/lang/NoSuchMethodError'{0x0000000088e047e8}: 'int java.lang.invoke.Invokers$Holder.invokeExact_MT(java.lang.Object, java.lang.Object)'> (0x0000000088e047e8) 
thrown [s\open\src\hotspot\share\interpreter\linkResolver.cpp, line 774]
Event: 0.805 Thread 0x0000021c454915c0 Exception <a 'java/lang/NoSuchMethodError'{0x000000008900e5a0}: 'void java.lang.invoke.DirectMethodHandle$Holder.invokeVirtual(java.lang.Object, java.lang.Object)'> (0x000000008900e5a0) 
thrown [s\open\src\hotspot\share\interpreter\linkResolver.cpp, line 774]
Event: 0.831 Thread 0x0000021c4549b600 Exception <a 'java/lang/NoSuchMethodError'{0x0000000088ea2d40}: 'void java.lang.invoke.DirectMethodHandle$Holder.invokeStaticInit(java.lang.Object)'> (0x0000000088ea2d40) 
thrown [s\open\src\hotspot\share\interpreter\linkResolver.cpp, line 774]
Event: 0.922 Thread 0x0000021c4549b600 Exception <a 'java/lang/NoSuchMethodError'{0x0000000088ed5bd8}: 'void java.lang.invoke.DirectMethodHandle$Holder.invokeStatic(java.lang.Object, java.lang.Object)'> (0x0000000088ed5bd8) 
thrown [s\open\src\hotspot\share\interpreter\linkResolver.cpp, line 774]
Event: 0.980 Thread 0x0000021c4549b600 Exception <a 'java/lang/NoSuchMethodError'{0x0000000088ef6718}: 'int java.lang.invoke.DirectMethodHandle$Holder.invokeStatic(java.lang.Object)'> (0x0000000088ef6718) 
thrown [s\open\src\hotspot\share\interpreter\linkResolver.cpp, line 774]
Event: 132.563 Thread 0x0000021c469c8da0 Exception <a 'java/lang/NoSuchMethodError'{0x00000000888fe5c8}: 'java.lang.Object java.lang.invoke.DirectMethodHandle$Holder.invokeInterface(java.lang.Object, java.lang.Object)'> (0x00000000888fe5c8) 
thrown [s\open\src\hotspot\share\interpreter\linkResolver.cpp, line 774]
Event: 132.717 Thread 0x0000021c469c8da0 Exception <a 'java/lang/NoSuchMethodError'{0x000000008925a990}: 'java.lang.Object java.lang.invoke.DirectMethodHandle$Holder.invokeStatic(java.lang.Object, long, java.lang.Object)'> (0x000000008925a990) 
thrown [s\open\src\hotspot\share\interpreter\linkResolver.cpp, line 774]
Event: 132.718 Thread 0x0000021c469c8da0 Exception <a 'java/lang/NoSuchMethodError'{0x000000008925dd68}: 'java.lang.Object java.lang.invoke.DirectMethodHandle$Holder.invokeStaticInit(java.lang.Object, long, java.lang.Object)'> (0x000000008925dd68) 
thrown [s\open\src\hotspot\share\interpreter\linkResolver.cpp, line 774]
Event: 132.719 Thread 0x0000021c469c8da0 Exception <a 'java/lang/NoSuchMethodError'{0x0000000089263340}: 'java.lang.Object java.lang.invoke.DirectMethodHandle$Holder.newInvokeSpecial(java.lang.Object, long)'> (0x0000000089263340) 
thrown [s\open\src\hotspot\share\interpreter\linkResolver.cpp, line 774]
Event: 132.892 Thread 0x0000021c469c8da0 Exception <a 'java/lang/NoSuchMethodError'{0x00000000891bc918}: 'java.lang.Object java.lang.invoke.DirectMethodHandle$Holder.invokeStaticInit(java.lang.Object, int, int, int, int)'> (0x00000000891bc918) 
thrown [s\open\src\hotspot\share\interpreter\linkResolver.cpp, line 774]
Event: 132.925 Thread 0x0000021c469c8da0 Exception <a 'java/lang/NoSuchMethodError'{0x00000000891fa8b8}: 'java.lang.Object java.lang.invoke.DirectMethodHandle$Holder.invokeStaticInit(java.lang.Object, java.lang.Object, int, int, int, int)'> (0x00000000891fa8b8) 
thrown [s\open\src\hotspot\share\interpreter\linkResolver.cpp, line 774]
Event: 132.981 Thread 0x0000021c469c8da0 Exception <a 'sun/nio/fs/WindowsException'{0x00000000890768e0}> (0x00000000890768e0) 
thrown [s\open\src\hotspot\share\prims\jni.cpp, line 520]

ZGC Phase Switch (0 events):
No events

VM Operations (20 events):
Event: 133.718 Executing VM operation: HandshakeAllThreads (Deoptimize) done
Event: 133.718 Executing VM operation: Cleanup
Event: 133.718 Executing VM operation: Cleanup done
Event: 134.732 Executing VM operation: Cleanup
Event: 134.732 Executing VM operation: Cleanup done
Event: 135.173 Executing VM operation: G1CollectForAllocation (G1 Evacuation Pause)
Event: 135.181 Executing VM operation: G1CollectForAllocation (G1 Evacuation Pause) done
Event: 136.192 Executing VM operation: Cleanup
Event: 136.192 Executing VM operation: Cleanup done
Event: 137.207 Executing VM operation: Cleanup
Event: 137.207 Executing VM operation: Cleanup done
Event: 138.210 Executing VM operation: Cleanup
Event: 138.210 Executing VM operation: Cleanup done
Event: 180.288 Executing VM operation: HandshakeAllThreads (HandshakeForDeflation)
Event: 180.288 Executing VM operation: HandshakeAllThreads (HandshakeForDeflation) done
Event: 180.288 Executing VM operation: RendezvousGCThreads
Event: 180.288 Executing VM operation: RendezvousGCThreads done
Event: 255.963 Executing VM operation: Cleanup
Event: 255.963 Executing VM operation: Cleanup done
Event: 256.741 Executing VM operation: Exit

Events (20 events):
Event: 0.432 Thread 0x0000021c4547a5c0 Thread added: 0x0000021c4547a5c0
Event: 0.434 Thread 0x0000021c45490480 Thread added: 0x0000021c45490480
Event: 0.437 Thread 0x0000021c454915c0 Thread added: 0x0000021c454915c0
Event: 0.454 Thread 0x0000021c4549b600 Thread added: 0x0000021c4549b600
Event: 0.455 Thread 0x0000021c52000fd0 Thread exited: 0x0000021c52000fd0
Event: 0.455 Thread 0x0000021c52000fd0 Thread added: 0x0000021c52000fd0
Event: 0.606 Thread 0x0000021c454d9b30 Thread added: 0x0000021c454d9b30
Event: 1.043 Thread 0x0000021c46a379b0 Thread added: 0x0000021c46a379b0
Event: 5.617 Thread 0x0000021c454d9b30 Thread exited: 0x0000021c454d9b30
Event: 131.028 Thread 0x0000021c469c8da0 Thread added: 0x0000021c469c8da0
Event: 132.361 Thread 0x0000021c48fe3390 Thread added: 0x0000021c48fe3390
Event: 134.367 Thread 0x0000021c48fe3390 Thread exited: 0x0000021c48fe3390
Event: 135.726 Thread 0x0000021c469c8da0 Thread exited: 0x0000021c469c8da0
Event: 256.625 Thread 0x0000021c490db940 Thread added: 0x0000021c490db940
Event: 256.625 Thread 0x0000021c490dccf0 Thread added: 0x0000021c490dccf0
Event: 256.626 Thread 0x0000021c490dac20 Thread added: 0x0000021c490dac20
Event: 256.637 Thread 0x0000021c454915c0 Thread exited: 0x0000021c454915c0
Event: 256.639 Thread 0x0000021c490dccf0 Thread exited: 0x0000021c490dccf0
Event: 256.646 Thread 0x0000021c490dac20 Thread exited: 0x0000021c490dac20
Event: 256.740 Thread 0x0000021c490db940 Thread exited: 0x0000021c490db940


Dynamic libraries:
0x00007ff7a4440000 - 0x00007ff7a4450000 	C:\Program Files\Java\jdk-22\bin\java.exe
0x00007ffa237d0000 - 0x00007ffa239c8000 	C:\Windows\SYSTEM32\ntdll.dll
0x00007ffa1c3f0000 - 0x00007ffa1c409000 	C:\Program Files\Avast Software\Avast\aswhook.dll
0x00007ffa22580000 - 0x00007ffa2263d000 	C:\Windows\System32\KERNEL32.DLL
0x00007ffa210f0000 - 0x00007ffa213e6000 	C:\Windows\System32\KERNELBASE.dll
0x00007ffa214e0000 - 0x00007ffa215e0000 	C:\Windows\System32\ucrtbase.dll
0x00007ffa1bd70000 - 0x00007ffa1bd87000 	C:\Program Files\Java\jdk-22\bin\jli.dll
0x00007ffa19ae0000 - 0x00007ffa19afb000 	C:\Program Files\Java\jdk-22\bin\VCRUNTIME140.dll
0x00007ffa233c0000 - 0x00007ffa23470000 	C:\Windows\System32\ADVAPI32.dll
0x00007ffa236f0000 - 0x00007ffa2378e000 	C:\Windows\System32\msvcrt.dll
0x00007ffa224a0000 - 0x00007ffa22540000 	C:\Windows\System32\sechost.dll
0x00007ffa22fc0000 - 0x00007ffa230e3000 	C:\Windows\System32\RPCRT4.dll
0x00007ffa21610000 - 0x00007ffa21637000 	C:\Windows\System32\bcrypt.dll
0x00007ffa22e20000 - 0x00007ffa22fbf000 	C:\Windows\System32\USER32.dll
0x00007ffa215e0000 - 0x00007ffa21602000 	C:\Windows\System32\win32u.dll
0x00007ffa11110000 - 0x00007ffa113aa000 	C:\Windows\WinSxS\amd64_microsoft.windows.common-controls_6595b64144ccf1df_6.0.19041.4355_none_60b8b9eb71f62e16\COMCTL32.dll
0x00007ffa22d50000 - 0x00007ffa22d7b000 	C:\Windows\System32\GDI32.dll
0x00007ffa20f20000 - 0x00007ffa21037000 	C:\Windows\System32\gdi32full.dll
0x00007ffa213f0000 - 0x00007ffa2148d000 	C:\Windows\System32\msvcp_win.dll
0x00007ffa0f890000 - 0x00007ffa0f89a000 	C:\Windows\SYSTEM32\VERSION.dll
0x00007ffa22550000 - 0x00007ffa2257f000 	C:\Windows\System32\IMM32.DLL
0x00007ffa1b150000 - 0x00007ffa1b15c000 	C:\Program Files\Java\jdk-22\bin\vcruntime140_1.dll
0x00007ff9efde0000 - 0x00007ff9efe6e000 	C:\Program Files\Java\jdk-22\bin\msvcp140.dll
0x00007ff9eedf0000 - 0x00007ff9efb37000 	C:\Program Files\Java\jdk-22\bin\server\jvm.dll
0x00007ffa227d0000 - 0x00007ffa2283b000 	C:\Windows\System32\WS2_32.dll
0x00007ffa20ce0000 - 0x00007ffa20d2b000 	C:\Windows\SYSTEM32\POWRPROF.dll
0x00007ffa05250000 - 0x00007ffa05277000 	C:\Windows\SYSTEM32\WINMM.dll
0x00007ffa20cc0000 - 0x00007ffa20cd2000 	C:\Windows\SYSTEM32\UMPDC.dll
0x00007ffa1ed10000 - 0x00007ffa1ed22000 	C:\Windows\SYSTEM32\kernel.appcore.dll
0x00007ffa1b0e0000 - 0x00007ffa1b0ea000 	C:\Program Files\Java\jdk-22\bin\jimage.dll
0x00007ffa183b0000 - 0x00007ffa18594000 	C:\Windows\SYSTEM32\DBGHELP.DLL
0x00007ffa18300000 - 0x00007ffa18334000 	C:\Windows\SYSTEM32\dbgcore.DLL
0x00007ffa20e90000 - 0x00007ffa20f12000 	C:\Windows\System32\bcryptPrimitives.dll
0x00007ffa16b90000 - 0x00007ffa16bae000 	C:\Program Files\Java\jdk-22\bin\java.dll
0x00007ffa21c80000 - 0x00007ffa223ec000 	C:\Windows\System32\SHELL32.dll
0x00007ffa22640000 - 0x00007ffa2276b000 	C:\Windows\System32\ole32.dll
0x00007ffa21810000 - 0x00007ffa21b63000 	C:\Windows\System32\combase.dll
0x00007ffa1ef10000 - 0x00007ffa1f6ad000 	C:\Windows\SYSTEM32\windows.storage.dll
0x00007ffa207e0000 - 0x00007ffa2080e000 	C:\Windows\SYSTEM32\Wldp.dll
0x00007ffa23620000 - 0x00007ffa236ed000 	C:\Windows\System32\OLEAUT32.dll
0x00007ffa223f0000 - 0x00007ffa2249d000 	C:\Windows\System32\SHCORE.dll
0x00007ffa23100000 - 0x00007ffa23155000 	C:\Windows\System32\shlwapi.dll
0x00007ffa20dc0000 - 0x00007ffa20de4000 	C:\Windows\SYSTEM32\profapi.dll
0x00007ff9f07d0000 - 0x00007ff9f08a7000 	C:\Program Files\Java\jdk-22\bin\jsvml.dll
0x00007ff9efe70000 - 0x00007ff9efffe000 	C:\Program Files\Java\jdk-22\bin\awt.dll
0x00007ffa1e150000 - 0x00007ffa1e1e0000 	C:\Windows\SYSTEM32\apphelp.dll
0x00007ffa16b30000 - 0x00007ffa16b40000 	C:\Program Files\Java\jdk-22\bin\net.dll
0x00007ffa20540000 - 0x00007ffa205aa000 	C:\Windows\system32\mswsock.dll
0x00007ffa16a90000 - 0x00007ffa16aa6000 	C:\Program Files\Java\jdk-22\bin\nio.dll
0x00007ffa16a20000 - 0x00007ffa16a37000 	C:\Program Files\Java\jdk-22\bin\zip.dll
0x00007ffa1e830000 - 0x00007ffa1e8ce000 	C:\Windows\system32\uxtheme.dll
0x00007ffa232a0000 - 0x00007ffa233b4000 	C:\Windows\System32\MSCTF.dll
0x00007ffa1ea20000 - 0x00007ffa1ea4f000 	C:\Windows\system32\DWMAPI.DLL
0x00007ff9efca0000 - 0x00007ff9efd27000 	C:\Program Files\Java\jdk-22\bin\freetype.dll
0x00007ff9eed10000 - 0x00007ff9eede7000 	C:\Program Files\Java\jdk-22\bin\fontmanager.dll
0x00007ff9fde00000 - 0x00007ff9fdf25000 	C:\Windows\system32\opengl32.dll
0x00007ff9fe410000 - 0x00007ff9fe43c000 	C:\Windows\SYSTEM32\GLU32.dll
0x00007ffa21bd0000 - 0x00007ffa21c79000 	C:\Windows\System32\clbcatq.dll
0x00007ffa1e620000 - 0x00007ffa1e7d4000 	C:\Windows\SYSTEM32\WindowsCodecs.dll
0x00007ffa037f0000 - 0x00007ffa0382e000 	C:\Windows\system32\dataexchange.dll
0x00007ffa1cbc0000 - 0x00007ffa1ce23000 	C:\Windows\system32\d3d11.dll
0x00007ffa1d570000 - 0x00007ffa1d755000 	C:\Windows\system32\dcomp.dll
0x00007ffa1f710000 - 0x00007ffa1f802000 	C:\Windows\system32\dxgi.dll
0x00007ffa1a4d0000 - 0x00007ffa1a6d3000 	C:\Windows\system32\twinapi.appcore.dll
0x00007ffa16130000 - 0x00007ffa16229000 	C:\Windows\SYSTEM32\textinputframework.dll
0x00007ffa1de40000 - 0x00007ffa1df32000 	C:\Windows\System32\CoreMessaging.dll
0x00007ffa1d760000 - 0x00007ffa1dabb000 	C:\Windows\System32\CoreUIComponents.dll
0x00007ffa1ffa0000 - 0x00007ffa1ffd3000 	C:\Windows\SYSTEM32\ntmarta.dll
0x00007ffa1d2c0000 - 0x00007ffa1d417000 	C:\Windows\SYSTEM32\wintypes.dll
0x00007ff99be10000 - 0x00007ff99ef36000 	C:\Users\ELVIS\OneDrive\Documentos\NetBeansProjects\SoftwareReconocimientoFacilUCV\opencv_java481.dll
0x00007ffa1b760000 - 0x00007ffa1b91c000 	C:\Windows\SYSTEM32\MFPlat.DLL
0x00007ffa21490000 - 0x00007ffa214de000 	C:\Windows\System32\cfgmgr32.dll
0x00007ff9d98a0000 - 0x00007ff9d9925000 	C:\Windows\SYSTEM32\MF.dll
0x00007ff9e9800000 - 0x00007ff9e990a000 	C:\Windows\SYSTEM32\MFReadWrite.dll
0x00007ff9dac70000 - 0x00007ff9db0fe000 	C:\Windows\SYSTEM32\MFCORE.DLL
0x00007ffa21640000 - 0x00007ffa2179e000 	C:\Windows\System32\CRYPT32.dll
0x00007ff9dc500000 - 0x00007ff9dc509000 	C:\Windows\SYSTEM32\ksuser.dll
0x00007ffa20730000 - 0x00007ffa2073c000 	C:\Windows\SYSTEM32\CRYPTBASE.DLL
0x00007ffa1b650000 - 0x00007ffa1b686000 	C:\Windows\SYSTEM32\RTWorkQ.DLL
0x00007ffa17890000 - 0x00007ffa178cb000 	C:\Windows\SYSTEM32\dxcore.dll
0x00007ffa1b000000 - 0x00007ffa1b037000 	C:\Windows\SYSTEM32\CompPkgSup.DLL
0x00007ff9da540000 - 0x00007ff9dac66000 	C:\Windows\System32\Windows.Media.dll
0x00007ffa1a6e0000 - 0x00007ffa1a7c9000 	C:\Windows\System32\Windows.ApplicationModel.dll
0x00007ffa1a3b0000 - 0x00007ffa1a4b3000 	C:\Windows\System32\AppXDeploymentClient.dll
0x00007ff9ee7d0000 - 0x00007ff9ee83c000 	C:\Windows\System32\FrameServerClient.dll
0x00007ff9ee760000 - 0x00007ff9ee7c7000 	C:\Windows\System32\MFSENSORGROUP.dll
0x00007ffa1b590000 - 0x00007ffa1b59a000 	C:\Windows\SYSTEM32\AVRT.dll
0x00007ffa19b80000 - 0x00007ffa19b8d000 	C:\Windows\System32\vidcap.ax
0x00007ffa10010000 - 0x00007ffa10037000 	C:\Windows\System32\kswdmcap.ax
0x00007ff9ebaa0000 - 0x00007ff9ebc0c000 	C:\Windows\System32\MFC42.dll
0x00007ffa0c2e0000 - 0x00007ffa0c426000 	C:\Windows\System32\Windows.StateRepositoryPS.dll
0x00007ff9ee470000 - 0x00007ff9ee555000 	C:\Program Files\Intel\Media SDK\mfx_mft_mjpgvd_64.dll
0x00007ffa1c100000 - 0x00007ffa1c1f6000 	C:\Windows\SYSTEM32\PROPSYS.dll
0x00007ff9d91d0000 - 0x00007ff9d939e000 	C:\Windows\SYSTEM32\d3d9.dll
0x00007ffa03ca0000 - 0x00007ffa03cc4000 	C:\Windows\SYSTEM32\dxva2.dll
0x00007ff9eb9e0000 - 0x00007ff9eba9f000 	C:\Windows\SYSTEM32\EVR.dll
0x00007ffa0be00000 - 0x00007ffa0be1d000 	C:\Windows\System32\mfmjpegdec.dll
0x00007ff9db5d0000 - 0x00007ff9db6fd000 	C:\Windows\System32\mfperfhelper.dll
0x00007ff9eb840000 - 0x00007ff9eb9a0000 	C:\Windows\System32\msvproc.dll
0x00007ffa20850000 - 0x00007ffa20879000 	C:\Windows\SYSTEM32\ncrypt.dll
0x00007ffa20810000 - 0x00007ffa2084b000 	C:\Windows\SYSTEM32\NTASN1.dll
0x00007ffa164e0000 - 0x00007ffa1693f000 	C:\Windows\SYSTEM32\igdusc64.dll
0x00007ffa1bd50000 - 0x00007ffa1bd65000 	C:\Windows\SYSTEM32\OpenCL.dll
0x00007ffa0be60000 - 0x00007ffa0bec2000 	C:\Windows\SYSTEM32\IntelOpenCL64.dll
0x00007ff9f1c90000 - 0x00007ff9f1d8d000 	C:\Program Files (x86)\Common Files\Intel\OpenCL\bin\x64\intelocl64.dll
0x00007ffa00a80000 - 0x00007ffa00af6000 	C:\Program Files (x86)\Common Files\Intel\OpenCL\bin\x64\task_executor64.dll
0x00007ff9f8e20000 - 0x00007ff9f8eb5000 	C:\Program Files (x86)\Common Files\Intel\OpenCL\bin\x64\cpu_device64.dll
0x00007ff9f1c20000 - 0x00007ff9f1c89000 	C:\Program Files (x86)\Common Files\Intel\OpenCL\bin\x64\tbb\tbb.dll
0x00007ff9ee870000 - 0x00007ff9eea64000 	C:\Windows\SYSTEM32\igdrcl64.dll
0x00007ff9d0750000 - 0x00007ff9d1d32000 	C:\Windows\SYSTEM32\igdfcl64.dll
0x00007ff9f1bc0000 - 0x00007ff9f1c1f000 	C:\Windows\SYSTEM32\igdbcl64.dll
0x00007ffa04a30000 - 0x00007ffa04a47000 	C:\Windows\system32\napinsp.dll
0x00007ffa04a50000 - 0x00007ffa04a6b000 	C:\Windows\system32\pnrpnsp.dll
0x00007ffa04a70000 - 0x00007ffa04a85000 	C:\Windows\system32\wshbth.dll
0x00007ffa1bed0000 - 0x00007ffa1beed000 	C:\Windows\system32\NLAapi.dll
0x00007ffa20220000 - 0x00007ffa2025b000 	C:\Windows\SYSTEM32\IPHLPAPI.DLL
0x00007ffa20260000 - 0x00007ffa2032a000 	C:\Windows\SYSTEM32\DNSAPI.dll
0x00007ffa230f0000 - 0x00007ffa230f8000 	C:\Windows\System32\NSI.dll
0x00007ffa04ac0000 - 0x00007ffa04ad2000 	C:\Windows\System32\winrnr.dll
0x00007ffa128c0000 - 0x00007ffa128ca000 	C:\Windows\System32\rasadhlp.dll
0x00007ffa12a30000 - 0x00007ffa12ab0000 	C:\Windows\System32\fwpuclnt.dll
0x00007ffa13200000 - 0x00007ffa13209000 	C:\Program Files\Java\jdk-22\bin\extnet.dll
0x00007ffa20740000 - 0x00007ffa20758000 	C:\Windows\SYSTEM32\CRYPTSP.dll
0x00007ffa1fe60000 - 0x00007ffa1fe94000 	C:\Windows\system32\rsaenh.dll
0x00007ffa20d70000 - 0x00007ffa20d9e000 	C:\Windows\SYSTEM32\USERENV.dll
0x00007ffa1b3b0000 - 0x00007ffa1b3be000 	C:\Program Files\Java\jdk-22\bin\sunmscapi.dll

dbghelp: loaded successfully - version: 4.0.5 - missing functions: none
symbol engine: initialized successfully - sym options: 0x614 - pdb path: .;C:\Program Files\Java\jdk-22\bin;C:\Windows\SYSTEM32;C:\Program Files\Avast Software\Avast;C:\Windows\WinSxS\amd64_microsoft.windows.common-controls_6595b64144ccf1df_6.0.19041.4355_none_60b8b9eb71f62e16;C:\Program Files\Java\jdk-22\bin\server;C:\Users\ELVIS\OneDrive\Documentos\NetBeansProjects\SoftwareReconocimientoFacilUCV;C:\Program Files\Intel\Media SDK;C:\Program Files (x86)\Common Files\Intel\OpenCL\bin\x64;C:\Program Files (x86)\Common Files\Intel\OpenCL\bin\x64\tbb

VM Arguments:
java_command: SoftwareAsistencia.Controllers.FaceRecognition
java_class_path (initial): C:\Users\ELVIS\OneDrive\Documentos\NetBeansProjects\SoftwareReconocimientoFacilUCV\target\classes;C:\Users\ELVIS\.m2\repository\com\formdev\flatlaf-intellij-themes\3.4.1\flatlaf-intellij-themes-3.4.1.jar;C:\Users\ELVIS\.m2\repository\com\formdev\flatlaf\3.4.1\flatlaf-3.4.1.jar;C:\Users\ELVIS\.m2\repository\com\toedter\jcalendar\1.4\jcalendar-1.4.jar;C:\Users\ELVIS\.m2\repository\org\netbeans\external\AbsoluteLayout\RELEASE150\AbsoluteLayout-RELEASE150.jar;C:\Users\ELVIS\.m2\repository\com\microsoft\sqlserver\mssql-jdbc\11.2.2.jre11\mssql-jdbc-11.2.2.jre11.jar;C:\Users\ELVIS\.m2\repository\org\openpnp\opencv\4.8.1-0\opencv-4.8.1-0.jar;C:\Users\ELVIS\.m2\repository\com\google\zxing\core\2.0\core-2.0.jar;C:\Users\ELVIS\.m2\repository\com\itextpdf\kernel\7.1.14\kernel-7.1.14.jar;C:\Users\ELVIS\.m2\repository\com\itextpdf\io\7.1.14\io-7.1.14.jar;C:\Users\ELVIS\.m2\repository\org\bouncycastle\bcpkix-jdk15on\1.67\bcpkix-jdk15on-1.67.jar;C:\Users\ELVIS\.m2\repository\org\bouncycastle\bcprov-jdk15on\1.67\bcprov-jdk15on-1.67.jar;C:\Users\ELVIS\.m2\repository\org\slf4j\slf4j-api\1.7.30\slf4j-api-1.7.30.jar;C:\Users\ELVIS\.m2\repository\com\itextpdf\layout\7.1.14\layout-7.1.14.jar
Launcher Type: SUN_STANDARD

[Global flags]
     intx CICompilerCount                          = 3                                         {product} {ergonomic}
     uint ConcGCThreads                            = 1                                         {product} {ergonomic}
     uint G1ConcRefinementThreads                  = 4                                         {product} {ergonomic}
   size_t G1HeapRegionSize                         = 1048576                                   {product} {ergonomic}
   size_t InitialHeapSize                          = 134217728                                 {product} {ergonomic}
   size_t MarkStackSize                            = 4194304                                   {product} {ergonomic}
   size_t MaxHeapSize                              = 2124414976                                {product} {ergonomic}
   size_t MaxNewSize                               = 1274019840                                {product} {ergonomic}
   size_t MinHeapDeltaBytes                        = 1048576                                   {product} {ergonomic}
   size_t MinHeapSize                              = 8388608                                   {product} {ergonomic}
    uintx NonNMethodCodeHeapSize                   = 5832780                                {pd product} {ergonomic}
    uintx NonProfiledCodeHeapSize                  = 122912730                              {pd product} {ergonomic}
    uintx ProfiledCodeHeapSize                     = 122912730                              {pd product} {ergonomic}
    uintx ReservedCodeCacheSize                    = 251658240                              {pd product} {ergonomic}
     bool SegmentedCodeCache                       = true                                      {product} {ergonomic}
   size_t SoftMaxHeapSize                          = 2124414976                             {manageable} {ergonomic}
     bool UseCompressedOops                        = true                           {product lp64_product} {ergonomic}
     bool UseG1GC                                  = true                                      {product} {ergonomic}
     bool UseLargePagesIndividualAllocation        = false                                  {pd product} {ergonomic}

Logging:
Log output configuration:
 #0: stdout all=off uptime,level,tags foldmultilines=false
 #1: stderr all=off uptime,level,tags foldmultilines=false

Environment Variables:
JAVA_HOME=C:\Program Files\Java\jdk-22
PATH=C:\Program Files\Common Files\Oracle\Java\javapath;C:\Program Files\Microsoft MPI\Bin\;C:\Windows\system32;C:\Windows;C:\Windows\System32\Wbem;C:\Windows\System32\WindowsPowerShell\v1.0\;C:\Windows\System32\OpenSSH\;C:\Program Files (x86)\Microsoft SQL Server\160\Tools\Binn\;C:\Program Files\Microsoft SQL Server\160\Tools\Binn\;C:\Program Files\Microsoft SQL Server\Client SDK\ODBC\170\Tools\Binn\;C:\Program Files\Microsoft SQL Server\160\DTS\Binn\;C:\Program Files (x86)\Microsoft SQL Server\160\DTS\Binn\;C:\Program Files\Git\cmd;C:\Program Files\nodejs\;C:\Users\ELVIS\AppData\Local\Programs\Python\Python312\Scripts\;C:\Users\ELVIS\AppData\Local\Programs\Python\Python312\;C:\Users\ELVIS\AppData\Local\Microsoft\WindowsApps;C:\Users\ELVIS\AppData\Local\Programs\Microsoft VS Code\bin;C:\Users\ELVIS\AppData\Roaming\npm
USERNAME=ELVIS
OS=Windows_NT
PROCESSOR_IDENTIFIER=Intel64 Family 6 Model 58 Stepping 9, GenuineIntel
TMP=C:\Users\ELVIS\AppData\Local\Temp
TEMP=C:\Users\ELVIS\AppData\Local\Temp




Periodic native trim disabled

---------------  S Y S T E M  ---------------

OS:
 Windows 10 , 64 bit Build 19041 (10.0.19041.3636)
OS uptime: 0 days 2:50 hours

CPU: total 4 (initial active 4) (2 cores per cpu, 2 threads per core) family 6 model 58 stepping 9 microcode 0x21, cx8, cmov, fxsr, ht, mmx, sse, sse2, sse3, ssse3, sse4.1, sse4.2, popcnt, tsc, tscinvbit, avx, aes, erms, clmul, vzeroupper, clflush, rdtscp, f16c
Processor Information for all 4 processors :
  Max Mhz: 1801, Current Mhz: 1801, Mhz Limit: 1801

Memory: 4k page, system-wide physical 8097M (2819M free)
TotalPageFile size 13729M (AvailPageFile size 6980M)
current process WorkingSet (physical memory assigned to process): 146M, peak: 192M
current process commit charge ("private bytes"): 267M, peak: 316M

vm_info: Java HotSpot(TM) 64-Bit Server VM (22.0.1+8-16) for windows-amd64 JRE (22.0.1+8-16), built on 2024-03-12T10:33:16Z by "mach5one" with MS VC++ 17.6 (VS2022)

END.
