#
# A fatal error has been detected by the Java Runtime Environment:
#
#  EXCEPTION_ACCESS_VIOLATION (0xc0000005) at pc=0x00007ffc325dfaad, pid=10660, tid=3276
#
# JRE version: Java(TM) SE Runtime Environment (22.0.1+8) (build 22.0.1+8-16)
# Java VM: Java HotSpot(TM) 64-Bit Server VM (22.0.1+8-16, mixed mode, sharing, tiered, compressed oops, compressed class ptrs, g1 gc, windows-amd64)
# Problematic frame:
# C  [ntdll.dll+0x2faad]
#
# No core dump will be written. Minidumps are not enabled by default on client versions of Windows
#
# If you would like to submit a bug report, please visit:
#   https://bugreport.java.com/bugreport/crash.jsp
#

---------------  S U M M A R Y ------------

Command Line: SoftwareAsistencia.SoftwareMatriculaAppliation

Host: Intel(R) Core(TM) i5-3337U CPU @ 1.80GHz, 4 cores, 7G,  Windows 10 , 64 bit Build 19041 (10.0.19041.3636)
Time: Sun Jun 30 11:53:44 2024 Hora est. Pacífico, Sudamérica elapsed time: 57.462010 seconds (0d 0h 0m 57s)

---------------  T H R E A D  ---------------

Current thread (0x0000021d7f399020):  VMThread "VM Thread"          [id=3276, stack(0x000000e525b00000,0x000000e525c00000) (1024K)]

Stack: [0x000000e525b00000,0x000000e525c00000],  sp=0x000000e525bfecb0,  free space=1019k
Native frames: (J=compiled Java code, j=interpreted, Vv=VM code, C=native code)
C  [ntdll.dll+0x2faad]  (no source info available)
C  [igdrcl64.dll+0x36542]  (no source info available)
C  [igdrcl64.dll+0x31145]  (no source info available)
C  [opencv_java481.dll+0x170c109]  (no source info available)
C  [opencv_java481.dll+0x16f4071]  (no source info available)
C  [opencv_java481.dll+0x253c670]  (no source info available)
C  [opencv_java481.dll+0x2457fdf]  (no source info available)
C  [opencv_java481.dll+0x2457d8d]  (no source info available)
C  [opencv_java481.dll+0x24580b1]  (no source info available)
C  [opencv_java481.dll+0x244fda7]  (no source info available)
C  [opencv_java481.dll+0x244fd25]  (no source info available)
C  [opencv_java481.dll+0x244feab]  (no source info available)
C  [opencv_java481.dll+0x2409f7f]  (no source info available)
C  [opencv_java481.dll+0x2409c79]  (no source info available)
C  [opencv_java481.dll+0x2409d9e]  (no source info available)
C  [ntdll.dll+0x19a1d]  (no source info available)
C  [ntdll.dll+0x5f1da]  (no source info available)
C  [ntdll.dll+0x5ef8d]  (no source info available)
C  [KERNEL32.DLL+0x1e3bb]  (no source info available)
C  [ucrtbase.dll+0x205bc]  (no source info available)
C  [ucrtbase.dll+0x2045f]  (no source info available)
V  [jvm.dll+0x6db40b]  (no source info available)
V  [jvm.dll+0x6daf40]  (no source info available)
V  [jvm.dll+0x3e1ea4]  (no source info available)
V  [jvm.dll+0x87d7d0]  (no source info available)
V  [jvm.dll+0x87eb57]  (no source info available)
V  [jvm.dll+0x87f0d0]  (no source info available)
V  [jvm.dll+0x87f373]  (no source info available)
V  [jvm.dll+0x81d44b]  (no source info available)
V  [jvm.dll+0x6e0915]  (no source info available)
C  [ucrtbase.dll+0x21bb2]  (no source info available)
C  [KERNEL32.DLL+0x17344]  (no source info available)
C  [ntdll.dll+0x4cc91]  (no source info available)


siginfo: EXCEPTION_ACCESS_VIOLATION (0xc0000005), writing address 0x0000000000000018


Registers:
RAX=0x000000e524ea9000, RBX=0x0000000000000000, RCX=0x0000000000000010, RDX=0x0000021d49bc8100
RSP=0x000000e525bfecb0, RBP=0x0000021d494b08f8, RSI=0x0000000000000010, RDI=0x0000021d49bc8100
R8 =0x0000000000000032, R9 =0x0000000000000032, R10=0x0000000000000032, R11=0x000000e525bfecf0
R12=0x00007ffbb75d9dec, R13=0x00007ffc01ae3b20, R14=0x0000be0f113ecd24, R15=0x0000021d494b01c0
RIP=0x00007ffc325dfaad, EFLAGS=0x0000000000010202


Register to memory mapping:

RAX=0x000000e524ea9000 points into unknown readable memory: 0x0000000000000000 | 00 00 00 00 00 00 00 00
RBX=0x0 is null
RCX=0x0000000000000010 is an unknown value
RDX=0x0000021d49bc8100 points into unknown readable memory: 0x00007ffbc28bffa0 | a0 ff 8b c2 fb 7f 00 00
RSP=0x000000e525bfecb0 points into unknown readable memory: 0x0000021d632c0000 | 00 00 2c 63 1d 02 00 00
RBP=0x0000021d494b08f8 points into unknown readable memory: 0x0000be0f113ecd24 | 24 cd 3e 11 0f be 00 00
RSI=0x0000000000000010 is an unknown value
RDI=0x0000021d49bc8100 points into unknown readable memory: 0x00007ffbc28bffa0 | a0 ff 8b c2 fb 7f 00 00
R8 =0x0000000000000032 is an unknown value
R9 =0x0000000000000032 is an unknown value
R10=0x0000000000000032 is an unknown value
R11=0x000000e525bfecf0 points into unknown readable memory: 0x0000be0f113ecd24 | 24 cd 3e 11 0f be 00 00
R12=0x00007ffbb75d9dec opencv_java481.dll
R13=0x00007ffc01ae3b20 jvm.dll
R14=0x0000be0f113ecd24 is an unknown value
R15=0x0000021d494b01c0 points into unknown readable memory: 0x75d93f0f1139329f | 9f 32 39 11 0f 3f d9 75

Top of Stack: (sp=0x000000e525bfecb0)
0x000000e525bfecb0:   0000021d632c0000 0000be0f113ecd24
0x000000e525bfecc0:   00007ffc01ae3b20 00007ffbb75d9dec
0x000000e525bfecd0:   0000021d47214560 00007ffbc2716542
0x000000e525bfece0:   0000beea348126b4 0000be0f0000001b
0x000000e525bfecf0:   0000be0f113ecd24 0000021d488edd90
0x000000e525bfed00:   0000021d47365070 00007ffbc2711145
0x000000e525bfed10:   0000021d632c0000 0000021d49bc8100
0x000000e525bfed20:   000000e525bfeea0 0000000000000000
0x000000e525bfed30:   0000021d488edd90 00007ffbb68dc109
0x000000e525bfed40:   0000021d47365340 0000be0f113ecd24
0x000000e525bfed50:   00007ffc01ae3b20 00007ffbb75d9dec
0x000000e525bfed60:   0000021d4738ab40 00007ffc325d47b1
0x000000e525bfed70:   0000021d47365340 0000021d63300000
0x000000e525bfed80:   0000021d494b08f8 0000000000000000
0x000000e525bfed90:   0000000000000000 0000beea34812064
0x000000e525bfeda0:   0000021d488edd90 00007ffbb68c4071
0x000000e525bfedb0:   00007ffbb818fd48 0000021d488edd80
0x000000e525bfedc0:   0000021d49bb5750 0000021d4738ac10
0x000000e525bfedd0:   00000000ffffffff 00007ffbb770c670
0x000000e525bfede0:   0000021d488edd90 0000021d488edd80
0x000000e525bfedf0:   000000e525bfeea0 0000021d48920f30
0x000000e525bfee00:   0000021d494b08e0 00007ffbb7627fdf
0x000000e525bfee10:   0000021d494b01c0 00007ffc325b0000
0x000000e525bfee20:   00007ffc26457b10 00007ffc2fcd97b1
0x000000e525bfee30:   0000000000000001 00007ffbb51d0000
0x000000e525bfee40:   000000e525bfeea0 00007ffbb7627d8d
0x000000e525bfee50:   000000e525bfeed0 000000e525bfef70
0x000000e525bfee60:   0000000000000001 00007ffc325d47b1
0x000000e525bfee70:   000000e525bfef50 00007ffbb76280b1
0x000000e525bfee80:   000000e525bfef50 0000000000000000
0x000000e525bfee90:   0000000000000000 000000e525bfeed0
0x000000e525bfeea0:   000000e525bfeec0 00007ffc301ff05b 

Instructions: (pc=0x00007ffc325dfaad)
0x00007ffc325df9ad:   48 b8 7f 7f 7f 7f 7f 7f 7f 7f 41 8b c8 48 0b cb
0x00007ffc325df9bd:   48 23 c8 83 e6 1f 49 89 8c f4 40 a5 16 00 48 81
0x00007ffc325df9cd:   c4 98 00 00 00 41 5f 41 5e 41 5d 41 5c 5f 5e 5b
0x00007ffc325df9dd:   5d c3 cc 33 d2 41 8b c6 41 f7 f0 44 8b c8 e9 d6
0x00007ffc325df9ed:   fc ff ff 41 8d 57 ff 41 85 d7 0f 84 a3 3d 08 00
0x00007ffc325df9fd:   41 b8 00 10 00 00 41 b9 ff ff 00 00 e9 cc 3d 08
0x00007ffc325dfa0d:   00 cc cc cc cc cc cc 48 8b c4 48 89 58 08 48 89
0x00007ffc325dfa1d:   68 10 48 89 70 18 48 89 78 20 41 56 48 83 ec 20
0x00007ffc325dfa2d:   40 8a ea 4c 8d 35 99 d1 13 00 48 8b f1 33 db 48
0x00007ffc325dfa3d:   8d 0d 9d d1 13 00 e8 58 00 00 00 4c 8b 05 81 d1
0x00007ffc325dfa4d:   13 00 4d 3b c6 0f 85 98 40 08 00 48 85 db 75 33
0x00007ffc325dfa5d:   48 8d 0d 7c d1 13 00 e8 c7 f7 ff ff 48 85 db 0f
0x00007ffc325dfa6d:   85 b3 40 08 00 33 c0 48 8b 5c 24 30 48 8b 6c 24
0x00007ffc325dfa7d:   38 48 8b 74 24 40 48 8b 7c 24 48 48 83 c4 20 41
0x00007ffc325dfa8d:   5e c3 cc f0 ff 43 3c eb c7 cc cc cc cc cc cc cc
0x00007ffc325dfa9d:   cc cc cc 48 83 ec 28 65 48 8b 04 25 30 00 00 00
0x00007ffc325dfaad:   f0 0f ba 71 08 00 48 8b 40 48 73 13 48 89 41 10
0x00007ffc325dfabd:   33 c0 c7 41 0c 01 00 00 00 48 83 c4 28 c3 cc 48
0x00007ffc325dfacd:   39 41 10 75 0b ff 41 0c 33 c0 48 83 c4 28 c3 cc
0x00007ffc325dfadd:   e8 0e 00 00 00 eb e2 cc cc cc cc cc cc cc cc cc
0x00007ffc325dfaed:   cc cc cc 48 89 5c 24 18 55 56 57 41 54 41 55 41
0x00007ffc325dfafd:   56 41 57 48 83 ec 20 8b 41 20 48 8b f1 48 0f ba
0x00007ffc325dfb0d:   e0 1a 0f 82 df 01 00 00 33 ff 40 32 ed 66 83 3c
0x00007ffc325dfb1d:   25 6a 03 fe 7f 01 76 19 48 8b 7e 20 48 8b c7 81
0x00007ffc325dfb2d:   e7 ff ff ff 00 25 00 00 00 02 48 85 c0 40 0f 95
0x00007ffc325dfb3d:   c5 45 32 ff b0 01 45 32 e4 41 bd 01 00 00 00 45
0x00007ffc325dfb4d:   33 c0 ba 6a 03 fe 7f 84 c0 0f 84 14 01 00 00 8b
0x00007ffc325dfb5d:   46 08 4c 8d 4e 08 45 84 e4 41 be 03 00 00 00 45
0x00007ffc325dfb6d:   0f 44 f5 41 84 c5 0f 85 e2 00 00 00 8d 0c bf 03
0x00007ffc325dfb7d:   c9 66 44 39 2a 0f 86 e8 00 00 00 4d 85 c9 74 0e
0x00007ffc325dfb8d:   80 3c 25 97 02 fe 7f 00 0f 85 b9 3f 08 00 0f b7
0x00007ffc325dfb9d:   1c 25 d6 02 fe 7f 83 fb 0c 0f 85 a2 00 00 00 b8 


Stack slot to memory mapping:

stack at sp + 0 slots: 0x0000021d632c0000 points into unknown readable memory: 0x0000000000000000 | 00 00 00 00 00 00 00 00
stack at sp + 1 slots: 0x0000be0f113ecd24 is an unknown value
stack at sp + 2 slots: 0x00007ffc01ae3b20 jvm.dll
stack at sp + 3 slots: 0x00007ffbb75d9dec opencv_java481.dll
stack at sp + 4 slots: 0x0000021d47214560 points into unknown readable memory: 0x005c003f003f005c | 5c 00 3f 00 3f 00 5c 00
stack at sp + 5 slots: 0x00007ffbc2716542 igdrcl64.dll
stack at sp + 6 slots: 0x0000beea348126b4 is an unknown value
stack at sp + 7 slots: 0x0000be0f0000001b is an unknown value

VM_Operation (0x000000e5269fe9c0): Exit, mode: safepoint, requested by thread 0x0000021d474780c0


---------------  P R O C E S S  ---------------

Threads class SMR info:
_java_thread_list=0x0000021d4a34bd00, length=14, elements={
0x0000021d7f3b8a10, 0x0000021d7f3b9730, 0x0000021d7f3bc5b0, 0x0000021d7f3c7100,
0x0000021d7f3d4650, 0x0000021d7f3d53e0, 0x0000021d7f3d5e90, 0x0000021d47233130,
0x0000021d47238fe0, 0x0000021d474d44c0, 0x0000021d474de1f0, 0x0000021d474780c0,
0x0000021d633356f0, 0x0000021d486d3e90
}

Java Threads: ( => current thread )
  0x0000021d7f3b8a10 JavaThread "Reference Handler"          daemon [_thread_blocked, id=3644, stack(0x000000e525c00000,0x000000e525d00000) (1024K)]
  0x0000021d7f3b9730 JavaThread "Finalizer"                  daemon [_thread_blocked, id=1208, stack(0x000000e525d00000,0x000000e525e00000) (1024K)]
  0x0000021d7f3bc5b0 JavaThread "Attach Listener"            daemon [_thread_blocked, id=11792, stack(0x000000e525f00000,0x000000e526000000) (1024K)]
  0x0000021d7f3c7100 JavaThread "Service Thread"             daemon [_thread_blocked, id=10764, stack(0x000000e526000000,0x000000e526100000) (1024K)]
  0x0000021d7f3d4650 JavaThread "Monitor Deflation Thread"   daemon [_thread_blocked, id=10680, stack(0x000000e526100000,0x000000e526200000) (1024K)]
  0x0000021d7f3d53e0 JavaThread "C2 CompilerThread0"         daemon [_thread_blocked, id=5188, stack(0x000000e526200000,0x000000e526300000) (1024K)]
  0x0000021d7f3d5e90 JavaThread "C1 CompilerThread0"         daemon [_thread_blocked, id=4040, stack(0x000000e526300000,0x000000e526400000) (1024K)]
  0x0000021d47233130 JavaThread "Notification Thread"        daemon [_thread_blocked, id=3796, stack(0x000000e526400000,0x000000e526500000) (1024K)]
  0x0000021d47238fe0 JavaThread "Common-Cleaner"             daemon [_thread_blocked, id=2044, stack(0x000000e526500000,0x000000e526600000) (1024K)]
  0x0000021d474d44c0 JavaThread "Java2D Disposer"            daemon [_thread_blocked, id=11916, stack(0x000000e526600000,0x000000e526700000) (1024K)]
  0x0000021d474de1f0 JavaThread "AWT-Shutdown"                      [_thread_blocked, id=8768, stack(0x000000e526700000,0x000000e526800000) (1024K)]
  0x0000021d474780c0 JavaThread "AWT-EventQueue-0"                  [_thread_blocked, id=10260, stack(0x000000e526900000,0x000000e526a00000) (1024K)]
  0x0000021d633356f0 JavaThread "DestroyJavaVM"                     [_thread_blocked, id=10900, stack(0x000000e525400000,0x000000e525500000) (1024K)]
  0x0000021d486d3e90 JavaThread "TimerQueue"                 daemon [_thread_blocked, id=4432, stack(0x000000e527100000,0x000000e527200000) (1024K)]
Total: 14

Other Threads:
=>0x0000021d7f399020 VMThread "VM Thread"                           [id=3276, stack(0x000000e525b00000,0x000000e525c00000) (1024K)]
  0x0000021d634d0080 WorkerThread "GC Thread#0"                     [id=8184, stack(0x000000e525500000,0x000000e525600000) (1024K)]
  0x0000021d488b2fb0 WorkerThread "GC Thread#1"                     [id=2916, stack(0x000000e526e00000,0x000000e526f00000) (1024K)]
  0x0000021d488b3360 WorkerThread "GC Thread#2"                     [id=11356, stack(0x000000e526f00000,0x000000e527000000) (1024K)]
  0x0000021d488bb720 WorkerThread "GC Thread#3"                     [id=11248, stack(0x000000e527000000,0x000000e527100000) (1024K)]
  0x0000021d634e48d0 ConcurrentGCThread "G1 Main Marker"            terminated
  0x0000021d634e5a90 WorkerThread "G1 Conc#0"                       [id=9848, stack(0x000000e525700000,0x000000e525800000) (1024K)]
  0x0000021d6353dff0 ConcurrentGCThread "G1 Refine#0"               terminated
  0x0000021d6353e980 ConcurrentGCThread "G1 Service"                terminated
Total: 9

Threads with active compile tasks:
Total: 0

VM state: at safepoint (shutting down)

VM Mutex/Monitor currently owned by a thread:  ([mutex/lock_event])
[0x00007ffc01abbbb8] Threads_lock - owner thread: 0x0000021d7f399020
[0x00007ffc01abbcb8] Heap_lock - owner thread: 0x0000021d474780c0

Heap address: 0x0000000081600000, size: 2026 MB, Compressed Oops mode: 32-bit

CDS archive(s) mapped at: [0x0000021d02000000-0x0000021d02c60000-0x0000021d02c60000), size 12976128, SharedBaseAddress: 0x0000021d02000000, ArchiveRelocationMode: 1.
Compressed class space mapped at: 0x0000021d03000000-0x0000021d43000000, reserved size: 1073741824
Narrow klass base: 0x0000021d02000000, Narrow klass shift: 0, Narrow klass range: 0x41000000

GC Precious Log:
 CardTable entry size: 512
 Card Set container configuration: InlinePtr #cards 5 size 8 Array Of Cards #cards 12 size 40 Howl #buckets 4 coarsen threshold 1843 Howl Bitmap #cards 512 size 80 coarsen threshold 460 Card regions per heap region 1 cards per card region 2048
 CPUs: 4 total, 4 available
 Memory: 8097M
 Large Page Support: Disabled
 NUMA Support: Disabled
 Compressed Oops: Enabled (32-bit)
 Heap Region Size: 1M
 Heap Min Capacity: 8M
 Heap Initial Capacity: 128M
 Heap Max Capacity: 2026M
 Pre-touch: Disabled
 Parallel Workers: 4
 Concurrent Workers: 1
 Concurrent Refinement Workers: 4
 Periodic GC: Disabled

Heap:
 garbage-first heap   total reserved 2074624K, committed 131072K, used 38891K [0x0000000081600000, 0x0000000100000000)
  region size 1024K, 30 young (30720K), 2 survivors (2048K)
 Metaspace       used 20410K, committed 20672K, reserved 1114112K
  class space    used 2113K, committed 2240K, reserved 1048576K

Heap Regions: E=young(eden), S=young(survivor), O=old, HS=humongous(starts), HC=humongous(continues), CS=collection set, F=free, TAMS=top-at-mark-start, PB=parsable bottom
|   0|0x0000000081600000, 0x0000000081700000, 0x0000000081700000|100%| O|  |TAMS 0x0000000081600000| PB 0x0000000081600000| Untracked |  0
|   1|0x0000000081700000, 0x0000000081800000, 0x0000000081800000|100%| O|  |TAMS 0x0000000081700000| PB 0x0000000081700000| Untracked |  0
|   2|0x0000000081800000, 0x0000000081900000, 0x0000000081900000|100%| O|  |TAMS 0x0000000081800000| PB 0x0000000081800000| Untracked |  0
|   3|0x0000000081900000, 0x0000000081a00000, 0x0000000081a00000|100%| O|  |TAMS 0x0000000081900000| PB 0x0000000081900000| Untracked |  0
|   4|0x0000000081a00000, 0x0000000081b00000, 0x0000000081b00000|100%|HS|  |TAMS 0x0000000081a00000| PB 0x0000000081a00000| Complete |  0
|   5|0x0000000081b00000, 0x0000000081c00000, 0x0000000081c00000|100%|HC|  |TAMS 0x0000000081b00000| PB 0x0000000081b00000| Complete |  0
|   6|0x0000000081c00000, 0x0000000081d00000, 0x0000000081d00000|100%|HC|  |TAMS 0x0000000081c00000| PB 0x0000000081c00000| Complete |  0
|   7|0x0000000081d00000, 0x0000000081dfaff8, 0x0000000081e00000| 98%| O|  |TAMS 0x0000000081d00000| PB 0x0000000081d00000| Untracked |  0
|   8|0x0000000081e00000, 0x0000000081f00000, 0x0000000081f00000|100%|HS|  |TAMS 0x0000000081e00000| PB 0x0000000081e00000| Complete |  0
|   9|0x0000000081f00000, 0x0000000082000000, 0x0000000082000000|100%|HC|  |TAMS 0x0000000081f00000| PB 0x0000000081f00000| Complete |  0
|  10|0x0000000082000000, 0x0000000082000000, 0x0000000082100000|  0%| F|  |TAMS 0x0000000082000000| PB 0x0000000082000000| Untracked |  0
|  11|0x0000000082100000, 0x0000000082100000, 0x0000000082200000|  0%| F|  |TAMS 0x0000000082100000| PB 0x0000000082100000| Untracked |  0
|  12|0x0000000082200000, 0x0000000082200000, 0x0000000082300000|  0%| F|  |TAMS 0x0000000082200000| PB 0x0000000082200000| Untracked |  0
|  13|0x0000000082300000, 0x0000000082300000, 0x0000000082400000|  0%| F|  |TAMS 0x0000000082300000| PB 0x0000000082300000| Untracked |  0
|  14|0x0000000082400000, 0x0000000082400000, 0x0000000082500000|  0%| F|  |TAMS 0x0000000082400000| PB 0x0000000082400000| Untracked |  0
|  15|0x0000000082500000, 0x0000000082500000, 0x0000000082600000|  0%| F|  |TAMS 0x0000000082500000| PB 0x0000000082500000| Untracked |  0
|  16|0x0000000082600000, 0x0000000082600000, 0x0000000082700000|  0%| F|  |TAMS 0x0000000082600000| PB 0x0000000082600000| Untracked |  0
|  17|0x0000000082700000, 0x0000000082700000, 0x0000000082800000|  0%| F|  |TAMS 0x0000000082700000| PB 0x0000000082700000| Untracked |  0
|  18|0x0000000082800000, 0x0000000082800000, 0x0000000082900000|  0%| F|  |TAMS 0x0000000082800000| PB 0x0000000082800000| Untracked |  0
|  19|0x0000000082900000, 0x0000000082900000, 0x0000000082a00000|  0%| F|  |TAMS 0x0000000082900000| PB 0x0000000082900000| Untracked |  0
|  20|0x0000000082a00000, 0x0000000082a00000, 0x0000000082b00000|  0%| F|  |TAMS 0x0000000082a00000| PB 0x0000000082a00000| Untracked |  0
|  21|0x0000000082b00000, 0x0000000082b00000, 0x0000000082c00000|  0%| F|  |TAMS 0x0000000082b00000| PB 0x0000000082b00000| Untracked |  0
|  22|0x0000000082c00000, 0x0000000082c00000, 0x0000000082d00000|  0%| F|  |TAMS 0x0000000082c00000| PB 0x0000000082c00000| Untracked |  0
|  23|0x0000000082d00000, 0x0000000082d00000, 0x0000000082e00000|  0%| F|  |TAMS 0x0000000082d00000| PB 0x0000000082d00000| Untracked |  0
|  24|0x0000000082e00000, 0x0000000082e00000, 0x0000000082f00000|  0%| F|  |TAMS 0x0000000082e00000| PB 0x0000000082e00000| Untracked |  0
|  25|0x0000000082f00000, 0x0000000082f00000, 0x0000000083000000|  0%| F|  |TAMS 0x0000000082f00000| PB 0x0000000082f00000| Untracked |  0
|  26|0x0000000083000000, 0x0000000083000000, 0x0000000083100000|  0%| F|  |TAMS 0x0000000083000000| PB 0x0000000083000000| Untracked |  0
|  27|0x0000000083100000, 0x0000000083100000, 0x0000000083200000|  0%| F|  |TAMS 0x0000000083100000| PB 0x0000000083100000| Untracked |  0
|  28|0x0000000083200000, 0x0000000083200000, 0x0000000083300000|  0%| F|  |TAMS 0x0000000083200000| PB 0x0000000083200000| Untracked |  0
|  29|0x0000000083300000, 0x0000000083300000, 0x0000000083400000|  0%| F|  |TAMS 0x0000000083300000| PB 0x0000000083300000| Untracked |  0
|  30|0x0000000083400000, 0x0000000083400000, 0x0000000083500000|  0%| F|  |TAMS 0x0000000083400000| PB 0x0000000083400000| Untracked |  0
|  31|0x0000000083500000, 0x0000000083500000, 0x0000000083600000|  0%| F|  |TAMS 0x0000000083500000| PB 0x0000000083500000| Untracked |  0
|  32|0x0000000083600000, 0x0000000083600000, 0x0000000083700000|  0%| F|  |TAMS 0x0000000083600000| PB 0x0000000083600000| Untracked |  0
|  33|0x0000000083700000, 0x0000000083700000, 0x0000000083800000|  0%| F|  |TAMS 0x0000000083700000| PB 0x0000000083700000| Untracked |  0
|  34|0x0000000083800000, 0x0000000083800000, 0x0000000083900000|  0%| F|  |TAMS 0x0000000083800000| PB 0x0000000083800000| Untracked |  0
|  35|0x0000000083900000, 0x0000000083900000, 0x0000000083a00000|  0%| F|  |TAMS 0x0000000083900000| PB 0x0000000083900000| Untracked |  0
|  36|0x0000000083a00000, 0x0000000083a00000, 0x0000000083b00000|  0%| F|  |TAMS 0x0000000083a00000| PB 0x0000000083a00000| Untracked |  0
|  37|0x0000000083b00000, 0x0000000083b00000, 0x0000000083c00000|  0%| F|  |TAMS 0x0000000083b00000| PB 0x0000000083b00000| Untracked |  0
|  38|0x0000000083c00000, 0x0000000083c00000, 0x0000000083d00000|  0%| F|  |TAMS 0x0000000083c00000| PB 0x0000000083c00000| Untracked |  0
|  39|0x0000000083d00000, 0x0000000083d00000, 0x0000000083e00000|  0%| F|  |TAMS 0x0000000083d00000| PB 0x0000000083d00000| Untracked |  0
|  40|0x0000000083e00000, 0x0000000083e00000, 0x0000000083f00000|  0%| F|  |TAMS 0x0000000083e00000| PB 0x0000000083e00000| Untracked |  0
|  41|0x0000000083f00000, 0x0000000083f00000, 0x0000000084000000|  0%| F|  |TAMS 0x0000000083f00000| PB 0x0000000083f00000| Untracked |  0
|  42|0x0000000084000000, 0x0000000084000000, 0x0000000084100000|  0%| F|  |TAMS 0x0000000084000000| PB 0x0000000084000000| Untracked |  0
|  43|0x0000000084100000, 0x0000000084100000, 0x0000000084200000|  0%| F|  |TAMS 0x0000000084100000| PB 0x0000000084100000| Untracked |  0
|  44|0x0000000084200000, 0x0000000084200000, 0x0000000084300000|  0%| F|  |TAMS 0x0000000084200000| PB 0x0000000084200000| Untracked |  0
|  45|0x0000000084300000, 0x0000000084300000, 0x0000000084400000|  0%| F|  |TAMS 0x0000000084300000| PB 0x0000000084300000| Untracked |  0
|  46|0x0000000084400000, 0x0000000084400000, 0x0000000084500000|  0%| F|  |TAMS 0x0000000084400000| PB 0x0000000084400000| Untracked |  0
|  47|0x0000000084500000, 0x0000000084500000, 0x0000000084600000|  0%| F|  |TAMS 0x0000000084500000| PB 0x0000000084500000| Untracked |  0
|  48|0x0000000084600000, 0x0000000084600000, 0x0000000084700000|  0%| F|  |TAMS 0x0000000084600000| PB 0x0000000084600000| Untracked |  0
|  49|0x0000000084700000, 0x0000000084700000, 0x0000000084800000|  0%| F|  |TAMS 0x0000000084700000| PB 0x0000000084700000| Untracked |  0
|  50|0x0000000084800000, 0x0000000084800000, 0x0000000084900000|  0%| F|  |TAMS 0x0000000084800000| PB 0x0000000084800000| Untracked |  0
|  51|0x0000000084900000, 0x0000000084900000, 0x0000000084a00000|  0%| F|  |TAMS 0x0000000084900000| PB 0x0000000084900000| Untracked |  0
|  52|0x0000000084a00000, 0x0000000084a00000, 0x0000000084b00000|  0%| F|  |TAMS 0x0000000084a00000| PB 0x0000000084a00000| Untracked |  0
|  53|0x0000000084b00000, 0x0000000084b00000, 0x0000000084c00000|  0%| F|  |TAMS 0x0000000084b00000| PB 0x0000000084b00000| Untracked |  0
|  54|0x0000000084c00000, 0x0000000084c00000, 0x0000000084d00000|  0%| F|  |TAMS 0x0000000084c00000| PB 0x0000000084c00000| Untracked |  0
|  55|0x0000000084d00000, 0x0000000084d00000, 0x0000000084e00000|  0%| F|  |TAMS 0x0000000084d00000| PB 0x0000000084d00000| Untracked |  0
|  56|0x0000000084e00000, 0x0000000084e00000, 0x0000000084f00000|  0%| F|  |TAMS 0x0000000084e00000| PB 0x0000000084e00000| Untracked |  0
|  57|0x0000000084f00000, 0x0000000084f00000, 0x0000000085000000|  0%| F|  |TAMS 0x0000000084f00000| PB 0x0000000084f00000| Untracked |  0
|  58|0x0000000085000000, 0x0000000085000000, 0x0000000085100000|  0%| F|  |TAMS 0x0000000085000000| PB 0x0000000085000000| Untracked |  0
|  59|0x0000000085100000, 0x0000000085100000, 0x0000000085200000|  0%| F|  |TAMS 0x0000000085100000| PB 0x0000000085100000| Untracked |  0
|  60|0x0000000085200000, 0x0000000085200000, 0x0000000085300000|  0%| F|  |TAMS 0x0000000085200000| PB 0x0000000085200000| Untracked |  0
|  61|0x0000000085300000, 0x0000000085300000, 0x0000000085400000|  0%| F|  |TAMS 0x0000000085300000| PB 0x0000000085300000| Untracked |  0
|  62|0x0000000085400000, 0x0000000085400000, 0x0000000085500000|  0%| F|  |TAMS 0x0000000085400000| PB 0x0000000085400000| Untracked |  0
|  63|0x0000000085500000, 0x0000000085500000, 0x0000000085600000|  0%| F|  |TAMS 0x0000000085500000| PB 0x0000000085500000| Untracked |  0
|  64|0x0000000085600000, 0x0000000085600000, 0x0000000085700000|  0%| F|  |TAMS 0x0000000085600000| PB 0x0000000085600000| Untracked |  0
|  65|0x0000000085700000, 0x0000000085700000, 0x0000000085800000|  0%| F|  |TAMS 0x0000000085700000| PB 0x0000000085700000| Untracked |  0
|  66|0x0000000085800000, 0x0000000085800000, 0x0000000085900000|  0%| F|  |TAMS 0x0000000085800000| PB 0x0000000085800000| Untracked |  0
|  67|0x0000000085900000, 0x0000000085900000, 0x0000000085a00000|  0%| F|  |TAMS 0x0000000085900000| PB 0x0000000085900000| Untracked |  0
|  68|0x0000000085a00000, 0x0000000085a00000, 0x0000000085b00000|  0%| F|  |TAMS 0x0000000085a00000| PB 0x0000000085a00000| Untracked |  0
|  69|0x0000000085b00000, 0x0000000085b00000, 0x0000000085c00000|  0%| F|  |TAMS 0x0000000085b00000| PB 0x0000000085b00000| Untracked |  0
|  70|0x0000000085c00000, 0x0000000085c00000, 0x0000000085d00000|  0%| F|  |TAMS 0x0000000085c00000| PB 0x0000000085c00000| Untracked |  0
|  71|0x0000000085d00000, 0x0000000085d00000, 0x0000000085e00000|  0%| F|  |TAMS 0x0000000085d00000| PB 0x0000000085d00000| Untracked |  0
|  72|0x0000000085e00000, 0x0000000085e00000, 0x0000000085f00000|  0%| F|  |TAMS 0x0000000085e00000| PB 0x0000000085e00000| Untracked |  0
|  73|0x0000000085f00000, 0x0000000085f00000, 0x0000000086000000|  0%| F|  |TAMS 0x0000000085f00000| PB 0x0000000085f00000| Untracked |  0
|  74|0x0000000086000000, 0x0000000086000000, 0x0000000086100000|  0%| F|  |TAMS 0x0000000086000000| PB 0x0000000086000000| Untracked |  0
|  75|0x0000000086100000, 0x0000000086100000, 0x0000000086200000|  0%| F|  |TAMS 0x0000000086100000| PB 0x0000000086100000| Untracked |  0
|  76|0x0000000086200000, 0x0000000086200000, 0x0000000086300000|  0%| F|  |TAMS 0x0000000086200000| PB 0x0000000086200000| Untracked |  0
|  77|0x0000000086300000, 0x0000000086300000, 0x0000000086400000|  0%| F|  |TAMS 0x0000000086300000| PB 0x0000000086300000| Untracked |  0
|  78|0x0000000086400000, 0x0000000086400000, 0x0000000086500000|  0%| F|  |TAMS 0x0000000086400000| PB 0x0000000086400000| Untracked |  0
|  79|0x0000000086500000, 0x0000000086500000, 0x0000000086600000|  0%| F|  |TAMS 0x0000000086500000| PB 0x0000000086500000| Untracked |  0
|  80|0x0000000086600000, 0x0000000086600000, 0x0000000086700000|  0%| F|  |TAMS 0x0000000086600000| PB 0x0000000086600000| Untracked |  0
|  81|0x0000000086700000, 0x0000000086700000, 0x0000000086800000|  0%| F|  |TAMS 0x0000000086700000| PB 0x0000000086700000| Untracked |  0
|  82|0x0000000086800000, 0x0000000086800000, 0x0000000086900000|  0%| F|  |TAMS 0x0000000086800000| PB 0x0000000086800000| Untracked |  0
|  83|0x0000000086900000, 0x0000000086900000, 0x0000000086a00000|  0%| F|  |TAMS 0x0000000086900000| PB 0x0000000086900000| Untracked |  0
|  84|0x0000000086a00000, 0x0000000086a00000, 0x0000000086b00000|  0%| F|  |TAMS 0x0000000086a00000| PB 0x0000000086a00000| Untracked |  0
|  85|0x0000000086b00000, 0x0000000086b00000, 0x0000000086c00000|  0%| F|  |TAMS 0x0000000086b00000| PB 0x0000000086b00000| Untracked |  0
|  86|0x0000000086c00000, 0x0000000086c00000, 0x0000000086d00000|  0%| F|  |TAMS 0x0000000086c00000| PB 0x0000000086c00000| Untracked |  0
|  87|0x0000000086d00000, 0x0000000086d00000, 0x0000000086e00000|  0%| F|  |TAMS 0x0000000086d00000| PB 0x0000000086d00000| Untracked |  0
|  88|0x0000000086e00000, 0x0000000086e00000, 0x0000000086f00000|  0%| F|  |TAMS 0x0000000086e00000| PB 0x0000000086e00000| Untracked |  0
|  89|0x0000000086f00000, 0x0000000086f00000, 0x0000000087000000|  0%| F|  |TAMS 0x0000000086f00000| PB 0x0000000086f00000| Untracked |  0
|  90|0x0000000087000000, 0x0000000087000000, 0x0000000087100000|  0%| F|  |TAMS 0x0000000087000000| PB 0x0000000087000000| Untracked |  0
|  91|0x0000000087100000, 0x0000000087100000, 0x0000000087200000|  0%| F|  |TAMS 0x0000000087100000| PB 0x0000000087100000| Untracked |  0
|  92|0x0000000087200000, 0x0000000087200000, 0x0000000087300000|  0%| F|  |TAMS 0x0000000087200000| PB 0x0000000087200000| Untracked |  0
|  93|0x0000000087300000, 0x0000000087300000, 0x0000000087400000|  0%| F|  |TAMS 0x0000000087300000| PB 0x0000000087300000| Untracked |  0
|  94|0x0000000087400000, 0x0000000087400000, 0x0000000087500000|  0%| F|  |TAMS 0x0000000087400000| PB 0x0000000087400000| Untracked |  0
|  95|0x0000000087500000, 0x0000000087500000, 0x0000000087600000|  0%| F|  |TAMS 0x0000000087500000| PB 0x0000000087500000| Untracked |  0
|  96|0x0000000087600000, 0x0000000087600000, 0x0000000087700000|  0%| F|  |TAMS 0x0000000087600000| PB 0x0000000087600000| Untracked |  0
|  97|0x0000000087700000, 0x0000000087700000, 0x0000000087800000|  0%| F|  |TAMS 0x0000000087700000| PB 0x0000000087700000| Untracked |  0
|  98|0x0000000087800000, 0x00000000878744c0, 0x0000000087900000| 45%| E|  |TAMS 0x0000000087800000| PB 0x0000000087800000| Complete |  0
|  99|0x0000000087900000, 0x0000000087a00000, 0x0000000087a00000|100%| E|CS|TAMS 0x0000000087900000| PB 0x0000000087900000| Complete |  0
| 100|0x0000000087a00000, 0x0000000087b00000, 0x0000000087b00000|100%| E|CS|TAMS 0x0000000087a00000| PB 0x0000000087a00000| Complete |  0
| 101|0x0000000087b00000, 0x0000000087c00000, 0x0000000087c00000|100%| E|  |TAMS 0x0000000087b00000| PB 0x0000000087b00000| Complete |  0
| 102|0x0000000087c00000, 0x0000000087d00000, 0x0000000087d00000|100%| E|CS|TAMS 0x0000000087c00000| PB 0x0000000087c00000| Complete |  0
| 103|0x0000000087d00000, 0x0000000087e00000, 0x0000000087e00000|100%| E|CS|TAMS 0x0000000087d00000| PB 0x0000000087d00000| Complete |  0
| 104|0x0000000087e00000, 0x0000000087f00000, 0x0000000087f00000|100%| E|CS|TAMS 0x0000000087e00000| PB 0x0000000087e00000| Complete |  0
| 105|0x0000000087f00000, 0x0000000088000000, 0x0000000088000000|100%| E|CS|TAMS 0x0000000087f00000| PB 0x0000000087f00000| Complete |  0
| 106|0x0000000088000000, 0x0000000088100000, 0x0000000088100000|100%| E|CS|TAMS 0x0000000088000000| PB 0x0000000088000000| Complete |  0
| 107|0x0000000088100000, 0x0000000088200000, 0x0000000088200000|100%| E|CS|TAMS 0x0000000088100000| PB 0x0000000088100000| Complete |  0
| 108|0x0000000088200000, 0x0000000088300000, 0x0000000088300000|100%| E|CS|TAMS 0x0000000088200000| PB 0x0000000088200000| Complete |  0
| 109|0x0000000088300000, 0x0000000088400000, 0x0000000088400000|100%| E|CS|TAMS 0x0000000088300000| PB 0x0000000088300000| Complete |  0
| 110|0x0000000088400000, 0x0000000088500000, 0x0000000088500000|100%| E|CS|TAMS 0x0000000088400000| PB 0x0000000088400000| Complete |  0
| 111|0x0000000088500000, 0x0000000088600000, 0x0000000088600000|100%| S|CS|TAMS 0x0000000088500000| PB 0x0000000088500000| Complete |  0
| 112|0x0000000088600000, 0x0000000088700000, 0x0000000088700000|100%| E|CS|TAMS 0x0000000088600000| PB 0x0000000088600000| Complete |  0
| 113|0x0000000088700000, 0x0000000088800000, 0x0000000088800000|100%| E|CS|TAMS 0x0000000088700000| PB 0x0000000088700000| Complete |  0
| 114|0x0000000088800000, 0x0000000088900000, 0x0000000088900000|100%| S|CS|TAMS 0x0000000088800000| PB 0x0000000088800000| Complete |  0
| 115|0x0000000088900000, 0x0000000088a00000, 0x0000000088a00000|100%| E|CS|TAMS 0x0000000088900000| PB 0x0000000088900000| Complete |  0
| 116|0x0000000088a00000, 0x0000000088b00000, 0x0000000088b00000|100%| E|CS|TAMS 0x0000000088a00000| PB 0x0000000088a00000| Complete |  0
| 117|0x0000000088b00000, 0x0000000088c00000, 0x0000000088c00000|100%| E|CS|TAMS 0x0000000088b00000| PB 0x0000000088b00000| Complete |  0
| 118|0x0000000088c00000, 0x0000000088d00000, 0x0000000088d00000|100%| E|CS|TAMS 0x0000000088c00000| PB 0x0000000088c00000| Complete |  0
| 119|0x0000000088d00000, 0x0000000088e00000, 0x0000000088e00000|100%| E|CS|TAMS 0x0000000088d00000| PB 0x0000000088d00000| Complete |  0
| 120|0x0000000088e00000, 0x0000000088f00000, 0x0000000088f00000|100%| E|CS|TAMS 0x0000000088e00000| PB 0x0000000088e00000| Complete |  0
| 121|0x0000000088f00000, 0x0000000089000000, 0x0000000089000000|100%| E|CS|TAMS 0x0000000088f00000| PB 0x0000000088f00000| Complete |  0
| 122|0x0000000089000000, 0x0000000089100000, 0x0000000089100000|100%| E|CS|TAMS 0x0000000089000000| PB 0x0000000089000000| Complete |  0
| 123|0x0000000089100000, 0x0000000089200000, 0x0000000089200000|100%| E|CS|TAMS 0x0000000089100000| PB 0x0000000089100000| Complete |  0
| 124|0x0000000089200000, 0x0000000089300000, 0x0000000089300000|100%| E|CS|TAMS 0x0000000089200000| PB 0x0000000089200000| Complete |  0
| 125|0x0000000089300000, 0x0000000089400000, 0x0000000089400000|100%| E|CS|TAMS 0x0000000089300000| PB 0x0000000089300000| Complete |  0
| 126|0x0000000089400000, 0x0000000089500000, 0x0000000089500000|100%| E|CS|TAMS 0x0000000089400000| PB 0x0000000089400000| Complete |  0
| 127|0x0000000089500000, 0x0000000089600000, 0x0000000089600000|100%| E|CS|TAMS 0x0000000089500000| PB 0x0000000089500000| Complete |  0

Card table byte_map: [0x0000021d7c9d0000,0x0000021d7cdd0000] _byte_map_base: 0x0000021d7c5c5000

Marking Bits: (CMBitMap*) 0x0000021d634d1aa0
 Bits: [0x0000021d7cdd0000, 0x0000021d7ed78000)

Polling page: 0x0000021d63540000

Metaspace:

Usage:
  Non-class:     17.87 MB used.
      Class:      2.06 MB used.
       Both:     19.93 MB used.

Virtual space:
  Non-class space:       64.00 MB reserved,      18.00 MB ( 28%) committed,  1 nodes.
      Class space:        1.00 GB reserved,       2.19 MB ( <1%) committed,  1 nodes.
             Both:        1.06 GB reserved,      20.19 MB (  2%) committed. 

Chunk freelists:
   Non-Class:  13.94 MB
       Class:  13.73 MB
        Both:  27.67 MB

MaxMetaspaceSize: unlimited
CompressedClassSpaceSize: 1.00 GB
Initial GC threshold: 21.00 MB
Current GC threshold: 21.00 MB
CDS: on
 - commit_granule_bytes: 65536.
 - commit_granule_words: 8192.
 - virtual_space_node_default_size: 8388608.
 - enlarge_chunks_in_place: 1.
 - use_allocation_guard: 0.


Internal statistics:

num_allocs_failed_limit: 0.
num_arena_births: 244.
num_arena_deaths: 0.
num_vsnodes_births: 2.
num_vsnodes_deaths: 0.
num_space_committed: 323.
num_space_uncommitted: 0.
num_chunks_returned_to_freelist: 0.
num_chunks_taken_from_freelist: 446.
num_chunk_merges: 0.
num_chunk_splits: 273.
num_chunks_enlarged: 159.
num_inconsistent_stats: 0.

CodeHeap 'non-profiled nmethods': size=120000Kb used=1576Kb max_used=1576Kb free=118423Kb
 bounds [0x0000021d74a80000, 0x0000021d74cf0000, 0x0000021d7bfb0000]
CodeHeap 'profiled nmethods': size=120000Kb used=7170Kb max_used=7170Kb free=112829Kb
 bounds [0x0000021d6cfb0000, 0x0000021d6d6c0000, 0x0000021d744e0000]
CodeHeap 'non-nmethods': size=5760Kb used=2089Kb max_used=2135Kb free=3671Kb
 bounds [0x0000021d744e0000, 0x0000021d74750000, 0x0000021d74a80000]
 total_blobs=4674 nmethods=3627 adapters=949
 compilation: enabled
              stopped_count=0, restarted_count=0
 full_count=0

Compilation events (20 events):
Event: 49.323 Thread 0x0000021d7f3d5e90 nmethod 3621 0x0000021d6d6a8b90 code [0x0000021d6d6a9020, 0x0000021d6d6abbe0]
Event: 49.324 Thread 0x0000021d7f3d5e90 3622   !   2       javax.swing.JComponent::paintChildren (684 bytes)
Event: 49.332 Thread 0x0000021d7f3d5e90 nmethod 3622 0x0000021d6d6aca90 code [0x0000021d6d6acf40, 0x0000021d6d6aea80]
Event: 49.337 Thread 0x0000021d7f3d53e0 nmethod 3600 0x0000021d74c05590 code [0x0000021d74c05820, 0x0000021d74c06b38]
Event: 49.337 Thread 0x0000021d7f3d53e0 3556       4       java.lang.ThreadLocal::getCarrierThreadLocal (29 bytes)
Event: 49.340 Thread 0x0000021d7f3d53e0 nmethod 3556 0x0000021d74c06e90 code [0x0000021d74c07040, 0x0000021d74c071e8]
Event: 49.717 Thread 0x0000021d7f3d53e0 3623       4       sun.awt.AWTAutoShutdown::notifyToolkitThreadBusy (8 bytes)
Event: 49.724 Thread 0x0000021d7f3d53e0 nmethod 3623 0x0000021d74c07390 code [0x0000021d74c07540, 0x0000021d74c079e0]
Event: 49.724 Thread 0x0000021d7f3d53e0 3624       4       sun.awt.AWTAutoShutdown::notifyToolkitThreadFree (8 bytes)
Event: 49.731 Thread 0x0000021d7f3d53e0 nmethod 3624 0x0000021d74c07c10 code [0x0000021d74c07dc0, 0x0000021d74c08220]
Event: 56.004 Thread 0x0000021d7f3d53e0 3625       4       java.security.AccessController::checkContext (49 bytes)
Event: 56.005 Thread 0x0000021d7f3d53e0 nmethod 3625 0x0000021d74c08490 code [0x0000021d74c08600, 0x0000021d74c08668]
Event: 56.219 Thread 0x0000021d7f3d53e0 3626   !   4       java.lang.ref.ReferenceQueue::poll (40 bytes)
Event: 56.221 Thread 0x0000021d7f3d53e0 nmethod 3626 0x0000021d74c08790 code [0x0000021d74c08900, 0x0000021d74c089b0]
Event: 56.253 Thread 0x0000021d7f3d53e0 3627  s    4       java.awt.KeyboardFocusManager::getCurrentKeyboardFocusManager (32 bytes)
Event: 56.255 Thread 0x0000021d7f3d53e0 nmethod 3627 0x0000021d74c08a90 code [0x0000021d74c08c40, 0x0000021d74c08f68]
Event: 56.911 Thread 0x0000021d7f3d53e0 3628       4       java.security.ProtectionDomain$JavaSecurityAccessImpl::doIntersectionPrivilege (22 bytes)
Event: 56.960 Thread 0x0000021d7f3d53e0 nmethod 3628 0x0000021d74c09090 code [0x0000021d74c092c0, 0x0000021d74c09aa8]
Event: 57.310 Thread 0x0000021d7f3d5e90 3629       1       java.util.concurrent.CopyOnWriteArrayList::getArray (5 bytes)
Event: 57.310 Thread 0x0000021d7f3d5e90 nmethod 3629 0x0000021d74c0a090 code [0x0000021d74c0a220, 0x0000021d74c0a2e8]

GC Heap History (4 events):
Event: 1.821 GC heap before
{Heap before GC invocations=0 (full 0):
 garbage-first heap   total reserved 2074624K, committed 131072K, used 14336K [0x0000000081600000, 0x0000000100000000)
  region size 1024K, 14 young (14336K), 0 survivors (0K)
 Metaspace       used 8757K, committed 8896K, reserved 1114112K
  class space    used 984K, committed 1024K, reserved 1048576K
}
Event: 1.832 GC heap after
{Heap after GC invocations=1 (full 0):
 garbage-first heap   total reserved 2074624K, committed 131072K, used 4448K [0x0000000081600000, 0x0000000100000000)
  region size 1024K, 2 young (2048K), 2 survivors (2048K)
 Metaspace       used 8757K, committed 8896K, reserved 1114112K
  class space    used 984K, committed 1024K, reserved 1048576K
}
Event: 3.886 GC heap before
{Heap before GC invocations=1 (full 0):
 garbage-first heap   total reserved 2074624K, committed 131072K, used 19808K [0x0000000081600000, 0x0000000100000000)
  region size 1024K, 15 young (15360K), 2 survivors (2048K)
 Metaspace       used 15417K, committed 15744K, reserved 1114112K
  class space    used 1690K, committed 1856K, reserved 1048576K
}
Event: 3.895 GC heap after
{Heap after GC invocations=2 (full 0):
 garbage-first heap   total reserved 2074624K, committed 131072K, used 10219K [0x0000000081600000, 0x0000000100000000)
  region size 1024K, 2 young (2048K), 2 survivors (2048K)
 Metaspace       used 15417K, committed 15744K, reserved 1114112K
  class space    used 1690K, committed 1856K, reserved 1048576K
}

Dll operation events (13 events):
Event: 0.025 Loaded shared library C:\Program Files\Java\jdk-22\bin\java.dll
Event: 0.107 Loaded shared library C:\Program Files\Java\jdk-22\bin\jsvml.dll
Event: 0.266 Loaded shared library C:\Program Files\Java\jdk-22\bin\jimage.dll
Event: 0.275 Loaded shared library C:\Program Files\Java\jdk-22\bin\awt.dll
Event: 0.353 Loaded shared library C:\Program Files\Java\jdk-22\bin\net.dll
Event: 0.358 Loaded shared library C:\Program Files\Java\jdk-22\bin\nio.dll
Event: 0.366 Loaded shared library C:\Program Files\Java\jdk-22\bin\zip.dll
Event: 1.195 Loaded shared library C:\Program Files\Java\jdk-22\bin\javajpeg.dll
Event: 1.268 Loaded shared library C:\Program Files\Java\jdk-22\bin\freetype.dll
Event: 1.271 Loaded shared library C:\Program Files\Java\jdk-22\bin\fontmanager.dll
Event: 3.629 Loaded shared library C:\Program Files\Java\jdk-22\bin\extnet.dll
Event: 3.833 Loaded shared library C:\Program Files\Java\jdk-22\bin\sunmscapi.dll
Event: 41.667 Loaded shared library C:\Users\ELVIS\OneDrive\Documentos\NetBeansProjects\SoftwareReconocimientoFacilUCV\opencv_java481.dll

Deoptimization events (20 events):
Event: 47.355 Thread 0x0000021d634d2e40 DEOPT PACKING pc=0x0000021d74b392a4 sp=0x000000e5275fe100
Event: 47.355 Thread 0x0000021d634d2e40 DEOPT UNPACKING pc=0x0000021d745346a2 sp=0x000000e5275fdf88 mode 2
Event: 47.355 Thread 0x0000021d634d2e40 Uncommon trap: trap_request=0xffffff66 fr.pc=0x0000021d74b392a4 relative=0x0000000000002c04
Event: 47.355 Thread 0x0000021d634d2e40 Uncommon trap: reason=speculate_class_check action=maybe_recompile pc=0x0000021d74b392a4 method=sun.security.util.math.intpoly.IntegerPolynomial.multByInt([JJ)V @ 26 c2
Event: 47.355 Thread 0x0000021d634d2e40 DEOPT PACKING pc=0x0000021d74b392a4 sp=0x000000e5275fe100
Event: 47.355 Thread 0x0000021d634d2e40 DEOPT UNPACKING pc=0x0000021d745346a2 sp=0x000000e5275fdf88 mode 2
Event: 47.417 Thread 0x0000021d634d2e40 Uncommon trap: trap_request=0xffffff45 fr.pc=0x0000021d74b44c7c relative=0x000000000000221c
Event: 47.417 Thread 0x0000021d634d2e40 Uncommon trap: reason=unstable_if action=reinterpret pc=0x0000021d74b44c7c method=java.lang.String.<init>(Ljava/nio/charset/Charset;[BII)V @ 6 c2
Event: 47.417 Thread 0x0000021d634d2e40 DEOPT PACKING pc=0x0000021d74b44c7c sp=0x000000e5275fed10
Event: 47.417 Thread 0x0000021d634d2e40 DEOPT UNPACKING pc=0x0000021d745346a2 sp=0x000000e5275fecd8 mode 2
Event: 47.812 Thread 0x0000021d634d2e40 DEOPT PACKING pc=0x0000021d6d35c91d sp=0x000000e5275fde60
Event: 47.812 Thread 0x0000021d634d2e40 DEOPT UNPACKING pc=0x0000021d74534e42 sp=0x000000e5275fd290 mode 0
Event: 47.838 Thread 0x0000021d634d2e40 DEOPT PACKING pc=0x0000021d6d31e008 sp=0x000000e5275fe1e0
Event: 47.838 Thread 0x0000021d634d2e40 DEOPT UNPACKING pc=0x0000021d74534e42 sp=0x000000e5275fd660 mode 0
Event: 48.400 Thread 0x0000021d634d2e40 DEOPT PACKING pc=0x0000021d6d621d32 sp=0x000000e5275fe420
Event: 48.400 Thread 0x0000021d634d2e40 DEOPT UNPACKING pc=0x0000021d74534e42 sp=0x000000e5275fd8a8 mode 0
Event: 48.427 Thread 0x0000021d634d2e40 DEOPT PACKING pc=0x0000021d6d621d32 sp=0x000000e5275fe0e0
Event: 48.427 Thread 0x0000021d634d2e40 DEOPT UNPACKING pc=0x0000021d74534e42 sp=0x000000e5275fd568 mode 0
Event: 48.468 Thread 0x0000021d634d2e40 DEOPT PACKING pc=0x0000021d6d61a23b sp=0x000000e5275fe3f0
Event: 48.468 Thread 0x0000021d634d2e40 DEOPT UNPACKING pc=0x0000021d74534e42 sp=0x000000e5275fd878 mode 0

Classes loaded (20 events):
Event: 40.859 Loading class javax/swing/event/UndoableEditEvent
Event: 40.859 Loading class javax/swing/event/UndoableEditEvent done
Event: 40.859 Loading class javax/swing/text/AbstractDocument$DefaultDocumentEventUndoableWrapper
Event: 40.859 Loading class sun/swing/text/UndoableEditLockSupport
Event: 40.859 Loading class sun/swing/text/UndoableEditLockSupport done
Event: 40.859 Loading class javax/swing/text/AbstractDocument$DefaultDocumentEventUndoableWrapper done
Event: 40.860 Loading class javax/swing/event/UndoableEditListener
Event: 40.860 Loading class javax/swing/event/UndoableEditListener done
Event: 41.621 Loading class java/awt/KeyboardFocusManager$2
Event: 41.622 Loading class java/awt/KeyboardFocusManager$2 done
Event: 41.622 Loading class sun/awt/SunToolkit$1
Event: 41.622 Loading class sun/awt/SunToolkit$1 done
Event: 41.633 Loading class java/awt/Window$1DisposeAction
Event: 41.633 Loading class java/awt/Window$1DisposeAction done
Event: 46.176 Loading class java/lang/Thread$ThreadNumbering
Event: 46.177 Loading class java/lang/Thread$ThreadNumbering done
Event: 47.492 Loading class java/awt/image/ComponentColorModel
Event: 47.493 Loading class java/awt/image/ComponentColorModel done
Event: 47.496 Loading class jdk/internal/event/ThreadSleepEvent
Event: 47.497 Loading class jdk/internal/event/ThreadSleepEvent done

Classes unloaded (0 events):
No events

Classes redefined (0 events):
No events

Internal exceptions (20 events):
Event: 0.677 Thread 0x0000021d474780c0 Exception <a 'java/lang/NoSuchMethodError'{0x000000008908b400}: 'void java.lang.invoke.DirectMethodHandle$Holder.invokeSpecial(java.lang.Object, java.lang.Object, java.lang.Object)'> (0x000000008908b400) 
thrown [s\open\src\hotspot\share\interpreter\linkResolver.cpp, line 774]
Event: 0.695 Thread 0x0000021d474780c0 Exception <a 'java/lang/NoSuchMethodError'{0x00000000890f94b8}: 'java.lang.Object java.lang.invoke.DirectMethodHandle$Holder.newInvokeSpecial(java.lang.Object, java.lang.Object, java.lang.Object, java.lang.Object, java.lang.Object)'> (0x00000000890f94b8) 
thrown [s\open\src\hotspot\share\interpreter\linkResolver.cpp, line 774]
Event: 0.712 Thread 0x0000021d474780c0 Exception <a 'java/lang/NoSuchMethodError'{0x0000000088f26318}: 'java.lang.Object java.lang.invoke.DirectMethodHandle$Holder.invokeStatic(java.lang.Object, int, java.lang.Object)'> (0x0000000088f26318) 
thrown [s\open\src\hotspot\share\interpreter\linkResolver.cpp, line 774]
Event: 0.771 Thread 0x0000021d474780c0 Exception <a 'java/lang/ClassNotFoundException'{0x0000000088fc84a8}: com/sun/swing/internal/plaf/metal/resources/spi/metalProvider> (0x0000000088fc84a8) 
thrown [s\open\src\hotspot\share\classfile\systemDictionary.cpp, line 313]
Event: 0.774 Thread 0x0000021d474780c0 Exception <a 'java/lang/ClassNotFoundException'{0x0000000088fcc4a8}: com/sun/swing/internal/plaf/basic/resources/spi/basicProvider> (0x0000000088fcc4a8) 
thrown [s\open\src\hotspot\share\classfile\systemDictionary.cpp, line 313]
Event: 0.797 Thread 0x0000021d474780c0 Exception <a 'java/lang/NoSuchMethodError'{0x0000000088fec0b0}: 'int java.lang.invoke.Invokers$Holder.invokeExact_MT(java.lang.Object, java.lang.Object)'> (0x0000000088fec0b0) 
thrown [s\open\src\hotspot\share\interpreter\linkResolver.cpp, line 774]
Event: 1.099 Thread 0x0000021d48637e20 Exception <a 'java/lang/NoSuchMethodError'{0x0000000088c3da18}: 'java.lang.Object java.lang.invoke.DirectMethodHandle$Holder.newInvokeSpecial(java.lang.Object, java.lang.Object, java.lang.Object, int, int, int, int, int)'> (0x0000000088c3da18) 
thrown [s\open\src\hotspot\share\interpreter\linkResolver.cpp, line 774]
Event: 1.219 Thread 0x0000021d474e5350 Exception <a 'java/lang/NoSuchMethodError'{0x000000008900e620}: 'void java.lang.invoke.DirectMethodHandle$Holder.invokeVirtual(java.lang.Object, java.lang.Object)'> (0x000000008900e620) 
thrown [s\open\src\hotspot\share\interpreter\linkResolver.cpp, line 774]
Event: 1.256 Thread 0x0000021d474780c0 Exception <a 'java/lang/NoSuchMethodError'{0x0000000088e81be0}: 'void java.lang.invoke.DirectMethodHandle$Holder.invokeStaticInit(java.lang.Object)'> (0x0000000088e81be0) 
thrown [s\open\src\hotspot\share\interpreter\linkResolver.cpp, line 774]
Event: 3.388 Thread 0x0000021d474780c0 Exception <a 'java/lang/NoSuchMethodError'{0x0000000088e08750}: 'java.lang.Object java.lang.invoke.DirectMethodHandle$Holder.invokeInterface(java.lang.Object, java.lang.Object)'> (0x0000000088e08750) 
thrown [s\open\src\hotspot\share\interpreter\linkResolver.cpp, line 774]
Event: 3.500 Thread 0x0000021d474780c0 Exception <a 'java/lang/NoSuchMethodError'{0x0000000088ca5b48}: 'java.lang.Object java.lang.invoke.DirectMethodHandle$Holder.invokeStatic(java.lang.Object, long, java.lang.Object)'> (0x0000000088ca5b48) 
thrown [s\open\src\hotspot\share\interpreter\linkResolver.cpp, line 774]
Event: 3.501 Thread 0x0000021d474780c0 Exception <a 'java/lang/NoSuchMethodError'{0x0000000088ca91d0}: 'java.lang.Object java.lang.invoke.DirectMethodHandle$Holder.invokeStaticInit(java.lang.Object, long, java.lang.Object)'> (0x0000000088ca91d0) 
thrown [s\open\src\hotspot\share\interpreter\linkResolver.cpp, line 774]
Event: 3.502 Thread 0x0000021d474780c0 Exception <a 'java/lang/NoSuchMethodError'{0x0000000088caea58}: 'java.lang.Object java.lang.invoke.DirectMethodHandle$Holder.newInvokeSpecial(java.lang.Object, long)'> (0x0000000088caea58) 
thrown [s\open\src\hotspot\share\interpreter\linkResolver.cpp, line 774]
Event: 3.631 Thread 0x0000021d474780c0 Exception <a 'java/lang/NoSuchMethodError'{0x0000000088bf3ea0}: 'void java.lang.invoke.DirectMethodHandle$Holder.invokeStatic(java.lang.Object, java.lang.Object)'> (0x0000000088bf3ea0) 
thrown [s\open\src\hotspot\share\interpreter\linkResolver.cpp, line 774]
Event: 3.647 Thread 0x0000021d474780c0 Exception <a 'java/lang/NoSuchMethodError'{0x0000000088a0b200}: 'java.lang.Object java.lang.invoke.DirectMethodHandle$Holder.invokeStaticInit(java.lang.Object, int, int, int, int)'> (0x0000000088a0b200) 
thrown [s\open\src\hotspot\share\interpreter\linkResolver.cpp, line 774]
Event: 3.675 Thread 0x0000021d474780c0 Exception <a 'java/lang/NoSuchMethodError'{0x0000000088a4b7a8}: 'java.lang.Object java.lang.invoke.DirectMethodHandle$Holder.invokeStaticInit(java.lang.Object, java.lang.Object, int, int, int, int)'> (0x0000000088a4b7a8) 
thrown [s\open\src\hotspot\share\interpreter\linkResolver.cpp, line 774]
Event: 3.715 Thread 0x0000021d474780c0 Exception <a 'sun/nio/fs/WindowsException'{0x0000000088ac7320}> (0x0000000088ac7320) 
thrown [s\open\src\hotspot\share\prims\jni.cpp, line 520]
Event: 27.705 Thread 0x0000021d474780c0 Implicit null exception at 0x0000021d74b62ade to 0x0000021d74b62b4c
Event: 27.751 Thread 0x0000021d474780c0 Exception <a 'java/lang/NoSuchMethodError'{0x00000000886472a8}: 'int java.lang.invoke.DirectMethodHandle$Holder.invokeStatic(java.lang.Object)'> (0x00000000886472a8) 
thrown [s\open\src\hotspot\share\interpreter\linkResolver.cpp, line 774]
Event: 40.839 Thread 0x0000021d474780c0 Exception <a 'java/lang/NoSuchMethodError'{0x0000000088358c40}: 'void java.lang.invoke.DirectMethodHandle$Holder.invokeSpecial(java.lang.Object, java.lang.Object, java.lang.Object, java.lang.Object, java.lang.Object)'> (0x0000000088358c40) 
thrown [s\open\src\hotspot\share\interpreter\linkResolver.cpp, line 774]

ZGC Phase Switch (0 events):
No events

VM Operations (20 events):
Event: 39.777 Executing VM operation: Cleanup done
Event: 40.792 Executing VM operation: Cleanup
Event: 40.792 Executing VM operation: Cleanup done
Event: 41.796 Executing VM operation: Cleanup
Event: 41.796 Executing VM operation: Cleanup done
Event: 43.810 Executing VM operation: Cleanup
Event: 43.811 Executing VM operation: Cleanup done
Event: 44.820 Executing VM operation: Cleanup
Event: 44.820 Executing VM operation: Cleanup done
Event: 46.835 Executing VM operation: Cleanup
Event: 46.835 Executing VM operation: Cleanup done
Event: 47.835 Executing VM operation: Cleanup
Event: 47.836 Executing VM operation: Cleanup done
Event: 48.843 Executing VM operation: Cleanup
Event: 48.843 Executing VM operation: Cleanup done
Event: 49.852 Executing VM operation: Cleanup
Event: 49.852 Executing VM operation: Cleanup done
Event: 56.930 Executing VM operation: Cleanup
Event: 56.930 Executing VM operation: Cleanup done
Event: 57.418 Executing VM operation: Exit

Events (20 events):
Event: 3.673 Thread 0x0000021d48a57650 Thread exited: 0x0000021d48a57650
Event: 3.964 Thread 0x0000021d49479810 Thread added: 0x0000021d49479810
Event: 4.718 Thread 0x0000021d49479810 Thread exited: 0x0000021d49479810
Event: 6.202 Thread 0x0000021d48637e20 Thread exited: 0x0000021d48637e20
Event: 27.683 Thread 0x0000021d634d06e0 Thread added: 0x0000021d634d06e0
Event: 32.693 Thread 0x0000021d634d06e0 Thread exited: 0x0000021d634d06e0
Event: 40.849 Thread 0x0000021d487f8640 Thread added: 0x0000021d487f8640
Event: 41.363 Thread 0x0000021d487f8640 Thread exited: 0x0000021d487f8640
Event: 46.177 Thread 0x0000021d634d2e40 Thread added: 0x0000021d634d2e40
Event: 47.381 Thread 0x0000021d48bbd210 Thread added: 0x0000021d48bbd210
Event: 47.972 Thread 0x0000021d48bbd210 Thread exited: 0x0000021d48bbd210
Event: 49.286 Thread 0x0000021d634d2e40 Thread exited: 0x0000021d634d2e40
Event: 57.301 Thread 0x0000021d634d0d70 Thread added: 0x0000021d634d0d70
Event: 57.301 Thread 0x0000021d634d2e40 Thread added: 0x0000021d634d2e40
Event: 57.301 Thread 0x0000021d634d06e0 Thread added: 0x0000021d634d06e0
Event: 57.307 Thread 0x0000021d634d2e40 Thread exited: 0x0000021d634d2e40
Event: 57.310 Thread 0x0000021d634d06e0 Thread exited: 0x0000021d634d06e0
Event: 57.351 Thread 0x0000021d474e5350 Thread exited: 0x0000021d474e5350
Event: 57.417 Thread 0x0000021d634d0d70 Thread exited: 0x0000021d634d0d70
Event: 57.418 Thread 0x0000021d7f3bbb50 Thread exited: 0x0000021d7f3bbb50


Dynamic libraries:
0x00007ff6817f0000 - 0x00007ff681800000 	C:\Program Files\Java\jdk-22\bin\java.exe
0x00007ffc325b0000 - 0x00007ffc327a8000 	C:\Windows\SYSTEM32\ntdll.dll
0x00007ffc0d850000 - 0x00007ffc0d869000 	C:\Program Files\Avast Software\Avast\aswhook.dll
0x00007ffc318b0000 - 0x00007ffc3196d000 	C:\Windows\System32\KERNEL32.DLL
0x00007ffc2fca0000 - 0x00007ffc2ff96000 	C:\Windows\System32\KERNELBASE.dll
0x00007ffc301f0000 - 0x00007ffc302f0000 	C:\Windows\System32\ucrtbase.dll
0x00007ffc1f410000 - 0x00007ffc1f42b000 	C:\Program Files\Java\jdk-22\bin\VCRUNTIME140.dll
0x00007ffc2c4d0000 - 0x00007ffc2c4e7000 	C:\Program Files\Java\jdk-22\bin\jli.dll
0x00007ffc31b00000 - 0x00007ffc31bb0000 	C:\Windows\System32\ADVAPI32.dll
0x00007ffc30720000 - 0x00007ffc307be000 	C:\Windows\System32\msvcrt.dll
0x00007ffc305f0000 - 0x00007ffc30690000 	C:\Windows\System32\sechost.dll
0x00007ffc319d0000 - 0x00007ffc31af3000 	C:\Windows\System32\RPCRT4.dll
0x00007ffc2fc70000 - 0x00007ffc2fc97000 	C:\Windows\System32\bcrypt.dll
0x00007ffc31330000 - 0x00007ffc314cf000 	C:\Windows\System32\USER32.dll
0x00007ffc30550000 - 0x00007ffc30572000 	C:\Windows\System32\win32u.dll
0x00007ffc20100000 - 0x00007ffc2039a000 	C:\Windows\WinSxS\amd64_microsoft.windows.common-controls_6595b64144ccf1df_6.0.19041.4355_none_60b8b9eb71f62e16\COMCTL32.dll
0x00007ffc306f0000 - 0x00007ffc3071b000 	C:\Windows\System32\GDI32.dll
0x00007ffc303a0000 - 0x00007ffc304b7000 	C:\Windows\System32\gdi32full.dll
0x00007ffc2ffa0000 - 0x00007ffc3003d000 	C:\Windows\System32\msvcp_win.dll
0x00007ffc1e160000 - 0x00007ffc1e16a000 	C:\Windows\SYSTEM32\VERSION.dll
0x00007ffc30840000 - 0x00007ffc3086f000 	C:\Windows\System32\IMM32.DLL
0x00007ffc2c3d0000 - 0x00007ffc2c3dc000 	C:\Program Files\Java\jdk-22\bin\vcruntime140_1.dll
0x00007ffbea950000 - 0x00007ffbea9de000 	C:\Program Files\Java\jdk-22\bin\msvcp140.dll
0x00007ffc00e50000 - 0x00007ffc01b97000 	C:\Program Files\Java\jdk-22\bin\server\jvm.dll
0x00007ffc314d0000 - 0x00007ffc3153b000 	C:\Windows\System32\WS2_32.dll
0x00007ffc2fac0000 - 0x00007ffc2fb0b000 	C:\Windows\SYSTEM32\POWRPROF.dll
0x00007ffc14430000 - 0x00007ffc14457000 	C:\Windows\SYSTEM32\WINMM.dll
0x00007ffc2faa0000 - 0x00007ffc2fab2000 	C:\Windows\SYSTEM32\UMPDC.dll
0x00007ffc2daf0000 - 0x00007ffc2db02000 	C:\Windows\SYSTEM32\kernel.appcore.dll
0x00007ffc2a290000 - 0x00007ffc2a29a000 	C:\Program Files\Java\jdk-22\bin\jimage.dll
0x00007ffc27a60000 - 0x00007ffc27c44000 	C:\Windows\SYSTEM32\DBGHELP.DLL
0x00007ffc27a20000 - 0x00007ffc27a54000 	C:\Windows\SYSTEM32\dbgcore.DLL
0x00007ffc304c0000 - 0x00007ffc30542000 	C:\Windows\System32\bcryptPrimitives.dll
0x00007ffc1e220000 - 0x00007ffc1e23e000 	C:\Program Files\Java\jdk-22\bin\java.dll
0x00007ffc31bb0000 - 0x00007ffc3231c000 	C:\Windows\System32\SHELL32.dll
0x00007ffc32440000 - 0x00007ffc3256b000 	C:\Windows\System32\ole32.dll
0x00007ffc30a50000 - 0x00007ffc30da3000 	C:\Windows\System32\combase.dll
0x00007ffc2dcf0000 - 0x00007ffc2e48d000 	C:\Windows\SYSTEM32\windows.storage.dll
0x00007ffc2f5c0000 - 0x00007ffc2f5ee000 	C:\Windows\SYSTEM32\Wldp.dll
0x00007ffc31700000 - 0x00007ffc317cd000 	C:\Windows\System32\OLEAUT32.dll
0x00007ffc309a0000 - 0x00007ffc30a4d000 	C:\Windows\System32\SHCORE.dll
0x00007ffc32320000 - 0x00007ffc32375000 	C:\Windows\System32\shlwapi.dll
0x00007ffc2fba0000 - 0x00007ffc2fbc4000 	C:\Windows\SYSTEM32\profapi.dll
0x00007ffc0d170000 - 0x00007ffc0d247000 	C:\Program Files\Java\jdk-22\bin\jsvml.dll
0x00007ffbea9e0000 - 0x00007ffbeab6e000 	C:\Program Files\Java\jdk-22\bin\awt.dll
0x00007ffc2c3e0000 - 0x00007ffc2c470000 	C:\Windows\SYSTEM32\apphelp.dll
0x00007ffc25490000 - 0x00007ffc254a0000 	C:\Program Files\Java\jdk-22\bin\net.dll
0x00007ffc2f320000 - 0x00007ffc2f38a000 	C:\Windows\system32\mswsock.dll
0x00007ffc1e200000 - 0x00007ffc1e216000 	C:\Program Files\Java\jdk-22\bin\nio.dll
0x00007ffc1b750000 - 0x00007ffc1b767000 	C:\Program Files\Java\jdk-22\bin\zip.dll
0x00007ffc2d5f0000 - 0x00007ffc2d68e000 	C:\Windows\system32\uxtheme.dll
0x00007ffc30870000 - 0x00007ffc30984000 	C:\Windows\System32\MSCTF.dll
0x00007ffc2d800000 - 0x00007ffc2d82f000 	C:\Windows\system32\DWMAPI.DLL
0x00007ffc0c880000 - 0x00007ffc0c9a5000 	C:\Windows\system32\opengl32.dll
0x00007ffc0c810000 - 0x00007ffc0c83c000 	C:\Windows\SYSTEM32\GLU32.dll
0x00007ffc2a030000 - 0x00007ffc2a05e000 	C:\Program Files\Java\jdk-22\bin\javajpeg.dll
0x00007ffc20070000 - 0x00007ffc200f7000 	C:\Program Files\Java\jdk-22\bin\freetype.dll
0x00007ffc191f0000 - 0x00007ffc192c7000 	C:\Program Files\Java\jdk-22\bin\fontmanager.dll
0x00007ffc30db0000 - 0x00007ffc30e59000 	C:\Windows\System32\clbcatq.dll
0x00007ffc2d400000 - 0x00007ffc2d5b4000 	C:\Windows\SYSTEM32\WindowsCodecs.dll
0x00007ffc12b20000 - 0x00007ffc12b5e000 	C:\Windows\system32\dataexchange.dll
0x00007ffc2a680000 - 0x00007ffc2a8e3000 	C:\Windows\system32\d3d11.dll
0x00007ffc2ad90000 - 0x00007ffc2af75000 	C:\Windows\system32\dcomp.dll
0x00007ffc2e4f0000 - 0x00007ffc2e5e2000 	C:\Windows\system32\dxgi.dll
0x00007ffc29610000 - 0x00007ffc29813000 	C:\Windows\system32\twinapi.appcore.dll
0x00007ffc24b90000 - 0x00007ffc24c89000 	C:\Windows\SYSTEM32\textinputframework.dll
0x00007ffc2be60000 - 0x00007ffc2bf52000 	C:\Windows\System32\CoreMessaging.dll
0x00007ffc2bad0000 - 0x00007ffc2be2b000 	C:\Windows\System32\CoreUIComponents.dll
0x00007ffc2ed60000 - 0x00007ffc2ed93000 	C:\Windows\SYSTEM32\ntmarta.dll
0x00007ffc2cbd0000 - 0x00007ffc2cd27000 	C:\Windows\SYSTEM32\wintypes.dll
0x00007ffc13500000 - 0x00007ffc13517000 	C:\Windows\system32\napinsp.dll
0x00007ffc134e0000 - 0x00007ffc134fb000 	C:\Windows\system32\pnrpnsp.dll
0x00007ffc13520000 - 0x00007ffc13535000 	C:\Windows\system32\wshbth.dll
0x00007ffc2a500000 - 0x00007ffc2a51d000 	C:\Windows\system32\NLAapi.dll
0x00007ffc2f000000 - 0x00007ffc2f03b000 	C:\Windows\SYSTEM32\IPHLPAPI.DLL
0x00007ffc2f040000 - 0x00007ffc2f10a000 	C:\Windows\SYSTEM32\DNSAPI.dll
0x00007ffc30990000 - 0x00007ffc30998000 	C:\Windows\System32\NSI.dll
0x00007ffc13610000 - 0x00007ffc13622000 	C:\Windows\System32\winrnr.dll
0x00007ffc216f0000 - 0x00007ffc216fa000 	C:\Windows\System32\rasadhlp.dll
0x00007ffc21710000 - 0x00007ffc21790000 	C:\Windows\System32\fwpuclnt.dll
0x00007ffc2cda0000 - 0x00007ffc2cda9000 	C:\Program Files\Java\jdk-22\bin\extnet.dll
0x00007ffc2f520000 - 0x00007ffc2f538000 	C:\Windows\SYSTEM32\CRYPTSP.dll
0x00007ffc2ec40000 - 0x00007ffc2ec74000 	C:\Windows\system32\rsaenh.dll
0x00007ffc2fb50000 - 0x00007ffc2fb7e000 	C:\Windows\SYSTEM32\USERENV.dll
0x00007ffc2f510000 - 0x00007ffc2f51c000 	C:\Windows\SYSTEM32\CRYPTBASE.dll
0x00007ffc261f0000 - 0x00007ffc261fe000 	C:\Program Files\Java\jdk-22\bin\sunmscapi.dll
0x00007ffc30040000 - 0x00007ffc3019e000 	C:\Windows\System32\CRYPT32.dll
0x00007ffc2f630000 - 0x00007ffc2f659000 	C:\Windows\SYSTEM32\ncrypt.dll
0x00007ffc2f5f0000 - 0x00007ffc2f62b000 	C:\Windows\SYSTEM32\NTASN1.dll
0x00007ffbb51d0000 - 0x00007ffbb82f6000 	C:\Users\ELVIS\OneDrive\Documentos\NetBeansProjects\SoftwareReconocimientoFacilUCV\opencv_java481.dll
0x00007ffbedbc0000 - 0x00007ffbedc45000 	C:\Windows\SYSTEM32\MF.dll
0x00007ffc2b570000 - 0x00007ffc2b72c000 	C:\Windows\SYSTEM32\MFPlat.DLL
0x00007ffbb8c50000 - 0x00007ffbb8d5a000 	C:\Windows\SYSTEM32\MFReadWrite.dll
0x00007ffc301a0000 - 0x00007ffc301ee000 	C:\Windows\System32\cfgmgr32.dll
0x00007ffbc0ee0000 - 0x00007ffbc136e000 	C:\Windows\SYSTEM32\MFCORE.DLL
0x00007ffc2cf40000 - 0x00007ffc2cf49000 	C:\Windows\SYSTEM32\ksuser.dll
0x00007ffc2ad50000 - 0x00007ffc2ad86000 	C:\Windows\SYSTEM32\RTWorkQ.DLL
0x00007ffc26430000 - 0x00007ffc2646b000 	C:\Windows\SYSTEM32\dxcore.dll
0x00007ffc2a250000 - 0x00007ffc2a287000 	C:\Windows\SYSTEM32\CompPkgSup.DLL
0x00007ffbecf10000 - 0x00007ffbed636000 	C:\Windows\System32\Windows.Media.dll
0x00007ffc29820000 - 0x00007ffc29909000 	C:\Windows\System32\Windows.ApplicationModel.dll
0x00007ffc29500000 - 0x00007ffc29603000 	C:\Windows\System32\AppXDeploymentClient.dll
0x00007ffc17200000 - 0x00007ffc1726c000 	C:\Windows\System32\FrameServerClient.dll
0x00007ffc15320000 - 0x00007ffc15387000 	C:\Windows\System32\MFSENSORGROUP.dll
0x00007ffc2a670000 - 0x00007ffc2a67a000 	C:\Windows\SYSTEM32\AVRT.dll
0x00007ffc2cf50000 - 0x00007ffc2cf5d000 	C:\Windows\System32\vidcap.ax
0x00007ffc29e50000 - 0x00007ffc29e77000 	C:\Windows\System32\kswdmcap.ax
0x00007ffbde520000 - 0x00007ffbde68c000 	C:\Windows\System32\MFC42.dll
0x00007ffc15420000 - 0x00007ffc15566000 	C:\Windows\System32\Windows.StateRepositoryPS.dll
0x00007ffbfc620000 - 0x00007ffbfc705000 	C:\Program Files\Intel\Media SDK\mfx_mft_mjpgvd_64.dll
0x00007ffc03570000 - 0x00007ffc03594000 	C:\Windows\SYSTEM32\dxva2.dll
0x00007ffc2c900000 - 0x00007ffc2c9f6000 	C:\Windows\SYSTEM32\PROPSYS.dll
0x00007ffbe7270000 - 0x00007ffbe743e000 	C:\Windows\SYSTEM32\d3d9.dll
0x00007ffc02020000 - 0x00007ffc020df000 	C:\Windows\SYSTEM32\EVR.dll
0x00007ffc29e30000 - 0x00007ffc29e4d000 	C:\Windows\System32\mfmjpegdec.dll
0x00007ffbfc980000 - 0x00007ffbfcaad000 	C:\Windows\System32\mfperfhelper.dll
0x00007ffbe6220000 - 0x00007ffbe6380000 	C:\Windows\System32\msvproc.dll
0x00007ffc24c90000 - 0x00007ffc250ef000 	C:\Windows\SYSTEM32\igdusc64.dll
0x00007ffc29dd0000 - 0x00007ffc29de5000 	C:\Windows\SYSTEM32\OpenCL.dll
0x00007ffc0cc50000 - 0x00007ffc0ccb2000 	C:\Windows\SYSTEM32\IntelOpenCL64.dll
0x00007ffbfc4f0000 - 0x00007ffbfc5ed000 	C:\Program Files (x86)\Common Files\Intel\OpenCL\bin\x64\intelocl64.dll
0x00007ffc04c20000 - 0x00007ffc04c96000 	C:\Program Files (x86)\Common Files\Intel\OpenCL\bin\x64\task_executor64.dll
0x00007ffbe7c90000 - 0x00007ffbe7d25000 	C:\Program Files (x86)\Common Files\Intel\OpenCL\bin\x64\cpu_device64.dll
0x00007ffc02e70000 - 0x00007ffc02ed9000 	C:\Program Files (x86)\Common Files\Intel\OpenCL\bin\x64\tbb\tbb.dll
0x00007ffbc26e0000 - 0x00007ffbc28d4000 	C:\Windows\SYSTEM32\igdrcl64.dll
0x00007ffbb3be0000 - 0x00007ffbb51c2000 	C:\Windows\SYSTEM32\igdfcl64.dll
0x00007ffc15000000 - 0x00007ffc1505f000 	C:\Windows\SYSTEM32\igdbcl64.dll

dbghelp: loaded successfully - version: 4.0.5 - missing functions: none
symbol engine: initialized successfully - sym options: 0x614 - pdb path: .;C:\Program Files\Java\jdk-22\bin;C:\Windows\SYSTEM32;C:\Program Files\Avast Software\Avast;C:\Windows\WinSxS\amd64_microsoft.windows.common-controls_6595b64144ccf1df_6.0.19041.4355_none_60b8b9eb71f62e16;C:\Program Files\Java\jdk-22\bin\server;C:\Users\ELVIS\OneDrive\Documentos\NetBeansProjects\SoftwareReconocimientoFacilUCV;C:\Program Files\Intel\Media SDK;C:\Program Files (x86)\Common Files\Intel\OpenCL\bin\x64;C:\Program Files (x86)\Common Files\Intel\OpenCL\bin\x64\tbb

VM Arguments:
java_command: SoftwareAsistencia.SoftwareMatriculaAppliation
java_class_path (initial): C:\Users\ELVIS\OneDrive\Documentos\NetBeansProjects\SoftwareReconocimientoFacilUCV\target\classes;C:\Users\ELVIS\.m2\repository\com\formdev\flatlaf-intellij-themes\3.4.1\flatlaf-intellij-themes-3.4.1.jar;C:\Users\ELVIS\.m2\repository\com\formdev\flatlaf\3.4.1\flatlaf-3.4.1.jar;C:\Users\ELVIS\.m2\repository\com\toedter\jcalendar\1.4\jcalendar-1.4.jar;C:\Users\ELVIS\.m2\repository\org\netbeans\external\AbsoluteLayout\RELEASE150\AbsoluteLayout-RELEASE150.jar;C:\Users\ELVIS\.m2\repository\com\microsoft\sqlserver\mssql-jdbc\11.2.2.jre11\mssql-jdbc-11.2.2.jre11.jar;C:\Users\ELVIS\.m2\repository\org\openpnp\opencv\4.8.1-0\opencv-4.8.1-0.jar;C:\Users\ELVIS\.m2\repository\com\google\zxing\core\2.0\core-2.0.jar;C:\Users\ELVIS\.m2\repository\com\itextpdf\kernel\7.1.14\kernel-7.1.14.jar;C:\Users\ELVIS\.m2\repository\com\itextpdf\io\7.1.14\io-7.1.14.jar;C:\Users\ELVIS\.m2\repository\org\bouncycastle\bcpkix-jdk15on\1.67\bcpkix-jdk15on-1.67.jar;C:\Users\ELVIS\.m2\repository\org\bouncycastle\bcprov-jdk15on\1.67\bcprov-jdk15on-1.67.jar;C:\Users\ELVIS\.m2\repository\org\slf4j\slf4j-api\1.7.30\slf4j-api-1.7.30.jar;C:\Users\ELVIS\.m2\repository\com\itextpdf\layout\7.1.14\layout-7.1.14.jar
Launcher Type: SUN_STANDARD

[Global flags]
     intx CICompilerCount                          = 3                                         {product} {ergonomic}
     uint ConcGCThreads                            = 1                                         {product} {ergonomic}
     uint G1ConcRefinementThreads                  = 4                                         {product} {ergonomic}
   size_t G1HeapRegionSize                         = 1048576                                   {product} {ergonomic}
   size_t InitialHeapSize                          = 134217728                                 {product} {ergonomic}
   size_t MarkStackSize                            = 4194304                                   {product} {ergonomic}
   size_t MaxHeapSize                              = 2124414976                                {product} {ergonomic}
   size_t MaxNewSize                               = 1274019840                                {product} {ergonomic}
   size_t MinHeapDeltaBytes                        = 1048576                                   {product} {ergonomic}
   size_t MinHeapSize                              = 8388608                                   {product} {ergonomic}
    uintx NonNMethodCodeHeapSize                   = 5832780                                {pd product} {ergonomic}
    uintx NonProfiledCodeHeapSize                  = 122912730                              {pd product} {ergonomic}
    uintx ProfiledCodeHeapSize                     = 122912730                              {pd product} {ergonomic}
    uintx ReservedCodeCacheSize                    = 251658240                              {pd product} {ergonomic}
     bool SegmentedCodeCache                       = true                                      {product} {ergonomic}
   size_t SoftMaxHeapSize                          = 2124414976                             {manageable} {ergonomic}
     bool UseCompressedOops                        = true                           {product lp64_product} {ergonomic}
     bool UseG1GC                                  = true                                      {product} {ergonomic}
     bool UseLargePagesIndividualAllocation        = false                                  {pd product} {ergonomic}

Logging:
Log output configuration:
 #0: stdout all=off uptime,level,tags foldmultilines=false
 #1: stderr all=off uptime,level,tags foldmultilines=false

Environment Variables:
JAVA_HOME=C:\Program Files\Java\jdk-22
PATH=C:\Program Files\Common Files\Oracle\Java\javapath;C:\Program Files\Microsoft MPI\Bin\;C:\Windows\system32;C:\Windows;C:\Windows\System32\Wbem;C:\Windows\System32\WindowsPowerShell\v1.0\;C:\Windows\System32\OpenSSH\;C:\Program Files (x86)\Microsoft SQL Server\160\Tools\Binn\;C:\Program Files\Microsoft SQL Server\160\Tools\Binn\;C:\Program Files\Microsoft SQL Server\Client SDK\ODBC\170\Tools\Binn\;C:\Program Files\Microsoft SQL Server\160\DTS\Binn\;C:\Program Files (x86)\Microsoft SQL Server\160\DTS\Binn\;C:\Program Files\Git\cmd;C:\Program Files\nodejs\;C:\Users\ELVIS\AppData\Local\Programs\Python\Python312\Scripts\;C:\Users\ELVIS\AppData\Local\Programs\Python\Python312\;C:\Users\ELVIS\AppData\Local\Microsoft\WindowsApps;C:\Users\ELVIS\AppData\Local\Programs\Microsoft VS Code\bin;C:\Users\ELVIS\AppData\Roaming\npm
USERNAME=ELVIS
OS=Windows_NT
PROCESSOR_IDENTIFIER=Intel64 Family 6 Model 58 Stepping 9, GenuineIntel
TMP=C:\Users\ELVIS\AppData\Local\Temp
TEMP=C:\Users\ELVIS\AppData\Local\Temp




Periodic native trim disabled

---------------  S Y S T E M  ---------------

OS:
 Windows 10 , 64 bit Build 19041 (10.0.19041.3636)
OS uptime: 0 days 1:41 hours

CPU: total 4 (initial active 4) (2 cores per cpu, 2 threads per core) family 6 model 58 stepping 9 microcode 0x21, cx8, cmov, fxsr, ht, mmx, sse, sse2, sse3, ssse3, sse4.1, sse4.2, popcnt, tsc, tscinvbit, avx, aes, erms, clmul, vzeroupper, clflush, rdtscp, f16c
Processor Information for all 4 processors :
  Max Mhz: 1801, Current Mhz: 1801, Mhz Limit: 1801

Memory: 4k page, system-wide physical 8097M (3037M free)
TotalPageFile size 13729M (AvailPageFile size 7573M)
current process WorkingSet (physical memory assigned to process): 167M, peak: 213M
current process commit charge ("private bytes"): 275M, peak: 323M

vm_info: Java HotSpot(TM) 64-Bit Server VM (22.0.1+8-16) for windows-amd64 JRE (22.0.1+8-16), built on 2024-03-12T10:33:16Z by "mach5one" with MS VC++ 17.6 (VS2022)

END.
