#
# A fatal error has been detected by the Java Runtime Environment:
#
#  EXCEPTION_ACCESS_VIOLATION (0xc0000005) at pc=0x00007ffc325dfaad, pid=1468, tid=7284
#
# JRE version: Java(TM) SE Runtime Environment (22.0.1+8) (build 22.0.1+8-16)
# Java VM: Java HotSpot(TM) 64-Bit Server VM (22.0.1+8-16, mixed mode, sharing, tiered, compressed oops, compressed class ptrs, g1 gc, windows-amd64)
# Problematic frame:
# C  [ntdll.dll+0x2faad]
#
# No core dump will be written. Minidumps are not enabled by default on client versions of Windows
#
# If you would like to submit a bug report, please visit:
#   https://bugreport.java.com/bugreport/crash.jsp
#

---------------  S U M M A R Y ------------

Command Line: SoftwareAsistencia.Controllers.ReconocerRostro

Host: Intel(R) Core(TM) i5-3337U CPU @ 1.80GHz, 4 cores, 7G,  Windows 10 , 64 bit Build 19041 (10.0.19041.3636)
Time: Sun Jun 30 10:38:31 2024 Hora est. Pacífico, Sudamérica elapsed time: 20.717407 seconds (0d 0h 0m 20s)

---------------  T H R E A D  ---------------

Current thread (0x000002c2fe648cd0):  VMThread "VM Thread"          [id=7284, stack(0x000000e78f900000,0x000000e78fa00000) (1024K)]

Stack: [0x000000e78f900000,0x000000e78fa00000],  sp=0x000000e78f9feab0,  free space=1018k
Native frames: (J=compiled Java code, j=interpreted, Vv=VM code, C=native code)
C  [ntdll.dll+0x2faad]  (no source info available)
C  [igdrcl64.dll+0x36542]  (no source info available)
C  [igdrcl64.dll+0x31145]  (no source info available)
C  [opencv_java481.dll+0x170c109]  (no source info available)
C  [opencv_java481.dll+0x16f4071]  (no source info available)
C  [opencv_java481.dll+0x253c670]  (no source info available)
C  [opencv_java481.dll+0x2457fdf]  (no source info available)
C  [opencv_java481.dll+0x2457d8d]  (no source info available)
C  [opencv_java481.dll+0x24580b1]  (no source info available)
C  [opencv_java481.dll+0x244fda7]  (no source info available)
C  [opencv_java481.dll+0x244fd25]  (no source info available)
C  [opencv_java481.dll+0x244feab]  (no source info available)
C  [opencv_java481.dll+0x2409f7f]  (no source info available)
C  [opencv_java481.dll+0x2409c79]  (no source info available)
C  [opencv_java481.dll+0x2409d9e]  (no source info available)
C  [ntdll.dll+0x19a1d]  (no source info available)
C  [ntdll.dll+0x5f1da]  (no source info available)
C  [ntdll.dll+0x5ef8d]  (no source info available)
C  [KERNEL32.DLL+0x1e3bb]  (no source info available)
C  [ucrtbase.dll+0x205bc]  (no source info available)
C  [ucrtbase.dll+0x2045f]  (no source info available)
V  [jvm.dll+0x6db40b]  (no source info available)
V  [jvm.dll+0x6daf40]  (no source info available)
V  [jvm.dll+0x3e1ea4]  (no source info available)
V  [jvm.dll+0x87d7d0]  (no source info available)
V  [jvm.dll+0x87eb57]  (no source info available)
V  [jvm.dll+0x87f0d0]  (no source info available)
V  [jvm.dll+0x87f373]  (no source info available)
V  [jvm.dll+0x81d44b]  (no source info available)
V  [jvm.dll+0x6e0915]  (no source info available)
C  [ucrtbase.dll+0x21bb2]  (no source info available)
C  [KERNEL32.DLL+0x17344]  (no source info available)
C  [ntdll.dll+0x4cc91]  (no source info available)


siginfo: EXCEPTION_ACCESS_VIOLATION (0xc0000005), writing address 0x0000000000000018


Registers:
RAX=0x000000e78edba000, RBX=0x0000000000000000, RCX=0x0000000000000010, RDX=0x000002c299408ae0
RSP=0x000000e78f9feab0, RBP=0x000002c29972eeb0, RSI=0x0000000000000010, RDI=0x000002c299408ae0
R8 =0x0000000000000032, R9 =0x0000000000000032, R10=0x0000000000000032, R11=0x000000e78f9feaf0
R12=0x00007ffbb75d9dec, R13=0x00007ffc01ae3b20, R14=0x0000663742612850, R15=0x000002c29972e780
RIP=0x00007ffc325dfaad, EFLAGS=0x0000000000010202


Register to memory mapping:

RAX=0x000000e78edba000 points into unknown readable memory: 0x0000000000000000 | 00 00 00 00 00 00 00 00
RBX=0x0 is null
RCX=0x0000000000000010 is an unknown value
RDX=0x000002c299408ae0 points into unknown readable memory: 0x00007ffbe7f1ffa0 | a0 ff f1 e7 fb 7f 00 00
RSP=0x000000e78f9feab0 points into unknown readable memory: 0x000002c2f9754f60 | 60 4f 75 f9 c2 02 00 00
RBP=0x000002c29972eeb0 points into unknown readable memory: 0x0000663742612850 | 50 28 61 42 37 66 00 00
RSI=0x0000000000000010 is an unknown value
RDI=0x000002c299408ae0 points into unknown readable memory: 0x00007ffbe7f1ffa0 | a0 ff f1 e7 fb 7f 00 00
R8 =0x0000000000000032 is an unknown value
R9 =0x0000000000000032 is an unknown value
R10=0x0000000000000032 is an unknown value
R11=0x000000e78f9feaf0 points into unknown readable memory: 0x0000663742612850 | 50 28 61 42 37 66 00 00
R12=0x00007ffbb75d9dec opencv_java481.dll
R13=0x00007ffc01ae3b20 jvm.dll
R14=0x0000663742612850 is an unknown value
R15=0x000002c29972e780 points into unknown readable memory: 0x7ffbd16ada712850 | 50 28 71 da 6a d1 fb 7f

Top of Stack: (sp=0x000000e78f9feab0)
0x000000e78f9feab0:   000002c2f9754f60 000002c2fe680750
0x000000e78f9feac0:   0000000000000000 00007ffc325e02c9
0x000000e78f9fead0:   00007ffc26433abb 00007ffbe7d76542
0x000000e78f9feae0:   000066d0cdfec1c0 0000000000000000
0x000000e78f9feaf0:   0000663742612850 000002c2df639a30
0x000000e78f9feb00:   000002c2df5f0bc0 00007ffbe7d71145
0x000000e78f9feb10:   0000000100000009 000002c299408ae0
0x000000e78f9feb20:   000000e78f9feca0 00007ffc26433abb
0x000000e78f9feb30:   000002c2df639a30 00007ffbb68dc109
0x000000e78f9feb40:   000002c2df5f1130 000000e78f9fec88
0x000000e78f9feb50:   0000000000000000 0000000000000000
0x000000e78f9feb60:   0000000000000000 0000000000000000
0x000000e78f9feb70:   000002c2df5f1130 0000000000000000
0x000000e78f9feb80:   0000000000000000 0000000000000000
0x000000e78f9feb90:   0000000000000000 000066d0cdfec310
0x000000e78f9feba0:   000002c2df639a30 00007ffbb68c4071
0x000000e78f9febb0:   0000000000000000 000002c2df639a20
0x000000e78f9febc0:   0000000000000000 0000000000000000
0x000000e78f9febd0:   00000000ffffffff 00007ffbb770c670
0x000000e78f9febe0:   000002c2df639a30 000002c2df639a20
0x000000e78f9febf0:   000000e78f9feda8 000002c299758950
0x000000e78f9fec00:   000002c29972eea0 00007ffbb7627fdf
0x000000e78f9fec10:   000002c29972e780 00007ffc325b0000
0x000000e78f9fec20:   00007ffc26457b10 00007ffc2fcd97b1
0x000000e78f9fec30:   0000000000000001 00007ffbb51d0000
0x000000e78f9fec40:   000000e78f9feca0 00007ffbb7627d8d
0x000000e78f9fec50:   000000e78f9fecd0 000000e78f9fed70
0x000000e78f9fec60:   0000000000000001 00007ffc325d47b1
0x000000e78f9fec70:   000000e78f9fed50 00007ffbb76280b1
0x000000e78f9fec80:   000000e78f9fed50 0000000000000000
0x000000e78f9fec90:   0000000000000000 000000e78f9fecd0
0x000000e78f9feca0:   000000e78f9fecc0 00007ffc301ff05b 

Instructions: (pc=0x00007ffc325dfaad)
0x00007ffc325df9ad:   48 b8 7f 7f 7f 7f 7f 7f 7f 7f 41 8b c8 48 0b cb
0x00007ffc325df9bd:   48 23 c8 83 e6 1f 49 89 8c f4 40 a5 16 00 48 81
0x00007ffc325df9cd:   c4 98 00 00 00 41 5f 41 5e 41 5d 41 5c 5f 5e 5b
0x00007ffc325df9dd:   5d c3 cc 33 d2 41 8b c6 41 f7 f0 44 8b c8 e9 d6
0x00007ffc325df9ed:   fc ff ff 41 8d 57 ff 41 85 d7 0f 84 a3 3d 08 00
0x00007ffc325df9fd:   41 b8 00 10 00 00 41 b9 ff ff 00 00 e9 cc 3d 08
0x00007ffc325dfa0d:   00 cc cc cc cc cc cc 48 8b c4 48 89 58 08 48 89
0x00007ffc325dfa1d:   68 10 48 89 70 18 48 89 78 20 41 56 48 83 ec 20
0x00007ffc325dfa2d:   40 8a ea 4c 8d 35 99 d1 13 00 48 8b f1 33 db 48
0x00007ffc325dfa3d:   8d 0d 9d d1 13 00 e8 58 00 00 00 4c 8b 05 81 d1
0x00007ffc325dfa4d:   13 00 4d 3b c6 0f 85 98 40 08 00 48 85 db 75 33
0x00007ffc325dfa5d:   48 8d 0d 7c d1 13 00 e8 c7 f7 ff ff 48 85 db 0f
0x00007ffc325dfa6d:   85 b3 40 08 00 33 c0 48 8b 5c 24 30 48 8b 6c 24
0x00007ffc325dfa7d:   38 48 8b 74 24 40 48 8b 7c 24 48 48 83 c4 20 41
0x00007ffc325dfa8d:   5e c3 cc f0 ff 43 3c eb c7 cc cc cc cc cc cc cc
0x00007ffc325dfa9d:   cc cc cc 48 83 ec 28 65 48 8b 04 25 30 00 00 00
0x00007ffc325dfaad:   f0 0f ba 71 08 00 48 8b 40 48 73 13 48 89 41 10
0x00007ffc325dfabd:   33 c0 c7 41 0c 01 00 00 00 48 83 c4 28 c3 cc 48
0x00007ffc325dfacd:   39 41 10 75 0b ff 41 0c 33 c0 48 83 c4 28 c3 cc
0x00007ffc325dfadd:   e8 0e 00 00 00 eb e2 cc cc cc cc cc cc cc cc cc
0x00007ffc325dfaed:   cc cc cc 48 89 5c 24 18 55 56 57 41 54 41 55 41
0x00007ffc325dfafd:   56 41 57 48 83 ec 20 8b 41 20 48 8b f1 48 0f ba
0x00007ffc325dfb0d:   e0 1a 0f 82 df 01 00 00 33 ff 40 32 ed 66 83 3c
0x00007ffc325dfb1d:   25 6a 03 fe 7f 01 76 19 48 8b 7e 20 48 8b c7 81
0x00007ffc325dfb2d:   e7 ff ff ff 00 25 00 00 00 02 48 85 c0 40 0f 95
0x00007ffc325dfb3d:   c5 45 32 ff b0 01 45 32 e4 41 bd 01 00 00 00 45
0x00007ffc325dfb4d:   33 c0 ba 6a 03 fe 7f 84 c0 0f 84 14 01 00 00 8b
0x00007ffc325dfb5d:   46 08 4c 8d 4e 08 45 84 e4 41 be 03 00 00 00 45
0x00007ffc325dfb6d:   0f 44 f5 41 84 c5 0f 85 e2 00 00 00 8d 0c bf 03
0x00007ffc325dfb7d:   c9 66 44 39 2a 0f 86 e8 00 00 00 4d 85 c9 74 0e
0x00007ffc325dfb8d:   80 3c 25 97 02 fe 7f 00 0f 85 b9 3f 08 00 0f b7
0x00007ffc325dfb9d:   1c 25 d6 02 fe 7f 83 fb 0c 0f 85 a2 00 00 00 b8 


Stack slot to memory mapping:

stack at sp + 0 slots: 0x000002c2f9754f60 points into unknown readable memory: 0x000002c2f97558c0 | c0 58 75 f9 c2 02 00 00
stack at sp + 1 slots: 0x000002c2fe680750 points into unknown readable memory: 0x000002c2fe680fa0 | a0 0f 68 fe c2 02 00 00
stack at sp + 2 slots: 0x0 is null
stack at sp + 3 slots: 0x00007ffc325e02c9 ntdll.dll
stack at sp + 4 slots: 0x00007ffc26433abb dxcore.dll
stack at sp + 5 slots: 0x00007ffbe7d76542 igdrcl64.dll
stack at sp + 6 slots: 0x000066d0cdfec1c0 is an unknown value
stack at sp + 7 slots: 0x0 is null

VM_Operation (0x000000e7907fe8f0): Exit, mode: safepoint, requested by thread 0x000002c299534a10


---------------  P R O C E S S  ---------------

Threads class SMR info:
_java_thread_list=0x000002c2df5f2870, length=13, elements={
0x000002c2fe666380, 0x000002c2fe668f90, 0x000002c2fe66d910, 0x000002c2fe66e050,
0x000002c2fe676fe0, 0x000002c2fe6819a0, 0x000002c2fe684070, 0x000002c299533660,
0x000002c299533cf0, 0x000002c2995350a0, 0x000002c299534380, 0x000002c299534a10,
0x000002c299535730
}

Java Threads: ( => current thread )
  0x000002c2fe666380 JavaThread "Reference Handler"          daemon [_thread_blocked, id=1500, stack(0x000000e78fa00000,0x000000e78fb00000) (1024K)]
  0x000002c2fe668f90 JavaThread "Finalizer"                  daemon [_thread_blocked, id=4488, stack(0x000000e78fb00000,0x000000e78fc00000) (1024K)]
  0x000002c2fe66d910 JavaThread "Attach Listener"            daemon [_thread_blocked, id=6564, stack(0x000000e78fd00000,0x000000e78fe00000) (1024K)]
  0x000002c2fe66e050 JavaThread "Service Thread"             daemon [_thread_blocked, id=12032, stack(0x000000e78fe00000,0x000000e78ff00000) (1024K)]
  0x000002c2fe676fe0 JavaThread "Monitor Deflation Thread"   daemon [_thread_blocked, id=1068, stack(0x000000e78ff00000,0x000000e790000000) (1024K)]
  0x000002c2fe6819a0 JavaThread "C2 CompilerThread0"         daemon [_thread_blocked, id=7808, stack(0x000000e790000000,0x000000e790100000) (1024K)]
  0x000002c2fe684070 JavaThread "C1 CompilerThread0"         daemon [_thread_blocked, id=8396, stack(0x000000e790100000,0x000000e790200000) (1024K)]
  0x000002c299533660 JavaThread "Notification Thread"        daemon [_thread_blocked, id=3156, stack(0x000000e790200000,0x000000e790300000) (1024K)]
  0x000002c299533cf0 JavaThread "Common-Cleaner"             daemon [_thread_blocked, id=12084, stack(0x000000e790300000,0x000000e790400000) (1024K)]
  0x000002c2995350a0 JavaThread "Java2D Disposer"            daemon [_thread_blocked, id=9992, stack(0x000000e790400000,0x000000e790500000) (1024K)]
  0x000002c299534380 JavaThread "AWT-Shutdown"                      [_thread_blocked, id=12064, stack(0x000000e790500000,0x000000e790600000) (1024K)]
  0x000002c299534a10 JavaThread "AWT-EventQueue-0"                  [_thread_blocked, id=1872, stack(0x000000e790700000,0x000000e790800000) (1024K)]
  0x000002c299535730 JavaThread "DestroyJavaVM"                     [_thread_blocked, id=10724, stack(0x000000e78f200000,0x000000e78f300000) (1024K)]
Total: 13

Other Threads:
=>0x000002c2fe648cd0 VMThread "VM Thread"                           [id=7284, stack(0x000000e78f900000,0x000000e78fa00000) (1024K)]
  0x000002c2f99bc8a0 WorkerThread "GC Thread#0"                     [id=10316, stack(0x000000e78f300000,0x000000e78f400000) (1024K)]
  0x000002c2e3d84b20 WorkerThread "GC Thread#1"                     [id=8540, stack(0x000000e791a00000,0x000000e791b00000) (1024K)]
  0x000002c2df7d5ad0 WorkerThread "GC Thread#2"                     [id=4180, stack(0x000000e791b00000,0x000000e791c00000) (1024K)]
  0x000002c2df7d5e80 WorkerThread "GC Thread#3"                     [id=2736, stack(0x000000e791c00000,0x000000e791d00000) (1024K)]
  0x000002c2f99ce860 ConcurrentGCThread "G1 Main Marker"            terminated
  0x000002c2f99cfb10 WorkerThread "G1 Conc#0"                       [id=5112, stack(0x000000e78f500000,0x000000e78f600000) (1024K)]
  0x000002c2fe4f01d0 ConcurrentGCThread "G1 Refine#0"               terminated
  0x000002c2fe4f2620 ConcurrentGCThread "G1 Service"                terminated
Total: 9

Threads with active compile tasks:
Total: 0

VM state: at safepoint (shutting down)

VM Mutex/Monitor currently owned by a thread:  ([mutex/lock_event])
[0x00007ffc01abbbb8] Threads_lock - owner thread: 0x000002c2fe648cd0
[0x00007ffc01abbcb8] Heap_lock - owner thread: 0x000002c299534a10

Heap address: 0x0000000081600000, size: 2026 MB, Compressed Oops mode: 32-bit

CDS archive(s) mapped at: [0x000002c29a000000-0x000002c29ac60000-0x000002c29ac60000), size 12976128, SharedBaseAddress: 0x000002c29a000000, ArchiveRelocationMode: 1.
Compressed class space mapped at: 0x000002c29b000000-0x000002c2db000000, reserved size: 1073741824
Narrow klass base: 0x000002c29a000000, Narrow klass shift: 0, Narrow klass range: 0x41000000

GC Precious Log:
 CardTable entry size: 512
 Card Set container configuration: InlinePtr #cards 5 size 8 Array Of Cards #cards 12 size 40 Howl #buckets 4 coarsen threshold 1843 Howl Bitmap #cards 512 size 80 coarsen threshold 460 Card regions per heap region 1 cards per card region 2048
 CPUs: 4 total, 4 available
 Memory: 8097M
 Large Page Support: Disabled
 NUMA Support: Disabled
 Compressed Oops: Enabled (32-bit)
 Heap Region Size: 1M
 Heap Min Capacity: 8M
 Heap Initial Capacity: 128M
 Heap Max Capacity: 2026M
 Pre-touch: Disabled
 Parallel Workers: 4
 Concurrent Workers: 1
 Concurrent Refinement Workers: 4
 Periodic GC: Disabled

Heap:
 garbage-first heap   total reserved 2074624K, committed 131072K, used 20075K [0x0000000081600000, 0x0000000100000000)
  region size 1024K, 18 young (18432K), 3 survivors (3072K)
 Metaspace       used 7535K, committed 7744K, reserved 1114112K
  class space    used 765K, committed 896K, reserved 1048576K

Heap Regions: E=young(eden), S=young(survivor), O=old, HS=humongous(starts), HC=humongous(continues), CS=collection set, F=free, TAMS=top-at-mark-start, PB=parsable bottom
|   0|0x0000000081600000, 0x0000000081600000, 0x0000000081700000|  0%| F|  |TAMS 0x0000000081600000| PB 0x0000000081600000| Untracked |  0
|   1|0x0000000081700000, 0x0000000081800000, 0x0000000081800000|100%|HS|  |TAMS 0x0000000081700000| PB 0x0000000081700000| Complete |  0
|   2|0x0000000081800000, 0x0000000081900000, 0x0000000081900000|100%|HC|  |TAMS 0x0000000081800000| PB 0x0000000081800000| Complete |  0
|   3|0x0000000081900000, 0x0000000081a00000, 0x0000000081a00000|100%| O|  |TAMS 0x0000000081900000| PB 0x0000000081900000| Untracked |  0
|   4|0x0000000081a00000, 0x0000000081b00000, 0x0000000081b00000|100%| O|  |TAMS 0x0000000081a00000| PB 0x0000000081a00000| Untracked |  0
|   5|0x0000000081b00000, 0x0000000081b30000, 0x0000000081c00000| 18%| O|  |TAMS 0x0000000081b00000| PB 0x0000000081b00000| Untracked |  0
|   6|0x0000000081c00000, 0x0000000081c00000, 0x0000000081d00000|  0%| F|  |TAMS 0x0000000081c00000| PB 0x0000000081c00000| Untracked |  0
|   7|0x0000000081d00000, 0x0000000081d00000, 0x0000000081e00000|  0%| F|  |TAMS 0x0000000081d00000| PB 0x0000000081d00000| Untracked |  0
|   8|0x0000000081e00000, 0x0000000081e00000, 0x0000000081f00000|  0%| F|  |TAMS 0x0000000081e00000| PB 0x0000000081e00000| Untracked |  0
|   9|0x0000000081f00000, 0x0000000081f00000, 0x0000000082000000|  0%| F|  |TAMS 0x0000000081f00000| PB 0x0000000081f00000| Untracked |  0
|  10|0x0000000082000000, 0x0000000082000000, 0x0000000082100000|  0%| F|  |TAMS 0x0000000082000000| PB 0x0000000082000000| Untracked |  0
|  11|0x0000000082100000, 0x0000000082100000, 0x0000000082200000|  0%| F|  |TAMS 0x0000000082100000| PB 0x0000000082100000| Untracked |  0
|  12|0x0000000082200000, 0x0000000082200000, 0x0000000082300000|  0%| F|  |TAMS 0x0000000082200000| PB 0x0000000082200000| Untracked |  0
|  13|0x0000000082300000, 0x0000000082300000, 0x0000000082400000|  0%| F|  |TAMS 0x0000000082300000| PB 0x0000000082300000| Untracked |  0
|  14|0x0000000082400000, 0x0000000082400000, 0x0000000082500000|  0%| F|  |TAMS 0x0000000082400000| PB 0x0000000082400000| Untracked |  0
|  15|0x0000000082500000, 0x0000000082500000, 0x0000000082600000|  0%| F|  |TAMS 0x0000000082500000| PB 0x0000000082500000| Untracked |  0
|  16|0x0000000082600000, 0x0000000082600000, 0x0000000082700000|  0%| F|  |TAMS 0x0000000082600000| PB 0x0000000082600000| Untracked |  0
|  17|0x0000000082700000, 0x0000000082700000, 0x0000000082800000|  0%| F|  |TAMS 0x0000000082700000| PB 0x0000000082700000| Untracked |  0
|  18|0x0000000082800000, 0x0000000082800000, 0x0000000082900000|  0%| F|  |TAMS 0x0000000082800000| PB 0x0000000082800000| Untracked |  0
|  19|0x0000000082900000, 0x0000000082900000, 0x0000000082a00000|  0%| F|  |TAMS 0x0000000082900000| PB 0x0000000082900000| Untracked |  0
|  20|0x0000000082a00000, 0x0000000082a00000, 0x0000000082b00000|  0%| F|  |TAMS 0x0000000082a00000| PB 0x0000000082a00000| Untracked |  0
|  21|0x0000000082b00000, 0x0000000082b00000, 0x0000000082c00000|  0%| F|  |TAMS 0x0000000082b00000| PB 0x0000000082b00000| Untracked |  0
|  22|0x0000000082c00000, 0x0000000082c00000, 0x0000000082d00000|  0%| F|  |TAMS 0x0000000082c00000| PB 0x0000000082c00000| Untracked |  0
|  23|0x0000000082d00000, 0x0000000082d00000, 0x0000000082e00000|  0%| F|  |TAMS 0x0000000082d00000| PB 0x0000000082d00000| Untracked |  0
|  24|0x0000000082e00000, 0x0000000082e00000, 0x0000000082f00000|  0%| F|  |TAMS 0x0000000082e00000| PB 0x0000000082e00000| Untracked |  0
|  25|0x0000000082f00000, 0x0000000082f00000, 0x0000000083000000|  0%| F|  |TAMS 0x0000000082f00000| PB 0x0000000082f00000| Untracked |  0
|  26|0x0000000083000000, 0x0000000083000000, 0x0000000083100000|  0%| F|  |TAMS 0x0000000083000000| PB 0x0000000083000000| Untracked |  0
|  27|0x0000000083100000, 0x0000000083100000, 0x0000000083200000|  0%| F|  |TAMS 0x0000000083100000| PB 0x0000000083100000| Untracked |  0
|  28|0x0000000083200000, 0x0000000083200000, 0x0000000083300000|  0%| F|  |TAMS 0x0000000083200000| PB 0x0000000083200000| Untracked |  0
|  29|0x0000000083300000, 0x0000000083300000, 0x0000000083400000|  0%| F|  |TAMS 0x0000000083300000| PB 0x0000000083300000| Untracked |  0
|  30|0x0000000083400000, 0x0000000083400000, 0x0000000083500000|  0%| F|  |TAMS 0x0000000083400000| PB 0x0000000083400000| Untracked |  0
|  31|0x0000000083500000, 0x0000000083500000, 0x0000000083600000|  0%| F|  |TAMS 0x0000000083500000| PB 0x0000000083500000| Untracked |  0
|  32|0x0000000083600000, 0x0000000083600000, 0x0000000083700000|  0%| F|  |TAMS 0x0000000083600000| PB 0x0000000083600000| Untracked |  0
|  33|0x0000000083700000, 0x0000000083700000, 0x0000000083800000|  0%| F|  |TAMS 0x0000000083700000| PB 0x0000000083700000| Untracked |  0
|  34|0x0000000083800000, 0x0000000083800000, 0x0000000083900000|  0%| F|  |TAMS 0x0000000083800000| PB 0x0000000083800000| Untracked |  0
|  35|0x0000000083900000, 0x0000000083900000, 0x0000000083a00000|  0%| F|  |TAMS 0x0000000083900000| PB 0x0000000083900000| Untracked |  0
|  36|0x0000000083a00000, 0x0000000083a00000, 0x0000000083b00000|  0%| F|  |TAMS 0x0000000083a00000| PB 0x0000000083a00000| Untracked |  0
|  37|0x0000000083b00000, 0x0000000083b00000, 0x0000000083c00000|  0%| F|  |TAMS 0x0000000083b00000| PB 0x0000000083b00000| Untracked |  0
|  38|0x0000000083c00000, 0x0000000083c00000, 0x0000000083d00000|  0%| F|  |TAMS 0x0000000083c00000| PB 0x0000000083c00000| Untracked |  0
|  39|0x0000000083d00000, 0x0000000083d00000, 0x0000000083e00000|  0%| F|  |TAMS 0x0000000083d00000| PB 0x0000000083d00000| Untracked |  0
|  40|0x0000000083e00000, 0x0000000083e00000, 0x0000000083f00000|  0%| F|  |TAMS 0x0000000083e00000| PB 0x0000000083e00000| Untracked |  0
|  41|0x0000000083f00000, 0x0000000083f00000, 0x0000000084000000|  0%| F|  |TAMS 0x0000000083f00000| PB 0x0000000083f00000| Untracked |  0
|  42|0x0000000084000000, 0x0000000084000000, 0x0000000084100000|  0%| F|  |TAMS 0x0000000084000000| PB 0x0000000084000000| Untracked |  0
|  43|0x0000000084100000, 0x0000000084100000, 0x0000000084200000|  0%| F|  |TAMS 0x0000000084100000| PB 0x0000000084100000| Untracked |  0
|  44|0x0000000084200000, 0x0000000084200000, 0x0000000084300000|  0%| F|  |TAMS 0x0000000084200000| PB 0x0000000084200000| Untracked |  0
|  45|0x0000000084300000, 0x0000000084300000, 0x0000000084400000|  0%| F|  |TAMS 0x0000000084300000| PB 0x0000000084300000| Untracked |  0
|  46|0x0000000084400000, 0x0000000084400000, 0x0000000084500000|  0%| F|  |TAMS 0x0000000084400000| PB 0x0000000084400000| Untracked |  0
|  47|0x0000000084500000, 0x0000000084500000, 0x0000000084600000|  0%| F|  |TAMS 0x0000000084500000| PB 0x0000000084500000| Untracked |  0
|  48|0x0000000084600000, 0x0000000084600000, 0x0000000084700000|  0%| F|  |TAMS 0x0000000084600000| PB 0x0000000084600000| Untracked |  0
|  49|0x0000000084700000, 0x0000000084700000, 0x0000000084800000|  0%| F|  |TAMS 0x0000000084700000| PB 0x0000000084700000| Untracked |  0
|  50|0x0000000084800000, 0x0000000084800000, 0x0000000084900000|  0%| F|  |TAMS 0x0000000084800000| PB 0x0000000084800000| Untracked |  0
|  51|0x0000000084900000, 0x0000000084900000, 0x0000000084a00000|  0%| F|  |TAMS 0x0000000084900000| PB 0x0000000084900000| Untracked |  0
|  52|0x0000000084a00000, 0x0000000084a00000, 0x0000000084b00000|  0%| F|  |TAMS 0x0000000084a00000| PB 0x0000000084a00000| Untracked |  0
|  53|0x0000000084b00000, 0x0000000084b00000, 0x0000000084c00000|  0%| F|  |TAMS 0x0000000084b00000| PB 0x0000000084b00000| Untracked |  0
|  54|0x0000000084c00000, 0x0000000084c00000, 0x0000000084d00000|  0%| F|  |TAMS 0x0000000084c00000| PB 0x0000000084c00000| Untracked |  0
|  55|0x0000000084d00000, 0x0000000084d00000, 0x0000000084e00000|  0%| F|  |TAMS 0x0000000084d00000| PB 0x0000000084d00000| Untracked |  0
|  56|0x0000000084e00000, 0x0000000084e00000, 0x0000000084f00000|  0%| F|  |TAMS 0x0000000084e00000| PB 0x0000000084e00000| Untracked |  0
|  57|0x0000000084f00000, 0x0000000084f00000, 0x0000000085000000|  0%| F|  |TAMS 0x0000000084f00000| PB 0x0000000084f00000| Untracked |  0
|  58|0x0000000085000000, 0x0000000085000000, 0x0000000085100000|  0%| F|  |TAMS 0x0000000085000000| PB 0x0000000085000000| Untracked |  0
|  59|0x0000000085100000, 0x0000000085100000, 0x0000000085200000|  0%| F|  |TAMS 0x0000000085100000| PB 0x0000000085100000| Untracked |  0
|  60|0x0000000085200000, 0x0000000085200000, 0x0000000085300000|  0%| F|  |TAMS 0x0000000085200000| PB 0x0000000085200000| Untracked |  0
|  61|0x0000000085300000, 0x0000000085300000, 0x0000000085400000|  0%| F|  |TAMS 0x0000000085300000| PB 0x0000000085300000| Untracked |  0
|  62|0x0000000085400000, 0x0000000085400000, 0x0000000085500000|  0%| F|  |TAMS 0x0000000085400000| PB 0x0000000085400000| Untracked |  0
|  63|0x0000000085500000, 0x0000000085500000, 0x0000000085600000|  0%| F|  |TAMS 0x0000000085500000| PB 0x0000000085500000| Untracked |  0
|  64|0x0000000085600000, 0x0000000085600000, 0x0000000085700000|  0%| F|  |TAMS 0x0000000085600000| PB 0x0000000085600000| Untracked |  0
|  65|0x0000000085700000, 0x0000000085700000, 0x0000000085800000|  0%| F|  |TAMS 0x0000000085700000| PB 0x0000000085700000| Untracked |  0
|  66|0x0000000085800000, 0x0000000085800000, 0x0000000085900000|  0%| F|  |TAMS 0x0000000085800000| PB 0x0000000085800000| Untracked |  0
|  67|0x0000000085900000, 0x0000000085900000, 0x0000000085a00000|  0%| F|  |TAMS 0x0000000085900000| PB 0x0000000085900000| Untracked |  0
|  68|0x0000000085a00000, 0x0000000085a00000, 0x0000000085b00000|  0%| F|  |TAMS 0x0000000085a00000| PB 0x0000000085a00000| Untracked |  0
|  69|0x0000000085b00000, 0x0000000085b00000, 0x0000000085c00000|  0%| F|  |TAMS 0x0000000085b00000| PB 0x0000000085b00000| Untracked |  0
|  70|0x0000000085c00000, 0x0000000085c00000, 0x0000000085d00000|  0%| F|  |TAMS 0x0000000085c00000| PB 0x0000000085c00000| Untracked |  0
|  71|0x0000000085d00000, 0x0000000085d00000, 0x0000000085e00000|  0%| F|  |TAMS 0x0000000085d00000| PB 0x0000000085d00000| Untracked |  0
|  72|0x0000000085e00000, 0x0000000085e00000, 0x0000000085f00000|  0%| F|  |TAMS 0x0000000085e00000| PB 0x0000000085e00000| Untracked |  0
|  73|0x0000000085f00000, 0x0000000085f00000, 0x0000000086000000|  0%| F|  |TAMS 0x0000000085f00000| PB 0x0000000085f00000| Untracked |  0
|  74|0x0000000086000000, 0x0000000086000000, 0x0000000086100000|  0%| F|  |TAMS 0x0000000086000000| PB 0x0000000086000000| Untracked |  0
|  75|0x0000000086100000, 0x0000000086100000, 0x0000000086200000|  0%| F|  |TAMS 0x0000000086100000| PB 0x0000000086100000| Untracked |  0
|  76|0x0000000086200000, 0x0000000086200000, 0x0000000086300000|  0%| F|  |TAMS 0x0000000086200000| PB 0x0000000086200000| Untracked |  0
|  77|0x0000000086300000, 0x0000000086300000, 0x0000000086400000|  0%| F|  |TAMS 0x0000000086300000| PB 0x0000000086300000| Untracked |  0
|  78|0x0000000086400000, 0x0000000086400000, 0x0000000086500000|  0%| F|  |TAMS 0x0000000086400000| PB 0x0000000086400000| Untracked |  0
|  79|0x0000000086500000, 0x0000000086500000, 0x0000000086600000|  0%| F|  |TAMS 0x0000000086500000| PB 0x0000000086500000| Untracked |  0
|  80|0x0000000086600000, 0x0000000086600000, 0x0000000086700000|  0%| F|  |TAMS 0x0000000086600000| PB 0x0000000086600000| Untracked |  0
|  81|0x0000000086700000, 0x0000000086700000, 0x0000000086800000|  0%| F|  |TAMS 0x0000000086700000| PB 0x0000000086700000| Untracked |  0
|  82|0x0000000086800000, 0x0000000086800000, 0x0000000086900000|  0%| F|  |TAMS 0x0000000086800000| PB 0x0000000086800000| Untracked |  0
|  83|0x0000000086900000, 0x0000000086900000, 0x0000000086a00000|  0%| F|  |TAMS 0x0000000086900000| PB 0x0000000086900000| Untracked |  0
|  84|0x0000000086a00000, 0x0000000086a00000, 0x0000000086b00000|  0%| F|  |TAMS 0x0000000086a00000| PB 0x0000000086a00000| Untracked |  0
|  85|0x0000000086b00000, 0x0000000086b00000, 0x0000000086c00000|  0%| F|  |TAMS 0x0000000086b00000| PB 0x0000000086b00000| Untracked |  0
|  86|0x0000000086c00000, 0x0000000086c00000, 0x0000000086d00000|  0%| F|  |TAMS 0x0000000086c00000| PB 0x0000000086c00000| Untracked |  0
|  87|0x0000000086d00000, 0x0000000086d00000, 0x0000000086e00000|  0%| F|  |TAMS 0x0000000086d00000| PB 0x0000000086d00000| Untracked |  0
|  88|0x0000000086e00000, 0x0000000086e00000, 0x0000000086f00000|  0%| F|  |TAMS 0x0000000086e00000| PB 0x0000000086e00000| Untracked |  0
|  89|0x0000000086f00000, 0x0000000086f00000, 0x0000000087000000|  0%| F|  |TAMS 0x0000000086f00000| PB 0x0000000086f00000| Untracked |  0
|  90|0x0000000087000000, 0x0000000087000000, 0x0000000087100000|  0%| F|  |TAMS 0x0000000087000000| PB 0x0000000087000000| Untracked |  0
|  91|0x0000000087100000, 0x0000000087100000, 0x0000000087200000|  0%| F|  |TAMS 0x0000000087100000| PB 0x0000000087100000| Untracked |  0
|  92|0x0000000087200000, 0x0000000087200000, 0x0000000087300000|  0%| F|  |TAMS 0x0000000087200000| PB 0x0000000087200000| Untracked |  0
|  93|0x0000000087300000, 0x0000000087300000, 0x0000000087400000|  0%| F|  |TAMS 0x0000000087300000| PB 0x0000000087300000| Untracked |  0
|  94|0x0000000087400000, 0x0000000087400000, 0x0000000087500000|  0%| F|  |TAMS 0x0000000087400000| PB 0x0000000087400000| Untracked |  0
|  95|0x0000000087500000, 0x0000000087500000, 0x0000000087600000|  0%| F|  |TAMS 0x0000000087500000| PB 0x0000000087500000| Untracked |  0
|  96|0x0000000087600000, 0x0000000087600000, 0x0000000087700000|  0%| F|  |TAMS 0x0000000087600000| PB 0x0000000087600000| Untracked |  0
|  97|0x0000000087700000, 0x0000000087700000, 0x0000000087800000|  0%| F|  |TAMS 0x0000000087700000| PB 0x0000000087700000| Untracked |  0
|  98|0x0000000087800000, 0x0000000087800000, 0x0000000087900000|  0%| F|  |TAMS 0x0000000087800000| PB 0x0000000087800000| Untracked |  0
|  99|0x0000000087900000, 0x0000000087900000, 0x0000000087a00000|  0%| F|  |TAMS 0x0000000087900000| PB 0x0000000087900000| Untracked |  0
| 100|0x0000000087a00000, 0x0000000087a00000, 0x0000000087b00000|  0%| F|  |TAMS 0x0000000087a00000| PB 0x0000000087a00000| Untracked |  0
| 101|0x0000000087b00000, 0x0000000087b00000, 0x0000000087c00000|  0%| F|  |TAMS 0x0000000087b00000| PB 0x0000000087b00000| Untracked |  0
| 102|0x0000000087c00000, 0x0000000087c00000, 0x0000000087d00000|  0%| F|  |TAMS 0x0000000087c00000| PB 0x0000000087c00000| Untracked |  0
| 103|0x0000000087d00000, 0x0000000087d00000, 0x0000000087e00000|  0%| F|  |TAMS 0x0000000087d00000| PB 0x0000000087d00000| Untracked |  0
| 104|0x0000000087e00000, 0x0000000087e00000, 0x0000000087f00000|  0%| F|  |TAMS 0x0000000087e00000| PB 0x0000000087e00000| Untracked |  0
| 105|0x0000000087f00000, 0x0000000087f6af10, 0x0000000088000000| 41%| S|CS|TAMS 0x0000000087f00000| PB 0x0000000087f00000| Complete |  0
| 106|0x0000000088000000, 0x0000000088100000, 0x0000000088100000|100%| S|CS|TAMS 0x0000000088000000| PB 0x0000000088000000| Complete |  0
| 107|0x0000000088100000, 0x0000000088200000, 0x0000000088200000|100%| S|CS|TAMS 0x0000000088100000| PB 0x0000000088100000| Complete |  0
| 108|0x0000000088200000, 0x0000000088200000, 0x0000000088300000|  0%| F|  |TAMS 0x0000000088200000| PB 0x0000000088200000| Untracked |  0
| 109|0x0000000088300000, 0x0000000088300000, 0x0000000088400000|  0%| F|  |TAMS 0x0000000088300000| PB 0x0000000088300000| Untracked |  0
| 110|0x0000000088400000, 0x0000000088400000, 0x0000000088500000|  0%| F|  |TAMS 0x0000000088400000| PB 0x0000000088400000| Untracked |  0
| 111|0x0000000088500000, 0x0000000088500000, 0x0000000088600000|  0%| F|  |TAMS 0x0000000088500000| PB 0x0000000088500000| Untracked |  0
| 112|0x0000000088600000, 0x0000000088600000, 0x0000000088700000|  0%| F|  |TAMS 0x0000000088600000| PB 0x0000000088600000| Untracked |  0
| 113|0x0000000088700000, 0x00000000887e1030, 0x0000000088800000| 87%| E|  |TAMS 0x0000000088700000| PB 0x0000000088700000| Complete |  0
| 114|0x0000000088800000, 0x0000000088900000, 0x0000000088900000|100%| E|  |TAMS 0x0000000088800000| PB 0x0000000088800000| Complete |  0
| 115|0x0000000088900000, 0x0000000088a00000, 0x0000000088a00000|100%| E|CS|TAMS 0x0000000088900000| PB 0x0000000088900000| Complete |  0
| 116|0x0000000088a00000, 0x0000000088b00000, 0x0000000088b00000|100%| E|CS|TAMS 0x0000000088a00000| PB 0x0000000088a00000| Complete |  0
| 117|0x0000000088b00000, 0x0000000088c00000, 0x0000000088c00000|100%| E|CS|TAMS 0x0000000088b00000| PB 0x0000000088b00000| Complete |  0
| 118|0x0000000088c00000, 0x0000000088d00000, 0x0000000088d00000|100%| E|CS|TAMS 0x0000000088c00000| PB 0x0000000088c00000| Complete |  0
| 119|0x0000000088d00000, 0x0000000088e00000, 0x0000000088e00000|100%| E|CS|TAMS 0x0000000088d00000| PB 0x0000000088d00000| Complete |  0
| 120|0x0000000088e00000, 0x0000000088f00000, 0x0000000088f00000|100%| E|CS|TAMS 0x0000000088e00000| PB 0x0000000088e00000| Complete |  0
| 121|0x0000000088f00000, 0x0000000089000000, 0x0000000089000000|100%| E|CS|TAMS 0x0000000088f00000| PB 0x0000000088f00000| Complete |  0
| 122|0x0000000089000000, 0x0000000089100000, 0x0000000089100000|100%| E|CS|TAMS 0x0000000089000000| PB 0x0000000089000000| Complete |  0
| 123|0x0000000089100000, 0x0000000089200000, 0x0000000089200000|100%| E|CS|TAMS 0x0000000089100000| PB 0x0000000089100000| Complete |  0
| 124|0x0000000089200000, 0x0000000089300000, 0x0000000089300000|100%| E|CS|TAMS 0x0000000089200000| PB 0x0000000089200000| Complete |  0
| 125|0x0000000089300000, 0x0000000089400000, 0x0000000089400000|100%| E|CS|TAMS 0x0000000089300000| PB 0x0000000089300000| Complete |  0
| 126|0x0000000089400000, 0x0000000089500000, 0x0000000089500000|100%| E|CS|TAMS 0x0000000089400000| PB 0x0000000089400000| Complete |  0
| 127|0x0000000089500000, 0x0000000089600000, 0x0000000089600000|100%| E|CS|TAMS 0x0000000089500000| PB 0x0000000089500000| Complete |  0

Card table byte_map: [0x000002c2fbc50000,0x000002c2fc050000] _byte_map_base: 0x000002c2fb845000

Marking Bits: (CMBitMap*) 0x000002c2f99bdfc0
 Bits: [0x000002c2fc050000, 0x000002c2fdff8000)

Polling page: 0x000002c2f9a30000

Metaspace:

Usage:
  Non-class:      6.61 MB used.
      Class:    765.18 KB used.
       Both:      7.36 MB used.

Virtual space:
  Non-class space:       64.00 MB reserved,       6.69 MB ( 10%) committed,  1 nodes.
      Class space:        1.00 GB reserved,     896.00 KB ( <1%) committed,  1 nodes.
             Both:        1.06 GB reserved,       7.56 MB ( <1%) committed. 

Chunk freelists:
   Non-Class:  8.83 MB
       Class:  15.09 MB
        Both:  23.92 MB

MaxMetaspaceSize: unlimited
CompressedClassSpaceSize: 1.00 GB
Initial GC threshold: 21.00 MB
Current GC threshold: 21.00 MB
CDS: on
 - commit_granule_bytes: 65536.
 - commit_granule_words: 8192.
 - virtual_space_node_default_size: 8388608.
 - enlarge_chunks_in_place: 1.
 - use_allocation_guard: 0.


Internal statistics:

num_allocs_failed_limit: 0.
num_arena_births: 140.
num_arena_deaths: 0.
num_vsnodes_births: 2.
num_vsnodes_deaths: 0.
num_space_committed: 121.
num_space_uncommitted: 0.
num_chunks_returned_to_freelist: 0.
num_chunks_taken_from_freelist: 196.
num_chunk_merges: 0.
num_chunk_splits: 117.
num_chunks_enlarged: 51.
num_inconsistent_stats: 0.

CodeHeap 'non-profiled nmethods': size=120000Kb used=274Kb max_used=274Kb free=119725Kb
 bounds [0x000002c28fd50000, 0x000002c28ffc0000, 0x000002c297280000]
CodeHeap 'profiled nmethods': size=120000Kb used=1854Kb max_used=1854Kb free=118145Kb
 bounds [0x000002c288280000, 0x000002c2884f0000, 0x000002c28f7b0000]
CodeHeap 'non-nmethods': size=5760Kb used=1870Kb max_used=1886Kb free=3889Kb
 bounds [0x000002c28f7b0000, 0x000002c28fa20000, 0x000002c28fd50000]
 total_blobs=1991 nmethods=1112 adapters=784
 compilation: enabled
              stopped_count=0, restarted_count=0
 full_count=0

Compilation events (20 events):
Event: 19.531 Thread 0x000002c2fe684070 1103   !   3       sun.font.FontManagerFactory::getInstance (41 bytes)
Event: 19.532 Thread 0x000002c2fe684070 nmethod 1103 0x000002c28844ad90 code [0x000002c28844afe0, 0x000002c28844b908]
Event: 19.532 Thread 0x000002c2fe684070 1104       3       java.awt.geom.AffineTransform::getType (17 bytes)
Event: 19.532 Thread 0x000002c2fe684070 nmethod 1104 0x000002c28844bd10 code [0x000002c28844bec0, 0x000002c28844c040]
Event: 19.532 Thread 0x000002c2fe684070 1105       3       javax.swing.border.AbstractBorder::getBorderInsets (17 bytes)
Event: 19.533 Thread 0x000002c2fe684070 nmethod 1105 0x000002c28844c110 code [0x000002c28844c2c0, 0x000002c28844c5b8]
Event: 19.533 Thread 0x000002c2fe684070 1106       1       java.awt.Font::hasLayoutAttributes (5 bytes)
Event: 19.533 Thread 0x000002c2fe684070 nmethod 1106 0x000002c28fd94290 code [0x000002c28fd94420, 0x000002c28fd944f0]
Event: 19.734 Thread 0x000002c2fe684070 1107  s    3       javax.swing.RepaintManager::extendDirtyRegion (36 bytes)
Event: 19.735 Thread 0x000002c2fe684070 nmethod 1107 0x000002c28844c710 code [0x000002c28844c8e0, 0x000002c28844cd50]
Event: 19.735 Thread 0x000002c2fe684070 1108       3       sun.awt.Win32GraphicsConfig::getDefaultTransform (24 bytes)
Event: 19.735 Thread 0x000002c2fe684070 nmethod 1108 0x000002c28844ce90 code [0x000002c28844d040, 0x000002c28844d2c0]
Event: 19.737 Thread 0x000002c2fe684070 1109       1       java.awt.Component::getComponentOrientation (5 bytes)
Event: 19.737 Thread 0x000002c2fe684070 nmethod 1109 0x000002c28fd94590 code [0x000002c28fd94720, 0x000002c28fd947f0]
Event: 19.737 Thread 0x000002c2fe684070 1110       3       sun.java2d.SunGraphics2D::setRenderingHint (543 bytes)
Event: 19.739 Thread 0x000002c2fe684070 nmethod 1110 0x000002c28844d390 code [0x000002c28844d680, 0x000002c28844ec28]
Event: 19.940 Thread 0x000002c2fe684070 1111       3       java.util.LinkedList$Node::<init> (20 bytes)
Event: 19.941 Thread 0x000002c2fe684070 nmethod 1111 0x000002c28844f090 code [0x000002c28844f240, 0x000002c28844f4c0]
Event: 19.941 Thread 0x000002c2fe684070 1112       3       java.lang.Boolean::equals (29 bytes)
Event: 19.941 Thread 0x000002c2fe684070 nmethod 1112 0x000002c28844f590 code [0x000002c28844f740, 0x000002c28844fad0]

GC Heap History (4 events):
Event: 9.978 GC heap before
{Heap before GC invocations=0 (full 0):
 garbage-first heap   total reserved 2074624K, committed 131072K, used 16384K [0x0000000081600000, 0x0000000100000000)
  region size 1024K, 14 young (14336K), 0 survivors (0K)
 Metaspace       used 7223K, committed 7488K, reserved 1114112K
  class space    used 763K, committed 896K, reserved 1048576K
}
Event: 9.985 GC heap after
{Heap after GC invocations=1 (full 0):
 garbage-first heap   total reserved 2074624K, committed 131072K, used 6336K [0x0000000081600000, 0x0000000100000000)
  region size 1024K, 2 young (2048K), 2 survivors (2048K)
 Metaspace       used 7223K, committed 7488K, reserved 1114112K
  class space    used 763K, committed 896K, reserved 1048576K
}
Event: 15.657 GC heap before
{Heap before GC invocations=1 (full 0):
 garbage-first heap   total reserved 2074624K, committed 131072K, used 23744K [0x0000000081600000, 0x0000000100000000)
  region size 1024K, 20 young (20480K), 2 survivors (2048K)
 Metaspace       used 7451K, committed 7680K, reserved 1114112K
  class space    used 763K, committed 896K, reserved 1048576K
}
Event: 15.660 GC heap after
{Heap after GC invocations=2 (full 0):
 garbage-first heap   total reserved 2074624K, committed 131072K, used 6763K [0x0000000081600000, 0x0000000100000000)
  region size 1024K, 3 young (3072K), 3 survivors (3072K)
 Metaspace       used 7451K, committed 7680K, reserved 1114112K
  class space    used 763K, committed 896K, reserved 1048576K
}

Dll operation events (10 events):
Event: 0.020 Loaded shared library C:\Program Files\Java\jdk-22\bin\java.dll
Event: 0.073 Loaded shared library C:\Program Files\Java\jdk-22\bin\jsvml.dll
Event: 0.175 Loaded shared library C:\Program Files\Java\jdk-22\bin\jimage.dll
Event: 0.182 Loaded shared library C:\Program Files\Java\jdk-22\bin\awt.dll
Event: 0.236 Loaded shared library C:\Program Files\Java\jdk-22\bin\net.dll
Event: 0.239 Loaded shared library C:\Program Files\Java\jdk-22\bin\nio.dll
Event: 0.246 Loaded shared library C:\Program Files\Java\jdk-22\bin\zip.dll
Event: 0.423 Loaded shared library C:\Users\ELVIS\OneDrive\Documentos\NetBeansProjects\SoftwareReconocimientoFacilUCV\opencv_java481.dll
Event: 1.770 Loaded shared library C:\Program Files\Java\jdk-22\bin\freetype.dll
Event: 1.772 Loaded shared library C:\Program Files\Java\jdk-22\bin\fontmanager.dll

Deoptimization events (4 events):
Event: 1.762 Thread 0x000002c299534a10 DEOPT PACKING pc=0x000002c2882a087c sp=0x000000e7907fcc40
Event: 1.762 Thread 0x000002c299534a10 DEOPT UNPACKING pc=0x000002c28f804e42 sp=0x000000e7907fc060 mode 0
Event: 1.895 Thread 0x000002c299534a10 DEOPT PACKING pc=0x000002c28828834c sp=0x000000e7907fdf90
Event: 1.895 Thread 0x000002c299534a10 DEOPT UNPACKING pc=0x000002c28f804e42 sp=0x000000e7907fd3f8 mode 0

Classes loaded (20 events):
Event: 8.524 Loading class java/awt/ImageMediaEntry
Event: 8.524 Loading class java/awt/MediaEntry
Event: 8.524 Loading class java/awt/MediaEntry done
Event: 8.524 Loading class java/awt/ImageMediaEntry done
Event: 8.525 Loading class jdk/internal/event/ThreadSleepEvent
Event: 8.525 Loading class javax/swing/CellRendererPane
Event: 8.525 Loading class jdk/internal/event/Event
Event: 8.525 Loading class jdk/internal/event/Event done
Event: 8.525 Loading class javax/swing/CellRendererPane done
Event: 8.526 Loading class jdk/internal/event/ThreadSleepEvent done
Event: 8.526 Loading class javax/swing/RepaintManager$3
Event: 8.526 Loading class javax/swing/RepaintManager$3 done
Event: 8.528 Loading class sun/awt/image/BufImgSurfaceManager
Event: 8.528 Loading class sun/awt/image/BufImgSurfaceManager done
Event: 20.389 Loading class java/awt/Window$1DisposeAction
Event: 20.390 Loading class java/awt/Window$1DisposeAction done
Event: 20.391 Loading class java/awt/KeyboardFocusManager$2
Event: 20.392 Loading class java/awt/KeyboardFocusManager$2 done
Event: 20.393 Loading class sun/awt/SunToolkit$1
Event: 20.393 Loading class sun/awt/SunToolkit$1 done

Classes unloaded (0 events):
No events

Classes redefined (0 events):
No events

Internal exceptions (11 events):
Event: 0.158 Thread 0x000002c2f977fb90 Exception <a 'java/lang/ClassNotFoundException'{0x0000000089471d10}: sun/awt/resources/spi/awtProvider> (0x0000000089471d10) 
thrown [s\open\src\hotspot\share\classfile\systemDictionary.cpp, line 313]
Event: 0.204 Thread 0x000002c2f977fb90 Exception <a 'java/io/FileNotFoundException'{0x0000000089313bc8}> (0x0000000089313bc8) 
thrown [s\open\src\hotspot\share\prims\jni.cpp, line 520]
Event: 0.218 Thread 0x000002c2f977fb90 Exception <a 'java/io/FileNotFoundException'{0x0000000089341e88}> (0x0000000089341e88) 
thrown [s\open\src\hotspot\share\prims\jni.cpp, line 520]
Event: 1.626 Thread 0x000002c299534a10 Exception <a 'java/lang/NoSuchMethodError'{0x0000000088f09e80}: 'void java.lang.invoke.DirectMethodHandle$Holder.invokeSpecial(java.lang.Object, java.lang.Object, java.lang.Object)'> (0x0000000088f09e80) 
thrown [s\open\src\hotspot\share\interpreter\linkResolver.cpp, line 774]
Event: 1.640 Thread 0x000002c299534a10 Exception <a 'java/lang/NoSuchMethodError'{0x0000000088f30200}: 'java.lang.Object java.lang.invoke.DirectMethodHandle$Holder.newInvokeSpecial(java.lang.Object, java.lang.Object, java.lang.Object, java.lang.Object, java.lang.Object)'> (0x0000000088f30200) 
thrown [s\open\src\hotspot\share\interpreter\linkResolver.cpp, line 774]
Event: 1.650 Thread 0x000002c299534a10 Exception <a 'java/lang/NoSuchMethodError'{0x0000000088f5cd58}: 'java.lang.Object java.lang.invoke.DirectMethodHandle$Holder.invokeStatic(java.lang.Object, int, java.lang.Object)'> (0x0000000088f5cd58) 
thrown [s\open\src\hotspot\share\interpreter\linkResolver.cpp, line 774]
Event: 1.691 Thread 0x000002c299534a10 Exception <a 'java/lang/ClassNotFoundException'{0x0000000088ffec40}: com/sun/swing/internal/plaf/metal/resources/spi/metalProvider> (0x0000000088ffec40) 
thrown [s\open\src\hotspot\share\classfile\systemDictionary.cpp, line 313]
Event: 1.693 Thread 0x000002c299534a10 Exception <a 'java/lang/ClassNotFoundException'{0x0000000088e02eb0}: com/sun/swing/internal/plaf/basic/resources/spi/basicProvider> (0x0000000088e02eb0) 
thrown [s\open\src\hotspot\share\classfile\systemDictionary.cpp, line 313]
Event: 1.711 Thread 0x000002c299534a10 Exception <a 'java/lang/NoSuchMethodError'{0x0000000088e22c28}: 'int java.lang.invoke.Invokers$Holder.invokeExact_MT(java.lang.Object, java.lang.Object)'> (0x0000000088e22c28) 
thrown [s\open\src\hotspot\share\interpreter\linkResolver.cpp, line 774]
Event: 1.761 Thread 0x000002c299534a10 Exception <a 'java/lang/NoSuchMethodError'{0x0000000088e4f370}: 'void java.lang.invoke.DirectMethodHandle$Holder.invokeStaticInit(java.lang.Object)'> (0x0000000088e4f370) 
thrown [s\open\src\hotspot\share\interpreter\linkResolver.cpp, line 774]
Event: 1.884 Thread 0x000002c299536ae0 Exception <a 'java/lang/NoSuchMethodError'{0x000000008900ed38}: 'void java.lang.invoke.DirectMethodHandle$Holder.invokeVirtual(java.lang.Object, java.lang.Object)'> (0x000000008900ed38) 
thrown [s\open\src\hotspot\share\interpreter\linkResolver.cpp, line 774]

ZGC Phase Switch (0 events):
No events

VM Operations (20 events):
Event: 9.523 Executing VM operation: Cleanup done
Event: 9.978 Executing VM operation: G1CollectForAllocation (G1 Evacuation Pause)
Event: 9.985 Executing VM operation: G1CollectForAllocation (G1 Evacuation Pause) done
Event: 10.997 Executing VM operation: Cleanup
Event: 10.997 Executing VM operation: Cleanup done
Event: 12.000 Executing VM operation: Cleanup
Event: 12.000 Executing VM operation: Cleanup done
Event: 13.001 Executing VM operation: Cleanup
Event: 13.001 Executing VM operation: Cleanup done
Event: 14.014 Executing VM operation: Cleanup
Event: 14.014 Executing VM operation: Cleanup done
Event: 15.027 Executing VM operation: Cleanup
Event: 15.027 Executing VM operation: Cleanup done
Event: 15.657 Executing VM operation: G1CollectForAllocation (G1 Evacuation Pause)
Event: 15.660 Executing VM operation: G1CollectForAllocation (G1 Evacuation Pause) done
Event: 16.662 Executing VM operation: Cleanup
Event: 16.663 Executing VM operation: Cleanup done
Event: 18.686 Executing VM operation: Cleanup
Event: 18.686 Executing VM operation: Cleanup done
Event: 20.571 Executing VM operation: Exit

Events (20 events):
Event: 0.070 Thread 0x000002c2fe66e050 Thread added: 0x000002c2fe66e050
Event: 0.070 Thread 0x000002c2fe676fe0 Thread added: 0x000002c2fe676fe0
Event: 0.071 Thread 0x000002c2fe6819a0 Thread added: 0x000002c2fe6819a0
Event: 0.071 Thread 0x000002c2fe684070 Thread added: 0x000002c2fe684070
Event: 0.120 Thread 0x000002c299533660 Thread added: 0x000002c299533660
Event: 0.129 Thread 0x000002c299533cf0 Thread added: 0x000002c299533cf0
Event: 0.368 Thread 0x000002c2995350a0 Thread added: 0x000002c2995350a0
Event: 0.371 Thread 0x000002c299534380 Thread added: 0x000002c299534380
Event: 0.373 Thread 0x000002c299536ae0 Thread added: 0x000002c299536ae0
Event: 0.388 Thread 0x000002c299534a10 Thread added: 0x000002c299534a10
Event: 0.389 Thread 0x000002c2f977fb90 Thread exited: 0x000002c2f977fb90
Event: 0.389 Thread 0x000002c299535730 Thread added: 0x000002c299535730
Event: 7.178 Thread 0x000002c299535dc0 Thread added: 0x000002c299535dc0
Event: 20.163 Thread 0x000002c299535dc0 Thread exited: 0x000002c299535dc0
Event: 20.451 Thread 0x000002c2e3d72ce0 Thread added: 0x000002c2e3d72ce0
Event: 20.452 Thread 0x000002c2e3d6f1d0 Thread added: 0x000002c2e3d6f1d0
Event: 20.466 Thread 0x000002c299536ae0 Thread exited: 0x000002c299536ae0
Event: 20.469 Thread 0x000002c2e3d6f1d0 Thread exited: 0x000002c2e3d6f1d0
Event: 20.569 Thread 0x000002c2e3d72ce0 Thread exited: 0x000002c2e3d72ce0
Event: 20.571 Thread 0x000002c2fe66b1c0 Thread exited: 0x000002c2fe66b1c0


Dynamic libraries:
0x00007ff6817f0000 - 0x00007ff681800000 	C:\Program Files\Java\jdk-22\bin\java.exe
0x00007ffc325b0000 - 0x00007ffc327a8000 	C:\Windows\SYSTEM32\ntdll.dll
0x00007ffc0d850000 - 0x00007ffc0d869000 	C:\Program Files\Avast Software\Avast\aswhook.dll
0x00007ffc318b0000 - 0x00007ffc3196d000 	C:\Windows\System32\KERNEL32.DLL
0x00007ffc2fca0000 - 0x00007ffc2ff96000 	C:\Windows\System32\KERNELBASE.dll
0x00007ffc301f0000 - 0x00007ffc302f0000 	C:\Windows\System32\ucrtbase.dll
0x00007ffc2cfb0000 - 0x00007ffc2cfc7000 	C:\Program Files\Java\jdk-22\bin\jli.dll
0x00007ffc1f410000 - 0x00007ffc1f42b000 	C:\Program Files\Java\jdk-22\bin\VCRUNTIME140.dll
0x00007ffc31b00000 - 0x00007ffc31bb0000 	C:\Windows\System32\ADVAPI32.dll
0x00007ffc30720000 - 0x00007ffc307be000 	C:\Windows\System32\msvcrt.dll
0x00007ffc305f0000 - 0x00007ffc30690000 	C:\Windows\System32\sechost.dll
0x00007ffc319d0000 - 0x00007ffc31af3000 	C:\Windows\System32\RPCRT4.dll
0x00007ffc2fc70000 - 0x00007ffc2fc97000 	C:\Windows\System32\bcrypt.dll
0x00007ffc31330000 - 0x00007ffc314cf000 	C:\Windows\System32\USER32.dll
0x00007ffc30550000 - 0x00007ffc30572000 	C:\Windows\System32\win32u.dll
0x00007ffc306f0000 - 0x00007ffc3071b000 	C:\Windows\System32\GDI32.dll
0x00007ffc20100000 - 0x00007ffc2039a000 	C:\Windows\WinSxS\amd64_microsoft.windows.common-controls_6595b64144ccf1df_6.0.19041.4355_none_60b8b9eb71f62e16\COMCTL32.dll
0x00007ffc303a0000 - 0x00007ffc304b7000 	C:\Windows\System32\gdi32full.dll
0x00007ffc2ffa0000 - 0x00007ffc3003d000 	C:\Windows\System32\msvcp_win.dll
0x00007ffc1e160000 - 0x00007ffc1e16a000 	C:\Windows\SYSTEM32\VERSION.dll
0x00007ffc30840000 - 0x00007ffc3086f000 	C:\Windows\System32\IMM32.DLL
0x00007ffc2c3d0000 - 0x00007ffc2c3dc000 	C:\Program Files\Java\jdk-22\bin\vcruntime140_1.dll
0x00007ffbea950000 - 0x00007ffbea9de000 	C:\Program Files\Java\jdk-22\bin\msvcp140.dll
0x00007ffc00e50000 - 0x00007ffc01b97000 	C:\Program Files\Java\jdk-22\bin\server\jvm.dll
0x00007ffc314d0000 - 0x00007ffc3153b000 	C:\Windows\System32\WS2_32.dll
0x00007ffc2fac0000 - 0x00007ffc2fb0b000 	C:\Windows\SYSTEM32\POWRPROF.dll
0x00007ffc14430000 - 0x00007ffc14457000 	C:\Windows\SYSTEM32\WINMM.dll
0x00007ffc2faa0000 - 0x00007ffc2fab2000 	C:\Windows\SYSTEM32\UMPDC.dll
0x00007ffc2daf0000 - 0x00007ffc2db02000 	C:\Windows\SYSTEM32\kernel.appcore.dll
0x00007ffc2a290000 - 0x00007ffc2a29a000 	C:\Program Files\Java\jdk-22\bin\jimage.dll
0x00007ffc27a60000 - 0x00007ffc27c44000 	C:\Windows\SYSTEM32\DBGHELP.DLL
0x00007ffc27a20000 - 0x00007ffc27a54000 	C:\Windows\SYSTEM32\dbgcore.DLL
0x00007ffc304c0000 - 0x00007ffc30542000 	C:\Windows\System32\bcryptPrimitives.dll
0x00007ffc1e220000 - 0x00007ffc1e23e000 	C:\Program Files\Java\jdk-22\bin\java.dll
0x00007ffc31bb0000 - 0x00007ffc3231c000 	C:\Windows\System32\SHELL32.dll
0x00007ffc32440000 - 0x00007ffc3256b000 	C:\Windows\System32\ole32.dll
0x00007ffc30a50000 - 0x00007ffc30da3000 	C:\Windows\System32\combase.dll
0x00007ffc2dcf0000 - 0x00007ffc2e48d000 	C:\Windows\SYSTEM32\windows.storage.dll
0x00007ffc2f5c0000 - 0x00007ffc2f5ee000 	C:\Windows\SYSTEM32\Wldp.dll
0x00007ffc31700000 - 0x00007ffc317cd000 	C:\Windows\System32\OLEAUT32.dll
0x00007ffc309a0000 - 0x00007ffc30a4d000 	C:\Windows\System32\SHCORE.dll
0x00007ffc32320000 - 0x00007ffc32375000 	C:\Windows\System32\shlwapi.dll
0x00007ffc2fba0000 - 0x00007ffc2fbc4000 	C:\Windows\SYSTEM32\profapi.dll
0x00007ffc0d170000 - 0x00007ffc0d247000 	C:\Program Files\Java\jdk-22\bin\jsvml.dll
0x00007ffbea9e0000 - 0x00007ffbeab6e000 	C:\Program Files\Java\jdk-22\bin\awt.dll
0x00007ffc2c3e0000 - 0x00007ffc2c470000 	C:\Windows\SYSTEM32\apphelp.dll
0x00007ffc25490000 - 0x00007ffc254a0000 	C:\Program Files\Java\jdk-22\bin\net.dll
0x00007ffc2f320000 - 0x00007ffc2f38a000 	C:\Windows\system32\mswsock.dll
0x00007ffc1e200000 - 0x00007ffc1e216000 	C:\Program Files\Java\jdk-22\bin\nio.dll
0x00007ffc1b750000 - 0x00007ffc1b767000 	C:\Program Files\Java\jdk-22\bin\zip.dll
0x00007ffc2d5f0000 - 0x00007ffc2d68e000 	C:\Windows\system32\uxtheme.dll
0x00007ffc30870000 - 0x00007ffc30984000 	C:\Windows\System32\MSCTF.dll
0x00007ffbb51d0000 - 0x00007ffbb82f6000 	C:\Users\ELVIS\OneDrive\Documentos\NetBeansProjects\SoftwareReconocimientoFacilUCV\opencv_java481.dll
0x00007ffbb8c50000 - 0x00007ffbb8d5a000 	C:\Windows\SYSTEM32\MFReadWrite.dll
0x00007ffc2e4f0000 - 0x00007ffc2e5e2000 	C:\Windows\SYSTEM32\dxgi.dll
0x00007ffc2b570000 - 0x00007ffc2b72c000 	C:\Windows\SYSTEM32\MFPlat.DLL
0x00007ffc301a0000 - 0x00007ffc301ee000 	C:\Windows\System32\cfgmgr32.dll
0x00007ffbedbc0000 - 0x00007ffbedc45000 	C:\Windows\SYSTEM32\MF.dll
0x00007ffc2a680000 - 0x00007ffc2a8e3000 	C:\Windows\SYSTEM32\d3d11.dll
0x00007ffc16e20000 - 0x00007ffc172ae000 	C:\Windows\SYSTEM32\MFCORE.DLL
0x00007ffc30040000 - 0x00007ffc3019e000 	C:\Windows\System32\CRYPT32.dll
0x00007ffc2cf40000 - 0x00007ffc2cf49000 	C:\Windows\SYSTEM32\ksuser.dll
0x00007ffc2f510000 - 0x00007ffc2f51c000 	C:\Windows\SYSTEM32\CRYPTBASE.DLL
0x00007ffc2ad50000 - 0x00007ffc2ad86000 	C:\Windows\SYSTEM32\RTWorkQ.DLL
0x00007ffc26430000 - 0x00007ffc2646b000 	C:\Windows\SYSTEM32\dxcore.dll
0x00007ffc2a250000 - 0x00007ffc2a287000 	C:\Windows\SYSTEM32\CompPkgSup.DLL
0x00007ffc30db0000 - 0x00007ffc30e59000 	C:\Windows\System32\clbcatq.dll
0x00007ffbecf10000 - 0x00007ffbed636000 	C:\Windows\System32\Windows.Media.dll
0x00007ffc29820000 - 0x00007ffc29909000 	C:\Windows\System32\Windows.ApplicationModel.dll
0x00007ffc29610000 - 0x00007ffc29813000 	C:\Windows\System32\twinapi.appcore.dll
0x00007ffc29500000 - 0x00007ffc29603000 	C:\Windows\System32\AppXDeploymentClient.dll
0x00007ffc2a0a0000 - 0x00007ffc2a10c000 	C:\Windows\System32\FrameServerClient.dll
0x00007ffc2a030000 - 0x00007ffc2a097000 	C:\Windows\System32\MFSENSORGROUP.dll
0x00007ffc2a670000 - 0x00007ffc2a67a000 	C:\Windows\SYSTEM32\AVRT.dll
0x00007ffc2c780000 - 0x00007ffc2c78d000 	C:\Windows\System32\vidcap.ax
0x00007ffc29f00000 - 0x00007ffc29f27000 	C:\Windows\System32\kswdmcap.ax
0x00007ffc15060000 - 0x00007ffc151cc000 	C:\Windows\System32\MFC42.dll
0x00007ffc15420000 - 0x00007ffc15566000 	C:\Windows\System32\Windows.StateRepositoryPS.dll
0x00007ffc2cbd0000 - 0x00007ffc2cd27000 	C:\Windows\System32\WinTypes.dll
0x00007ffc29e10000 - 0x00007ffc29ef5000 	C:\Program Files\Intel\Media SDK\mfx_mft_mjpgvd_64.dll
0x00007ffbe7270000 - 0x00007ffbe743e000 	C:\Windows\SYSTEM32\d3d9.dll
0x00007ffc03570000 - 0x00007ffc03594000 	C:\Windows\SYSTEM32\dxva2.dll
0x00007ffc2c900000 - 0x00007ffc2c9f6000 	C:\Windows\SYSTEM32\PROPSYS.dll
0x00007ffc182a0000 - 0x00007ffc1835f000 	C:\Windows\SYSTEM32\EVR.dll
0x00007ffc2d800000 - 0x00007ffc2d82f000 	C:\Windows\SYSTEM32\dwmapi.dll
0x00007ffc2c6d0000 - 0x00007ffc2c6ed000 	C:\Windows\System32\mfmjpegdec.dll
0x00007ffbfc980000 - 0x00007ffbfcaad000 	C:\Windows\System32\mfperfhelper.dll
0x00007ffbe6220000 - 0x00007ffbe6380000 	C:\Windows\System32\msvproc.dll
0x00007ffc0c880000 - 0x00007ffc0c9a5000 	C:\Windows\system32\opengl32.dll
0x00007ffc0c810000 - 0x00007ffc0c83c000 	C:\Windows\SYSTEM32\GLU32.dll
0x00007ffc20070000 - 0x00007ffc200f7000 	C:\Program Files\Java\jdk-22\bin\freetype.dll
0x00007ffc191f0000 - 0x00007ffc192c7000 	C:\Program Files\Java\jdk-22\bin\fontmanager.dll
0x00007ffc24b90000 - 0x00007ffc24c89000 	C:\Windows\SYSTEM32\textinputframework.dll
0x00007ffc2be60000 - 0x00007ffc2bf52000 	C:\Windows\System32\CoreMessaging.dll
0x00007ffc2bad0000 - 0x00007ffc2be2b000 	C:\Windows\System32\CoreUIComponents.dll
0x00007ffc2ed60000 - 0x00007ffc2ed93000 	C:\Windows\SYSTEM32\ntmarta.dll
0x00007ffc24c90000 - 0x00007ffc250ef000 	C:\Windows\SYSTEM32\igdusc64.dll
0x00007ffc2c4d0000 - 0x00007ffc2c4e5000 	C:\Windows\SYSTEM32\OpenCL.dll
0x00007ffc263c0000 - 0x00007ffc26422000 	C:\Windows\SYSTEM32\IntelOpenCL64.dll
0x00007ffc14f60000 - 0x00007ffc1505d000 	C:\Program Files (x86)\Common Files\Intel\OpenCL\bin\x64\intelocl64.dll
0x00007ffc1f290000 - 0x00007ffc1f306000 	C:\Program Files (x86)\Common Files\Intel\OpenCL\bin\x64\task_executor64.dll
0x00007ffc18ac0000 - 0x00007ffc18b55000 	C:\Program Files (x86)\Common Files\Intel\OpenCL\bin\x64\cpu_device64.dll
0x00007ffc18640000 - 0x00007ffc186a9000 	C:\Program Files (x86)\Common Files\Intel\OpenCL\bin\x64\tbb\tbb.dll
0x00007ffbe7d40000 - 0x00007ffbe7f34000 	C:\Windows\SYSTEM32\igdrcl64.dll
0x00007ffbc12f0000 - 0x00007ffbc28d2000 	C:\Windows\SYSTEM32\igdfcl64.dll
0x00007ffc1ec30000 - 0x00007ffc1ec8f000 	C:\Windows\SYSTEM32\igdbcl64.dll

dbghelp: loaded successfully - version: 4.0.5 - missing functions: none
symbol engine: initialized successfully - sym options: 0x614 - pdb path: .;C:\Program Files\Java\jdk-22\bin;C:\Windows\SYSTEM32;C:\Program Files\Avast Software\Avast;C:\Windows\WinSxS\amd64_microsoft.windows.common-controls_6595b64144ccf1df_6.0.19041.4355_none_60b8b9eb71f62e16;C:\Program Files\Java\jdk-22\bin\server;C:\Users\ELVIS\OneDrive\Documentos\NetBeansProjects\SoftwareReconocimientoFacilUCV;C:\Program Files\Intel\Media SDK;C:\Program Files (x86)\Common Files\Intel\OpenCL\bin\x64;C:\Program Files (x86)\Common Files\Intel\OpenCL\bin\x64\tbb

VM Arguments:
java_command: SoftwareAsistencia.Controllers.ReconocerRostro
java_class_path (initial): C:\Users\ELVIS\OneDrive\Documentos\NetBeansProjects\SoftwareReconocimientoFacilUCV\target\classes;C:\Users\ELVIS\.m2\repository\com\formdev\flatlaf-intellij-themes\3.4.1\flatlaf-intellij-themes-3.4.1.jar;C:\Users\ELVIS\.m2\repository\com\formdev\flatlaf\3.4.1\flatlaf-3.4.1.jar;C:\Users\ELVIS\.m2\repository\com\toedter\jcalendar\1.4\jcalendar-1.4.jar;C:\Users\ELVIS\.m2\repository\org\netbeans\external\AbsoluteLayout\RELEASE150\AbsoluteLayout-RELEASE150.jar;C:\Users\ELVIS\.m2\repository\com\microsoft\sqlserver\mssql-jdbc\11.2.2.jre11\mssql-jdbc-11.2.2.jre11.jar;C:\Users\ELVIS\.m2\repository\org\openpnp\opencv\4.8.1-0\opencv-4.8.1-0.jar;C:\Users\ELVIS\.m2\repository\com\google\zxing\core\2.0\core-2.0.jar;C:\Users\ELVIS\.m2\repository\com\itextpdf\kernel\7.1.14\kernel-7.1.14.jar;C:\Users\ELVIS\.m2\repository\com\itextpdf\io\7.1.14\io-7.1.14.jar;C:\Users\ELVIS\.m2\repository\org\bouncycastle\bcpkix-jdk15on\1.67\bcpkix-jdk15on-1.67.jar;C:\Users\ELVIS\.m2\repository\org\bouncycastle\bcprov-jdk15on\1.67\bcprov-jdk15on-1.67.jar;C:\Users\ELVIS\.m2\repository\org\slf4j\slf4j-api\1.7.30\slf4j-api-1.7.30.jar;C:\Users\ELVIS\.m2\repository\com\itextpdf\layout\7.1.14\layout-7.1.14.jar
Launcher Type: SUN_STANDARD

[Global flags]
     intx CICompilerCount                          = 3                                         {product} {ergonomic}
     uint ConcGCThreads                            = 1                                         {product} {ergonomic}
     uint G1ConcRefinementThreads                  = 4                                         {product} {ergonomic}
   size_t G1HeapRegionSize                         = 1048576                                   {product} {ergonomic}
   size_t InitialHeapSize                          = 134217728                                 {product} {ergonomic}
   size_t MarkStackSize                            = 4194304                                   {product} {ergonomic}
   size_t MaxHeapSize                              = 2124414976                                {product} {ergonomic}
   size_t MaxNewSize                               = 1274019840                                {product} {ergonomic}
   size_t MinHeapDeltaBytes                        = 1048576                                   {product} {ergonomic}
   size_t MinHeapSize                              = 8388608                                   {product} {ergonomic}
    uintx NonNMethodCodeHeapSize                   = 5832780                                {pd product} {ergonomic}
    uintx NonProfiledCodeHeapSize                  = 122912730                              {pd product} {ergonomic}
    uintx ProfiledCodeHeapSize                     = 122912730                              {pd product} {ergonomic}
    uintx ReservedCodeCacheSize                    = 251658240                              {pd product} {ergonomic}
     bool SegmentedCodeCache                       = true                                      {product} {ergonomic}
   size_t SoftMaxHeapSize                          = 2124414976                             {manageable} {ergonomic}
     bool UseCompressedOops                        = true                           {product lp64_product} {ergonomic}
     bool UseG1GC                                  = true                                      {product} {ergonomic}
     bool UseLargePagesIndividualAllocation        = false                                  {pd product} {ergonomic}

Logging:
Log output configuration:
 #0: stdout all=off uptime,level,tags foldmultilines=false
 #1: stderr all=off uptime,level,tags foldmultilines=false

Environment Variables:
JAVA_HOME=C:\Program Files\Java\jdk-22
PATH=C:\Program Files\Common Files\Oracle\Java\javapath;C:\Program Files\Microsoft MPI\Bin\;C:\Windows\system32;C:\Windows;C:\Windows\System32\Wbem;C:\Windows\System32\WindowsPowerShell\v1.0\;C:\Windows\System32\OpenSSH\;C:\Program Files (x86)\Microsoft SQL Server\160\Tools\Binn\;C:\Program Files\Microsoft SQL Server\160\Tools\Binn\;C:\Program Files\Microsoft SQL Server\Client SDK\ODBC\170\Tools\Binn\;C:\Program Files\Microsoft SQL Server\160\DTS\Binn\;C:\Program Files (x86)\Microsoft SQL Server\160\DTS\Binn\;C:\Program Files\Git\cmd;C:\Program Files\nodejs\;C:\Users\ELVIS\AppData\Local\Programs\Python\Python312\Scripts\;C:\Users\ELVIS\AppData\Local\Programs\Python\Python312\;C:\Users\ELVIS\AppData\Local\Microsoft\WindowsApps;C:\Users\ELVIS\AppData\Local\Programs\Microsoft VS Code\bin;C:\Users\ELVIS\AppData\Roaming\npm
USERNAME=ELVIS
OS=Windows_NT
PROCESSOR_IDENTIFIER=Intel64 Family 6 Model 58 Stepping 9, GenuineIntel
TMP=C:\Users\ELVIS\AppData\Local\Temp
TEMP=C:\Users\ELVIS\AppData\Local\Temp




Periodic native trim disabled

---------------  S Y S T E M  ---------------

OS:
 Windows 10 , 64 bit Build 19041 (10.0.19041.3636)
OS uptime: 0 days 0:26 hours

CPU: total 4 (initial active 4) (2 cores per cpu, 2 threads per core) family 6 model 58 stepping 9 microcode 0x21, cx8, cmov, fxsr, ht, mmx, sse, sse2, sse3, ssse3, sse4.1, sse4.2, popcnt, tsc, tscinvbit, avx, aes, erms, clmul, vzeroupper, clflush, rdtscp, f16c
Processor Information for all 4 processors :
  Max Mhz: 1801, Current Mhz: 1801, Mhz Limit: 1801

Memory: 4k page, system-wide physical 8097M (3255M free)
TotalPageFile size 13729M (AvailPageFile size 8362M)
current process WorkingSet (physical memory assigned to process): 120M, peak: 146M
current process commit charge ("private bytes"): 243M, peak: 275M

vm_info: Java HotSpot(TM) 64-Bit Server VM (22.0.1+8-16) for windows-amd64 JRE (22.0.1+8-16), built on 2024-03-12T10:33:16Z by "mach5one" with MS VC++ 17.6 (VS2022)

END.
