#
# A fatal error has been detected by the Java Runtime Environment:
#
#  EXCEPTION_ACCESS_VIOLATION (0xc0000005) at pc=0x00007ffe9f73faad, pid=5576, tid=11812
#
# JRE version: Java(TM) SE Runtime Environment (22.0.1+8) (build 22.0.1+8-16)
# Java VM: Java HotSpot(TM) 64-Bit Server VM (22.0.1+8-16, mixed mode, sharing, tiered, compressed oops, compressed class ptrs, g1 gc, windows-amd64)
# Problematic frame:
# C  [ntdll.dll+0x2faad]
#
# No core dump will be written. Minidumps are not enabled by default on client versions of Windows
#
# If you would like to submit a bug report, please visit:
#   https://bugreport.java.com/bugreport/crash.jsp
#

---------------  S U M M A R Y ------------

Command Line: SoftwareAsistencia.Controllers.FaceRecognition

Host: Intel(R) Core(TM) i5-3337U CPU @ 1.80GHz, 4 cores, 7G,  Windows 10 , 64 bit Build 19041 (10.0.19041.3636)
Time: Sat Jun 22 18:03:50 2024 Hora est. Pacífico, Sudamérica elapsed time: 26.327003 seconds (0d 0h 0m 26s)

---------------  T H R E A D  ---------------

Current thread (0x000002c0c8d66630):  VMThread "VM Thread"          [id=11812, stack(0x000000e00c200000,0x000000e00c300000) (1024K)]

Stack: [0x000000e00c200000,0x000000e00c300000],  sp=0x000000e00c2fec00,  free space=1019k
Native frames: (J=compiled Java code, j=interpreted, Vv=VM code, C=native code)
C  [ntdll.dll+0x2faad]  (no source info available)
C  [igdrcl64.dll+0x36542]  (no source info available)
C  [igdrcl64.dll+0x31145]  (no source info available)
C  [opencv_java481.dll+0x170c109]  (no source info available)
C  [opencv_java481.dll+0x16f4071]  (no source info available)
C  [opencv_java481.dll+0x253c670]  (no source info available)
C  [opencv_java481.dll+0x2457fdf]  (no source info available)
C  [opencv_java481.dll+0x2457d8d]  (no source info available)
C  [opencv_java481.dll+0x24580b1]  (no source info available)
C  [opencv_java481.dll+0x244fda7]  (no source info available)
C  [opencv_java481.dll+0x244fd25]  (no source info available)
C  [opencv_java481.dll+0x244feab]  (no source info available)
C  [opencv_java481.dll+0x2409f7f]  (no source info available)
C  [opencv_java481.dll+0x2409c79]  (no source info available)
C  [opencv_java481.dll+0x2409d9e]  (no source info available)
C  [ntdll.dll+0x19a1d]  (no source info available)
C  [ntdll.dll+0x5f1da]  (no source info available)
C  [ntdll.dll+0x5ef8d]  (no source info available)
C  [KERNEL32.DLL+0x1e3bb]  (no source info available)
C  [ucrtbase.dll+0x205bc]  (no source info available)
C  [ucrtbase.dll+0x2045f]  (no source info available)
V  [jvm.dll+0x6db40b]  (no source info available)
V  [jvm.dll+0x6daf40]  (no source info available)
V  [jvm.dll+0x3e1ea4]  (no source info available)
V  [jvm.dll+0x87d7d0]  (no source info available)
V  [jvm.dll+0x87eb57]  (no source info available)
V  [jvm.dll+0x87f0d0]  (no source info available)
V  [jvm.dll+0x87f373]  (no source info available)
V  [jvm.dll+0x81d44b]  (no source info available)
V  [jvm.dll+0x6e0915]  (no source info available)
C  [ucrtbase.dll+0x21bb2]  (no source info available)
C  [KERNEL32.DLL+0x17344]  (no source info available)
C  [ntdll.dll+0x4cc91]  (no source info available)


siginfo: EXCEPTION_ACCESS_VIOLATION (0xc0000005), writing address 0x0000000000000018


Registers:
RAX=0x000000e00b658000, RBX=0x0000000000000000, RCX=0x0000000000000010, RDX=0x000002c10e778e80
RSP=0x000000e00c2fec00, RBP=0x000002c10e392418, RSI=0x0000000000000010, RDI=0x000002c10e778e80
R8 =0x0000000000000032, R9 =0x0000000000000032, R10=0x0000000000000032, R11=0x000000e00c2fec40
R12=0x00007ffe1b9c9dec, R13=0x00007ffe1de53b20, R14=0x00009e4fba2964be, R15=0x000002c10e391ce0
RIP=0x00007ffe9f73faad, EFLAGS=0x0000000000010206


Register to memory mapping:

RAX=0x000000e00b658000 points into unknown readable memory: 0x0000000000000000 | 00 00 00 00 00 00 00 00
RBX=0x0 is null
RCX=0x0000000000000010 is an unknown value
RDX=0x000002c10e778e80 points into unknown readable memory: 0x00007ffe7195ffa0 | a0 ff 95 71 fe 7f 00 00
RSP=0x000000e00c2fec00 points into unknown readable memory: 0x000002c0aab20000 | 00 00 b2 aa c0 02 00 00
RBP=0x000002c10e392418 points into unknown readable memory: 0x00009e4fba2964be | be 64 29 ba 4f 9e 00 00
RSI=0x0000000000000010 is an unknown value
RDI=0x000002c10e778e80 points into unknown readable memory: 0x00007ffe7195ffa0 | a0 ff 95 71 fe 7f 00 00
R8 =0x0000000000000032 is an unknown value
R9 =0x0000000000000032 is an unknown value
R10=0x0000000000000032 is an unknown value
R11=0x000000e00c2fec40 points into unknown readable memory: 0x00009e4fba2964be | be 64 29 ba 4f 9e 00 00
R12=0x00007ffe1b9c9dec opencv_java481.dll
R13=0x00007ffe1de53b20 jvm.dll
R14=0x00009e4fba2964be is an unknown value
R15=0x000002c10e391ce0 points into unknown readable memory: 0x000081b03cce42ba | ba 42 ce 3c b0 81 00 00

Top of Stack: (sp=0x000000e00c2fec00)
0x000000e00c2fec00:   000002c0aab20000 00009e4fba2964be
0x000000e00c2fec10:   00007ffe1de53b20 00007ffe1b9c9dec
0x000000e00c2fec20:   000002c10e6faf90 00007ffe717b6542
0x000000e00c2fec30:   00009eafb6068e5e 00009e4f00000016
0x000000e00c2fec40:   00009e4fba2964be 000002c10eb59c20
0x000000e00c2fec50:   000002c10e2a42d0 00007ffe717b1145
0x000000e00c2fec60:   000002c0aab20000 000002c10e778e80
0x000000e00c2fec70:   000000e00c2fedf0 0000000000000000
0x000000e00c2fec80:   000002c10eb59c20 00007ffe1accc109
0x000000e00c2fec90:   000002c10e2a43f0 00009e4fba2964be
0x000000e00c2feca0:   00007ffe1de53b20 00007ffe1b9c9dec
0x000000e00c2fecb0:   000002c10e0a45f0 00007ffe9f7347b1
0x000000e00c2fecc0:   000002c10e2a43f0 000002c0aabf0000
0x000000e00c2fecd0:   000002c10e392418 0000000000000000
0x000000e00c2fece0:   0000000000000000 00009eafb606882e
0x000000e00c2fecf0:   000002c10eb59c20 00007ffe1acb4071
0x000000e00c2fed00:   00007ffe1c57fd48 000002c10eb59c10
0x000000e00c2fed10:   000002c10ecf20d0 000002c10e0a46c0
0x000000e00c2fed20:   00000000ffffffff 00007ffe1bafc670
0x000000e00c2fed30:   000002c10eb59c20 000002c10eb59c10
0x000000e00c2fed40:   000000e00c2fedf0 000002c1a40000a4
0x000000e00c2fed50:   000002c10e392400 00007ffe1ba17fdf
0x000000e00c2fed60:   000002c10e391ce0 00007ffe9f73358a
0x000000e00c2fed70:   0000000000000001 000002c10e3c4530
0x000000e00c2fed80:   0000000000000001 00007ffe195c0000
0x000000e00c2fed90:   000000e00c2fedf0 00007ffe1ba17d8d
0x000000e00c2feda0:   000000e00c2fee20 000000e00c2feec0
0x000000e00c2fedb0:   0000000000000001 000002c0aabf0000
0x000000e00c2fedc0:   000000e00c2feea0 00007ffe1ba180b1
0x000000e00c2fedd0:   000000e00c2feea0 0000000000000016
0x000000e00c2fede0:   0000000000000000 000000e00c2fee20
0x000000e00c2fedf0:   000000e00c2fee10 00007ffe91e55bc8 

Instructions: (pc=0x00007ffe9f73faad)
0x00007ffe9f73f9ad:   48 b8 7f 7f 7f 7f 7f 7f 7f 7f 41 8b c8 48 0b cb
0x00007ffe9f73f9bd:   48 23 c8 83 e6 1f 49 89 8c f4 40 a5 16 00 48 81
0x00007ffe9f73f9cd:   c4 98 00 00 00 41 5f 41 5e 41 5d 41 5c 5f 5e 5b
0x00007ffe9f73f9dd:   5d c3 cc 33 d2 41 8b c6 41 f7 f0 44 8b c8 e9 d6
0x00007ffe9f73f9ed:   fc ff ff 41 8d 57 ff 41 85 d7 0f 84 a3 3d 08 00
0x00007ffe9f73f9fd:   41 b8 00 10 00 00 41 b9 ff ff 00 00 e9 cc 3d 08
0x00007ffe9f73fa0d:   00 cc cc cc cc cc cc 48 8b c4 48 89 58 08 48 89
0x00007ffe9f73fa1d:   68 10 48 89 70 18 48 89 78 20 41 56 48 83 ec 20
0x00007ffe9f73fa2d:   40 8a ea 4c 8d 35 99 d1 13 00 48 8b f1 33 db 48
0x00007ffe9f73fa3d:   8d 0d 9d d1 13 00 e8 58 00 00 00 4c 8b 05 81 d1
0x00007ffe9f73fa4d:   13 00 4d 3b c6 0f 85 98 40 08 00 48 85 db 75 33
0x00007ffe9f73fa5d:   48 8d 0d 7c d1 13 00 e8 c7 f7 ff ff 48 85 db 0f
0x00007ffe9f73fa6d:   85 b3 40 08 00 33 c0 48 8b 5c 24 30 48 8b 6c 24
0x00007ffe9f73fa7d:   38 48 8b 74 24 40 48 8b 7c 24 48 48 83 c4 20 41
0x00007ffe9f73fa8d:   5e c3 cc f0 ff 43 3c eb c7 cc cc cc cc cc cc cc
0x00007ffe9f73fa9d:   cc cc cc 48 83 ec 28 65 48 8b 04 25 30 00 00 00
0x00007ffe9f73faad:   f0 0f ba 71 08 00 48 8b 40 48 73 13 48 89 41 10
0x00007ffe9f73fabd:   33 c0 c7 41 0c 01 00 00 00 48 83 c4 28 c3 cc 48
0x00007ffe9f73facd:   39 41 10 75 0b ff 41 0c 33 c0 48 83 c4 28 c3 cc
0x00007ffe9f73fadd:   e8 0e 00 00 00 eb e2 cc cc cc cc cc cc cc cc cc
0x00007ffe9f73faed:   cc cc cc 48 89 5c 24 18 55 56 57 41 54 41 55 41
0x00007ffe9f73fafd:   56 41 57 48 83 ec 20 8b 41 20 48 8b f1 48 0f ba
0x00007ffe9f73fb0d:   e0 1a 0f 82 df 01 00 00 33 ff 40 32 ed 66 83 3c
0x00007ffe9f73fb1d:   25 6a 03 fe 7f 01 76 19 48 8b 7e 20 48 8b c7 81
0x00007ffe9f73fb2d:   e7 ff ff ff 00 25 00 00 00 02 48 85 c0 40 0f 95
0x00007ffe9f73fb3d:   c5 45 32 ff b0 01 45 32 e4 41 bd 01 00 00 00 45
0x00007ffe9f73fb4d:   33 c0 ba 6a 03 fe 7f 84 c0 0f 84 14 01 00 00 8b
0x00007ffe9f73fb5d:   46 08 4c 8d 4e 08 45 84 e4 41 be 03 00 00 00 45
0x00007ffe9f73fb6d:   0f 44 f5 41 84 c5 0f 85 e2 00 00 00 8d 0c bf 03
0x00007ffe9f73fb7d:   c9 66 44 39 2a 0f 86 e8 00 00 00 4d 85 c9 74 0e
0x00007ffe9f73fb8d:   80 3c 25 97 02 fe 7f 00 0f 85 b9 3f 08 00 0f b7
0x00007ffe9f73fb9d:   1c 25 d6 02 fe 7f 83 fb 0c 0f 85 a2 00 00 00 b8 


Stack slot to memory mapping:

stack at sp + 0 slots: 0x000002c0aab20000 points into unknown readable memory: 0x0000000000000000 | 00 00 00 00 00 00 00 00
stack at sp + 1 slots: 0x00009e4fba2964be is an unknown value
stack at sp + 2 slots: 0x00007ffe1de53b20 jvm.dll
stack at sp + 3 slots: 0x00007ffe1b9c9dec opencv_java481.dll
stack at sp + 4 slots: 0x000002c10e6faf90 points into unknown readable memory: 0x000002c10e6faf90 | 90 af 6f 0e c1 02 00 00
stack at sp + 5 slots: 0x00007ffe717b6542 igdrcl64.dll
stack at sp + 6 slots: 0x00009eafb6068e5e is an unknown value
stack at sp + 7 slots: 0x00009e4f00000016 is an unknown value

VM_Operation (0x000000e00d0febb0): Exit, mode: safepoint, requested by thread 0x000002c10e3558f0


---------------  P R O C E S S  ---------------

Threads class SMR info:
_java_thread_list=0x000002c113a80830, length=14, elements={
0x000002c0c8d85f20, 0x000002c0c8d86a50, 0x000002c0c8d891c0, 0x000002c0c8d8b940,
0x000002c0c8d8ffd0, 0x000002c0c8d95b50, 0x000002c0c8da0510, 0x000002c0c8da0fe0,
0x000002c10e0fb2b0, 0x000002c10e122990, 0x000002c10e5a5960, 0x000002c10e5a9820,
0x000002c10e3558f0, 0x000002c0aac21fd0
}

Java Threads: ( => current thread )
  0x000002c0c8d85f20 JavaThread "Reference Handler"          daemon [_thread_blocked, id=7152, stack(0x000000e00c300000,0x000000e00c400000) (1024K)]
  0x000002c0c8d86a50 JavaThread "Finalizer"                  daemon [_thread_blocked, id=8852, stack(0x000000e00c400000,0x000000e00c500000) (1024K)]
  0x000002c0c8d891c0 JavaThread "Signal Dispatcher"          daemon [_thread_blocked, id=4564, stack(0x000000e00c500000,0x000000e00c600000) (1024K)]
  0x000002c0c8d8b940 JavaThread "Attach Listener"            daemon [_thread_blocked, id=5136, stack(0x000000e00c600000,0x000000e00c700000) (1024K)]
  0x000002c0c8d8ffd0 JavaThread "Service Thread"             daemon [_thread_blocked, id=4832, stack(0x000000e00c700000,0x000000e00c800000) (1024K)]
  0x000002c0c8d95b50 JavaThread "Monitor Deflation Thread"   daemon [_thread_blocked, id=11336, stack(0x000000e00c800000,0x000000e00c900000) (1024K)]
  0x000002c0c8da0510 JavaThread "C2 CompilerThread0"         daemon [_thread_blocked, id=13932, stack(0x000000e00c900000,0x000000e00ca00000) (1024K)]
  0x000002c0c8da0fe0 JavaThread "C1 CompilerThread0"         daemon [_thread_blocked, id=11692, stack(0x000000e00ca00000,0x000000e00cb00000) (1024K)]
  0x000002c10e0fb2b0 JavaThread "Notification Thread"        daemon [_thread_blocked, id=5416, stack(0x000000e00cb00000,0x000000e00cc00000) (1024K)]
  0x000002c10e122990 JavaThread "Common-Cleaner"             daemon [_thread_blocked, id=14224, stack(0x000000e00cc00000,0x000000e00cd00000) (1024K)]
  0x000002c10e5a5960 JavaThread "Java2D Disposer"            daemon [_thread_blocked, id=108, stack(0x000000e00cd00000,0x000000e00ce00000) (1024K)]
  0x000002c10e5a9820 JavaThread "AWT-Shutdown"                      [_thread_blocked, id=9700, stack(0x000000e00ce00000,0x000000e00cf00000) (1024K)]
  0x000002c10e3558f0 JavaThread "AWT-EventQueue-0"                  [_thread_blocked, id=13012, stack(0x000000e00d000000,0x000000e00d100000) (1024K)]
  0x000002c0aac21fd0 JavaThread "DestroyJavaVM"                     [_thread_blocked, id=14332, stack(0x000000e00bb00000,0x000000e00bc00000) (1024K)]
Total: 14

Other Threads:
=>0x000002c0c8d66630 VMThread "VM Thread"                           [id=11812, stack(0x000000e00c200000,0x000000e00c300000) (1024K)]
  0x000002c0ace0f710 WorkerThread "GC Thread#0"                     [id=1136, stack(0x000000e00bc00000,0x000000e00bd00000) (1024K)]
  0x000002c113a53910 WorkerThread "GC Thread#1"                     [id=12660, stack(0x000000e00e200000,0x000000e00e300000) (1024K)]
  0x000002c113a9d0f0 WorkerThread "GC Thread#2"                     [id=12648, stack(0x000000e00e300000,0x000000e00e400000) (1024K)]
  0x000002c113a9d4a0 WorkerThread "GC Thread#3"                     [id=13672, stack(0x000000e00e400000,0x000000e00e500000) (1024K)]
  0x000002c0ace206c0 ConcurrentGCThread "G1 Main Marker"            terminated
  0x000002c0ace21970 WorkerThread "G1 Conc#0"                       [id=13544, stack(0x000000e00be00000,0x000000e00bf00000) (1024K)]
  0x000002c0c8c12550 ConcurrentGCThread "G1 Refine#0"               terminated
  0x000002c0c8c139a0 ConcurrentGCThread "G1 Service"                terminated
Total: 9

Threads with active compile tasks:
Total: 0

VM state: at safepoint (shutting down)

VM Mutex/Monitor currently owned by a thread:  ([mutex/lock_event])
[0x00007ffe1de2bbb8] Threads_lock - owner thread: 0x000002c0c8d66630
[0x00007ffe1de2bcb8] Heap_lock - owner thread: 0x000002c10e3558f0

Heap address: 0x0000000081600000, size: 2026 MB, Compressed Oops mode: 32-bit

CDS archive(s) mapped at: [0x000002c0c9000000-0x000002c0c9c60000-0x000002c0c9c60000), size 12976128, SharedBaseAddress: 0x000002c0c9000000, ArchiveRelocationMode: 1.
Compressed class space mapped at: 0x000002c0ca000000-0x000002c10a000000, reserved size: 1073741824
Narrow klass base: 0x000002c0c9000000, Narrow klass shift: 0, Narrow klass range: 0x41000000

GC Precious Log:
 CardTable entry size: 512
 Card Set container configuration: InlinePtr #cards 5 size 8 Array Of Cards #cards 12 size 40 Howl #buckets 4 coarsen threshold 1843 Howl Bitmap #cards 512 size 80 coarsen threshold 460 Card regions per heap region 1 cards per card region 2048
 CPUs: 4 total, 4 available
 Memory: 8097M
 Large Page Support: Disabled
 NUMA Support: Disabled
 Compressed Oops: Enabled (32-bit)
 Heap Region Size: 1M
 Heap Min Capacity: 8M
 Heap Initial Capacity: 128M
 Heap Max Capacity: 2026M
 Pre-touch: Disabled
 Parallel Workers: 4
 Concurrent Workers: 1
 Concurrent Refinement Workers: 4
 Periodic GC: Disabled

Heap:
 garbage-first heap   total reserved 2074624K, committed 131072K, used 9616K [0x0000000081600000, 0x0000000100000000)
  region size 1024K, 7 young (7168K), 2 survivors (2048K)
 Metaspace       used 9813K, committed 10112K, reserved 1114112K
  class space    used 1009K, committed 1152K, reserved 1048576K

Heap Regions: E=young(eden), S=young(survivor), O=old, HS=humongous(starts), HC=humongous(continues), CS=collection set, F=free, TAMS=top-at-mark-start, PB=parsable bottom
|   0|0x0000000081600000, 0x0000000081600000, 0x0000000081700000|  0%| F|  |TAMS 0x0000000081600000| PB 0x0000000081600000| Untracked |  0
|   1|0x0000000081700000, 0x0000000081800000, 0x0000000081800000|100%|HS|  |TAMS 0x0000000081700000| PB 0x0000000081700000| Complete |  0
|   2|0x0000000081800000, 0x0000000081900000, 0x0000000081900000|100%|HC|  |TAMS 0x0000000081800000| PB 0x0000000081800000| Complete |  0
|   3|0x0000000081900000, 0x0000000081a00000, 0x0000000081a00000|100%| O|  |TAMS 0x0000000081900000| PB 0x0000000081900000| Untracked |  0
|   4|0x0000000081a00000, 0x0000000081b00000, 0x0000000081b00000|100%| O|  |TAMS 0x0000000081a00000| PB 0x0000000081a00000| Untracked |  0
|   5|0x0000000081b00000, 0x0000000081b64000, 0x0000000081c00000| 39%| O|  |TAMS 0x0000000081b00000| PB 0x0000000081b00000| Untracked |  0
|   6|0x0000000081c00000, 0x0000000081c00000, 0x0000000081d00000|  0%| F|  |TAMS 0x0000000081c00000| PB 0x0000000081c00000| Untracked |  0
|   7|0x0000000081d00000, 0x0000000081d00000, 0x0000000081e00000|  0%| F|  |TAMS 0x0000000081d00000| PB 0x0000000081d00000| Untracked |  0
|   8|0x0000000081e00000, 0x0000000081e00000, 0x0000000081f00000|  0%| F|  |TAMS 0x0000000081e00000| PB 0x0000000081e00000| Untracked |  0
|   9|0x0000000081f00000, 0x0000000081f00000, 0x0000000082000000|  0%| F|  |TAMS 0x0000000081f00000| PB 0x0000000081f00000| Untracked |  0
|  10|0x0000000082000000, 0x0000000082000000, 0x0000000082100000|  0%| F|  |TAMS 0x0000000082000000| PB 0x0000000082000000| Untracked |  0
|  11|0x0000000082100000, 0x0000000082100000, 0x0000000082200000|  0%| F|  |TAMS 0x0000000082100000| PB 0x0000000082100000| Untracked |  0
|  12|0x0000000082200000, 0x0000000082200000, 0x0000000082300000|  0%| F|  |TAMS 0x0000000082200000| PB 0x0000000082200000| Untracked |  0
|  13|0x0000000082300000, 0x0000000082300000, 0x0000000082400000|  0%| F|  |TAMS 0x0000000082300000| PB 0x0000000082300000| Untracked |  0
|  14|0x0000000082400000, 0x0000000082400000, 0x0000000082500000|  0%| F|  |TAMS 0x0000000082400000| PB 0x0000000082400000| Untracked |  0
|  15|0x0000000082500000, 0x0000000082500000, 0x0000000082600000|  0%| F|  |TAMS 0x0000000082500000| PB 0x0000000082500000| Untracked |  0
|  16|0x0000000082600000, 0x0000000082600000, 0x0000000082700000|  0%| F|  |TAMS 0x0000000082600000| PB 0x0000000082600000| Untracked |  0
|  17|0x0000000082700000, 0x0000000082700000, 0x0000000082800000|  0%| F|  |TAMS 0x0000000082700000| PB 0x0000000082700000| Untracked |  0
|  18|0x0000000082800000, 0x0000000082800000, 0x0000000082900000|  0%| F|  |TAMS 0x0000000082800000| PB 0x0000000082800000| Untracked |  0
|  19|0x0000000082900000, 0x0000000082900000, 0x0000000082a00000|  0%| F|  |TAMS 0x0000000082900000| PB 0x0000000082900000| Untracked |  0
|  20|0x0000000082a00000, 0x0000000082a00000, 0x0000000082b00000|  0%| F|  |TAMS 0x0000000082a00000| PB 0x0000000082a00000| Untracked |  0
|  21|0x0000000082b00000, 0x0000000082b00000, 0x0000000082c00000|  0%| F|  |TAMS 0x0000000082b00000| PB 0x0000000082b00000| Untracked |  0
|  22|0x0000000082c00000, 0x0000000082c00000, 0x0000000082d00000|  0%| F|  |TAMS 0x0000000082c00000| PB 0x0000000082c00000| Untracked |  0
|  23|0x0000000082d00000, 0x0000000082d00000, 0x0000000082e00000|  0%| F|  |TAMS 0x0000000082d00000| PB 0x0000000082d00000| Untracked |  0
|  24|0x0000000082e00000, 0x0000000082e00000, 0x0000000082f00000|  0%| F|  |TAMS 0x0000000082e00000| PB 0x0000000082e00000| Untracked |  0
|  25|0x0000000082f00000, 0x0000000082f00000, 0x0000000083000000|  0%| F|  |TAMS 0x0000000082f00000| PB 0x0000000082f00000| Untracked |  0
|  26|0x0000000083000000, 0x0000000083000000, 0x0000000083100000|  0%| F|  |TAMS 0x0000000083000000| PB 0x0000000083000000| Untracked |  0
|  27|0x0000000083100000, 0x0000000083100000, 0x0000000083200000|  0%| F|  |TAMS 0x0000000083100000| PB 0x0000000083100000| Untracked |  0
|  28|0x0000000083200000, 0x0000000083200000, 0x0000000083300000|  0%| F|  |TAMS 0x0000000083200000| PB 0x0000000083200000| Untracked |  0
|  29|0x0000000083300000, 0x0000000083300000, 0x0000000083400000|  0%| F|  |TAMS 0x0000000083300000| PB 0x0000000083300000| Untracked |  0
|  30|0x0000000083400000, 0x0000000083400000, 0x0000000083500000|  0%| F|  |TAMS 0x0000000083400000| PB 0x0000000083400000| Untracked |  0
|  31|0x0000000083500000, 0x0000000083500000, 0x0000000083600000|  0%| F|  |TAMS 0x0000000083500000| PB 0x0000000083500000| Untracked |  0
|  32|0x0000000083600000, 0x0000000083600000, 0x0000000083700000|  0%| F|  |TAMS 0x0000000083600000| PB 0x0000000083600000| Untracked |  0
|  33|0x0000000083700000, 0x0000000083700000, 0x0000000083800000|  0%| F|  |TAMS 0x0000000083700000| PB 0x0000000083700000| Untracked |  0
|  34|0x0000000083800000, 0x0000000083800000, 0x0000000083900000|  0%| F|  |TAMS 0x0000000083800000| PB 0x0000000083800000| Untracked |  0
|  35|0x0000000083900000, 0x0000000083900000, 0x0000000083a00000|  0%| F|  |TAMS 0x0000000083900000| PB 0x0000000083900000| Untracked |  0
|  36|0x0000000083a00000, 0x0000000083a00000, 0x0000000083b00000|  0%| F|  |TAMS 0x0000000083a00000| PB 0x0000000083a00000| Untracked |  0
|  37|0x0000000083b00000, 0x0000000083b00000, 0x0000000083c00000|  0%| F|  |TAMS 0x0000000083b00000| PB 0x0000000083b00000| Untracked |  0
|  38|0x0000000083c00000, 0x0000000083c00000, 0x0000000083d00000|  0%| F|  |TAMS 0x0000000083c00000| PB 0x0000000083c00000| Untracked |  0
|  39|0x0000000083d00000, 0x0000000083d00000, 0x0000000083e00000|  0%| F|  |TAMS 0x0000000083d00000| PB 0x0000000083d00000| Untracked |  0
|  40|0x0000000083e00000, 0x0000000083e00000, 0x0000000083f00000|  0%| F|  |TAMS 0x0000000083e00000| PB 0x0000000083e00000| Untracked |  0
|  41|0x0000000083f00000, 0x0000000083f00000, 0x0000000084000000|  0%| F|  |TAMS 0x0000000083f00000| PB 0x0000000083f00000| Untracked |  0
|  42|0x0000000084000000, 0x0000000084000000, 0x0000000084100000|  0%| F|  |TAMS 0x0000000084000000| PB 0x0000000084000000| Untracked |  0
|  43|0x0000000084100000, 0x0000000084100000, 0x0000000084200000|  0%| F|  |TAMS 0x0000000084100000| PB 0x0000000084100000| Untracked |  0
|  44|0x0000000084200000, 0x0000000084200000, 0x0000000084300000|  0%| F|  |TAMS 0x0000000084200000| PB 0x0000000084200000| Untracked |  0
|  45|0x0000000084300000, 0x0000000084300000, 0x0000000084400000|  0%| F|  |TAMS 0x0000000084300000| PB 0x0000000084300000| Untracked |  0
|  46|0x0000000084400000, 0x0000000084400000, 0x0000000084500000|  0%| F|  |TAMS 0x0000000084400000| PB 0x0000000084400000| Untracked |  0
|  47|0x0000000084500000, 0x0000000084500000, 0x0000000084600000|  0%| F|  |TAMS 0x0000000084500000| PB 0x0000000084500000| Untracked |  0
|  48|0x0000000084600000, 0x0000000084600000, 0x0000000084700000|  0%| F|  |TAMS 0x0000000084600000| PB 0x0000000084600000| Untracked |  0
|  49|0x0000000084700000, 0x0000000084700000, 0x0000000084800000|  0%| F|  |TAMS 0x0000000084700000| PB 0x0000000084700000| Untracked |  0
|  50|0x0000000084800000, 0x0000000084800000, 0x0000000084900000|  0%| F|  |TAMS 0x0000000084800000| PB 0x0000000084800000| Untracked |  0
|  51|0x0000000084900000, 0x0000000084900000, 0x0000000084a00000|  0%| F|  |TAMS 0x0000000084900000| PB 0x0000000084900000| Untracked |  0
|  52|0x0000000084a00000, 0x0000000084a00000, 0x0000000084b00000|  0%| F|  |TAMS 0x0000000084a00000| PB 0x0000000084a00000| Untracked |  0
|  53|0x0000000084b00000, 0x0000000084b00000, 0x0000000084c00000|  0%| F|  |TAMS 0x0000000084b00000| PB 0x0000000084b00000| Untracked |  0
|  54|0x0000000084c00000, 0x0000000084c00000, 0x0000000084d00000|  0%| F|  |TAMS 0x0000000084c00000| PB 0x0000000084c00000| Untracked |  0
|  55|0x0000000084d00000, 0x0000000084d00000, 0x0000000084e00000|  0%| F|  |TAMS 0x0000000084d00000| PB 0x0000000084d00000| Untracked |  0
|  56|0x0000000084e00000, 0x0000000084e00000, 0x0000000084f00000|  0%| F|  |TAMS 0x0000000084e00000| PB 0x0000000084e00000| Untracked |  0
|  57|0x0000000084f00000, 0x0000000084f00000, 0x0000000085000000|  0%| F|  |TAMS 0x0000000084f00000| PB 0x0000000084f00000| Untracked |  0
|  58|0x0000000085000000, 0x0000000085000000, 0x0000000085100000|  0%| F|  |TAMS 0x0000000085000000| PB 0x0000000085000000| Untracked |  0
|  59|0x0000000085100000, 0x0000000085100000, 0x0000000085200000|  0%| F|  |TAMS 0x0000000085100000| PB 0x0000000085100000| Untracked |  0
|  60|0x0000000085200000, 0x0000000085200000, 0x0000000085300000|  0%| F|  |TAMS 0x0000000085200000| PB 0x0000000085200000| Untracked |  0
|  61|0x0000000085300000, 0x0000000085300000, 0x0000000085400000|  0%| F|  |TAMS 0x0000000085300000| PB 0x0000000085300000| Untracked |  0
|  62|0x0000000085400000, 0x0000000085400000, 0x0000000085500000|  0%| F|  |TAMS 0x0000000085400000| PB 0x0000000085400000| Untracked |  0
|  63|0x0000000085500000, 0x0000000085500000, 0x0000000085600000|  0%| F|  |TAMS 0x0000000085500000| PB 0x0000000085500000| Untracked |  0
|  64|0x0000000085600000, 0x0000000085600000, 0x0000000085700000|  0%| F|  |TAMS 0x0000000085600000| PB 0x0000000085600000| Untracked |  0
|  65|0x0000000085700000, 0x0000000085700000, 0x0000000085800000|  0%| F|  |TAMS 0x0000000085700000| PB 0x0000000085700000| Untracked |  0
|  66|0x0000000085800000, 0x0000000085800000, 0x0000000085900000|  0%| F|  |TAMS 0x0000000085800000| PB 0x0000000085800000| Untracked |  0
|  67|0x0000000085900000, 0x0000000085900000, 0x0000000085a00000|  0%| F|  |TAMS 0x0000000085900000| PB 0x0000000085900000| Untracked |  0
|  68|0x0000000085a00000, 0x0000000085a00000, 0x0000000085b00000|  0%| F|  |TAMS 0x0000000085a00000| PB 0x0000000085a00000| Untracked |  0
|  69|0x0000000085b00000, 0x0000000085b00000, 0x0000000085c00000|  0%| F|  |TAMS 0x0000000085b00000| PB 0x0000000085b00000| Untracked |  0
|  70|0x0000000085c00000, 0x0000000085c00000, 0x0000000085d00000|  0%| F|  |TAMS 0x0000000085c00000| PB 0x0000000085c00000| Untracked |  0
|  71|0x0000000085d00000, 0x0000000085d00000, 0x0000000085e00000|  0%| F|  |TAMS 0x0000000085d00000| PB 0x0000000085d00000| Untracked |  0
|  72|0x0000000085e00000, 0x0000000085e00000, 0x0000000085f00000|  0%| F|  |TAMS 0x0000000085e00000| PB 0x0000000085e00000| Untracked |  0
|  73|0x0000000085f00000, 0x0000000085f00000, 0x0000000086000000|  0%| F|  |TAMS 0x0000000085f00000| PB 0x0000000085f00000| Untracked |  0
|  74|0x0000000086000000, 0x0000000086000000, 0x0000000086100000|  0%| F|  |TAMS 0x0000000086000000| PB 0x0000000086000000| Untracked |  0
|  75|0x0000000086100000, 0x0000000086100000, 0x0000000086200000|  0%| F|  |TAMS 0x0000000086100000| PB 0x0000000086100000| Untracked |  0
|  76|0x0000000086200000, 0x0000000086200000, 0x0000000086300000|  0%| F|  |TAMS 0x0000000086200000| PB 0x0000000086200000| Untracked |  0
|  77|0x0000000086300000, 0x0000000086300000, 0x0000000086400000|  0%| F|  |TAMS 0x0000000086300000| PB 0x0000000086300000| Untracked |  0
|  78|0x0000000086400000, 0x0000000086400000, 0x0000000086500000|  0%| F|  |TAMS 0x0000000086400000| PB 0x0000000086400000| Untracked |  0
|  79|0x0000000086500000, 0x0000000086500000, 0x0000000086600000|  0%| F|  |TAMS 0x0000000086500000| PB 0x0000000086500000| Untracked |  0
|  80|0x0000000086600000, 0x0000000086600000, 0x0000000086700000|  0%| F|  |TAMS 0x0000000086600000| PB 0x0000000086600000| Untracked |  0
|  81|0x0000000086700000, 0x0000000086700000, 0x0000000086800000|  0%| F|  |TAMS 0x0000000086700000| PB 0x0000000086700000| Untracked |  0
|  82|0x0000000086800000, 0x0000000086800000, 0x0000000086900000|  0%| F|  |TAMS 0x0000000086800000| PB 0x0000000086800000| Untracked |  0
|  83|0x0000000086900000, 0x0000000086900000, 0x0000000086a00000|  0%| F|  |TAMS 0x0000000086900000| PB 0x0000000086900000| Untracked |  0
|  84|0x0000000086a00000, 0x0000000086a00000, 0x0000000086b00000|  0%| F|  |TAMS 0x0000000086a00000| PB 0x0000000086a00000| Untracked |  0
|  85|0x0000000086b00000, 0x0000000086b00000, 0x0000000086c00000|  0%| F|  |TAMS 0x0000000086b00000| PB 0x0000000086b00000| Untracked |  0
|  86|0x0000000086c00000, 0x0000000086c00000, 0x0000000086d00000|  0%| F|  |TAMS 0x0000000086c00000| PB 0x0000000086c00000| Untracked |  0
|  87|0x0000000086d00000, 0x0000000086d00000, 0x0000000086e00000|  0%| F|  |TAMS 0x0000000086d00000| PB 0x0000000086d00000| Untracked |  0
|  88|0x0000000086e00000, 0x0000000086e00000, 0x0000000086f00000|  0%| F|  |TAMS 0x0000000086e00000| PB 0x0000000086e00000| Untracked |  0
|  89|0x0000000086f00000, 0x0000000086f00000, 0x0000000087000000|  0%| F|  |TAMS 0x0000000086f00000| PB 0x0000000086f00000| Untracked |  0
|  90|0x0000000087000000, 0x0000000087000000, 0x0000000087100000|  0%| F|  |TAMS 0x0000000087000000| PB 0x0000000087000000| Untracked |  0
|  91|0x0000000087100000, 0x0000000087100000, 0x0000000087200000|  0%| F|  |TAMS 0x0000000087100000| PB 0x0000000087100000| Untracked |  0
|  92|0x0000000087200000, 0x0000000087200000, 0x0000000087300000|  0%| F|  |TAMS 0x0000000087200000| PB 0x0000000087200000| Untracked |  0
|  93|0x0000000087300000, 0x0000000087300000, 0x0000000087400000|  0%| F|  |TAMS 0x0000000087300000| PB 0x0000000087300000| Untracked |  0
|  94|0x0000000087400000, 0x0000000087400000, 0x0000000087500000|  0%| F|  |TAMS 0x0000000087400000| PB 0x0000000087400000| Untracked |  0
|  95|0x0000000087500000, 0x0000000087500000, 0x0000000087600000|  0%| F|  |TAMS 0x0000000087500000| PB 0x0000000087500000| Untracked |  0
|  96|0x0000000087600000, 0x0000000087600000, 0x0000000087700000|  0%| F|  |TAMS 0x0000000087600000| PB 0x0000000087600000| Untracked |  0
|  97|0x0000000087700000, 0x0000000087700000, 0x0000000087800000|  0%| F|  |TAMS 0x0000000087700000| PB 0x0000000087700000| Untracked |  0
|  98|0x0000000087800000, 0x0000000087800000, 0x0000000087900000|  0%| F|  |TAMS 0x0000000087800000| PB 0x0000000087800000| Untracked |  0
|  99|0x0000000087900000, 0x0000000087900000, 0x0000000087a00000|  0%| F|  |TAMS 0x0000000087900000| PB 0x0000000087900000| Untracked |  0
| 100|0x0000000087a00000, 0x0000000087a00000, 0x0000000087b00000|  0%| F|  |TAMS 0x0000000087a00000| PB 0x0000000087a00000| Untracked |  0
| 101|0x0000000087b00000, 0x0000000087b00000, 0x0000000087c00000|  0%| F|  |TAMS 0x0000000087b00000| PB 0x0000000087b00000| Untracked |  0
| 102|0x0000000087c00000, 0x0000000087c00000, 0x0000000087d00000|  0%| F|  |TAMS 0x0000000087c00000| PB 0x0000000087c00000| Untracked |  0
| 103|0x0000000087d00000, 0x0000000087d00000, 0x0000000087e00000|  0%| F|  |TAMS 0x0000000087d00000| PB 0x0000000087d00000| Untracked |  0
| 104|0x0000000087e00000, 0x0000000087e00000, 0x0000000087f00000|  0%| F|  |TAMS 0x0000000087e00000| PB 0x0000000087e00000| Untracked |  0
| 105|0x0000000087f00000, 0x0000000087f00000, 0x0000000088000000|  0%| F|  |TAMS 0x0000000087f00000| PB 0x0000000087f00000| Untracked |  0
| 106|0x0000000088000000, 0x0000000088000000, 0x0000000088100000|  0%| F|  |TAMS 0x0000000088000000| PB 0x0000000088000000| Untracked |  0
| 107|0x0000000088100000, 0x0000000088100000, 0x0000000088200000|  0%| F|  |TAMS 0x0000000088100000| PB 0x0000000088100000| Untracked |  0
| 108|0x0000000088200000, 0x0000000088200000, 0x0000000088300000|  0%| F|  |TAMS 0x0000000088200000| PB 0x0000000088200000| Untracked |  0
| 109|0x0000000088300000, 0x0000000088300000, 0x0000000088400000|  0%| F|  |TAMS 0x0000000088300000| PB 0x0000000088300000| Untracked |  0
| 110|0x0000000088400000, 0x0000000088400000, 0x0000000088500000|  0%| F|  |TAMS 0x0000000088400000| PB 0x0000000088400000| Untracked |  0
| 111|0x0000000088500000, 0x0000000088500000, 0x0000000088600000|  0%| F|  |TAMS 0x0000000088500000| PB 0x0000000088500000| Untracked |  0
| 112|0x0000000088600000, 0x0000000088700000, 0x0000000088700000|100%| S|CS|TAMS 0x0000000088600000| PB 0x0000000088600000| Complete |  0
| 113|0x0000000088700000, 0x0000000088800000, 0x0000000088800000|100%| S|CS|TAMS 0x0000000088700000| PB 0x0000000088700000| Complete |  0
| 114|0x0000000088800000, 0x0000000088800000, 0x0000000088900000|  0%| F|  |TAMS 0x0000000088800000| PB 0x0000000088800000| Untracked |  0
| 115|0x0000000088900000, 0x0000000088900000, 0x0000000088a00000|  0%| F|  |TAMS 0x0000000088900000| PB 0x0000000088900000| Untracked |  0
| 116|0x0000000088a00000, 0x0000000088a00000, 0x0000000088b00000|  0%| F|  |TAMS 0x0000000088a00000| PB 0x0000000088a00000| Untracked |  0
| 117|0x0000000088b00000, 0x0000000088b00000, 0x0000000088c00000|  0%| F|  |TAMS 0x0000000088b00000| PB 0x0000000088b00000| Untracked |  0
| 118|0x0000000088c00000, 0x0000000088c00000, 0x0000000088d00000|  0%| F|  |TAMS 0x0000000088c00000| PB 0x0000000088c00000| Untracked |  0
| 119|0x0000000088d00000, 0x0000000088d00000, 0x0000000088e00000|  0%| F|  |TAMS 0x0000000088d00000| PB 0x0000000088d00000| Untracked |  0
| 120|0x0000000088e00000, 0x0000000088e00000, 0x0000000088f00000|  0%| F|  |TAMS 0x0000000088e00000| PB 0x0000000088e00000| Untracked |  0
| 121|0x0000000088f00000, 0x0000000088f00000, 0x0000000089000000|  0%| F|  |TAMS 0x0000000088f00000| PB 0x0000000088f00000| Untracked |  0
| 122|0x0000000089000000, 0x0000000089000000, 0x0000000089100000|  0%| F|  |TAMS 0x0000000089000000| PB 0x0000000089000000| Untracked |  0
| 123|0x0000000089100000, 0x0000000089169be0, 0x0000000089200000| 41%| E|  |TAMS 0x0000000089100000| PB 0x0000000089100000| Complete |  0
| 124|0x0000000089200000, 0x0000000089300000, 0x0000000089300000|100%| E|  |TAMS 0x0000000089200000| PB 0x0000000089200000| Complete |  0
| 125|0x0000000089300000, 0x0000000089400000, 0x0000000089400000|100%| E|CS|TAMS 0x0000000089300000| PB 0x0000000089300000| Complete |  0
| 126|0x0000000089400000, 0x0000000089500000, 0x0000000089500000|100%| E|CS|TAMS 0x0000000089400000| PB 0x0000000089400000| Complete |  0
| 127|0x0000000089500000, 0x0000000089600000, 0x0000000089600000|100%| E|CS|TAMS 0x0000000089500000| PB 0x0000000089500000| Complete |  0

Card table byte_map: [0x000002c0c4500000,0x000002c0c4900000] _byte_map_base: 0x000002c0c40f5000

Marking Bits: (CMBitMap*) 0x000002c0ace0fe20
 Bits: [0x000002c0c4900000, 0x000002c0c68a8000)

Polling page: 0x000002c0aaba0000

Metaspace:

Usage:
  Non-class:      8.60 MB used.
      Class:   1009.50 KB used.
       Both:      9.58 MB used.

Virtual space:
  Non-class space:       64.00 MB reserved,       8.75 MB ( 14%) committed,  1 nodes.
      Class space:        1.00 GB reserved,       1.12 MB ( <1%) committed,  1 nodes.
             Both:        1.06 GB reserved,       9.88 MB ( <1%) committed. 

Chunk freelists:
   Non-Class:  6.80 MB
       Class:  14.73 MB
        Both:  21.52 MB

MaxMetaspaceSize: unlimited
CompressedClassSpaceSize: 1.00 GB
Initial GC threshold: 21.00 MB
Current GC threshold: 21.00 MB
CDS: on
 - commit_granule_bytes: 65536.
 - commit_granule_words: 8192.
 - virtual_space_node_default_size: 8388608.
 - enlarge_chunks_in_place: 1.
 - use_allocation_guard: 0.


Internal statistics:

num_allocs_failed_limit: 0.
num_arena_births: 164.
num_arena_deaths: 0.
num_vsnodes_births: 2.
num_vsnodes_deaths: 0.
num_space_committed: 158.
num_space_uncommitted: 0.
num_chunks_returned_to_freelist: 0.
num_chunks_taken_from_freelist: 245.
num_chunk_merges: 0.
num_chunk_splits: 151.
num_chunks_enlarged: 74.
num_inconsistent_stats: 0.

CodeHeap 'non-profiled nmethods': size=120000Kb used=365Kb max_used=365Kb free=119634Kb
 bounds [0x000002c0bcbd0000, 0x000002c0bce40000, 0x000002c0c4100000]
CodeHeap 'profiled nmethods': size=120000Kb used=2287Kb max_used=2287Kb free=117712Kb
 bounds [0x000002c0b5100000, 0x000002c0b5370000, 0x000002c0bc630000]
CodeHeap 'non-nmethods': size=5760Kb used=1900Kb max_used=1916Kb free=3860Kb
 bounds [0x000002c0bc630000, 0x000002c0bc8a0000, 0x000002c0bcbd0000]
 total_blobs=2188 nmethods=1286 adapters=807
 compilation: enabled
              stopped_count=0, restarted_count=0
 full_count=0

Compilation events (20 events):
Event: 24.822 Thread 0x000002c0c8da0fe0 nmethod 1277 0x000002c0b5338910 code [0x000002c0b5338aa0, 0x000002c0b5338bb8]
Event: 24.823 Thread 0x000002c0c8da0510 nmethod 1275 0x000002c0bcc2a390 code [0x000002c0bcc2a500, 0x000002c0bcc2a630]
Event: 24.845 Thread 0x000002c0c8da0fe0 1278       3       sun.awt.windows.WComponentPeer::updateCursorImmediately (7 bytes)
Event: 24.846 Thread 0x000002c0c8da0fe0 nmethod 1278 0x000002c0b5338c90 code [0x000002c0b5338e80, 0x000002c0b53393c0]
Event: 24.846 Thread 0x000002c0c8da0fe0 1279   !   3       sun.awt.GlobalCursorManager::updateCursorImmediately (31 bytes)
Event: 24.846 Thread 0x000002c0c8da0fe0 nmethod 1279 0x000002c0b5339590 code [0x000002c0b5339740, 0x000002c0b5339990]
Event: 24.949 Thread 0x000002c0c8da0510 1280       4       sun.awt.AWTAutoShutdown::isReadyToShutdown (37 bytes)
Event: 24.951 Thread 0x000002c0c8da0510 nmethod 1280 0x000002c0bcc2a710 code [0x000002c0bcc2a8a0, 0x000002c0bcc2a998]
Event: 26.054 Thread 0x000002c0c8da0fe0 1281       1       sun.util.locale.StringTokenIterator::isDone (5 bytes)
Event: 26.056 Thread 0x000002c0c8da0fe0 nmethod 1281 0x000002c0bcc2aa90 code [0x000002c0bcc2ac20, 0x000002c0bcc2acf0]
Event: 26.071 Thread 0x000002c0c8da0fe0 1282       1       javax.swing.AbstractButton::getModel (5 bytes)
Event: 26.072 Thread 0x000002c0c8da0fe0 nmethod 1282 0x000002c0bcc2ad90 code [0x000002c0bcc2af20, 0x000002c0bcc2aff0]
Event: 26.072 Thread 0x000002c0c8da0fe0 1283       3       javax.swing.JComponent::getFlag (20 bytes)
Event: 26.072 Thread 0x000002c0c8da0fe0 nmethod 1283 0x000002c0b5339a90 code [0x000002c0b5339c20, 0x000002c0b5339d90]
Event: 26.074 Thread 0x000002c0c8da0fe0 1284   !   3       java.util.logging.LogManager::ensureLogManagerInitialized (144 bytes)
Event: 26.077 Thread 0x000002c0c8da0fe0 nmethod 1284 0x000002c0b5339e10 code [0x000002c0b533a120, 0x000002c0b533b300]
Event: 26.077 Thread 0x000002c0c8da0fe0 1285       3       java.util.HashMap::isEmpty (13 bytes)
Event: 26.077 Thread 0x000002c0c8da0fe0 nmethod 1285 0x000002c0b533b910 code [0x000002c0b533baa0, 0x000002c0b533bc00]
Event: 26.089 Thread 0x000002c0c8da0510 1286       4       java.util.concurrent.locks.AbstractQueuedSynchronizer::signalNext (34 bytes)
Event: 26.094 Thread 0x000002c0c8da0510 nmethod 1286 0x000002c0bcc2b090 code [0x000002c0bcc2b220, 0x000002c0bcc2b370]

GC Heap History (2 events):
Event: 22.330 GC heap before
{Heap before GC invocations=0 (full 0):
 garbage-first heap   total reserved 2074624K, committed 131072K, used 16384K [0x0000000081600000, 0x0000000100000000)
  region size 1024K, 14 young (14336K), 0 survivors (0K)
 Metaspace       used 9356K, committed 9600K, reserved 1114112K
  class space    used 983K, committed 1088K, reserved 1048576K
}
Event: 22.342 GC heap after
{Heap after GC invocations=1 (full 0):
 garbage-first heap   total reserved 2074624K, committed 131072K, used 6544K [0x0000000081600000, 0x0000000100000000)
  region size 1024K, 2 young (2048K), 2 survivors (2048K)
 Metaspace       used 9356K, committed 9600K, reserved 1114112K
  class space    used 983K, committed 1088K, reserved 1048576K
}

Dll operation events (10 events):
Event: 0.027 Loaded shared library C:\Program Files\Java\jdk-22\bin\java.dll
Event: 0.113 Loaded shared library C:\Program Files\Java\jdk-22\bin\jsvml.dll
Event: 0.231 Loaded shared library C:\Program Files\Java\jdk-22\bin\jimage.dll
Event: 0.313 Loaded shared library C:\Program Files\Java\jdk-22\bin\awt.dll
Event: 0.403 Loaded shared library C:\Program Files\Java\jdk-22\bin\net.dll
Event: 0.408 Loaded shared library C:\Program Files\Java\jdk-22\bin\nio.dll
Event: 0.418 Loaded shared library C:\Program Files\Java\jdk-22\bin\zip.dll
Event: 0.846 Loaded shared library C:\Users\ELVIS\OneDrive\Documentos\NetBeansProjects\SoftwareReconocimientoFacilUCV\opencv_java481.dll
Event: 2.711 Loaded shared library C:\Program Files\Java\jdk-22\bin\freetype.dll
Event: 2.713 Loaded shared library C:\Program Files\Java\jdk-22\bin\fontmanager.dll

Deoptimization events (20 events):
Event: 22.263 Thread 0x000002c10e3cb9b0 DEOPT PACKING pc=0x000002c0b5291437 sp=0x000000e00d3fd240
Event: 22.263 Thread 0x000002c10e3cb9b0 DEOPT UNPACKING pc=0x000002c0bc684e42 sp=0x000000e00d3fc6b8 mode 0
Event: 22.264 Thread 0x000002c10e3cb9b0 DEOPT PACKING pc=0x000002c0b5291437 sp=0x000000e00d3fd240
Event: 22.264 Thread 0x000002c10e3cb9b0 DEOPT UNPACKING pc=0x000002c0bc684e42 sp=0x000000e00d3fc6b8 mode 0
Event: 22.264 Thread 0x000002c10e3cb9b0 DEOPT PACKING pc=0x000002c0b5291437 sp=0x000000e00d3fd240
Event: 22.265 Thread 0x000002c10e3cb9b0 DEOPT UNPACKING pc=0x000002c0bc684e42 sp=0x000000e00d3fc6b8 mode 0
Event: 22.265 Thread 0x000002c10e3cb9b0 DEOPT PACKING pc=0x000002c0b5291437 sp=0x000000e00d3fd240
Event: 22.265 Thread 0x000002c10e3cb9b0 DEOPT UNPACKING pc=0x000002c0bc684e42 sp=0x000000e00d3fc6b8 mode 0
Event: 22.267 Thread 0x000002c10e3cb9b0 DEOPT PACKING pc=0x000002c0b5291437 sp=0x000000e00d3fd240
Event: 22.267 Thread 0x000002c10e3cb9b0 DEOPT UNPACKING pc=0x000002c0bc684e42 sp=0x000000e00d3fc6b8 mode 0
Event: 22.268 Thread 0x000002c10e3cb9b0 DEOPT PACKING pc=0x000002c0b5291437 sp=0x000000e00d3fd240
Event: 22.268 Thread 0x000002c10e3cb9b0 DEOPT UNPACKING pc=0x000002c0bc684e42 sp=0x000000e00d3fc6b8 mode 0
Event: 22.268 Thread 0x000002c10e3cb9b0 DEOPT PACKING pc=0x000002c0b5291437 sp=0x000000e00d3fd240
Event: 22.268 Thread 0x000002c10e3cb9b0 DEOPT UNPACKING pc=0x000002c0bc684e42 sp=0x000000e00d3fc6b8 mode 0
Event: 22.269 Thread 0x000002c10e3cb9b0 DEOPT PACKING pc=0x000002c0b5291437 sp=0x000000e00d3fd240
Event: 22.269 Thread 0x000002c10e3cb9b0 DEOPT UNPACKING pc=0x000002c0bc684e42 sp=0x000000e00d3fc6b8 mode 0
Event: 26.072 Thread 0x000002c10e3558f0 Uncommon trap: trap_request=0xffffff45 fr.pc=0x000002c0bcc2a944 relative=0x00000000000000a4
Event: 26.072 Thread 0x000002c10e3558f0 Uncommon trap: reason=unstable_if action=reinterpret pc=0x000002c0bcc2a944 method=sun.awt.AWTAutoShutdown.isReadyToShutdown()Z @ 16 c2
Event: 26.072 Thread 0x000002c10e3558f0 DEOPT PACKING pc=0x000002c0bcc2a944 sp=0x000000e00d0fe600
Event: 26.072 Thread 0x000002c10e3558f0 DEOPT UNPACKING pc=0x000002c0bc6846a2 sp=0x000000e00d0fe5a0 mode 2

Classes loaded (20 events):
Event: 22.424 Loading class java/util/concurrent/atomic/AtomicReferenceFieldUpdater
Event: 22.424 Loading class java/util/concurrent/atomic/AtomicReferenceFieldUpdater done
Event: 22.425 Loading class java/util/concurrent/atomic/AtomicReferenceFieldUpdater$AtomicReferenceFieldUpdaterImpl
Event: 22.425 Loading class java/util/concurrent/atomic/AtomicReferenceFieldUpdater$AtomicReferenceFieldUpdaterImpl done
Event: 22.425 Loading class java/util/concurrent/atomic/AtomicReferenceFieldUpdater$AtomicReferenceFieldUpdaterImpl$1
Event: 22.425 Loading class java/util/concurrent/atomic/AtomicReferenceFieldUpdater$AtomicReferenceFieldUpdaterImpl$1 done
Event: 22.426 Loading class java/lang/Throwable$WrappedPrintStream
Event: 22.426 Loading class java/lang/Throwable$PrintStreamOrWriter
Event: 22.426 Loading class java/lang/Throwable$PrintStreamOrWriter done
Event: 22.426 Loading class java/lang/Throwable$WrappedPrintStream done
Event: 22.427 Loading class java/lang/StackTraceElement$HashedModules
Event: 22.427 Loading class java/lang/StackTraceElement$HashedModules done
Event: 25.093 Loading class java/awt/LightweightDispatcher$2
Event: 25.093 Loading class java/awt/LightweightDispatcher$2 done
Event: 26.045 Loading class java/awt/Window$1DisposeAction
Event: 26.045 Loading class java/awt/Window$1DisposeAction done
Event: 26.045 Loading class java/awt/KeyboardFocusManager$2
Event: 26.045 Loading class java/awt/KeyboardFocusManager$2 done
Event: 26.045 Loading class sun/awt/SunToolkit$1
Event: 26.045 Loading class sun/awt/SunToolkit$1 done

Classes unloaded (0 events):
No events

Classes redefined (0 events):
No events

Internal exceptions (12 events):
Event: 0.279 Thread 0x000002c0aac21fd0 Exception <a 'java/lang/ClassNotFoundException'{0x000000008947ab38}: sun/awt/resources/spi/awtProvider> (0x000000008947ab38) 
thrown [s\open\src\hotspot\share\classfile\systemDictionary.cpp, line 313]
Event: 0.350 Thread 0x000002c0aac21fd0 Exception <a 'java/io/FileNotFoundException'{0x0000000089318158}> (0x0000000089318158) 
thrown [s\open\src\hotspot\share\prims\jni.cpp, line 520]
Event: 0.372 Thread 0x000002c0aac21fd0 Exception <a 'java/io/FileNotFoundException'{0x0000000089346418}> (0x0000000089346418) 
thrown [s\open\src\hotspot\share\prims\jni.cpp, line 520]
Event: 2.541 Thread 0x000002c10e3558f0 Exception <a 'java/lang/NoSuchMethodError'{0x0000000088f098f8}: 'void java.lang.invoke.DirectMethodHandle$Holder.invokeSpecial(java.lang.Object, java.lang.Object, java.lang.Object)'> (0x0000000088f098f8) 
thrown [s\open\src\hotspot\share\interpreter\linkResolver.cpp, line 774]
Event: 2.559 Thread 0x000002c10e3558f0 Exception <a 'java/lang/NoSuchMethodError'{0x0000000088f2fc78}: 'java.lang.Object java.lang.invoke.DirectMethodHandle$Holder.newInvokeSpecial(java.lang.Object, java.lang.Object, java.lang.Object, java.lang.Object, java.lang.Object)'> (0x0000000088f2fc78) 
thrown [s\open\src\hotspot\share\interpreter\linkResolver.cpp, line 774]
Event: 2.571 Thread 0x000002c10e3558f0 Exception <a 'java/lang/NoSuchMethodError'{0x0000000088f5c888}: 'java.lang.Object java.lang.invoke.DirectMethodHandle$Holder.invokeStatic(java.lang.Object, int, java.lang.Object)'> (0x0000000088f5c888) 
thrown [s\open\src\hotspot\share\interpreter\linkResolver.cpp, line 774]
Event: 2.613 Thread 0x000002c10e3558f0 Exception <a 'java/lang/ClassNotFoundException'{0x0000000088ffe610}: com/sun/swing/internal/plaf/metal/resources/spi/metalProvider> (0x0000000088ffe610) 
thrown [s\open\src\hotspot\share\classfile\systemDictionary.cpp, line 313]
Event: 2.615 Thread 0x000002c10e3558f0 Exception <a 'java/lang/ClassNotFoundException'{0x0000000088e02868}: com/sun/swing/internal/plaf/basic/resources/spi/basicProvider> (0x0000000088e02868) 
thrown [s\open\src\hotspot\share\classfile\systemDictionary.cpp, line 313]
Event: 2.633 Thread 0x000002c10e3558f0 Exception <a 'java/lang/NoSuchMethodError'{0x0000000088e225e0}: 'int java.lang.invoke.Invokers$Holder.invokeExact_MT(java.lang.Object, java.lang.Object)'> (0x0000000088e225e0) 
thrown [s\open\src\hotspot\share\interpreter\linkResolver.cpp, line 774]
Event: 2.701 Thread 0x000002c10e3558f0 Exception <a 'java/lang/NoSuchMethodError'{0x0000000088e559c8}: 'void java.lang.invoke.DirectMethodHandle$Holder.invokeStaticInit(java.lang.Object)'> (0x0000000088e559c8) 
thrown [s\open\src\hotspot\share\interpreter\linkResolver.cpp, line 774]
Event: 2.835 Thread 0x000002c10e5a9e90 Exception <a 'java/lang/NoSuchMethodError'{0x000000008900ed38}: 'void java.lang.invoke.DirectMethodHandle$Holder.invokeVirtual(java.lang.Object, java.lang.Object)'> (0x000000008900ed38) 
thrown [s\open\src\hotspot\share\interpreter\linkResolver.cpp, line 774]
Event: 22.355 Thread 0x000002c10e3cb9b0 Exception <a 'java/lang/NoSuchMethodError'{0x000000008952ea40}: 'java.lang.Object java.lang.invoke.DirectMethodHandle$Holder.invokeInterface(java.lang.Object, java.lang.Object)'> (0x000000008952ea40) 
thrown [s\open\src\hotspot\share\interpreter\linkResolver.cpp, line 774]

ZGC Phase Switch (0 events):
No events

VM Operations (20 events):
Event: 18.829 Executing VM operation: Cleanup done
Event: 20.839 Executing VM operation: Cleanup
Event: 20.839 Executing VM operation: Cleanup done
Event: 21.370 Executing VM operation: HandshakeAllThreads (Deoptimize)
Event: 21.370 Executing VM operation: HandshakeAllThreads (Deoptimize) done
Event: 21.815 Executing VM operation: HandshakeAllThreads (Deoptimize)
Event: 21.815 Executing VM operation: HandshakeAllThreads (Deoptimize) done
Event: 21.948 Executing VM operation: HandshakeAllThreads (Deoptimize)
Event: 21.948 Executing VM operation: HandshakeAllThreads (Deoptimize) done
Event: 21.948 Executing VM operation: Cleanup
Event: 21.949 Executing VM operation: Cleanup done
Event: 22.330 Executing VM operation: G1CollectForAllocation (G1 Evacuation Pause)
Event: 22.342 Executing VM operation: G1CollectForAllocation (G1 Evacuation Pause) done
Event: 23.344 Executing VM operation: Cleanup
Event: 23.344 Executing VM operation: Cleanup done
Event: 24.345 Executing VM operation: Cleanup
Event: 24.345 Executing VM operation: Cleanup done
Event: 25.357 Executing VM operation: Cleanup
Event: 25.357 Executing VM operation: Cleanup done
Event: 26.199 Executing VM operation: Exit

Events (20 events):
Event: 0.109 Thread 0x000002c0c8d95b50 Thread added: 0x000002c0c8d95b50
Event: 0.110 Thread 0x000002c0c8da0510 Thread added: 0x000002c0c8da0510
Event: 0.110 Thread 0x000002c0c8da0fe0 Thread added: 0x000002c0c8da0fe0
Event: 0.195 Thread 0x000002c10e0fb2b0 Thread added: 0x000002c10e0fb2b0
Event: 0.207 Thread 0x000002c10e122990 Thread added: 0x000002c10e122990
Event: 0.587 Thread 0x000002c10e5a5960 Thread added: 0x000002c10e5a5960
Event: 0.594 Thread 0x000002c10e5a9820 Thread added: 0x000002c10e5a9820
Event: 0.598 Thread 0x000002c10e5a9e90 Thread added: 0x000002c10e5a9e90
Event: 0.642 Thread 0x000002c10e3558f0 Thread added: 0x000002c10e3558f0
Event: 0.644 Thread 0x000002c0aac21fd0 Thread exited: 0x000002c0aac21fd0
Event: 0.644 Thread 0x000002c0aac21fd0 Thread added: 0x000002c0aac21fd0
Event: 19.858 Thread 0x000002c10e3cb9b0 Thread added: 0x000002c10e3cb9b0
Event: 23.952 Thread 0x000002c10e3cb9b0 Thread exited: 0x000002c10e3cb9b0
Event: 26.074 Thread 0x000002c10e63b980 Thread added: 0x000002c10e63b980
Event: 26.074 Thread 0x000002c10e63c010 Thread added: 0x000002c10e63c010
Event: 26.074 Thread 0x000002c10e63c6a0 Thread added: 0x000002c10e63c6a0
Event: 26.087 Thread 0x000002c10e63b980 Thread exited: 0x000002c10e63b980
Event: 26.091 Thread 0x000002c10e63c010 Thread exited: 0x000002c10e63c010
Event: 26.102 Thread 0x000002c10e5a9e90 Thread exited: 0x000002c10e5a9e90
Event: 26.199 Thread 0x000002c10e63c6a0 Thread exited: 0x000002c10e63c6a0


Dynamic libraries:
0x00007ff6daf90000 - 0x00007ff6dafa0000 	C:\Program Files\Java\jdk-22\bin\java.exe
0x00007ffe9f710000 - 0x00007ffe9f908000 	C:\Windows\SYSTEM32\ntdll.dll
0x00007ffe6f740000 - 0x00007ffe6f759000 	C:\Program Files\Avast Software\Avast\aswhook.dll
0x00007ffe9e720000 - 0x00007ffe9e7dd000 	C:\Windows\System32\KERNEL32.DLL
0x00007ffe9d040000 - 0x00007ffe9d336000 	C:\Windows\System32\KERNELBASE.dll
0x00007ffe9cf40000 - 0x00007ffe9d040000 	C:\Windows\System32\ucrtbase.dll
0x00007ffe97970000 - 0x00007ffe97987000 	C:\Program Files\Java\jdk-22\bin\jli.dll
0x00007ffe97950000 - 0x00007ffe9796b000 	C:\Program Files\Java\jdk-22\bin\VCRUNTIME140.dll
0x00007ffe9d750000 - 0x00007ffe9d800000 	C:\Windows\System32\ADVAPI32.dll
0x00007ffe9ec50000 - 0x00007ffe9ecee000 	C:\Windows\System32\msvcrt.dll
0x00007ffe9eda0000 - 0x00007ffe9ee40000 	C:\Windows\System32\sechost.dll
0x00007ffe9e980000 - 0x00007ffe9eaa3000 	C:\Windows\System32\RPCRT4.dll
0x00007ffe9d390000 - 0x00007ffe9d3b7000 	C:\Windows\System32\bcrypt.dll
0x00007ffe9eab0000 - 0x00007ffe9ec4f000 	C:\Windows\System32\USER32.dll
0x00007ffe8e1a0000 - 0x00007ffe8e43a000 	C:\Windows\WinSxS\amd64_microsoft.windows.common-controls_6595b64144ccf1df_6.0.19041.4355_none_60b8b9eb71f62e16\COMCTL32.dll
0x00007ffe9cf10000 - 0x00007ffe9cf32000 	C:\Windows\System32\win32u.dll
0x00007ffe9e660000 - 0x00007ffe9e68b000 	C:\Windows\System32\GDI32.dll
0x00007ffe9d3c0000 - 0x00007ffe9d4d7000 	C:\Windows\System32\gdi32full.dll
0x00007ffe9d4e0000 - 0x00007ffe9d57d000 	C:\Windows\System32\msvcp_win.dll
0x00007ffe9b4e0000 - 0x00007ffe9b4ea000 	C:\Windows\SYSTEM32\VERSION.dll
0x00007ffe9e630000 - 0x00007ffe9e65f000 	C:\Windows\System32\IMM32.DLL
0x00007ffe97940000 - 0x00007ffe9794c000 	C:\Program Files\Java\jdk-22\bin\vcruntime140_1.dll
0x00007ffe40380000 - 0x00007ffe4040e000 	C:\Program Files\Java\jdk-22\bin\msvcp140.dll
0x00007ffe1d1c0000 - 0x00007ffe1df07000 	C:\Program Files\Java\jdk-22\bin\server\jvm.dll
0x00007ffe9e910000 - 0x00007ffe9e97b000 	C:\Windows\System32\WS2_32.dll
0x00007ffe9cc20000 - 0x00007ffe9cc6b000 	C:\Windows\SYSTEM32\POWRPROF.dll
0x00007ffe85bb0000 - 0x00007ffe85bd7000 	C:\Windows\SYSTEM32\WINMM.dll
0x00007ffe9cc00000 - 0x00007ffe9cc12000 	C:\Windows\SYSTEM32\UMPDC.dll
0x00007ffe9b5e0000 - 0x00007ffe9b5f2000 	C:\Windows\SYSTEM32\kernel.appcore.dll
0x00007ffe97930000 - 0x00007ffe9793a000 	C:\Program Files\Java\jdk-22\bin\jimage.dll
0x00007ffe93cf0000 - 0x00007ffe93ed4000 	C:\Windows\SYSTEM32\DBGHELP.DLL
0x00007ffe93c90000 - 0x00007ffe93cc4000 	C:\Windows\SYSTEM32\dbgcore.DLL
0x00007ffe9cdd0000 - 0x00007ffe9ce52000 	C:\Windows\System32\bcryptPrimitives.dll
0x00007ffe74d70000 - 0x00007ffe74d8e000 	C:\Program Files\Java\jdk-22\bin\java.dll
0x00007ffe9dbe0000 - 0x00007ffe9e34c000 	C:\Windows\System32\SHELL32.dll
0x00007ffe9e360000 - 0x00007ffe9e48b000 	C:\Windows\System32\ole32.dll
0x00007ffe9d800000 - 0x00007ffe9db53000 	C:\Windows\System32\combase.dll
0x00007ffe9ac90000 - 0x00007ffe9b42d000 	C:\Windows\SYSTEM32\windows.storage.dll
0x00007ffe9c720000 - 0x00007ffe9c74e000 	C:\Windows\SYSTEM32\Wldp.dll
0x00007ffe9f050000 - 0x00007ffe9f11d000 	C:\Windows\System32\OLEAUT32.dll
0x00007ffe9ecf0000 - 0x00007ffe9ed9d000 	C:\Windows\System32\SHCORE.dll
0x00007ffe9e490000 - 0x00007ffe9e4e5000 	C:\Windows\System32\shlwapi.dll
0x00007ffe9cd00000 - 0x00007ffe9cd24000 	C:\Windows\SYSTEM32\profapi.dll
0x00007ffe561e0000 - 0x00007ffe562b7000 	C:\Program Files\Java\jdk-22\bin\jsvml.dll
0x00007ffe1fe50000 - 0x00007ffe1ffde000 	C:\Program Files\Java\jdk-22\bin\awt.dll
0x00007ffe99c90000 - 0x00007ffe99d20000 	C:\Windows\SYSTEM32\apphelp.dll
0x00007ffe95c60000 - 0x00007ffe95c70000 	C:\Program Files\Java\jdk-22\bin\net.dll
0x00007ffe9c480000 - 0x00007ffe9c4ea000 	C:\Windows\system32\mswsock.dll
0x00007ffe6fa00000 - 0x00007ffe6fa16000 	C:\Program Files\Java\jdk-22\bin\nio.dll
0x00007ffe61b90000 - 0x00007ffe61ba7000 	C:\Program Files\Java\jdk-22\bin\zip.dll
0x00007ffe9a3c0000 - 0x00007ffe9a45e000 	C:\Windows\system32\uxtheme.dll
0x00007ffe9e7f0000 - 0x00007ffe9e904000 	C:\Windows\System32\MSCTF.dll
0x00007ffe195c0000 - 0x00007ffe1c6e6000 	C:\Users\ELVIS\OneDrive\Documentos\NetBeansProjects\SoftwareReconocimientoFacilUCV\opencv_java481.dll
0x00007ffe97340000 - 0x00007ffe974fc000 	C:\Windows\SYSTEM32\MFPlat.DLL
0x00007ffe9d340000 - 0x00007ffe9d38e000 	C:\Windows\System32\cfgmgr32.dll
0x00007ffe4dc50000 - 0x00007ffe4dcd5000 	C:\Windows\SYSTEM32\MF.dll
0x00007ffe40ea0000 - 0x00007ffe40faa000 	C:\Windows\SYSTEM32\MFReadWrite.dll
0x00007ffe9b650000 - 0x00007ffe9b742000 	C:\Windows\SYSTEM32\dxgi.dll
0x00007ffe97d40000 - 0x00007ffe97fa3000 	C:\Windows\SYSTEM32\d3d11.dll
0x00007ffe1e770000 - 0x00007ffe1ebfe000 	C:\Windows\SYSTEM32\MFCORE.DLL
0x00007ffe9d580000 - 0x00007ffe9d6de000 	C:\Windows\System32\CRYPT32.dll
0x00007ffe6fb80000 - 0x00007ffe6fb89000 	C:\Windows\SYSTEM32\ksuser.dll
0x00007ffe9c670000 - 0x00007ffe9c67c000 	C:\Windows\SYSTEM32\CRYPTBASE.DLL
0x00007ffe972f0000 - 0x00007ffe97326000 	C:\Windows\SYSTEM32\RTWorkQ.DLL
0x00007ffe91ab0000 - 0x00007ffe91f0f000 	C:\Windows\SYSTEM32\igdusc64.dll
0x00007ffe92cc0000 - 0x00007ffe92cfb000 	C:\Windows\SYSTEM32\dxcore.dll
0x00007ffe96e10000 - 0x00007ffe96e47000 	C:\Windows\SYSTEM32\CompPkgSup.DLL
0x00007ffe9f120000 - 0x00007ffe9f1c9000 	C:\Windows\System32\clbcatq.dll
0x00007ffe4c760000 - 0x00007ffe4ce86000 	C:\Windows\System32\Windows.Media.dll
0x00007ffe96230000 - 0x00007ffe96319000 	C:\Windows\System32\Windows.ApplicationModel.dll
0x00007ffe96020000 - 0x00007ffe96223000 	C:\Windows\System32\twinapi.appcore.dll
0x00007ffe95d90000 - 0x00007ffe95e93000 	C:\Windows\System32\AppXDeploymentClient.dll
0x00007ffe8d5b0000 - 0x00007ffe8d61c000 	C:\Windows\System32\FrameServerClient.dll
0x00007ffe326d0000 - 0x00007ffe32737000 	C:\Windows\System32\MFSENSORGROUP.dll
0x00007ffe972e0000 - 0x00007ffe972ea000 	C:\Windows\SYSTEM32\AVRT.dll
0x00007ffe97ba0000 - 0x00007ffe97bad000 	C:\Windows\System32\vidcap.ax
0x00007ffe917f0000 - 0x00007ffe91817000 	C:\Windows\System32\kswdmcap.ax
0x00007ffe73740000 - 0x00007ffe738ac000 	C:\Windows\System32\MFC42.dll
0x00007ffe7eed0000 - 0x00007ffe7f016000 	C:\Windows\System32\Windows.StateRepositoryPS.dll
0x00007ffe98c10000 - 0x00007ffe98d67000 	C:\Windows\System32\WinTypes.dll
0x00007ffe7b3d0000 - 0x00007ffe7b4b5000 	C:\Program Files\Intel\Media SDK\mfx_mft_mjpgvd_64.dll
0x00007ffe33120000 - 0x00007ffe331df000 	C:\Windows\SYSTEM32\EVR.dll
0x00007ffe9ab20000 - 0x00007ffe9ac16000 	C:\Windows\SYSTEM32\PROPSYS.dll
0x00007ffe56830000 - 0x00007ffe569fe000 	C:\Windows\SYSTEM32\d3d9.dll
0x00007ffe878c0000 - 0x00007ffe878e4000 	C:\Windows\SYSTEM32\dxva2.dll
0x00007ffe9a5d0000 - 0x00007ffe9a5ff000 	C:\Windows\SYSTEM32\dwmapi.dll
0x00007ffe97b80000 - 0x00007ffe97b9d000 	C:\Windows\System32\mfmjpegdec.dll
0x00007ffe4d8a0000 - 0x00007ffe4d9cd000 	C:\Windows\System32\mfperfhelper.dll
0x00007ffe4d740000 - 0x00007ffe4d8a0000 	C:\Windows\System32\msvproc.dll
0x00007ffe79a20000 - 0x00007ffe79b45000 	C:\Windows\system32\opengl32.dll
0x00007ffe79c70000 - 0x00007ffe79c9c000 	C:\Windows\SYSTEM32\GLU32.dll
0x00007ffe32da0000 - 0x00007ffe32e27000 	C:\Program Files\Java\jdk-22\bin\freetype.dll
0x00007ffe32740000 - 0x00007ffe32817000 	C:\Program Files\Java\jdk-22\bin\fontmanager.dll
0x00007ffe91200000 - 0x00007ffe912f9000 	C:\Windows\SYSTEM32\textinputframework.dll
0x00007ffe98de0000 - 0x00007ffe9913b000 	C:\Windows\System32\CoreUIComponents.dll
0x00007ffe99710000 - 0x00007ffe99802000 	C:\Windows\System32\CoreMessaging.dll
0x00007ffe9bec0000 - 0x00007ffe9bef3000 	C:\Windows\SYSTEM32\ntmarta.dll
0x00007ffe96820000 - 0x00007ffe96835000 	C:\Windows\SYSTEM32\OpenCL.dll
0x00007ffe8d9c0000 - 0x00007ffe8da22000 	C:\Windows\SYSTEM32\IntelOpenCL64.dll
0x00007ffe76ca0000 - 0x00007ffe76d9d000 	C:\Program Files (x86)\Common Files\Intel\OpenCL\bin\x64\intelocl64.dll
0x00007ffe8d830000 - 0x00007ffe8d8a6000 	C:\Program Files (x86)\Common Files\Intel\OpenCL\bin\x64\task_executor64.dll
0x00007ffe8bbc0000 - 0x00007ffe8bc55000 	C:\Program Files (x86)\Common Files\Intel\OpenCL\bin\x64\cpu_device64.dll
0x00007ffe8d540000 - 0x00007ffe8d5a9000 	C:\Program Files (x86)\Common Files\Intel\OpenCL\bin\x64\tbb\tbb.dll
0x00007ffe71780000 - 0x00007ffe71974000 	C:\Windows\SYSTEM32\igdrcl64.dll
0x00007ffe6cd00000 - 0x00007ffe6e2e2000 	C:\Windows\SYSTEM32\igdfcl64.dll
0x00007ffe8d2f0000 - 0x00007ffe8d34f000 	C:\Windows\SYSTEM32\igdbcl64.dll

dbghelp: loaded successfully - version: 4.0.5 - missing functions: none
symbol engine: initialized successfully - sym options: 0x614 - pdb path: .;C:\Program Files\Java\jdk-22\bin;C:\Windows\SYSTEM32;C:\Program Files\Avast Software\Avast;C:\Windows\WinSxS\amd64_microsoft.windows.common-controls_6595b64144ccf1df_6.0.19041.4355_none_60b8b9eb71f62e16;C:\Program Files\Java\jdk-22\bin\server;C:\Users\ELVIS\OneDrive\Documentos\NetBeansProjects\SoftwareReconocimientoFacilUCV;C:\Program Files\Intel\Media SDK;C:\Program Files (x86)\Common Files\Intel\OpenCL\bin\x64;C:\Program Files (x86)\Common Files\Intel\OpenCL\bin\x64\tbb

VM Arguments:
java_command: SoftwareAsistencia.Controllers.FaceRecognition
java_class_path (initial): C:\Users\ELVIS\OneDrive\Documentos\NetBeansProjects\SoftwareReconocimientoFacilUCV\target\classes;C:\Users\ELVIS\.m2\repository\com\formdev\flatlaf-intellij-themes\3.4.1\flatlaf-intellij-themes-3.4.1.jar;C:\Users\ELVIS\.m2\repository\com\formdev\flatlaf\3.4.1\flatlaf-3.4.1.jar;C:\Users\ELVIS\.m2\repository\com\toedter\jcalendar\1.4\jcalendar-1.4.jar;C:\Users\ELVIS\.m2\repository\org\netbeans\external\AbsoluteLayout\RELEASE150\AbsoluteLayout-RELEASE150.jar;C:\Users\ELVIS\.m2\repository\com\microsoft\sqlserver\mssql-jdbc\11.2.2.jre11\mssql-jdbc-11.2.2.jre11.jar;C:\Users\ELVIS\.m2\repository\org\openpnp\opencv\4.8.1-0\opencv-4.8.1-0.jar;C:\Users\ELVIS\.m2\repository\com\google\zxing\core\2.0\core-2.0.jar;C:\Users\ELVIS\.m2\repository\com\itextpdf\kernel\7.1.14\kernel-7.1.14.jar;C:\Users\ELVIS\.m2\repository\com\itextpdf\io\7.1.14\io-7.1.14.jar;C:\Users\ELVIS\.m2\repository\org\bouncycastle\bcpkix-jdk15on\1.67\bcpkix-jdk15on-1.67.jar;C:\Users\ELVIS\.m2\repository\org\bouncycastle\bcprov-jdk15on\1.67\bcprov-jdk15on-1.67.jar;C:\Users\ELVIS\.m2\repository\org\slf4j\slf4j-api\1.7.30\slf4j-api-1.7.30.jar;C:\Users\ELVIS\.m2\repository\com\itextpdf\layout\7.1.14\layout-7.1.14.jar
Launcher Type: SUN_STANDARD

[Global flags]
     intx CICompilerCount                          = 3                                         {product} {ergonomic}
     uint ConcGCThreads                            = 1                                         {product} {ergonomic}
     uint G1ConcRefinementThreads                  = 4                                         {product} {ergonomic}
   size_t G1HeapRegionSize                         = 1048576                                   {product} {ergonomic}
   size_t InitialHeapSize                          = 134217728                                 {product} {ergonomic}
   size_t MarkStackSize                            = 4194304                                   {product} {ergonomic}
   size_t MaxHeapSize                              = 2124414976                                {product} {ergonomic}
   size_t MaxNewSize                               = 1274019840                                {product} {ergonomic}
   size_t MinHeapDeltaBytes                        = 1048576                                   {product} {ergonomic}
   size_t MinHeapSize                              = 8388608                                   {product} {ergonomic}
    uintx NonNMethodCodeHeapSize                   = 5832780                                {pd product} {ergonomic}
    uintx NonProfiledCodeHeapSize                  = 122912730                              {pd product} {ergonomic}
    uintx ProfiledCodeHeapSize                     = 122912730                              {pd product} {ergonomic}
    uintx ReservedCodeCacheSize                    = 251658240                              {pd product} {ergonomic}
     bool SegmentedCodeCache                       = true                                      {product} {ergonomic}
   size_t SoftMaxHeapSize                          = 2124414976                             {manageable} {ergonomic}
     bool UseCompressedOops                        = true                           {product lp64_product} {ergonomic}
     bool UseG1GC                                  = true                                      {product} {ergonomic}
     bool UseLargePagesIndividualAllocation        = false                                  {pd product} {ergonomic}

Logging:
Log output configuration:
 #0: stdout all=off uptime,level,tags foldmultilines=false
 #1: stderr all=off uptime,level,tags foldmultilines=false

Environment Variables:
JAVA_HOME=C:\Program Files\Java\jdk-22
PATH=C:\Program Files\Common Files\Oracle\Java\javapath;C:\Program Files\Microsoft MPI\Bin\;C:\Windows\system32;C:\Windows;C:\Windows\System32\Wbem;C:\Windows\System32\WindowsPowerShell\v1.0\;C:\Windows\System32\OpenSSH\;C:\Program Files (x86)\Microsoft SQL Server\160\Tools\Binn\;C:\Program Files\Microsoft SQL Server\160\Tools\Binn\;C:\Program Files\Microsoft SQL Server\Client SDK\ODBC\170\Tools\Binn\;C:\Program Files\Microsoft SQL Server\160\DTS\Binn\;C:\Program Files (x86)\Microsoft SQL Server\160\DTS\Binn\;C:\Program Files\Git\cmd;C:\Users\ELVIS\AppData\Local\Programs\Python\Python312\Scripts\;C:\Users\ELVIS\AppData\Local\Programs\Python\Python312\;C:\Users\ELVIS\AppData\Local\Microsoft\WindowsApps;C:\Users\ELVIS\AppData\Local\Programs\Microsoft VS Code\bin
USERNAME=ELVIS
OS=Windows_NT
PROCESSOR_IDENTIFIER=Intel64 Family 6 Model 58 Stepping 9, GenuineIntel
TMP=C:\Users\ELVIS\AppData\Local\Temp
TEMP=C:\Users\ELVIS\AppData\Local\Temp




Periodic native trim disabled

---------------  S Y S T E M  ---------------

OS:
 Windows 10 , 64 bit Build 19041 (10.0.19041.3636)
OS uptime: 0 days 0:58 hours

CPU: total 4 (initial active 4) (2 cores per cpu, 2 threads per core) family 6 model 58 stepping 9 microcode 0x21, cx8, cmov, fxsr, ht, mmx, sse, sse2, sse3, ssse3, sse4.1, sse4.2, popcnt, tsc, tscinvbit, avx, aes, erms, clmul, vzeroupper, clflush, rdtscp, f16c
Processor Information for all 4 processors :
  Max Mhz: 1801, Current Mhz: 1801, Mhz Limit: 1801

Memory: 4k page, system-wide physical 8097M (1133M free)
TotalPageFile size 13473M (AvailPageFile size 3901M)
current process WorkingSet (physical memory assigned to process): 121M, peak: 145M
current process commit charge ("private bytes"): 249M, peak: 276M

vm_info: Java HotSpot(TM) 64-Bit Server VM (22.0.1+8-16) for windows-amd64 JRE (22.0.1+8-16), built on 2024-03-12T10:33:16Z by "mach5one" with MS VC++ 17.6 (VS2022)

END.
